sbuild (Debian sbuild) 0.85.10ubuntu0.1 (15 December 2024) on fv-az1982-267.fzrifqltqgiuthmky10grxqjrc.cx.internal.cloudapp.net

+==============================================================================================+
| ros-one-turtlesim 0.10.2-3-gdb63288-2025.01.07.15.51 (amd64) Tue, 07 Jan 2025 15:51:04 +0000 |
+==============================================================================================+

Package: ros-one-turtlesim
Version: 0.10.2-3-gdb63288-2025.01.07.15.51
Source Version: 0.10.2-3-gdb63288-2025.01.07.15.51
Distribution: sid
Machine Architecture: amd64
Host Architecture: amd64
Build Architecture: amd64
Build Profiles: nocheck
Build Type: binary

Unpacking /home/runner/.cache/sbuild/sid-amd64.tar to /tmp/tmp.sbuild.z389FaUbuE...
I: NOTICE: Log filtering will replace 'sbuild-unshare-dummy-location' with '<<CHROOT>>'
Copying /home/runner/apt_repo_dependencies/ros-one-ur-client-library-dbgsym_1.5.0-11-g6bc1553-2025.01.07.13.07_amd64.deb to /<<CHROOT>>...
Copying /home/runner/apt_repo_dependencies/ros-one-class-loader-dbgsym_0.5.0-6-g9f3288d-2025.01.07.13.23_amd64.deb to /<<CHROOT>>...
Copying /home/runner/apt_repo_dependencies/ros-one-message-generation_0.4.1-2025.01.07.13.31_amd64.deb to /<<CHROOT>>...
Copying /home/runner/apt_repo_dependencies/ros-one-rosnode_1.17.0-12-g2a12474fb-2025.01.07.15.02_amd64.deb to /<<CHROOT>>...
Copying /home/runner/apt_repo_dependencies/ros-one-nav-msgs_1.13.1-2025.01.07.14.28_amd64.deb to /<<CHROOT>>...
Copying /home/runner/apt_repo_dependencies/ros-one-rospy_1.17.0-12-g2a12474fb-2025.01.07.14.39_amd64.deb to /<<CHROOT>>...
Copying /home/runner/apt_repo_dependencies/ros-one-test-roscpp_1.17.0-12-g2a12474fb-2025.01.07.15.08_amd64.deb to /<<CHROOT>>...
Copying /home/runner/apt_repo_dependencies/ros-one-cmake-modules_0.5.0-3-g05347c1-2025.01.07.13.06_amd64.deb to /<<CHROOT>>...
Copying /home/runner/apt_repo_dependencies/ros-one-jskeus_1.2.5-1-2025.01.07.14.16_amd64.deb to /<<CHROOT>>...
Copying /home/runner/apt_repo_dependencies/ros-one-resource-retriever-dbgsym_1.12.7-5-g40d08d6-2025.01.07.14.16_amd64.deb to /<<CHROOT>>...
Copying /home/runner/apt_repo_dependencies/ros-one-convex-decomposition-dbgsym_0.1.12-3-gb722eb5-2025.01.07.13.04_amd64.deb to /<<CHROOT>>...
Copying /home/runner/apt_repo_dependencies/ros-one-hpp-fcl_2.4.5-2025.01.07.13.23_amd64.deb to /<<CHROOT>>...
Copying /home/runner/apt_repo_dependencies/ros-one-qt-dotgraph_0.4.2-9-gdc7190f-2025.01.07.14.21_amd64.deb to /<<CHROOT>>...
Copying /home/runner/apt_repo_dependencies/ros-one-genlisp_0.4.18-2025.01.07.13.25_amd64.deb to /<<CHROOT>>...
Copying /home/runner/apt_repo_dependencies/ros-one-rostopic_1.17.0-12-g2a12474fb-2025.01.07.15.04_amd64.deb to /<<CHROOT>>...
Copying /home/runner/apt_repo_dependencies/ros-one-opw-kinematics_0.5.0-2-g37d5ea5-2025.01.07.13.23_amd64.deb to /<<CHROOT>>...
Copying /home/runner/apt_repo_dependencies/ros-one-eml_0-2025.01.07.13.02_amd64.deb to /<<CHROOT>>...
Copying /home/runner/apt_repo_dependencies/ros-one-roscpp-core_0.7.3-3-gcae00b4-2025.01.07.13.03_amd64.deb to /<<CHROOT>>...
Copying /home/runner/apt_repo_dependencies/ros-one-roscreate_1.15.8-3-g136e18e9-2025.01.07.14.00_amd64.deb to /<<CHROOT>>...
Copying /home/runner/apt_repo_dependencies/ros-one-common-msgs_1.13.1-2025.01.07.14.23_amd64.deb to /<<CHROOT>>...
Copying /home/runner/apt_repo_dependencies/ros-one-message-filters_1.17.0-12-g2a12474fb-2025.01.07.14.57_amd64.deb to /<<CHROOT>>...
Copying /home/runner/apt_repo_dependencies/ros-one-std-msgs_0.5.13-1-gf3554d4-2025.01.07.14.00_amd64.deb to /<<CHROOT>>...
Copying /home/runner/apt_repo_dependencies/ros-one-openslam-gmapping-dbgsym_0.2.1-17-g5105476-2025.01.07.13.06_amd64.deb to /<<CHROOT>>...
Copying /home/runner/apt_repo_dependencies/ros-one-rosgraph_1.17.0-12-g2a12474fb-2025.01.07.14.31_amd64.deb to /<<CHROOT>>...
Copying /home/runner/apt_repo_dependencies/ros-one-test-rosmaster_1.17.0-12-g2a12474fb-2025.01.07.15.14_amd64.deb to /<<CHROOT>>...
Copying /home/runner/apt_repo_dependencies/ros-one-apriltag-dbgsym_3.4.2-33-gfc2a7b2-2025.01.07.13.06_amd64.deb to /<<CHROOT>>...
Copying /home/runner/apt_repo_dependencies/ros-one-webkit-dependency_1.1.2-2025.01.07.13.06_amd64.deb to /<<CHROOT>>...
Copying /home/runner/apt_repo_dependencies/ros-one-rosboost-cfg_1.15.8-3-g136e18e9-2025.01.07.13.57_amd64.deb to /<<CHROOT>>...
Copying /home/runner/apt_repo_dependencies/ros-one-ros-emacs-utils_0.4.17-2025.01.07.14.28_amd64.deb to /<<CHROOT>>...
Copying /home/runner/apt_repo_dependencies/ros-one-slime-wrapper_0.4.17-2025.01.07.14.32_amd64.deb to /<<CHROOT>>...
Copying /home/runner/apt_repo_dependencies/ros-one-roslz4-dbgsym_1.17.0-12-g2a12474fb-2025.01.07.14.34_amd64.deb to /<<CHROOT>>...
Copying /home/runner/apt_repo_dependencies/ros-one-roswtf_1.17.0-12-g2a12474fb-2025.01.07.15.23_amd64.deb to /<<CHROOT>>...
Copying /home/runner/apt_repo_dependencies/ros-one-rosparam_1.17.0-12-g2a12474fb-2025.01.07.14.37_amd64.deb to /<<CHROOT>>...
Copying /home/runner/apt_repo_dependencies/ros-one-stage-dbgsym_4.3.0-17-g2d2e0724-2025.01.07.13.06_amd64.deb to /<<CHROOT>>...
Copying /home/runner/apt_repo_dependencies/ros-one-pybind11-catkin_2.10.3-4-gd21b4ff-2025.01.07.13.06_amd64.deb to /<<CHROOT>>...
Copying /home/runner/apt_repo_dependencies/ros-one-plotjuggler-msgs_0.2.1-2025.01.07.14.07_amd64.deb to /<<CHROOT>>...
Copying /home/runner/apt_repo_dependencies/ros-one-ivcon_0.1.7-2-g5c97b19-2025.01.07.13.06_amd64.deb to /<<CHROOT>>...
Copying /home/runner/apt_repo_dependencies/ros-one-python-qt-binding_0.4.4-13-gacea937-2025.01.07.14.08_amd64.deb to /<<CHROOT>>...
Copying /home/runner/apt_repo_dependencies/ros-one-rosmake_1.15.8-3-g136e18e9-2025.01.07.14.02_amd64.deb to /<<CHROOT>>...
Copying /home/runner/apt_repo_dependencies/ros-one-actionlib-msgs_1.13.1-2025.01.07.14.22_amd64.deb to /<<CHROOT>>...
Copying /home/runner/apt_repo_dependencies/ros-one-gennodejs_2.0.1-8-g19d224c-2025.01.07.13.23_amd64.deb to /<<CHROOT>>...
Copying /home/runner/apt_repo_dependencies/ros-one-visualization-msgs_1.13.1-2025.01.07.14.48_amd64.deb to /<<CHROOT>>...
Copying /home/runner/apt_repo_dependencies/ros-one-ruckig-dbgsym_0.14.0-3-gbeb713a-2025.01.07.13.08_amd64.deb to /<<CHROOT>>...
Copying /home/runner/apt_repo_dependencies/ros-one-roscpp-traits_0.7.3-3-gcae00b4-2025.01.07.13.03_amd64.deb to /<<CHROOT>>...
Copying /home/runner/apt_repo_dependencies/ros-one-pinocchio_3.3.1-2025.01.07.13.31_amd64.deb to /<<CHROOT>>...
Copying /home/runner/apt_repo_dependencies/ros-one-code-coverage_0.4.4-5-g7c273b3-2025.01.07.13.05_amd64.deb to /<<CHROOT>>...
Copying /home/runner/apt_repo_dependencies/ros-one-qt-gui_0.4.2-9-gdc7190f-2025.01.07.14.22_amd64.deb to /<<CHROOT>>...
Copying /home/runner/apt_repo_dependencies/ros-one-random-numbers-dbgsym_0.3.3-1-g51f6043-2025.01.07.13.07_amd64.deb to /<<CHROOT>>...
Copying /home/runner/apt_repo_dependencies/ros-one-genpy_0.6.16-6-gf70658f-2025.01.07.13.24_amd64.deb to /<<CHROOT>>...
Copying /home/runner/apt_repo_dependencies/ros-one-jskeus-dbgsym_1.2.5-1-2025.01.07.14.16_amd64.deb to /<<CHROOT>>...
Copying /home/runner/apt_repo_dependencies/ros-one-rosconsole-bridge-dbgsym_0.5.4-1-g38b0830-2025.01.07.14.16_amd64.deb to /<<CHROOT>>...
Copying /home/runner/apt_repo_dependencies/ros-one-roslint_0.12.0-4-gac02636-2025.01.07.13.07_amd64.deb to /<<CHROOT>>...
Copying /home/runner/apt_repo_dependencies/ros-one-rosmsg_1.17.0-12-g2a12474fb-2025.01.07.15.01_amd64.deb to /<<CHROOT>>...
Copying /home/runner/apt_repo_dependencies/ros-one-topic-tools-dbgsym_1.17.0-12-g2a12474fb-2025.01.07.15.18_amd64.deb to /<<CHROOT>>...
Copying /home/runner/apt_repo_dependencies/ros-one-rospack-dbgsym_2.6.2-2-gad85a87-2025.01.07.13.23_amd64.deb to /<<CHROOT>>...
Copying /home/runner/apt_repo_dependencies/ros-one-rosconsole-bridge_0.5.4-1-g38b0830-2025.01.07.14.16_amd64.deb to /<<CHROOT>>...
Copying /home/runner/apt_repo_dependencies/ros-one-rosclean_1.15.8-3-g136e18e9-2025.01.07.13.59_amd64.deb to /<<CHROOT>>...
Copying /home/runner/apt_repo_dependencies/ros-one-qt-gui-py-common_0.4.2-9-gdc7190f-2025.01.07.14.27_amd64.deb to /<<CHROOT>>...
Copying /home/runner/apt_repo_dependencies/ros-one-rosunit_1.15.8-3-g136e18e9-2025.01.07.14.04_amd64.deb to /<<CHROOT>>...
Copying /home/runner/apt_repo_dependencies/ros-one-test-rosgraph_1.17.0-12-g2a12474fb-2025.01.07.15.10_amd64.deb to /<<CHROOT>>...
Copying /home/runner/apt_repo_dependencies/ros-one-four-wheel-steering-msgs_1.1.1-2025.01.07.14.12_amd64.deb to /<<CHROOT>>...
Copying /home/runner/apt_repo_dependencies/ros-one-roslz4_1.17.0-12-g2a12474fb-2025.01.07.14.34_amd64.deb to /<<CHROOT>>...
Copying /home/runner/apt_repo_dependencies/ros-one-shape-msgs_1.13.1-2025.01.07.14.43_amd64.deb to /<<CHROOT>>...
Copying /home/runner/apt_repo_dependencies/ros-one-apriltag_3.4.2-33-gfc2a7b2-2025.01.07.13.06_amd64.deb to /<<CHROOT>>...
Copying /home/runner/apt_repo_dependencies/ros-one-behaviortree-cpp-dbgsym_4.6.2-16-gd4d8ae1-2025.01.07.14.07_amd64.deb to /<<CHROOT>>...
Copying /home/runner/apt_repo_dependencies/ros-one-ruckig_0.14.0-3-gbeb713a-2025.01.07.13.08_amd64.deb to /<<CHROOT>>...
Copying /home/runner/apt_repo_dependencies/ros-one-ompl-dbgsym_1.6.0-87-g1c4cd078-2025.01.07.13.07_amd64.deb to /<<CHROOT>>...
Copying /home/runner/apt_repo_dependencies/ros-one-roslisp-repl_0.4.17-2025.01.07.14.30_amd64.deb to /<<CHROOT>>...
Copying /home/runner/apt_repo_dependencies/ros-one-message-runtime_0.4.13-2025.01.07.13.31_amd64.deb to /<<CHROOT>>...
Copying /home/runner/apt_repo_dependencies/ros-one-ompl_1.6.0-87-g1c4cd078-2025.01.07.13.07_amd64.deb to /<<CHROOT>>...
Copying /home/runner/apt_repo_dependencies/ros-one-eml-dbgsym_0-2025.01.07.13.02_amd64.deb to /<<CHROOT>>...
Copying /home/runner/apt_repo_dependencies/ros-one-media-export_0.3.0-2025.01.07.13.05_amd64.deb to /<<CHROOT>>...
Copying /home/runner/apt_repo_dependencies/ros-one-roscpp-serialization-dbgsym_0.7.3-3-gcae00b4-2025.01.07.13.04_amd64.deb to /<<CHROOT>>...
Copying /home/runner/apt_repo_dependencies/ros-one-message-filters-dbgsym_1.17.0-12-g2a12474fb-2025.01.07.14.57_amd64.deb to /<<CHROOT>>...
Copying /home/runner/apt_repo_dependencies/ros-one-eigenpy_3.10.1-2025.01.07.13.06_amd64.deb to /<<CHROOT>>...
Copying /home/runner/apt_repo_dependencies/ros-one-cpp-common-dbgsym_0.7.3-3-gcae00b4-2025.01.07.13.02_amd64.deb to /<<CHROOT>>...
Copying /home/runner/apt_repo_dependencies/ros-one-rosbash_1.15.8-3-g136e18e9-2025.01.07.13.56_amd64.deb to /<<CHROOT>>...
Copying /home/runner/apt_repo_dependencies/ros-one-qt-gui-core_0.4.2-9-gdc7190f-2025.01.07.14.24_amd64.deb to /<<CHROOT>>...
Copying /home/runner/apt_repo_dependencies/ros-one-cpp-common_0.7.3-3-gcae00b4-2025.01.07.13.02_amd64.deb to /<<CHROOT>>...
Copying /home/runner/apt_repo_dependencies/ros-one-rosconsole_1.14.3-5-ge3753eec-2025.01.07.14.08_amd64.deb to /<<CHROOT>>...
Copying /home/runner/apt_repo_dependencies/ros-one-roscpp-dbgsym_1.17.0-12-g2a12474fb-2025.01.07.14.51_amd64.deb to /<<CHROOT>>...
Copying /home/runner/apt_repo_dependencies/ros-one-ros-comm_1.17.0-12-g2a12474fb-2025.01.07.14.30_amd64.deb to /<<CHROOT>>...
Copying /home/runner/apt_repo_dependencies/ros-one-behaviortree-cpp_4.6.2-16-gd4d8ae1-2025.01.07.14.07_amd64.deb to /<<CHROOT>>...
Copying /home/runner/apt_repo_dependencies/ros-one-trajectory-msgs_1.13.1-2025.01.07.14.46_amd64.deb to /<<CHROOT>>...
Copying /home/runner/apt_repo_dependencies/ros-one-roslib_1.15.8-3-g136e18e9-2025.01.07.14.03_amd64.deb to /<<CHROOT>>...
Copying /home/runner/apt_repo_dependencies/ros-one-test-rospy_1.17.0-12-g2a12474fb-2025.01.07.15.30_amd64.deb to /<<CHROOT>>...
Copying /home/runner/apt_repo_dependencies/ros-one-eigen-stl-containers_0.1.8-2-gd2a41f0-2025.01.07.13.25_amd64.deb to /<<CHROOT>>...
Copying /home/runner/apt_repo_dependencies/ros-one-slime-ros_0.4.17-2025.01.07.14.31_amd64.deb to /<<CHROOT>>...
Copying /home/runner/apt_repo_dependencies/ros-one-ur-client-library_1.5.0-11-g6bc1553-2025.01.07.13.07_amd64.deb to /<<CHROOT>>...
Copying /home/runner/apt_repo_dependencies/ros-one-ros-environment_1.3.2-5-g2686e94-2025.01.07.12.59_amd64.deb to /<<CHROOT>>...
Copying /home/runner/apt_repo_dependencies/ros-one-rosbag-storage-dbgsym_1.17.0-12-g2a12474fb-2025.01.07.14.58_amd64.deb to /<<CHROOT>>...
Copying /home/runner/apt_repo_dependencies/ros-one-rospack_2.6.2-2-gad85a87-2025.01.07.13.23_amd64.deb to /<<CHROOT>>...
Copying /home/runner/apt_repo_dependencies/ros-one-ivcon-dbgsym_0.1.7-2-g5c97b19-2025.01.07.13.06_amd64.deb to /<<CHROOT>>...
Copying /home/runner/apt_repo_dependencies/ros-one-sensor-msgs_1.13.1-2025.01.07.15.25_amd64.deb to /<<CHROOT>>...
Copying /home/runner/apt_repo_dependencies/ros-one-geometry-msgs_1.13.1-2025.01.07.14.26_amd64.deb to /<<CHROOT>>...
Copying /home/runner/apt_repo_dependencies/ros-one-roslang_1.15.8-3-g136e18e9-2025.01.07.14.01_amd64.deb to /<<CHROOT>>...
Copying /home/runner/apt_repo_dependencies/ros-one-urg-c_1.0.405-1-gbbe007f-2025.01.07.13.06_amd64.deb to /<<CHROOT>>...
Copying /home/runner/apt_repo_dependencies/ros-one-test-roslaunch_1.17.0-12-g2a12474fb-2025.01.07.15.12_amd64.deb to /<<CHROOT>>...
Copying /home/runner/apt_repo_dependencies/ros-one-rosgraph-msgs_1.11.3-1-gf51a0429-2025.01.07.14.07_amd64.deb to /<<CHROOT>>...
Copying /home/runner/apt_repo_dependencies/ros-one-urg-c-dbgsym_1.0.405-1-gbbe007f-2025.01.07.13.06_amd64.deb to /<<CHROOT>>...
Copying /home/runner/apt_repo_dependencies/ros-one-rostest_1.17.0-12-g2a12474fb-2025.01.07.14.42_amd64.deb to /<<CHROOT>>...
Copying /home/runner/apt_repo_dependencies/ros-one-roscpp_1.17.0-12-g2a12474fb-2025.01.07.14.51_amd64.deb to /<<CHROOT>>...
Copying /home/runner/apt_repo_dependencies/ros-one-class-loader_0.5.0-6-g9f3288d-2025.01.07.13.23_amd64.deb to /<<CHROOT>>...
Copying /home/runner/apt_repo_dependencies/ros-one-test-rosbag-storage_1.17.0-12-g2a12474fb-2025.01.07.15.06_amd64.deb to /<<CHROOT>>...
Copying /home/runner/apt_repo_dependencies/ros-one-angles_1.9.13-2-g2392b18-2025.01.07.14.07_amd64.deb to /<<CHROOT>>...
Copying /home/runner/apt_repo_dependencies/ros-one-ros_1.15.8-3-g136e18e9-2025.01.07.13.55_amd64.deb to /<<CHROOT>>...
Copying /home/runner/apt_repo_dependencies/ros-one-pinocchio-dbgsym_3.3.1-2025.01.07.13.31_amd64.deb to /<<CHROOT>>...
Copying /home/runner/apt_repo_dependencies/ros-one-roscpp-serialization_0.7.3-3-gcae00b4-2025.01.07.13.04_amd64.deb to /<<CHROOT>>...
Copying /home/runner/apt_repo_dependencies/ros-one-test-rosservice_1.17.0-12-g2a12474fb-2025.01.07.15.32_amd64.deb to /<<CHROOT>>...
Copying /home/runner/apt_repo_dependencies/ros-one-test-rostopic_1.17.0-12-g2a12474fb-2025.01.07.15.36_amd64.deb to /<<CHROOT>>...
Copying /home/runner/apt_repo_dependencies/ros-one-gl-dependency_1.1.2-1-g337fcfc-2025.01.07.13.03_amd64.deb to /<<CHROOT>>...
Copying /home/runner/apt_repo_dependencies/ros-one-baldor_0.1.3-3-g10fabc5-2025.01.07.13.04_amd64.deb to /<<CHROOT>>...
Copying /home/runner/apt_repo_dependencies/ros-one-soem_1.4.1003-1-g988013c-2025.01.07.13.05_amd64.deb to /<<CHROOT>>...
Copying /home/runner/apt_repo_dependencies/ros-one-test-rostest_1.17.0-12-g2a12474fb-2025.01.07.15.34_amd64.deb to /<<CHROOT>>...
Copying /home/runner/apt_repo_dependencies/ros-one-eigenpy-dbgsym_3.10.1-2025.01.07.13.06_amd64.deb to /<<CHROOT>>...
Copying /home/runner/apt_repo_dependencies/ros-one-diagnostic-msgs_1.13.1-2025.01.07.14.25_amd64.deb to /<<CHROOT>>...
Copying /home/runner/apt_repo_dependencies/ros-one-pluginlib_1.13.0-2-g51a2cb0-2025.01.07.14.16_amd64.deb to /<<CHROOT>>...
Copying /home/runner/apt_repo_dependencies/ros-one-euslisp_9.29.0-2-2025.01.07.14.07_amd64.deb to /<<CHROOT>>...
Copying /home/runner/apt_repo_dependencies/ros-one-genmsg_0.5.16-1-g7d8b6ce-2025.01.07.13.06_amd64.deb to /<<CHROOT>>...
Copying /home/runner/apt_repo_dependencies/ros-one-prosilica-gige-sdk_1.26.3-2025.01.07.13.06_amd64.deb to /<<CHROOT>>...
Copying /home/runner/apt_repo_dependencies/ros-one-rostime_0.7.3-3-gcae00b4-2025.01.07.13.04_amd64.deb to /<<CHROOT>>...
Copying /home/runner/apt_repo_dependencies/ros-one-stereo-msgs_1.13.1-2025.01.07.15.27_amd64.deb to /<<CHROOT>>...
Copying /home/runner/apt_repo_dependencies/ros-one-test-roslib-comm_1.17.0-12-g2a12474fb-2025.01.07.14.45_amd64.deb to /<<CHROOT>>...
Copying /home/runner/apt_repo_dependencies/ros-one-xmlrpcpp_1.17.0-12-g2a12474fb-2025.01.07.14.50_amd64.deb to /<<CHROOT>>...
Copying /home/runner/apt_repo_dependencies/ros-one-xmlrpcpp-dbgsym_1.17.0-12-g2a12474fb-2025.01.07.14.50_amd64.deb to /<<CHROOT>>...
Copying /home/runner/apt_repo_dependencies/ros-one-stage_4.3.0-17-g2d2e0724-2025.01.07.13.06_amd64.deb to /<<CHROOT>>...
Copying /home/runner/apt_repo_dependencies/ros-one-rosout_1.17.0-12-g2a12474fb-2025.01.07.14.55_amd64.deb to /<<CHROOT>>...
Copying /home/runner/apt_repo_dependencies/ros-one-resource-retriever_1.12.7-5-g40d08d6-2025.01.07.14.16_amd64.deb to /<<CHROOT>>...
Copying /home/runner/apt_repo_dependencies/ros-one-hpp-fcl-dbgsym_2.4.5-2025.01.07.13.23_amd64.deb to /<<CHROOT>>...
Copying /home/runner/apt_repo_dependencies/ros-one-gencpp_0-2025.01.07.13.24_amd64.deb to /<<CHROOT>>...
Copying /home/runner/apt_repo_dependencies/ros-one-roslib-dbgsym_1.15.8-3-g136e18e9-2025.01.07.14.03_amd64.deb to /<<CHROOT>>...
Copying /home/runner/apt_repo_dependencies/ros-one-rosout-dbgsym_1.17.0-12-g2a12474fb-2025.01.07.14.55_amd64.deb to /<<CHROOT>>...
Copying /home/runner/apt_repo_dependencies/ros-one-convex-decomposition_0.1.12-3-gb722eb5-2025.01.07.13.04_amd64.deb to /<<CHROOT>>...
Copying /home/runner/apt_repo_dependencies/ros-one-rosconsole-dbgsym_1.14.3-5-ge3753eec-2025.01.07.14.08_amd64.deb to /<<CHROOT>>...
Copying /home/runner/apt_repo_dependencies/ros-one-rostime-dbgsym_0.7.3-3-gcae00b4-2025.01.07.13.04_amd64.deb to /<<CHROOT>>...
Copying /home/runner/apt_repo_dependencies/ros-one-mk_1.15.8-3-g136e18e9-2025.01.07.13.54_amd64.deb to /<<CHROOT>>...
Copying /home/runner/apt_repo_dependencies/ros-one-qt-gui-app_0.4.2-9-gdc7190f-2025.01.07.14.23_amd64.deb to /<<CHROOT>>...
Copying /home/runner/apt_repo_dependencies/ros-one-std-srvs_1.11.3-1-gf51a0429-2025.01.07.14.08_amd64.deb to /<<CHROOT>>...
Copying /home/runner/apt_repo_dependencies/ros-one-topic-tools_1.17.0-12-g2a12474fb-2025.01.07.15.18_amd64.deb to /<<CHROOT>>...
Copying /home/runner/apt_repo_dependencies/ros-one-geneus_3.0.0-2025.01.07.13.24_amd64.deb to /<<CHROOT>>...
Copying /home/runner/apt_repo_dependencies/ros-one-rosdoc-lite_0.2.11-2-gddd0835-2025.01.07.13.25_amd64.deb to /<<CHROOT>>...
Copying /home/runner/apt_repo_dependencies/ros-one-roslaunch_1.17.0-12-g2a12474fb-2025.01.07.14.32_amd64.deb to /<<CHROOT>>...
Copying /home/runner/apt_repo_dependencies/ros-one-rosbag-storage_1.17.0-12-g2a12474fb-2025.01.07.14.58_amd64.deb to /<<CHROOT>>...
Copying /home/runner/apt_repo_dependencies/ros-one-soem-dbgsym_1.4.1003-1-g988013c-2025.01.07.13.05_amd64.deb to /<<CHROOT>>...
Copying /home/runner/apt_repo_dependencies/ros-one-ros-industrial-cmake-boilerplate_0.6.3-2025.01.07.13.07_amd64.deb to /<<CHROOT>>...
Copying /home/runner/apt_repo_dependencies/ros-one-roslisp_1.9.25-2025.01.07.14.16_amd64.deb to /<<CHROOT>>...
Copying /home/runner/apt_repo_dependencies/ros-one-openslam-gmapping_0.2.1-17-g5105476-2025.01.07.13.06_amd64.deb to /<<CHROOT>>...
Copying /home/runner/apt_repo_dependencies/ros-one-qwt-dependency_1.1.1-2-g91d8aee-2025.01.07.13.07_amd64.deb to /<<CHROOT>>...
Copying /home/runner/apt_repo_dependencies/ros-one-test-rosparam_1.17.0-12-g2a12474fb-2025.01.07.15.16_amd64.deb to /<<CHROOT>>...
Copying /home/runner/apt_repo_dependencies/ros-one-rosmaster_1.17.0-12-g2a12474fb-2025.01.07.14.36_amd64.deb to /<<CHROOT>>...
Copying /home/runner/apt_repo_dependencies/ros-one-rosbag-migration-rule_1.0.1-1-g2269b62-2025.01.07.13.08_amd64.deb to /<<CHROOT>>...
Copying /home/runner/apt_repo_dependencies/ros-one-rosservice_1.17.0-12-g2a12474fb-2025.01.07.14.40_amd64.deb to /<<CHROOT>>...
Copying /home/runner/apt_repo_dependencies/ros-one-setup-files_0-2025.01.07.12.59_amd64.deb to /<<CHROOT>>...
Copying /home/runner/apt_repo_dependencies/ros-one-random-numbers_0.3.3-1-g51f6043-2025.01.07.13.07_amd64.deb to /<<CHROOT>>...
Copying /home/runner/apt_repo_dependencies/ros-one-rosemacs_0.4.17-2025.01.07.14.29_amd64.deb to /<<CHROOT>>...
Copying /home/runner/apt_repo_dependencies/ros-one-euslisp-dbgsym_9.29.0-2-2025.01.07.14.07_amd64.deb to /<<CHROOT>>...
Copying /home/runner/apt_repo_dependencies/ros-one-rosbuild_1.15.8-3-g136e18e9-2025.01.07.13.58_amd64.deb to /<<CHROOT>>...
Copying /home/runner/apt_repo/ros-one-actionlib_1.14.0-6-gbbf979f-2025.01.07.15.41_amd64.deb to /<<CHROOT>>...
Copying /home/runner/apt_repo/ros-one-actionlib-dbgsym_1.14.0-6-gbbf979f-2025.01.07.15.41_amd64.deb to /<<CHROOT>>...
Copying /home/runner/apt_repo/ros-one-rospy-tutorials_0.10.2-3-gdb63288-2025.01.07.15.49_amd64.deb to /<<CHROOT>>...
Copying /home/runner/apt_repo/ros-one-roscpp-tutorials_0.10.2-3-gdb63288-2025.01.07.15.47_amd64.deb to /<<CHROOT>>...
Copying /home/runner/apt_repo/ros-one-ros-tutorials_0.10.2-3-gdb63288-2025.01.07.15.45_amd64.deb to /<<CHROOT>>...
Copying /home/runner/apt_repo/ros-one-actionlib-tools_1.14.0-6-gbbf979f-2025.01.07.15.43_amd64.deb to /<<CHROOT>>...
Copying /home/runner/apt_repo/ros-one-cartesian-control-msgs_0.1.0-2-gfb68cf9-2025.01.07.15.44_amd64.deb to /<<CHROOT>>...
Copying /home/runner/apt_repo/ros-one-roscpp-tutorials-dbgsym_0.10.2-3-gdb63288-2025.01.07.15.47_amd64.deb to /<<CHROOT>>...
I: NOTICE: Log filtering will replace 'build/package//resolver-YemHmJ' with '<<RESOLVERDIR>>'

+------------------------------------------------------------------------------+
| Update chroot                                Tue, 07 Jan 2025 15:51:57 +0000 |
+------------------------------------------------------------------------------+

Ign:1 file:/build/package//resolver-ODOadp/apt_archive ./ InRelease
Get:2 file:/build/package//resolver-ODOadp/apt_archive ./ Release [612 B]
Get:2 file:/build/package//resolver-ODOadp/apt_archive ./ Release [612 B]
Ign:3 file:/build/package//resolver-ODOadp/apt_archive ./ Release.gpg
Get:4 file:/build/package//resolver-ODOadp/apt_archive ./ Packages [128 kB]
Get:5 http://deb.debian.org/debian sid InRelease [205 kB]
Get:6 http://deb.debian.org/debian sid/main amd64 Packages [9993 kB]
Fetched 10.2 MB in 1s (14.4 MB/s)
Reading package lists...
W: Skipping acquire of configured file 'universe/binary-amd64/Packages' as repository 'http://deb.debian.org/debian sid InRelease' doesn't have the component 'universe' (component misspelt in sources.list?)
Reading package lists...
Building dependency tree...
Reading state information...
Calculating upgrade...
0 upgraded, 0 newly installed, 0 to remove and 0 not upgraded.

+------------------------------------------------------------------------------+
| Fetch source files                           Tue, 07 Jan 2025 15:51:59 +0000 |
+------------------------------------------------------------------------------+


Local sources
-------------

/home/runner/work/ros-o-builder/ros-o-builder/src/ros_tutorials/ros-one-turtlesim_0.10.2-3-gdb63288-2025.01.07.15.51.dsc exists in /home/runner/work/ros-o-builder/ros-o-builder/src/ros_tutorials; copying to chroot
I: NOTICE: Log filtering will replace 'build/package//package' with '<<PKGBUILDDIR>>'
I: NOTICE: Log filtering will replace 'build/package/' with '<<BUILDDIR>>'

+------------------------------------------------------------------------------+
| Install package build dependencies           Tue, 07 Jan 2025 15:52:00 +0000 |
+------------------------------------------------------------------------------+


Setup apt archive
-----------------

Merged Build-Depends: debhelper (>= 9.0.0), catkin, libboost-thread-dev, libgmock-dev, libgtest-dev, qt5-qmake, qtbase5-dev, ros-one-geometry-msgs, ros-one-message-generation, ros-one-rosconsole, ros-one-roscpp, ros-one-roscpp-serialization, ros-one-roslib, ros-one-rostime, ros-one-std-msgs, ros-one-std-srvs, ros-one-setup-files, ros-one-ros-environment, build-essential, fakeroot, dumb-init
Filtered Build-Depends: debhelper (>= 9.0.0), catkin, libboost-thread-dev, libgmock-dev, libgtest-dev, qt5-qmake, qtbase5-dev, ros-one-geometry-msgs, ros-one-message-generation, ros-one-rosconsole, ros-one-roscpp, ros-one-roscpp-serialization, ros-one-roslib, ros-one-rostime, ros-one-std-msgs, ros-one-std-srvs, ros-one-setup-files, ros-one-ros-environment, build-essential, fakeroot, dumb-init
dpkg-deb: warning: root directory /<<RESOLVERDIR>>/sbuild-build-depends-main-dummy has unusual owner or group 998:999
dpkg-deb: Hint: you might need to pass --root-owner-group, see <https://wiki.debian.org/Teams/Dpkg/RootlessBuilds> for further details
dpkg-deb: warning: ignoring 1 warning about the control file(s)
dpkg-deb: building package 'sbuild-build-depends-main-dummy' in '/<<RESOLVERDIR>>/apt_archive/sbuild-build-depends-main-dummy.deb'.
Ign:1 copy:/<<RESOLVERDIR>>/apt_archive ./ InRelease
Get:2 copy:/<<RESOLVERDIR>>/apt_archive ./ Release [609 B]
Ign:3 copy:/<<RESOLVERDIR>>/apt_archive ./ Release.gpg
Get:4 copy:/<<RESOLVERDIR>>/apt_archive ./ Sources [938 B]
Get:5 copy:/<<RESOLVERDIR>>/apt_archive ./ Packages [971 B]
Fetched 2518 B in 0s (0 B/s)
Reading package lists...
Ign:1 file:/<<BUILDDIR>>/resolver-ODOadp/apt_archive ./ InRelease
Get:2 file:/<<BUILDDIR>>/resolver-ODOadp/apt_archive ./ Release [612 B]
Get:2 file:/<<BUILDDIR>>/resolver-ODOadp/apt_archive ./ Release [612 B]
Ign:3 file:/<<BUILDDIR>>/resolver-ODOadp/apt_archive ./ Release.gpg
Reading package lists...
Reading package lists...

Install main build dependencies (apt-based resolver)
----------------------------------------------------

Installing build dependencies
Reading package lists...
Building dependency tree...
Reading state information...
The following additional packages will be installed:
  autoconf automake autopoint autotools-dev bsdextrautils catkin cmake
  cmake-data cmake-extras debhelper dh-autoreconf dh-strip-nondeterminism
  docutils-common dumb-init dwz fakeroot file fontconfig fontconfig-config
  fonts-dejavu-core fonts-dejavu-mono gettext gettext-base googletest
  groff-base icu-devtools intltool-debian libapr1-dev libapr1t64
  libaprutil1-dbd-sqlite3 libaprutil1-dev libaprutil1t64 libarchive-zip-perl
  libarchive13t64 libavahi-client3 libavahi-common-data libavahi-common3
  libboost-atomic1.83-dev libboost-atomic1.83.0 libboost-chrono-dev
  libboost-chrono1.83-dev libboost-chrono1.83.0t64 libboost-date-time-dev
  libboost-date-time1.83-dev libboost-date-time1.83.0 libboost-filesystem-dev
  libboost-filesystem1.83-dev libboost-filesystem1.83.0
  libboost-program-options-dev libboost-program-options1.83-dev
  libboost-program-options1.83.0 libboost-regex-dev libboost-regex1.83-dev
  libboost-regex1.83.0 libboost-serialization1.83-dev
  libboost-serialization1.83.0 libboost-system-dev libboost-system1.83-dev
  libboost-system1.83.0 libboost-thread-dev libboost-thread1.83-dev
  libboost-thread1.83.0 libboost1.83-dev libbsd0 libconsole-bridge-dev
  libconsole-bridge1.0 libcups2t64 libcurl4t64 libdbus-1-3 libdebhelper-perl
  libdouble-conversion3 libdrm-amdgpu1 libdrm-common libdrm-intel1
  libdrm-radeon1 libdrm2 libedit2 libegl-dev libegl-mesa0 libegl1 libelf1t64
  libevdev2 libexpat1-dev libfakeroot libfile-stripnondeterminism-perl
  libfontconfig1 libfreetype6 libgbm1 libgl-dev libgl1 libgl1-mesa-dri
  libglapi-mesa libglib2.0-0t64 libglu1-mesa libglu1-mesa-dev libglvnd0
  libglx-dev libglx-mesa0 libglx0 libgmock-dev libgraphite2-3 libgtest-dev
  libgudev-1.0-0 libharfbuzz0b libice6 libicu-dev libicu72 libinput-bin
  libinput10 libjpeg62-turbo libjs-jquery libjs-sphinxdoc libjs-underscore
  libjsoncpp26 libldap-dev libldap2-dev libllvm19 liblog4cxx-dev liblog4cxx15
  libmagic-mgc libmagic1t64 libmd4c0 libmtdev1t64 libncursesw6 libnsl2
  libopengl-dev libopengl0 libpciaccess0 libpcre2-16-0 libpipeline1
  libpkgconf3 libpng16-16t64 libproc2-0 libpython3-dev libpython3-stdlib
  libpython3.12-minimal libpython3.12-stdlib libpython3.12t64 libpython3.13
  libpython3.13-dev libpython3.13-minimal libpython3.13-stdlib
  libqt5concurrent5t64 libqt5core5t64 libqt5dbus5t64 libqt5gui5t64
  libqt5network5t64 libqt5printsupport5t64 libqt5sql5t64 libqt5test5t64
  libqt5widgets5t64 libqt5xml5t64 libreadline8t64 librhash1 libsctp-dev
  libsctp1 libsensors-config libsensors5 libsm6 libsqlite3-0 libtinyxml2-10
  libtinyxml2-dev libtirpc-common libtirpc3t64 libtool libuchardet0 libuv1t64
  libvulkan-dev libvulkan1 libwacom-common libwacom9 libwayland-client0
  libwayland-server0 libx11-6 libx11-data libx11-dev libx11-xcb1 libxau-dev
  libxau6 libxcb-dri2-0 libxcb-dri3-0 libxcb-glx0 libxcb-icccm4 libxcb-image0
  libxcb-keysyms1 libxcb-present0 libxcb-randr0 libxcb-render-util0
  libxcb-render0 libxcb-shape0 libxcb-shm0 libxcb-sync1 libxcb-util1
  libxcb-xfixes0 libxcb-xinerama0 libxcb-xinput0 libxcb-xkb1 libxcb1
  libxcb1-dev libxdmcp-dev libxdmcp6 libxext-dev libxext6 libxfixes3
  libxkbcommon-x11-0 libxkbcommon0 libxml2 libxrender1 libxshmfence1
  libxxf86vm1 libyaml-0-2 libz3-4 lsb-release m4 man-db media-types
  mesa-libgallium netbase pkg-config pkgconf pkgconf-bin po-debconf procps
  python3 python3-autocommand python3-catkin python3-catkin-pkg
  python3-dateutil python3-dev python3-distro python3-docutils python3-empy
  python3-inflect python3-jaraco.context python3-jaraco.functools
  python3-jaraco.text python3-minimal python3-more-itertools
  python3-pkg-resources python3-pyparsing python3-roman python3-rosdep2
  python3-rosdistro python3-rospkg python3-setuptools python3-typeguard
  python3-typing-extensions python3-yaml python3-zipp python3.13
  python3.13-dev python3.13-minimal qt5-qmake qt5-qmake-bin qtbase5-dev
  qtbase5-dev-tools qtchooser readline-common ros-one-cpp-common
  ros-one-gencpp ros-one-geneus ros-one-genlisp ros-one-genmsg
  ros-one-gennodejs ros-one-genpy ros-one-geometry-msgs
  ros-one-message-generation ros-one-message-runtime ros-one-ros-environment
  ros-one-rosbuild ros-one-rosconsole ros-one-roscpp
  ros-one-roscpp-serialization ros-one-roscpp-traits ros-one-rosgraph-msgs
  ros-one-roslib ros-one-rospack ros-one-rostime ros-one-setup-files
  ros-one-std-msgs ros-one-std-srvs ros-one-xmlrpcpp sensible-utils sgml-base
  shared-mime-info tzdata uuid-dev x11-common x11proto-dev xkb-data xml-core
  xorg-sgml-doctools xtrans-dev zlib1g-dev
Suggested packages:
  autoconf-archive gnu-standards autoconf-doc cmake-doc cmake-format
  elpa-cmake-mode ninja-build dh-make gettext-doc libasprintf-dev
  libgettextpo-dev groff lrzip libboost1.83-doc libboost-container1.83-dev
  libboost-context1.83-dev libboost-contract1.83-dev
  libboost-coroutine1.83-dev libboost-exception1.83-dev libboost-fiber1.83-dev
  libboost-graph-parallel1.83-dev libboost-graph1.83-dev
  libboost-iostreams1.83-dev libboost-json1.83-dev libboost-locale1.83-dev
  libboost-log1.83-dev libboost-math1.83-dev libboost-mpi-python1.83-dev
  libboost-mpi1.83-dev libboost-nowide1.83-dev libboost-numpy1.83-dev
  libboost-python1.83-dev libboost-random1.83-dev libboost-stacktrace1.83-dev
  libboost-test1.83-dev libboost-timer1.83-dev libboost-type-erasure1.83-dev
  libboost-url1.83-dev libboost-wave1.83-dev libboost1.83-tools-dev
  libmpfrc++-dev libntl-dev cups-common low-memory-monitor icu-doc
  liblog4cxx-doc zip pciutils libthai0 qgnomeplatform-qt5
  qt5-image-formats-plugins lksctp-tools lm-sensors libtool-doc gfortran
  | fortran95-compiler gcj-jdk libwacom-bin libx11-doc libxcb-doc libxext-doc
  m4-doc apparmor less www-browser libmail-box-perl python3-doc python3-tk
  python3-venv docutils-doc fonts-linuxlibertine | ttf-linux-libertine
  texlive-lang-french texlive-latex-base texlive-latex-recommended
  python-pyparsing-doc python-setuptools-doc python3.13-venv python3.13-doc
  binfmt-support default-libmysqlclient-dev firebird-dev libpq-dev
  libsqlite3-dev unixodbc-dev readline-doc sgml-base-doc
Recommended packages:
  bash-completion ros-environment curl | wget | lynx dbus libarchive-cpio-perl
  libglib2.0-data xdg-user-dirs javascript-common libgpm2 qttranslations5-l10n
  libqt5svg5 qt5-gtk-platformtheme qtwayland5 libqt5sql5-sqlite
  | libqt5sql5-mysql | libqt5sql5-odbc | libqt5sql5-psql | libqt5sql5-tds
  | libqt5sql5-ibase libltdl-dev mesa-vulkan-drivers | vulkan-icd
  libmail-sendmail-perl psmisc linux-sysctl-defaults libpaper-utils
  python3-pil python3-pygments libqt5opengl5-dev
The following NEW packages will be installed:
  autoconf automake autopoint autotools-dev bsdextrautils catkin cmake
  cmake-data cmake-extras debhelper dh-autoreconf dh-strip-nondeterminism
  docutils-common dumb-init dwz fakeroot file fontconfig fontconfig-config
  fonts-dejavu-core fonts-dejavu-mono gettext gettext-base googletest
  groff-base icu-devtools intltool-debian libapr1-dev libapr1t64
  libaprutil1-dbd-sqlite3 libaprutil1-dev libaprutil1t64 libarchive-zip-perl
  libarchive13t64 libavahi-client3 libavahi-common-data libavahi-common3
  libboost-atomic1.83-dev libboost-atomic1.83.0 libboost-chrono-dev
  libboost-chrono1.83-dev libboost-chrono1.83.0t64 libboost-date-time-dev
  libboost-date-time1.83-dev libboost-date-time1.83.0 libboost-filesystem-dev
  libboost-filesystem1.83-dev libboost-filesystem1.83.0
  libboost-program-options-dev libboost-program-options1.83-dev
  libboost-program-options1.83.0 libboost-regex-dev libboost-regex1.83-dev
  libboost-regex1.83.0 libboost-serialization1.83-dev
  libboost-serialization1.83.0 libboost-system-dev libboost-system1.83-dev
  libboost-system1.83.0 libboost-thread-dev libboost-thread1.83-dev
  libboost-thread1.83.0 libboost1.83-dev libbsd0 libconsole-bridge-dev
  libconsole-bridge1.0 libcups2t64 libcurl4t64 libdbus-1-3 libdebhelper-perl
  libdouble-conversion3 libdrm-amdgpu1 libdrm-common libdrm-intel1
  libdrm-radeon1 libdrm2 libedit2 libegl-dev libegl-mesa0 libegl1 libelf1t64
  libevdev2 libexpat1-dev libfakeroot libfile-stripnondeterminism-perl
  libfontconfig1 libfreetype6 libgbm1 libgl-dev libgl1 libgl1-mesa-dri
  libglapi-mesa libglib2.0-0t64 libglu1-mesa libglu1-mesa-dev libglvnd0
  libglx-dev libglx-mesa0 libglx0 libgmock-dev libgraphite2-3 libgtest-dev
  libgudev-1.0-0 libharfbuzz0b libice6 libicu-dev libicu72 libinput-bin
  libinput10 libjpeg62-turbo libjs-jquery libjs-sphinxdoc libjs-underscore
  libjsoncpp26 libldap-dev libldap2-dev libllvm19 liblog4cxx-dev liblog4cxx15
  libmagic-mgc libmagic1t64 libmd4c0 libmtdev1t64 libncursesw6 libnsl2
  libopengl-dev libopengl0 libpciaccess0 libpcre2-16-0 libpipeline1
  libpkgconf3 libpng16-16t64 libproc2-0 libpython3-dev libpython3-stdlib
  libpython3.12-minimal libpython3.12-stdlib libpython3.12t64 libpython3.13
  libpython3.13-dev libpython3.13-minimal libpython3.13-stdlib
  libqt5concurrent5t64 libqt5core5t64 libqt5dbus5t64 libqt5gui5t64
  libqt5network5t64 libqt5printsupport5t64 libqt5sql5t64 libqt5test5t64
  libqt5widgets5t64 libqt5xml5t64 libreadline8t64 librhash1 libsctp-dev
  libsctp1 libsensors-config libsensors5 libsm6 libsqlite3-0 libtinyxml2-10
  libtinyxml2-dev libtirpc-common libtirpc3t64 libtool libuchardet0 libuv1t64
  libvulkan-dev libvulkan1 libwacom-common libwacom9 libwayland-client0
  libwayland-server0 libx11-6 libx11-data libx11-dev libx11-xcb1 libxau-dev
  libxau6 libxcb-dri2-0 libxcb-dri3-0 libxcb-glx0 libxcb-icccm4 libxcb-image0
  libxcb-keysyms1 libxcb-present0 libxcb-randr0 libxcb-render-util0
  libxcb-render0 libxcb-shape0 libxcb-shm0 libxcb-sync1 libxcb-util1
  libxcb-xfixes0 libxcb-xinerama0 libxcb-xinput0 libxcb-xkb1 libxcb1
  libxcb1-dev libxdmcp-dev libxdmcp6 libxext-dev libxext6 libxfixes3
  libxkbcommon-x11-0 libxkbcommon0 libxml2 libxrender1 libxshmfence1
  libxxf86vm1 libyaml-0-2 libz3-4 lsb-release m4 man-db media-types
  mesa-libgallium netbase pkg-config pkgconf pkgconf-bin po-debconf procps
  python3 python3-autocommand python3-catkin python3-catkin-pkg
  python3-dateutil python3-dev python3-distro python3-docutils python3-empy
  python3-inflect python3-jaraco.context python3-jaraco.functools
  python3-jaraco.text python3-minimal python3-more-itertools
  python3-pkg-resources python3-pyparsing python3-roman python3-rosdep2
  python3-rosdistro python3-rospkg python3-setuptools python3-typeguard
  python3-typing-extensions python3-yaml python3-zipp python3.13
  python3.13-dev python3.13-minimal qt5-qmake qt5-qmake-bin qtbase5-dev
  qtbase5-dev-tools qtchooser readline-common ros-one-cpp-common
  ros-one-gencpp ros-one-geneus ros-one-genlisp ros-one-genmsg
  ros-one-gennodejs ros-one-genpy ros-one-geometry-msgs
  ros-one-message-generation ros-one-message-runtime ros-one-ros-environment
  ros-one-rosbuild ros-one-rosconsole ros-one-roscpp
  ros-one-roscpp-serialization ros-one-roscpp-traits ros-one-rosgraph-msgs
  ros-one-roslib ros-one-rospack ros-one-rostime ros-one-setup-files
  ros-one-std-msgs ros-one-std-srvs ros-one-xmlrpcpp
  sbuild-build-depends-main-dummy sensible-utils sgml-base shared-mime-info
  tzdata uuid-dev x11-common x11proto-dev xkb-data xml-core xorg-sgml-doctools
  xtrans-dev zlib1g-dev
0 upgraded, 295 newly installed, 0 to remove and 0 not upgraded.
Need to get 164 MB/166 MB of archives.
After this operation, 869 MB of additional disk space will be used.
Get:1 file:/<<BUILDDIR>>/resolver-ODOadp/apt_archive ./ ros-one-cpp-common 0.7.3-3-gcae00b4-2025.01.07.13.02 [22.4 kB]
Get:2 copy:/<<RESOLVERDIR>>/apt_archive ./ sbuild-build-depends-main-dummy 0.invalid.0 [1012 B]
Get:3 file:/<<BUILDDIR>>/resolver-ODOadp/apt_archive ./ ros-one-genmsg 0.5.16-1-g7d8b6ce-2025.01.07.13.06 [43.5 kB]
Get:4 file:/<<BUILDDIR>>/resolver-ODOadp/apt_archive ./ ros-one-gencpp 0-2025.01.07.13.24 [17.3 kB]
Get:5 file:/<<BUILDDIR>>/resolver-ODOadp/apt_archive ./ ros-one-geneus 3.0.0-2025.01.07.13.24 [37.0 kB]
Get:6 file:/<<BUILDDIR>>/resolver-ODOadp/apt_archive ./ ros-one-genlisp 0.4.18-2025.01.07.13.25 [29.0 kB]
Get:7 file:/<<BUILDDIR>>/resolver-ODOadp/apt_archive ./ ros-one-gennodejs 2.0.1-8-g19d224c-2025.01.07.13.23 [30.4 kB]
Get:8 file:/<<BUILDDIR>>/resolver-ODOadp/apt_archive ./ ros-one-genpy 0.6.16-6-gf70658f-2025.01.07.13.24 [67.4 kB]
Get:9 file:/<<BUILDDIR>>/resolver-ODOadp/apt_archive ./ ros-one-rostime 0.7.3-3-gcae00b4-2025.01.07.13.04 [42.5 kB]
Get:10 file:/<<BUILDDIR>>/resolver-ODOadp/apt_archive ./ ros-one-roscpp-traits 0.7.3-3-gcae00b4-2025.01.07.13.03 [11.1 kB]
Get:11 file:/<<BUILDDIR>>/resolver-ODOadp/apt_archive ./ ros-one-roscpp-serialization 0.7.3-3-gcae00b4-2025.01.07.13.04 [14.2 kB]
Get:12 file:/<<BUILDDIR>>/resolver-ODOadp/apt_archive ./ ros-one-message-runtime 0.4.13-2025.01.07.13.31 [5076 B]
Get:13 file:/<<BUILDDIR>>/resolver-ODOadp/apt_archive ./ ros-one-std-msgs 0.5.13-1-gf3554d4-2025.01.07.14.00 [60.6 kB]
Get:14 file:/<<BUILDDIR>>/resolver-ODOadp/apt_archive ./ ros-one-geometry-msgs 1.13.1-2025.01.07.14.26 [74.7 kB]
Get:15 file:/<<BUILDDIR>>/resolver-ODOadp/apt_archive ./ ros-one-message-generation 0.4.1-2025.01.07.13.31 [5052 B]
Get:16 file:/<<BUILDDIR>>/resolver-ODOadp/apt_archive ./ ros-one-setup-files 0-2025.01.07.12.59 [10.9 kB]
Get:17 file:/<<BUILDDIR>>/resolver-ODOadp/apt_archive ./ ros-one-ros-environment 1.3.2-5-g2686e94-2025.01.07.12.59 [6060 B]
Get:18 file:/<<BUILDDIR>>/resolver-ODOadp/apt_archive ./ ros-one-rosbuild 1.15.8-3-g136e18e9-2025.01.07.13.58 [28.8 kB]
Get:19 file:/<<BUILDDIR>>/resolver-ODOadp/apt_archive ./ ros-one-rosconsole 1.14.3-5-ge3753eec-2025.01.07.14.08 [161 kB]
Get:20 file:/<<BUILDDIR>>/resolver-ODOadp/apt_archive ./ ros-one-rosgraph-msgs 1.11.3-1-gf51a0429-2025.01.07.14.07 [28.9 kB]
Get:21 file:/<<BUILDDIR>>/resolver-ODOadp/apt_archive ./ ros-one-xmlrpcpp 1.17.0-12-g2a12474fb-2025.01.07.14.50 [65.0 kB]
Get:22 file:/<<BUILDDIR>>/resolver-ODOadp/apt_archive ./ ros-one-roscpp 1.17.0-12-g2a12474fb-2025.01.07.14.51 [528 kB]
Get:23 file:/<<BUILDDIR>>/resolver-ODOadp/apt_archive ./ ros-one-rospack 2.6.2-2-gad85a87-2025.01.07.13.23 [113 kB]
Get:24 file:/<<BUILDDIR>>/resolver-ODOadp/apt_archive ./ ros-one-roslib 1.15.8-3-g136e18e9-2025.01.07.14.03 [114 kB]
Get:25 file:/<<BUILDDIR>>/resolver-ODOadp/apt_archive ./ ros-one-std-srvs 1.11.3-1-gf51a0429-2025.01.07.14.08 [20.9 kB]
Get:26 http://deb.debian.org/debian sid/main amd64 libpython3.13-minimal amd64 3.13.1-3 [858 kB]
Get:27 http://deb.debian.org/debian sid/main amd64 python3.13-minimal amd64 3.13.1-3 [2202 kB]
Get:28 http://deb.debian.org/debian sid/main amd64 python3-minimal amd64 3.13.1-1 [27.0 kB]
Get:29 http://deb.debian.org/debian sid/main amd64 media-types all 10.1.0 [26.9 kB]
Get:30 http://deb.debian.org/debian sid/main amd64 netbase all 6.4 [12.8 kB]
Get:31 http://deb.debian.org/debian sid/main amd64 tzdata all 2024b-4 [256 kB]
Get:32 http://deb.debian.org/debian sid/main amd64 libncursesw6 amd64 6.5-2+b1 [136 kB]
Get:33 http://deb.debian.org/debian sid/main amd64 readline-common all 8.2-6 [69.4 kB]
Get:34 http://deb.debian.org/debian sid/main amd64 libreadline8t64 amd64 8.2-6 [169 kB]
Get:35 http://deb.debian.org/debian sid/main amd64 libsqlite3-0 amd64 3.46.1-1 [913 kB]
Get:36 http://deb.debian.org/debian sid/main amd64 libpython3.13-stdlib amd64 3.13.1-3 [1973 kB]
Get:37 http://deb.debian.org/debian sid/main amd64 python3.13 amd64 3.13.1-3 [740 kB]
Get:38 http://deb.debian.org/debian sid/main amd64 libpython3-stdlib amd64 3.13.1-1 [9912 B]
Get:39 http://deb.debian.org/debian sid/main amd64 python3 amd64 3.13.1-1 [28.0 kB]
Get:40 http://deb.debian.org/debian sid/main amd64 sgml-base all 1.31 [15.4 kB]
Get:41 http://deb.debian.org/debian sid/main amd64 libproc2-0 amd64 2:4.0.4-6 [64.8 kB]
Get:42 http://deb.debian.org/debian sid/main amd64 procps amd64 2:4.0.4-6 [879 kB]
Get:43 http://deb.debian.org/debian sid/main amd64 sensible-utils all 0.0.24 [24.8 kB]
Get:44 http://deb.debian.org/debian sid/main amd64 libmagic-mgc amd64 1:5.45-3+b1 [314 kB]
Get:45 http://deb.debian.org/debian sid/main amd64 libmagic1t64 amd64 1:5.45-3+b1 [108 kB]
Get:46 http://deb.debian.org/debian sid/main amd64 file amd64 1:5.45-3+b1 [43.3 kB]
Get:47 http://deb.debian.org/debian sid/main amd64 gettext-base amd64 0.22.5-4 [200 kB]
Get:48 http://deb.debian.org/debian sid/main amd64 libuchardet0 amd64 0.0.8-1+b2 [68.9 kB]
Get:49 http://deb.debian.org/debian sid/main amd64 groff-base amd64 1.23.0-7 [1185 kB]
Get:50 http://deb.debian.org/debian sid/main amd64 bsdextrautils amd64 2.40.2-13 [91.9 kB]
Get:51 http://deb.debian.org/debian sid/main amd64 libpipeline1 amd64 1.5.8-1 [42.0 kB]
Get:52 http://deb.debian.org/debian sid/main amd64 man-db amd64 2.13.0-1 [1420 kB]
Get:53 http://deb.debian.org/debian sid/main amd64 m4 amd64 1.4.19-5 [294 kB]
Get:54 http://deb.debian.org/debian sid/main amd64 autoconf all 2.72-3 [493 kB]
Get:55 http://deb.debian.org/debian sid/main amd64 autotools-dev all 20220109.1 [51.6 kB]
Get:56 http://deb.debian.org/debian sid/main amd64 automake all 1:1.16.5-1.3 [823 kB]
Get:57 http://deb.debian.org/debian sid/main amd64 autopoint all 0.22.5-4 [723 kB]
Get:58 http://deb.debian.org/debian sid/main amd64 cmake-data all 3.31.3-1 [2268 kB]
Get:59 http://deb.debian.org/debian sid/main amd64 libicu72 amd64 72.1-5+b1 [9423 kB]
Get:60 http://deb.debian.org/debian sid/main amd64 libxml2 amd64 2.12.7+dfsg+really2.9.14-0.2+b1 [699 kB]
Get:61 http://deb.debian.org/debian sid/main amd64 libarchive13t64 amd64 3.7.4-1.1 [349 kB]
Get:62 http://deb.debian.org/debian sid/main amd64 libcurl4t64 amd64 8.11.1-1 [351 kB]
Get:63 http://deb.debian.org/debian sid/main amd64 libjsoncpp26 amd64 1.9.6-3 [81.7 kB]
Get:64 http://deb.debian.org/debian sid/main amd64 librhash1 amd64 1.4.5-1 [132 kB]
Get:65 http://deb.debian.org/debian sid/main amd64 libuv1t64 amd64 1.48.0-7 [148 kB]
Get:66 http://deb.debian.org/debian sid/main amd64 cmake amd64 3.31.3-1 [11.9 MB]
Get:67 http://deb.debian.org/debian sid/main amd64 libpkgconf3 amd64 1.8.1-4 [36.4 kB]
Get:68 http://deb.debian.org/debian sid/main amd64 pkgconf-bin amd64 1.8.1-4 [30.2 kB]
Get:69 http://deb.debian.org/debian sid/main amd64 pkgconf amd64 1.8.1-4 [26.2 kB]
Get:70 http://deb.debian.org/debian sid/main amd64 pkg-config amd64 1.8.1-4 [14.0 kB]
Get:71 http://deb.debian.org/debian sid/main amd64 cmake-extras all 1.7-3 [64.8 kB]
Get:72 http://deb.debian.org/debian sid/main amd64 python3-catkin all 0.8.10-17 [35.6 kB]
Get:73 http://deb.debian.org/debian sid/main amd64 python3-dateutil all 2.9.0-3 [79.3 kB]
Get:74 http://deb.debian.org/debian sid/main amd64 xml-core all 0.19 [20.1 kB]
Get:75 http://deb.debian.org/debian sid/main amd64 docutils-common all 0.21.2+dfsg-2 [128 kB]
Get:76 http://deb.debian.org/debian sid/main amd64 python3-roman all 4.2-1 [10.4 kB]
Get:77 http://deb.debian.org/debian sid/main amd64 python3-docutils all 0.21.2+dfsg-2 [403 kB]
Get:78 http://deb.debian.org/debian sid/main amd64 python3-autocommand all 2.2.2-3 [13.6 kB]
Get:79 http://deb.debian.org/debian sid/main amd64 python3-more-itertools all 10.5.0-1 [63.8 kB]
Get:80 http://deb.debian.org/debian sid/main amd64 python3-typing-extensions all 4.12.2-2 [73.0 kB]
Get:81 http://deb.debian.org/debian sid/main amd64 python3-typeguard all 4.4.1-1 [37.0 kB]
Get:82 http://deb.debian.org/debian sid/main amd64 python3-inflect all 7.3.1-2 [32.4 kB]
Get:83 http://deb.debian.org/debian sid/main amd64 python3-jaraco.context all 6.0.0-1 [7984 B]
Get:84 http://deb.debian.org/debian sid/main amd64 python3-jaraco.functools all 4.1.0-1 [12.0 kB]
Get:85 http://deb.debian.org/debian sid/main amd64 python3-pkg-resources all 75.6.0-1 [222 kB]
Get:86 http://deb.debian.org/debian sid/main amd64 python3-pyparsing all 3.1.2-1 [146 kB]
Get:87 http://deb.debian.org/debian sid/main amd64 python3-catkin-pkg all 1.0.0-2 [48.6 kB]
Get:88 http://deb.debian.org/debian sid/main amd64 python3-empy all 3.3.4-2 [66.1 kB]
Get:89 http://deb.debian.org/debian sid/main amd64 python3-jaraco.text all 4.0.0-1 [11.4 kB]
Get:90 http://deb.debian.org/debian sid/main amd64 python3-zipp all 3.21.0-1 [10.6 kB]
Get:91 http://deb.debian.org/debian sid/main amd64 python3-setuptools all 75.6.0-1 [720 kB]
Get:92 http://deb.debian.org/debian sid/main amd64 catkin all 0.8.10-17 [94.0 kB]
Get:93 http://deb.debian.org/debian sid/main amd64 libdebhelper-perl all 13.23 [90.6 kB]
Get:94 http://deb.debian.org/debian sid/main amd64 libtool all 2.5.4-2 [539 kB]
Get:95 http://deb.debian.org/debian sid/main amd64 dh-autoreconf all 20 [17.1 kB]
Get:96 http://deb.debian.org/debian sid/main amd64 libarchive-zip-perl all 1.68-1 [104 kB]
Get:97 http://deb.debian.org/debian sid/main amd64 libfile-stripnondeterminism-perl all 1.14.0-1 [19.5 kB]
Get:98 http://deb.debian.org/debian sid/main amd64 dh-strip-nondeterminism all 1.14.0-1 [8448 B]
Get:99 http://deb.debian.org/debian sid/main amd64 libelf1t64 amd64 0.192-4 [189 kB]
Get:100 http://deb.debian.org/debian sid/main amd64 dwz amd64 0.15-1+b1 [110 kB]
Get:101 http://deb.debian.org/debian sid/main amd64 gettext amd64 0.22.5-4 [1600 kB]
Get:102 http://deb.debian.org/debian sid/main amd64 intltool-debian all 0.35.0+20060710.6 [22.9 kB]
Get:103 http://deb.debian.org/debian sid/main amd64 po-debconf all 1.0.21+nmu1 [248 kB]
Get:104 http://deb.debian.org/debian sid/main amd64 debhelper all 13.23 [919 kB]
Get:105 http://deb.debian.org/debian sid/main amd64 dumb-init amd64 1.2.5-3 [13.4 kB]
Get:106 http://deb.debian.org/debian sid/main amd64 libfakeroot amd64 1.36.2-1 [29.6 kB]
Get:107 http://deb.debian.org/debian sid/main amd64 fakeroot amd64 1.36.2-1 [75.4 kB]
Get:108 http://deb.debian.org/debian sid/main amd64 libpng16-16t64 amd64 1.6.44-3 [280 kB]
Get:109 http://deb.debian.org/debian sid/main amd64 libfreetype6 amd64 2.13.3+dfsg-1 [452 kB]
Get:110 http://deb.debian.org/debian sid/main amd64 fonts-dejavu-mono all 2.37-8 [489 kB]
Get:111 http://deb.debian.org/debian sid/main amd64 fonts-dejavu-core all 2.37-8 [840 kB]
Get:112 http://deb.debian.org/debian sid/main amd64 fontconfig-config amd64 2.15.0-1.1+b1 [318 kB]
Get:113 http://deb.debian.org/debian sid/main amd64 libfontconfig1 amd64 2.15.0-1.1+b1 [391 kB]
Get:114 http://deb.debian.org/debian sid/main amd64 fontconfig amd64 2.15.0-1.1+b1 [463 kB]
Get:115 http://deb.debian.org/debian sid/main amd64 googletest all 1.15.2-1 [514 kB]
Get:116 http://deb.debian.org/debian sid/main amd64 icu-devtools amd64 72.1-5+b1 [210 kB]
Get:117 http://deb.debian.org/debian sid/main amd64 libapr1t64 amd64 1.7.5-1 [104 kB]
Get:118 http://deb.debian.org/debian sid/main amd64 uuid-dev amd64 2.40.2-13 [47.4 kB]
Get:119 http://deb.debian.org/debian sid/main amd64 libsctp1 amd64 1.0.21+dfsg-1 [25.8 kB]
Get:120 http://deb.debian.org/debian sid/main amd64 libsctp-dev amd64 1.0.21+dfsg-1 [74.2 kB]
Get:121 http://deb.debian.org/debian sid/main amd64 libapr1-dev amd64 1.7.5-1 [773 kB]
Get:122 http://deb.debian.org/debian sid/main amd64 libaprutil1t64 amd64 1.6.3-3 [89.3 kB]
Get:123 http://deb.debian.org/debian sid/main amd64 libaprutil1-dbd-sqlite3 amd64 1.6.3-3 [13.9 kB]
Get:124 http://deb.debian.org/debian sid/main amd64 libldap-dev amd64 2.5.19+dfsg-1 [303 kB]
Get:125 http://deb.debian.org/debian sid/main amd64 libldap2-dev all 2.5.19+dfsg-1 [25.6 kB]
Get:126 http://deb.debian.org/debian sid/main amd64 libexpat1-dev amd64 2.6.4-1 [158 kB]
Get:127 http://deb.debian.org/debian sid/main amd64 libaprutil1-dev amd64 1.6.3-3 [414 kB]
Get:128 http://deb.debian.org/debian sid/main amd64 libavahi-common-data amd64 0.8-16 [112 kB]
Get:129 http://deb.debian.org/debian sid/main amd64 libavahi-common3 amd64 0.8-16 [44.2 kB]
Get:130 http://deb.debian.org/debian sid/main amd64 libdbus-1-3 amd64 1.16.0-1 [177 kB]
Get:131 http://deb.debian.org/debian sid/main amd64 libavahi-client3 amd64 0.8-16 [48.4 kB]
Get:132 http://deb.debian.org/debian sid/main amd64 libboost1.83-dev amd64 1.83.0-4 [10.6 MB]
Get:133 http://deb.debian.org/debian sid/main amd64 libboost-atomic1.83.0 amd64 1.83.0-4 [234 kB]
Get:134 http://deb.debian.org/debian sid/main amd64 libboost-atomic1.83-dev amd64 1.83.0-4 [235 kB]
Get:135 http://deb.debian.org/debian sid/main amd64 libboost-chrono1.83.0t64 amd64 1.83.0-4 [240 kB]
Get:136 http://deb.debian.org/debian sid/main amd64 libboost-chrono1.83-dev amd64 1.83.0-4 [245 kB]
Get:137 http://deb.debian.org/debian sid/main amd64 libboost-chrono-dev amd64 1.83.0.2+b2 [4224 B]
Get:138 http://deb.debian.org/debian sid/main amd64 libboost-date-time1.83.0 amd64 1.83.0-4 [230 kB]
Get:139 http://deb.debian.org/debian sid/main amd64 libboost-serialization1.83.0 amd64 1.83.0-4 [333 kB]
Get:140 http://deb.debian.org/debian sid/main amd64 libboost-serialization1.83-dev amd64 1.83.0-4 [373 kB]
Get:141 http://deb.debian.org/debian sid/main amd64 libboost-date-time1.83-dev amd64 1.83.0-4 [239 kB]
Get:142 http://deb.debian.org/debian sid/main amd64 libboost-date-time-dev amd64 1.83.0.2+b2 [3596 B]
Get:143 http://deb.debian.org/debian sid/main amd64 libboost-filesystem1.83.0 amd64 1.83.0-4 [282 kB]
Get:144 http://deb.debian.org/debian sid/main amd64 libboost-system1.83.0 amd64 1.83.0-4 [230 kB]
Get:145 http://deb.debian.org/debian sid/main amd64 libboost-system1.83-dev amd64 1.83.0-4 [231 kB]
Get:146 http://deb.debian.org/debian sid/main amd64 libboost-filesystem1.83-dev amd64 1.83.0-4 [298 kB]
Get:147 http://deb.debian.org/debian sid/main amd64 libboost-filesystem-dev amd64 1.83.0.2+b2 [3628 B]
Get:148 http://deb.debian.org/debian sid/main amd64 libboost-program-options1.83.0 amd64 1.83.0-4 [347 kB]
Get:149 http://deb.debian.org/debian sid/main amd64 libboost-program-options1.83-dev amd64 1.83.0-4 [375 kB]
Get:150 http://deb.debian.org/debian sid/main amd64 libboost-program-options-dev amd64 1.83.0.2+b2 [3612 B]
Get:151 http://deb.debian.org/debian sid/main amd64 libboost-regex1.83.0 amd64 1.83.0-4 [330 kB]
Get:152 http://deb.debian.org/debian sid/main amd64 libicu-dev amd64 72.1-5+b1 [10.4 MB]
Get:153 http://deb.debian.org/debian sid/main amd64 libboost-regex1.83-dev amd64 1.83.0-4 [346 kB]
Get:154 http://deb.debian.org/debian sid/main amd64 libboost-regex-dev amd64 1.83.0.2+b2 [3864 B]
Get:155 http://deb.debian.org/debian sid/main amd64 libboost-system-dev amd64 1.83.0.2+b2 [3736 B]
Get:156 http://deb.debian.org/debian sid/main amd64 libboost-thread1.83.0 amd64 1.83.0-4 [269 kB]
Get:157 http://deb.debian.org/debian sid/main amd64 libboost-thread1.83-dev amd64 1.83.0-4 [276 kB]
Get:158 http://deb.debian.org/debian sid/main amd64 libboost-thread-dev amd64 1.83.0.2+b2 [3624 B]
Get:159 http://deb.debian.org/debian sid/main amd64 libbsd0 amd64 0.12.2-2 [131 kB]
Get:160 http://deb.debian.org/debian sid/main amd64 libconsole-bridge1.0 amd64 1.0.1+dfsg2-3+b2 [11.2 kB]
Get:161 http://deb.debian.org/debian sid/main amd64 libconsole-bridge-dev amd64 1.0.1+dfsg2-3+b2 [8084 B]
Get:162 http://deb.debian.org/debian sid/main amd64 libcups2t64 amd64 2.4.10-2+b1 [251 kB]
Get:163 http://deb.debian.org/debian sid/main amd64 libdouble-conversion3 amd64 3.3.0-1+b2 [41.8 kB]
Get:164 http://deb.debian.org/debian sid/main amd64 libdrm-common all 2.4.123-1 [8084 B]
Get:165 http://deb.debian.org/debian sid/main amd64 libdrm2 amd64 2.4.123-1 [38.7 kB]
Get:166 http://deb.debian.org/debian sid/main amd64 libdrm-amdgpu1 amd64 2.4.123-1 [22.3 kB]
Get:167 http://deb.debian.org/debian sid/main amd64 libpciaccess0 amd64 0.17-3+b3 [51.9 kB]
Get:168 http://deb.debian.org/debian sid/main amd64 libdrm-intel1 amd64 2.4.123-1 [63.7 kB]
Get:169 http://deb.debian.org/debian sid/main amd64 libdrm-radeon1 amd64 2.4.123-1 [22.3 kB]
Get:170 http://deb.debian.org/debian sid/main amd64 libedit2 amd64 3.1-20240808-1 [93.9 kB]
Get:171 http://deb.debian.org/debian sid/main amd64 libglvnd0 amd64 1.7.0-1+b2 [52.0 kB]
Get:172 http://deb.debian.org/debian sid/main amd64 libwayland-server0 amd64 1.23.0-1+b1 [34.2 kB]
Get:173 http://deb.debian.org/debian sid/main amd64 libxau6 amd64 1:1.0.11-1 [20.4 kB]
Get:174 http://deb.debian.org/debian sid/main amd64 libxdmcp6 amd64 1:1.1.5-1 [27.8 kB]
Get:175 http://deb.debian.org/debian sid/main amd64 libxcb1 amd64 1.17.0-2+b1 [144 kB]
Get:176 http://deb.debian.org/debian sid/main amd64 libxcb-randr0 amd64 1.17.0-2+b1 [117 kB]
Get:177 http://deb.debian.org/debian sid/main amd64 libglapi-mesa amd64 24.2.8-1 [38.0 kB]
Get:178 http://deb.debian.org/debian sid/main amd64 libz3-4 amd64 4.13.3-1 [8560 kB]
Get:179 http://deb.debian.org/debian sid/main amd64 libllvm19 amd64 1:19.1.6-1 [26.0 MB]
Get:180 http://deb.debian.org/debian sid/main amd64 libsensors-config all 1:3.6.0-10 [14.6 kB]
Get:181 http://deb.debian.org/debian sid/main amd64 libsensors5 amd64 1:3.6.0-10+b1 [35.1 kB]
Get:182 http://deb.debian.org/debian sid/main amd64 libx11-data all 2:1.8.10-2 [337 kB]
Get:183 http://deb.debian.org/debian sid/main amd64 libx11-6 amd64 2:1.8.10-2 [813 kB]
Get:184 http://deb.debian.org/debian sid/main amd64 libx11-xcb1 amd64 2:1.8.10-2 [241 kB]
Get:185 http://deb.debian.org/debian sid/main amd64 libxcb-dri2-0 amd64 1.17.0-2+b1 [107 kB]
Get:186 http://deb.debian.org/debian sid/main amd64 libxcb-dri3-0 amd64 1.17.0-2+b1 [107 kB]
Get:187 http://deb.debian.org/debian sid/main amd64 libxcb-present0 amd64 1.17.0-2+b1 [106 kB]
Get:188 http://deb.debian.org/debian sid/main amd64 libxcb-sync1 amd64 1.17.0-2+b1 [109 kB]
Get:189 http://deb.debian.org/debian sid/main amd64 libxcb-xfixes0 amd64 1.17.0-2+b1 [109 kB]
Get:190 http://deb.debian.org/debian sid/main amd64 libxshmfence1 amd64 1.3-1+b3 [8852 B]
Get:191 http://deb.debian.org/debian sid/main amd64 mesa-libgallium amd64 24.2.8-1 [9185 kB]
Get:192 http://deb.debian.org/debian sid/main amd64 libgbm1 amd64 24.2.8-1 [42.8 kB]
Get:193 http://deb.debian.org/debian sid/main amd64 libwayland-client0 amd64 1.23.0-1+b1 [26.6 kB]
Get:194 http://deb.debian.org/debian sid/main amd64 libxcb-shm0 amd64 1.17.0-2+b1 [105 kB]
Get:195 http://deb.debian.org/debian sid/main amd64 libegl-mesa0 amd64 24.2.8-1 [133 kB]
Get:196 http://deb.debian.org/debian sid/main amd64 libegl1 amd64 1.7.0-1+b2 [34.6 kB]
Get:197 http://deb.debian.org/debian sid/main amd64 libxcb-glx0 amd64 1.17.0-2+b1 [122 kB]
Get:198 http://deb.debian.org/debian sid/main amd64 libxext6 amd64 2:1.3.4-1+b3 [50.4 kB]
Get:199 http://deb.debian.org/debian sid/main amd64 libxfixes3 amd64 1:6.0.0-2+b3 [20.2 kB]
Get:200 http://deb.debian.org/debian sid/main amd64 libxxf86vm1 amd64 1:1.1.4-1+b4 [19.3 kB]
Get:201 http://deb.debian.org/debian sid/main amd64 libvulkan1 amd64 1.3.296.0-1 [126 kB]
Get:202 http://deb.debian.org/debian sid/main amd64 libgl1-mesa-dri amd64 24.2.8-1 [43.9 kB]
Get:203 http://deb.debian.org/debian sid/main amd64 libglx-mesa0 amd64 24.2.8-1 [154 kB]
Get:204 http://deb.debian.org/debian sid/main amd64 libglx0 amd64 1.7.0-1+b2 [34.9 kB]
Get:205 http://deb.debian.org/debian sid/main amd64 libgl1 amd64 1.7.0-1+b2 [89.5 kB]
Get:206 http://deb.debian.org/debian sid/main amd64 xorg-sgml-doctools all 1:1.11-1.1 [22.1 kB]
Get:207 http://deb.debian.org/debian sid/main amd64 x11proto-dev all 2024.1-1 [603 kB]
Get:208 http://deb.debian.org/debian sid/main amd64 libxau-dev amd64 1:1.0.11-1 [23.6 kB]
Get:209 http://deb.debian.org/debian sid/main amd64 libxdmcp-dev amd64 1:1.1.5-1 [44.3 kB]
Get:210 http://deb.debian.org/debian sid/main amd64 xtrans-dev all 1.4.0-1 [98.7 kB]
Get:211 http://deb.debian.org/debian sid/main amd64 libxcb1-dev amd64 1.17.0-2+b1 [181 kB]
Get:212 http://deb.debian.org/debian sid/main amd64 libx11-dev amd64 2:1.8.10-2 [891 kB]
Get:213 http://deb.debian.org/debian sid/main amd64 libglx-dev amd64 1.7.0-1+b2 [15.8 kB]
Get:214 http://deb.debian.org/debian sid/main amd64 libgl-dev amd64 1.7.0-1+b2 [101 kB]
Get:215 http://deb.debian.org/debian sid/main amd64 libegl-dev amd64 1.7.0-1+b2 [19.5 kB]
Get:216 http://deb.debian.org/debian sid/main amd64 libevdev2 amd64 1.13.3+dfsg-1 [32.2 kB]
Get:217 http://deb.debian.org/debian sid/main amd64 libglib2.0-0t64 amd64 2.82.4-1 [1501 kB]
Get:218 http://deb.debian.org/debian sid/main amd64 libopengl0 amd64 1.7.0-1+b2 [30.9 kB]
Get:219 http://deb.debian.org/debian sid/main amd64 libglu1-mesa amd64 9.0.2-1.1+b3 [184 kB]
Get:220 http://deb.debian.org/debian sid/main amd64 libopengl-dev amd64 1.7.0-1+b2 [5388 B]
Get:221 http://deb.debian.org/debian sid/main amd64 libglu1-mesa-dev amd64 9.0.2-1.1+b3 [223 kB]
Get:222 http://deb.debian.org/debian sid/main amd64 libgtest-dev amd64 1.15.2-1 [259 kB]
Get:223 http://deb.debian.org/debian sid/main amd64 libgmock-dev amd64 1.15.2-1 [132 kB]
Get:224 http://deb.debian.org/debian sid/main amd64 libgraphite2-3 amd64 1.3.14-2+b1 [75.4 kB]
Get:225 http://deb.debian.org/debian sid/main amd64 libgudev-1.0-0 amd64 238-5+b1 [14.8 kB]
Get:226 http://deb.debian.org/debian sid/main amd64 libharfbuzz0b amd64 10.1.0-2 [478 kB]
Get:227 http://deb.debian.org/debian sid/main amd64 x11-common all 1:7.7+23.1 [216 kB]
Get:228 http://deb.debian.org/debian sid/main amd64 libice6 amd64 2:1.1.1-1 [65.4 kB]
Get:229 http://deb.debian.org/debian sid/main amd64 libwacom-common all 2.13.0-1 [98.0 kB]
Get:230 http://deb.debian.org/debian sid/main amd64 libwacom9 amd64 2.13.0-1 [24.0 kB]
Get:231 http://deb.debian.org/debian sid/main amd64 libinput-bin amd64 1.26.2-1 [25.3 kB]
Get:232 http://deb.debian.org/debian sid/main amd64 libmtdev1t64 amd64 1.1.6-1.2+b1 [22.5 kB]
Get:233 http://deb.debian.org/debian sid/main amd64 libinput10 amd64 1.26.2-1 [131 kB]
Get:234 http://deb.debian.org/debian sid/main amd64 libjpeg62-turbo amd64 1:2.1.5-3+b1 [168 kB]
Get:235 http://deb.debian.org/debian sid/main amd64 libjs-jquery all 3.6.1+dfsg+~3.5.14-1 [326 kB]
Get:236 http://deb.debian.org/debian sid/main amd64 libjs-underscore all 1.13.4~dfsg+~1.11.4-3 [116 kB]
Get:237 http://deb.debian.org/debian sid/main amd64 libjs-sphinxdoc all 8.1.3-3 [30.4 kB]
Get:238 http://deb.debian.org/debian sid/main amd64 liblog4cxx15 amd64 1.3.1-1 [582 kB]
Get:239 http://deb.debian.org/debian sid/main amd64 liblog4cxx-dev amd64 1.3.1-1 [119 kB]
Get:240 http://deb.debian.org/debian sid/main amd64 libmd4c0 amd64 0.5.2-2+b1 [49.0 kB]
Get:241 http://deb.debian.org/debian sid/main amd64 libtirpc-common all 1.3.4+ds-1.3 [10.9 kB]
Get:242 http://deb.debian.org/debian sid/main amd64 libtirpc3t64 amd64 1.3.4+ds-1.3+b1 [83.1 kB]
Get:243 http://deb.debian.org/debian sid/main amd64 libnsl2 amd64 1.3.0-3+b3 [40.6 kB]
Get:244 http://deb.debian.org/debian sid/main amd64 libpcre2-16-0 amd64 10.44-5 [260 kB]
Get:245 http://deb.debian.org/debian sid/main amd64 libpython3.13 amd64 3.13.1-3 [2151 kB]
Get:246 http://deb.debian.org/debian sid/main amd64 zlib1g-dev amd64 1:1.3.dfsg+really1.3.1-1+b1 [920 kB]
Get:247 http://deb.debian.org/debian sid/main amd64 libpython3.13-dev amd64 3.13.1-3 [5013 kB]
Get:248 http://deb.debian.org/debian sid/main amd64 libpython3-dev amd64 3.13.1-1 [10.2 kB]
Get:249 http://deb.debian.org/debian sid/main amd64 libpython3.12-minimal amd64 3.12.8-3 [817 kB]
Get:250 http://deb.debian.org/debian sid/main amd64 libpython3.12-stdlib amd64 3.12.8-3 [1969 kB]
Get:251 http://deb.debian.org/debian sid/main amd64 libpython3.12t64 amd64 3.12.8-3 [2154 kB]
Get:252 http://deb.debian.org/debian sid/main amd64 shared-mime-info amd64 2.4-5+b1 [759 kB]
Get:253 http://deb.debian.org/debian sid/main amd64 libqt5core5t64 amd64 5.15.15+dfsg-2 [1866 kB]
Get:254 http://deb.debian.org/debian sid/main amd64 libqt5concurrent5t64 amd64 5.15.15+dfsg-2 [44.6 kB]
Get:255 http://deb.debian.org/debian sid/main amd64 libqt5dbus5t64 amd64 5.15.15+dfsg-2 [217 kB]
Get:256 http://deb.debian.org/debian sid/main amd64 libqt5network5t64 amd64 5.15.15+dfsg-2 [682 kB]
Get:257 http://deb.debian.org/debian sid/main amd64 libsm6 amd64 2:1.2.4-1 [35.2 kB]
Get:258 http://deb.debian.org/debian sid/main amd64 libxcb-icccm4 amd64 0.4.2-1 [27.5 kB]
Get:259 http://deb.debian.org/debian sid/main amd64 libxcb-util1 amd64 0.4.0-1+b2 [22.5 kB]
Get:260 http://deb.debian.org/debian sid/main amd64 libxcb-image0 amd64 0.4.0-2+b2 [22.2 kB]
Get:261 http://deb.debian.org/debian sid/main amd64 libxcb-keysyms1 amd64 0.4.0-1+b3 [15.7 kB]
Get:262 http://deb.debian.org/debian sid/main amd64 libxcb-render0 amd64 1.17.0-2+b1 [115 kB]
Get:263 http://deb.debian.org/debian sid/main amd64 libxcb-render-util0 amd64 0.3.9-1+b2 [17.4 kB]
Get:264 http://deb.debian.org/debian sid/main amd64 libxcb-shape0 amd64 1.17.0-2+b1 [106 kB]
Get:265 http://deb.debian.org/debian sid/main amd64 libxcb-xinerama0 amd64 1.17.0-2+b1 [105 kB]
Get:266 http://deb.debian.org/debian sid/main amd64 libxcb-xinput0 amd64 1.17.0-2+b1 [130 kB]
Get:267 http://deb.debian.org/debian sid/main amd64 libxcb-xkb1 amd64 1.17.0-2+b1 [130 kB]
Get:268 http://deb.debian.org/debian sid/main amd64 xkb-data all 2.42-1 [790 kB]
Get:269 http://deb.debian.org/debian sid/main amd64 libxkbcommon0 amd64 1.7.0-2 [113 kB]
Get:270 http://deb.debian.org/debian sid/main amd64 libxkbcommon-x11-0 amd64 1.7.0-2 [16.2 kB]
Get:271 http://deb.debian.org/debian sid/main amd64 libxrender1 amd64 1:0.9.10-1.1+b3 [27.8 kB]
Get:272 http://deb.debian.org/debian sid/main amd64 libqt5gui5t64 amd64 5.15.15+dfsg-2 [3498 kB]
Get:273 http://deb.debian.org/debian sid/main amd64 libqt5widgets5t64 amd64 5.15.15+dfsg-2 [2400 kB]
Get:274 http://deb.debian.org/debian sid/main amd64 libqt5printsupport5t64 amd64 5.15.15+dfsg-2 [206 kB]
Get:275 http://deb.debian.org/debian sid/main amd64 libqt5sql5t64 amd64 5.15.15+dfsg-2 [125 kB]
Get:276 http://deb.debian.org/debian sid/main amd64 libqt5test5t64 amd64 5.15.15+dfsg-2 [151 kB]
Get:277 http://deb.debian.org/debian sid/main amd64 libqt5xml5t64 amd64 5.15.15+dfsg-2 [126 kB]
Get:278 http://deb.debian.org/debian sid/main amd64 libtinyxml2-10 amd64 10.0.0+dfsg-2+b2 [30.5 kB]
Get:279 http://deb.debian.org/debian sid/main amd64 libtinyxml2-dev amd64 10.0.0+dfsg-2+b2 [23.2 kB]
Get:280 http://deb.debian.org/debian sid/main amd64 libvulkan-dev amd64 1.3.296.0-1 [1397 kB]
Get:281 http://deb.debian.org/debian sid/main amd64 libxext-dev amd64 2:1.3.4-1+b3 [104 kB]
Get:282 http://deb.debian.org/debian sid/main amd64 libyaml-0-2 amd64 0.2.5-2 [52.5 kB]
Get:283 http://deb.debian.org/debian sid/main amd64 lsb-release all 12.1-1 [5912 B]
Get:284 http://deb.debian.org/debian sid/main amd64 python3.13-dev amd64 3.13.1-3 [507 kB]
Get:285 http://deb.debian.org/debian sid/main amd64 python3-dev amd64 3.13.1-1 [26.1 kB]
Get:286 http://deb.debian.org/debian sid/main amd64 python3-distro all 1.9.0-1 [20.3 kB]
Get:287 http://deb.debian.org/debian sid/main amd64 python3-yaml amd64 6.0.2-1+b1 [178 kB]
Get:288 http://deb.debian.org/debian sid/main amd64 python3-rospkg all 1.5.1-1 [27.3 kB]
Get:289 http://deb.debian.org/debian sid/main amd64 python3-rosdistro all 1.0.1-2 [39.1 kB]
Get:290 http://deb.debian.org/debian sid/main amd64 python3-rosdep2 all 0.25.1-2 [65.6 kB]
Get:291 http://deb.debian.org/debian sid/main amd64 qt5-qmake-bin amd64 5.15.15+dfsg-2 [1066 kB]
Get:292 http://deb.debian.org/debian sid/main amd64 qtchooser amd64 66-2 [26.3 kB]
Get:293 http://deb.debian.org/debian sid/main amd64 qt5-qmake amd64 5.15.15+dfsg-2 [224 kB]
Get:294 http://deb.debian.org/debian sid/main amd64 qtbase5-dev-tools amd64 5.15.15+dfsg-2 [777 kB]
Get:295 http://deb.debian.org/debian sid/main amd64 qtbase5-dev amd64 5.15.15+dfsg-2 [1122 kB]
Preconfiguring packages ...
Fetched 164 MB in 1s (168 MB/s)
Selecting previously unselected package libpython3.13-minimal:amd64.
(Reading database ... 13712 files and directories currently installed.)
Preparing to unpack .../libpython3.13-minimal_3.13.1-3_amd64.deb ...
Unpacking libpython3.13-minimal:amd64 (3.13.1-3) ...
Selecting previously unselected package python3.13-minimal.
Preparing to unpack .../python3.13-minimal_3.13.1-3_amd64.deb ...
Unpacking python3.13-minimal (3.13.1-3) ...
Setting up libpython3.13-minimal:amd64 (3.13.1-3) ...
Setting up python3.13-minimal (3.13.1-3) ...
Selecting previously unselected package python3-minimal.
(Reading database ... 14037 files and directories currently installed.)
Preparing to unpack .../00-python3-minimal_3.13.1-1_amd64.deb ...
Unpacking python3-minimal (3.13.1-1) ...
Selecting previously unselected package media-types.
Preparing to unpack .../01-media-types_10.1.0_all.deb ...
Unpacking media-types (10.1.0) ...
Selecting previously unselected package netbase.
Preparing to unpack .../02-netbase_6.4_all.deb ...
Unpacking netbase (6.4) ...
Selecting previously unselected package tzdata.
Preparing to unpack .../03-tzdata_2024b-4_all.deb ...
Unpacking tzdata (2024b-4) ...
Selecting previously unselected package libncursesw6:amd64.
Preparing to unpack .../04-libncursesw6_6.5-2+b1_amd64.deb ...
Unpacking libncursesw6:amd64 (6.5-2+b1) ...
Selecting previously unselected package readline-common.
Preparing to unpack .../05-readline-common_8.2-6_all.deb ...
Unpacking readline-common (8.2-6) ...
Selecting previously unselected package libreadline8t64:amd64.
Preparing to unpack .../06-libreadline8t64_8.2-6_amd64.deb ...
Adding 'diversion of /lib/x86_64-linux-gnu/libhistory.so.8 to /lib/x86_64-linux-gnu/libhistory.so.8.usr-is-merged by libreadline8t64'
Adding 'diversion of /lib/x86_64-linux-gnu/libhistory.so.8.2 to /lib/x86_64-linux-gnu/libhistory.so.8.2.usr-is-merged by libreadline8t64'
Adding 'diversion of /lib/x86_64-linux-gnu/libreadline.so.8 to /lib/x86_64-linux-gnu/libreadline.so.8.usr-is-merged by libreadline8t64'
Adding 'diversion of /lib/x86_64-linux-gnu/libreadline.so.8.2 to /lib/x86_64-linux-gnu/libreadline.so.8.2.usr-is-merged by libreadline8t64'
Unpacking libreadline8t64:amd64 (8.2-6) ...
Selecting previously unselected package libsqlite3-0:amd64.
Preparing to unpack .../07-libsqlite3-0_3.46.1-1_amd64.deb ...
Unpacking libsqlite3-0:amd64 (3.46.1-1) ...
Selecting previously unselected package libpython3.13-stdlib:amd64.
Preparing to unpack .../08-libpython3.13-stdlib_3.13.1-3_amd64.deb ...
Unpacking libpython3.13-stdlib:amd64 (3.13.1-3) ...
Selecting previously unselected package python3.13.
Preparing to unpack .../09-python3.13_3.13.1-3_amd64.deb ...
Unpacking python3.13 (3.13.1-3) ...
Selecting previously unselected package libpython3-stdlib:amd64.
Preparing to unpack .../10-libpython3-stdlib_3.13.1-1_amd64.deb ...
Unpacking libpython3-stdlib:amd64 (3.13.1-1) ...
Setting up python3-minimal (3.13.1-1) ...
Selecting previously unselected package python3.
(Reading database ... 15059 files and directories currently installed.)
Preparing to unpack .../000-python3_3.13.1-1_amd64.deb ...
Unpacking python3 (3.13.1-1) ...
Selecting previously unselected package sgml-base.
Preparing to unpack .../001-sgml-base_1.31_all.deb ...
Unpacking sgml-base (1.31) ...
Selecting previously unselected package libproc2-0:amd64.
Preparing to unpack .../002-libproc2-0_2%3a4.0.4-6_amd64.deb ...
Unpacking libproc2-0:amd64 (2:4.0.4-6) ...
Selecting previously unselected package procps.
Preparing to unpack .../003-procps_2%3a4.0.4-6_amd64.deb ...
Unpacking procps (2:4.0.4-6) ...
Selecting previously unselected package sensible-utils.
Preparing to unpack .../004-sensible-utils_0.0.24_all.deb ...
Unpacking sensible-utils (0.0.24) ...
Selecting previously unselected package libmagic-mgc.
Preparing to unpack .../005-libmagic-mgc_1%3a5.45-3+b1_amd64.deb ...
Unpacking libmagic-mgc (1:5.45-3+b1) ...
Selecting previously unselected package libmagic1t64:amd64.
Preparing to unpack .../006-libmagic1t64_1%3a5.45-3+b1_amd64.deb ...
Unpacking libmagic1t64:amd64 (1:5.45-3+b1) ...
Selecting previously unselected package file.
Preparing to unpack .../007-file_1%3a5.45-3+b1_amd64.deb ...
Unpacking file (1:5.45-3+b1) ...
Selecting previously unselected package gettext-base.
Preparing to unpack .../008-gettext-base_0.22.5-4_amd64.deb ...
Unpacking gettext-base (0.22.5-4) ...
Selecting previously unselected package libuchardet0:amd64.
Preparing to unpack .../009-libuchardet0_0.0.8-1+b2_amd64.deb ...
Unpacking libuchardet0:amd64 (0.0.8-1+b2) ...
Selecting previously unselected package groff-base.
Preparing to unpack .../010-groff-base_1.23.0-7_amd64.deb ...
Unpacking groff-base (1.23.0-7) ...
Selecting previously unselected package bsdextrautils.
Preparing to unpack .../011-bsdextrautils_2.40.2-13_amd64.deb ...
Unpacking bsdextrautils (2.40.2-13) ...
Selecting previously unselected package libpipeline1:amd64.
Preparing to unpack .../012-libpipeline1_1.5.8-1_amd64.deb ...
Unpacking libpipeline1:amd64 (1.5.8-1) ...
Selecting previously unselected package man-db.
Preparing to unpack .../013-man-db_2.13.0-1_amd64.deb ...
Unpacking man-db (2.13.0-1) ...
Selecting previously unselected package m4.
Preparing to unpack .../014-m4_1.4.19-5_amd64.deb ...
Unpacking m4 (1.4.19-5) ...
Selecting previously unselected package autoconf.
Preparing to unpack .../015-autoconf_2.72-3_all.deb ...
Unpacking autoconf (2.72-3) ...
Selecting previously unselected package autotools-dev.
Preparing to unpack .../016-autotools-dev_20220109.1_all.deb ...
Unpacking autotools-dev (20220109.1) ...
Selecting previously unselected package automake.
Preparing to unpack .../017-automake_1%3a1.16.5-1.3_all.deb ...
Unpacking automake (1:1.16.5-1.3) ...
Selecting previously unselected package autopoint.
Preparing to unpack .../018-autopoint_0.22.5-4_all.deb ...
Unpacking autopoint (0.22.5-4) ...
Selecting previously unselected package cmake-data.
Preparing to unpack .../019-cmake-data_3.31.3-1_all.deb ...
Unpacking cmake-data (3.31.3-1) ...
Selecting previously unselected package libicu72:amd64.
Preparing to unpack .../020-libicu72_72.1-5+b1_amd64.deb ...
Unpacking libicu72:amd64 (72.1-5+b1) ...
Selecting previously unselected package libxml2:amd64.
Preparing to unpack .../021-libxml2_2.12.7+dfsg+really2.9.14-0.2+b1_amd64.deb ...
Unpacking libxml2:amd64 (2.12.7+dfsg+really2.9.14-0.2+b1) ...
Selecting previously unselected package libarchive13t64:amd64.
Preparing to unpack .../022-libarchive13t64_3.7.4-1.1_amd64.deb ...
Unpacking libarchive13t64:amd64 (3.7.4-1.1) ...
Selecting previously unselected package libcurl4t64:amd64.
Preparing to unpack .../023-libcurl4t64_8.11.1-1_amd64.deb ...
Unpacking libcurl4t64:amd64 (8.11.1-1) ...
Selecting previously unselected package libjsoncpp26:amd64.
Preparing to unpack .../024-libjsoncpp26_1.9.6-3_amd64.deb ...
Unpacking libjsoncpp26:amd64 (1.9.6-3) ...
Selecting previously unselected package librhash1:amd64.
Preparing to unpack .../025-librhash1_1.4.5-1_amd64.deb ...
Unpacking librhash1:amd64 (1.4.5-1) ...
Selecting previously unselected package libuv1t64:amd64.
Preparing to unpack .../026-libuv1t64_1.48.0-7_amd64.deb ...
Unpacking libuv1t64:amd64 (1.48.0-7) ...
Selecting previously unselected package cmake.
Preparing to unpack .../027-cmake_3.31.3-1_amd64.deb ...
Unpacking cmake (3.31.3-1) ...
Selecting previously unselected package libpkgconf3:amd64.
Preparing to unpack .../028-libpkgconf3_1.8.1-4_amd64.deb ...
Unpacking libpkgconf3:amd64 (1.8.1-4) ...
Selecting previously unselected package pkgconf-bin.
Preparing to unpack .../029-pkgconf-bin_1.8.1-4_amd64.deb ...
Unpacking pkgconf-bin (1.8.1-4) ...
Selecting previously unselected package pkgconf:amd64.
Preparing to unpack .../030-pkgconf_1.8.1-4_amd64.deb ...
Unpacking pkgconf:amd64 (1.8.1-4) ...
Selecting previously unselected package pkg-config:amd64.
Preparing to unpack .../031-pkg-config_1.8.1-4_amd64.deb ...
Unpacking pkg-config:amd64 (1.8.1-4) ...
Selecting previously unselected package cmake-extras.
Preparing to unpack .../032-cmake-extras_1.7-3_all.deb ...
Unpacking cmake-extras (1.7-3) ...
Selecting previously unselected package python3-catkin.
Preparing to unpack .../033-python3-catkin_0.8.10-17_all.deb ...
Unpacking python3-catkin (0.8.10-17) ...
Selecting previously unselected package python3-dateutil.
Preparing to unpack .../034-python3-dateutil_2.9.0-3_all.deb ...
Unpacking python3-dateutil (2.9.0-3) ...
Selecting previously unselected package xml-core.
Preparing to unpack .../035-xml-core_0.19_all.deb ...
Unpacking xml-core (0.19) ...
Selecting previously unselected package docutils-common.
Preparing to unpack .../036-docutils-common_0.21.2+dfsg-2_all.deb ...
Unpacking docutils-common (0.21.2+dfsg-2) ...
Selecting previously unselected package python3-roman.
Preparing to unpack .../037-python3-roman_4.2-1_all.deb ...
Unpacking python3-roman (4.2-1) ...
Selecting previously unselected package python3-docutils.
Preparing to unpack .../038-python3-docutils_0.21.2+dfsg-2_all.deb ...
Unpacking python3-docutils (0.21.2+dfsg-2) ...
Selecting previously unselected package python3-autocommand.
Preparing to unpack .../039-python3-autocommand_2.2.2-3_all.deb ...
Unpacking python3-autocommand (2.2.2-3) ...
Selecting previously unselected package python3-more-itertools.
Preparing to unpack .../040-python3-more-itertools_10.5.0-1_all.deb ...
Unpacking python3-more-itertools (10.5.0-1) ...
Selecting previously unselected package python3-typing-extensions.
Preparing to unpack .../041-python3-typing-extensions_4.12.2-2_all.deb ...
Unpacking python3-typing-extensions (4.12.2-2) ...
Selecting previously unselected package python3-typeguard.
Preparing to unpack .../042-python3-typeguard_4.4.1-1_all.deb ...
Unpacking python3-typeguard (4.4.1-1) ...
Selecting previously unselected package python3-inflect.
Preparing to unpack .../043-python3-inflect_7.3.1-2_all.deb ...
Unpacking python3-inflect (7.3.1-2) ...
Selecting previously unselected package python3-jaraco.context.
Preparing to unpack .../044-python3-jaraco.context_6.0.0-1_all.deb ...
Unpacking python3-jaraco.context (6.0.0-1) ...
Selecting previously unselected package python3-jaraco.functools.
Preparing to unpack .../045-python3-jaraco.functools_4.1.0-1_all.deb ...
Unpacking python3-jaraco.functools (4.1.0-1) ...
Selecting previously unselected package python3-pkg-resources.
Preparing to unpack .../046-python3-pkg-resources_75.6.0-1_all.deb ...
Unpacking python3-pkg-resources (75.6.0-1) ...
Selecting previously unselected package python3-pyparsing.
Preparing to unpack .../047-python3-pyparsing_3.1.2-1_all.deb ...
Unpacking python3-pyparsing (3.1.2-1) ...
Selecting previously unselected package python3-catkin-pkg.
Preparing to unpack .../048-python3-catkin-pkg_1.0.0-2_all.deb ...
Unpacking python3-catkin-pkg (1.0.0-2) ...
Selecting previously unselected package python3-empy.
Preparing to unpack .../049-python3-empy_3.3.4-2_all.deb ...
Unpacking python3-empy (3.3.4-2) ...
Selecting previously unselected package python3-jaraco.text.
Preparing to unpack .../050-python3-jaraco.text_4.0.0-1_all.deb ...
Unpacking python3-jaraco.text (4.0.0-1) ...
Selecting previously unselected package python3-zipp.
Preparing to unpack .../051-python3-zipp_3.21.0-1_all.deb ...
Unpacking python3-zipp (3.21.0-1) ...
Selecting previously unselected package python3-setuptools.
Preparing to unpack .../052-python3-setuptools_75.6.0-1_all.deb ...
Unpacking python3-setuptools (75.6.0-1) ...
Selecting previously unselected package catkin.
Preparing to unpack .../053-catkin_0.8.10-17_all.deb ...
Unpacking catkin (0.8.10-17) ...
Selecting previously unselected package libdebhelper-perl.
Preparing to unpack .../054-libdebhelper-perl_13.23_all.deb ...
Unpacking libdebhelper-perl (13.23) ...
Selecting previously unselected package libtool.
Preparing to unpack .../055-libtool_2.5.4-2_all.deb ...
Unpacking libtool (2.5.4-2) ...
Selecting previously unselected package dh-autoreconf.
Preparing to unpack .../056-dh-autoreconf_20_all.deb ...
Unpacking dh-autoreconf (20) ...
Selecting previously unselected package libarchive-zip-perl.
Preparing to unpack .../057-libarchive-zip-perl_1.68-1_all.deb ...
Unpacking libarchive-zip-perl (1.68-1) ...
Selecting previously unselected package libfile-stripnondeterminism-perl.
Preparing to unpack .../058-libfile-stripnondeterminism-perl_1.14.0-1_all.deb ...
Unpacking libfile-stripnondeterminism-perl (1.14.0-1) ...
Selecting previously unselected package dh-strip-nondeterminism.
Preparing to unpack .../059-dh-strip-nondeterminism_1.14.0-1_all.deb ...
Unpacking dh-strip-nondeterminism (1.14.0-1) ...
Selecting previously unselected package libelf1t64:amd64.
Preparing to unpack .../060-libelf1t64_0.192-4_amd64.deb ...
Unpacking libelf1t64:amd64 (0.192-4) ...
Selecting previously unselected package dwz.
Preparing to unpack .../061-dwz_0.15-1+b1_amd64.deb ...
Unpacking dwz (0.15-1+b1) ...
Selecting previously unselected package gettext.
Preparing to unpack .../062-gettext_0.22.5-4_amd64.deb ...
Unpacking gettext (0.22.5-4) ...
Selecting previously unselected package intltool-debian.
Preparing to unpack .../063-intltool-debian_0.35.0+20060710.6_all.deb ...
Unpacking intltool-debian (0.35.0+20060710.6) ...
Selecting previously unselected package po-debconf.
Preparing to unpack .../064-po-debconf_1.0.21+nmu1_all.deb ...
Unpacking po-debconf (1.0.21+nmu1) ...
Selecting previously unselected package debhelper.
Preparing to unpack .../065-debhelper_13.23_all.deb ...
Unpacking debhelper (13.23) ...
Selecting previously unselected package dumb-init.
Preparing to unpack .../066-dumb-init_1.2.5-3_amd64.deb ...
Unpacking dumb-init (1.2.5-3) ...
Selecting previously unselected package libfakeroot:amd64.
Preparing to unpack .../067-libfakeroot_1.36.2-1_amd64.deb ...
Unpacking libfakeroot:amd64 (1.36.2-1) ...
Selecting previously unselected package fakeroot.
Preparing to unpack .../068-fakeroot_1.36.2-1_amd64.deb ...
Unpacking fakeroot (1.36.2-1) ...
Selecting previously unselected package libpng16-16t64:amd64.
Preparing to unpack .../069-libpng16-16t64_1.6.44-3_amd64.deb ...
Unpacking libpng16-16t64:amd64 (1.6.44-3) ...
Selecting previously unselected package libfreetype6:amd64.
Preparing to unpack .../070-libfreetype6_2.13.3+dfsg-1_amd64.deb ...
Unpacking libfreetype6:amd64 (2.13.3+dfsg-1) ...
Selecting previously unselected package fonts-dejavu-mono.
Preparing to unpack .../071-fonts-dejavu-mono_2.37-8_all.deb ...
Unpacking fonts-dejavu-mono (2.37-8) ...
Selecting previously unselected package fonts-dejavu-core.
Preparing to unpack .../072-fonts-dejavu-core_2.37-8_all.deb ...
Unpacking fonts-dejavu-core (2.37-8) ...
Selecting previously unselected package fontconfig-config.
Preparing to unpack .../073-fontconfig-config_2.15.0-1.1+b1_amd64.deb ...
Unpacking fontconfig-config (2.15.0-1.1+b1) ...
Selecting previously unselected package libfontconfig1:amd64.
Preparing to unpack .../074-libfontconfig1_2.15.0-1.1+b1_amd64.deb ...
Unpacking libfontconfig1:amd64 (2.15.0-1.1+b1) ...
Selecting previously unselected package fontconfig.
Preparing to unpack .../075-fontconfig_2.15.0-1.1+b1_amd64.deb ...
Unpacking fontconfig (2.15.0-1.1+b1) ...
Selecting previously unselected package googletest.
Preparing to unpack .../076-googletest_1.15.2-1_all.deb ...
Unpacking googletest (1.15.2-1) ...
Selecting previously unselected package icu-devtools.
Preparing to unpack .../077-icu-devtools_72.1-5+b1_amd64.deb ...
Unpacking icu-devtools (72.1-5+b1) ...
Selecting previously unselected package libapr1t64:amd64.
Preparing to unpack .../078-libapr1t64_1.7.5-1_amd64.deb ...
Unpacking libapr1t64:amd64 (1.7.5-1) ...
Selecting previously unselected package uuid-dev:amd64.
Preparing to unpack .../079-uuid-dev_2.40.2-13_amd64.deb ...
Unpacking uuid-dev:amd64 (2.40.2-13) ...
Selecting previously unselected package libsctp1:amd64.
Preparing to unpack .../080-libsctp1_1.0.21+dfsg-1_amd64.deb ...
Unpacking libsctp1:amd64 (1.0.21+dfsg-1) ...
Selecting previously unselected package libsctp-dev:amd64.
Preparing to unpack .../081-libsctp-dev_1.0.21+dfsg-1_amd64.deb ...
Unpacking libsctp-dev:amd64 (1.0.21+dfsg-1) ...
Selecting previously unselected package libapr1-dev.
Preparing to unpack .../082-libapr1-dev_1.7.5-1_amd64.deb ...
Unpacking libapr1-dev (1.7.5-1) ...
Selecting previously unselected package libaprutil1t64:amd64.
Preparing to unpack .../083-libaprutil1t64_1.6.3-3_amd64.deb ...
Unpacking libaprutil1t64:amd64 (1.6.3-3) ...
Selecting previously unselected package libaprutil1-dbd-sqlite3:amd64.
Preparing to unpack .../084-libaprutil1-dbd-sqlite3_1.6.3-3_amd64.deb ...
Unpacking libaprutil1-dbd-sqlite3:amd64 (1.6.3-3) ...
Selecting previously unselected package libldap-dev:amd64.
Preparing to unpack .../085-libldap-dev_2.5.19+dfsg-1_amd64.deb ...
Unpacking libldap-dev:amd64 (2.5.19+dfsg-1) ...
Selecting previously unselected package libldap2-dev.
Preparing to unpack .../086-libldap2-dev_2.5.19+dfsg-1_all.deb ...
Unpacking libldap2-dev (2.5.19+dfsg-1) ...
Selecting previously unselected package libexpat1-dev:amd64.
Preparing to unpack .../087-libexpat1-dev_2.6.4-1_amd64.deb ...
Unpacking libexpat1-dev:amd64 (2.6.4-1) ...
Selecting previously unselected package libaprutil1-dev.
Preparing to unpack .../088-libaprutil1-dev_1.6.3-3_amd64.deb ...
Unpacking libaprutil1-dev (1.6.3-3) ...
Selecting previously unselected package libavahi-common-data:amd64.
Preparing to unpack .../089-libavahi-common-data_0.8-16_amd64.deb ...
Unpacking libavahi-common-data:amd64 (0.8-16) ...
Selecting previously unselected package libavahi-common3:amd64.
Preparing to unpack .../090-libavahi-common3_0.8-16_amd64.deb ...
Unpacking libavahi-common3:amd64 (0.8-16) ...
Selecting previously unselected package libdbus-1-3:amd64.
Preparing to unpack .../091-libdbus-1-3_1.16.0-1_amd64.deb ...
Unpacking libdbus-1-3:amd64 (1.16.0-1) ...
Selecting previously unselected package libavahi-client3:amd64.
Preparing to unpack .../092-libavahi-client3_0.8-16_amd64.deb ...
Unpacking libavahi-client3:amd64 (0.8-16) ...
Selecting previously unselected package libboost1.83-dev:amd64.
Preparing to unpack .../093-libboost1.83-dev_1.83.0-4_amd64.deb ...
Unpacking libboost1.83-dev:amd64 (1.83.0-4) ...
Selecting previously unselected package libboost-atomic1.83.0:amd64.
Preparing to unpack .../094-libboost-atomic1.83.0_1.83.0-4_amd64.deb ...
Unpacking libboost-atomic1.83.0:amd64 (1.83.0-4) ...
Selecting previously unselected package libboost-atomic1.83-dev:amd64.
Preparing to unpack .../095-libboost-atomic1.83-dev_1.83.0-4_amd64.deb ...
Unpacking libboost-atomic1.83-dev:amd64 (1.83.0-4) ...
Selecting previously unselected package libboost-chrono1.83.0t64:amd64.
Preparing to unpack .../096-libboost-chrono1.83.0t64_1.83.0-4_amd64.deb ...
Unpacking libboost-chrono1.83.0t64:amd64 (1.83.0-4) ...
Selecting previously unselected package libboost-chrono1.83-dev:amd64.
Preparing to unpack .../097-libboost-chrono1.83-dev_1.83.0-4_amd64.deb ...
Unpacking libboost-chrono1.83-dev:amd64 (1.83.0-4) ...
Selecting previously unselected package libboost-chrono-dev:amd64.
Preparing to unpack .../098-libboost-chrono-dev_1.83.0.2+b2_amd64.deb ...
Unpacking libboost-chrono-dev:amd64 (1.83.0.2+b2) ...
Selecting previously unselected package libboost-date-time1.83.0:amd64.
Preparing to unpack .../099-libboost-date-time1.83.0_1.83.0-4_amd64.deb ...
Unpacking libboost-date-time1.83.0:amd64 (1.83.0-4) ...
Selecting previously unselected package libboost-serialization1.83.0:amd64.
Preparing to unpack .../100-libboost-serialization1.83.0_1.83.0-4_amd64.deb ...
Unpacking libboost-serialization1.83.0:amd64 (1.83.0-4) ...
Selecting previously unselected package libboost-serialization1.83-dev:amd64.
Preparing to unpack .../101-libboost-serialization1.83-dev_1.83.0-4_amd64.deb ...
Unpacking libboost-serialization1.83-dev:amd64 (1.83.0-4) ...
Selecting previously unselected package libboost-date-time1.83-dev:amd64.
Preparing to unpack .../102-libboost-date-time1.83-dev_1.83.0-4_amd64.deb ...
Unpacking libboost-date-time1.83-dev:amd64 (1.83.0-4) ...
Selecting previously unselected package libboost-date-time-dev:amd64.
Preparing to unpack .../103-libboost-date-time-dev_1.83.0.2+b2_amd64.deb ...
Unpacking libboost-date-time-dev:amd64 (1.83.0.2+b2) ...
Selecting previously unselected package libboost-filesystem1.83.0:amd64.
Preparing to unpack .../104-libboost-filesystem1.83.0_1.83.0-4_amd64.deb ...
Unpacking libboost-filesystem1.83.0:amd64 (1.83.0-4) ...
Selecting previously unselected package libboost-system1.83.0:amd64.
Preparing to unpack .../105-libboost-system1.83.0_1.83.0-4_amd64.deb ...
Unpacking libboost-system1.83.0:amd64 (1.83.0-4) ...
Selecting previously unselected package libboost-system1.83-dev:amd64.
Preparing to unpack .../106-libboost-system1.83-dev_1.83.0-4_amd64.deb ...
Unpacking libboost-system1.83-dev:amd64 (1.83.0-4) ...
Selecting previously unselected package libboost-filesystem1.83-dev:amd64.
Preparing to unpack .../107-libboost-filesystem1.83-dev_1.83.0-4_amd64.deb ...
Unpacking libboost-filesystem1.83-dev:amd64 (1.83.0-4) ...
Selecting previously unselected package libboost-filesystem-dev:amd64.
Preparing to unpack .../108-libboost-filesystem-dev_1.83.0.2+b2_amd64.deb ...
Unpacking libboost-filesystem-dev:amd64 (1.83.0.2+b2) ...
Selecting previously unselected package libboost-program-options1.83.0:amd64.
Preparing to unpack .../109-libboost-program-options1.83.0_1.83.0-4_amd64.deb ...
Unpacking libboost-program-options1.83.0:amd64 (1.83.0-4) ...
Selecting previously unselected package libboost-program-options1.83-dev:amd64.
Preparing to unpack .../110-libboost-program-options1.83-dev_1.83.0-4_amd64.deb ...
Unpacking libboost-program-options1.83-dev:amd64 (1.83.0-4) ...
Selecting previously unselected package libboost-program-options-dev:amd64.
Preparing to unpack .../111-libboost-program-options-dev_1.83.0.2+b2_amd64.deb ...
Unpacking libboost-program-options-dev:amd64 (1.83.0.2+b2) ...
Selecting previously unselected package libboost-regex1.83.0:amd64.
Preparing to unpack .../112-libboost-regex1.83.0_1.83.0-4_amd64.deb ...
Unpacking libboost-regex1.83.0:amd64 (1.83.0-4) ...
Selecting previously unselected package libicu-dev:amd64.
Preparing to unpack .../113-libicu-dev_72.1-5+b1_amd64.deb ...
Unpacking libicu-dev:amd64 (72.1-5+b1) ...
Selecting previously unselected package libboost-regex1.83-dev:amd64.
Preparing to unpack .../114-libboost-regex1.83-dev_1.83.0-4_amd64.deb ...
Unpacking libboost-regex1.83-dev:amd64 (1.83.0-4) ...
Selecting previously unselected package libboost-regex-dev:amd64.
Preparing to unpack .../115-libboost-regex-dev_1.83.0.2+b2_amd64.deb ...
Unpacking libboost-regex-dev:amd64 (1.83.0.2+b2) ...
Selecting previously unselected package libboost-system-dev:amd64.
Preparing to unpack .../116-libboost-system-dev_1.83.0.2+b2_amd64.deb ...
Unpacking libboost-system-dev:amd64 (1.83.0.2+b2) ...
Selecting previously unselected package libboost-thread1.83.0:amd64.
Preparing to unpack .../117-libboost-thread1.83.0_1.83.0-4_amd64.deb ...
Unpacking libboost-thread1.83.0:amd64 (1.83.0-4) ...
Selecting previously unselected package libboost-thread1.83-dev:amd64.
Preparing to unpack .../118-libboost-thread1.83-dev_1.83.0-4_amd64.deb ...
Unpacking libboost-thread1.83-dev:amd64 (1.83.0-4) ...
Selecting previously unselected package libboost-thread-dev:amd64.
Preparing to unpack .../119-libboost-thread-dev_1.83.0.2+b2_amd64.deb ...
Unpacking libboost-thread-dev:amd64 (1.83.0.2+b2) ...
Selecting previously unselected package libbsd0:amd64.
Preparing to unpack .../120-libbsd0_0.12.2-2_amd64.deb ...
Unpacking libbsd0:amd64 (0.12.2-2) ...
Selecting previously unselected package libconsole-bridge1.0:amd64.
Preparing to unpack .../121-libconsole-bridge1.0_1.0.1+dfsg2-3+b2_amd64.deb ...
Unpacking libconsole-bridge1.0:amd64 (1.0.1+dfsg2-3+b2) ...
Selecting previously unselected package libconsole-bridge-dev:amd64.
Preparing to unpack .../122-libconsole-bridge-dev_1.0.1+dfsg2-3+b2_amd64.deb ...
Unpacking libconsole-bridge-dev:amd64 (1.0.1+dfsg2-3+b2) ...
Selecting previously unselected package libcups2t64:amd64.
Preparing to unpack .../123-libcups2t64_2.4.10-2+b1_amd64.deb ...
Unpacking libcups2t64:amd64 (2.4.10-2+b1) ...
Selecting previously unselected package libdouble-conversion3:amd64.
Preparing to unpack .../124-libdouble-conversion3_3.3.0-1+b2_amd64.deb ...
Unpacking libdouble-conversion3:amd64 (3.3.0-1+b2) ...
Selecting previously unselected package libdrm-common.
Preparing to unpack .../125-libdrm-common_2.4.123-1_all.deb ...
Unpacking libdrm-common (2.4.123-1) ...
Selecting previously unselected package libdrm2:amd64.
Preparing to unpack .../126-libdrm2_2.4.123-1_amd64.deb ...
Unpacking libdrm2:amd64 (2.4.123-1) ...
Selecting previously unselected package libdrm-amdgpu1:amd64.
Preparing to unpack .../127-libdrm-amdgpu1_2.4.123-1_amd64.deb ...
Unpacking libdrm-amdgpu1:amd64 (2.4.123-1) ...
Selecting previously unselected package libpciaccess0:amd64.
Preparing to unpack .../128-libpciaccess0_0.17-3+b3_amd64.deb ...
Unpacking libpciaccess0:amd64 (0.17-3+b3) ...
Selecting previously unselected package libdrm-intel1:amd64.
Preparing to unpack .../129-libdrm-intel1_2.4.123-1_amd64.deb ...
Unpacking libdrm-intel1:amd64 (2.4.123-1) ...
Selecting previously unselected package libdrm-radeon1:amd64.
Preparing to unpack .../130-libdrm-radeon1_2.4.123-1_amd64.deb ...
Unpacking libdrm-radeon1:amd64 (2.4.123-1) ...
Selecting previously unselected package libedit2:amd64.
Preparing to unpack .../131-libedit2_3.1-20240808-1_amd64.deb ...
Unpacking libedit2:amd64 (3.1-20240808-1) ...
Selecting previously unselected package libglvnd0:amd64.
Preparing to unpack .../132-libglvnd0_1.7.0-1+b2_amd64.deb ...
Unpacking libglvnd0:amd64 (1.7.0-1+b2) ...
Selecting previously unselected package libwayland-server0:amd64.
Preparing to unpack .../133-libwayland-server0_1.23.0-1+b1_amd64.deb ...
Unpacking libwayland-server0:amd64 (1.23.0-1+b1) ...
Selecting previously unselected package libxau6:amd64.
Preparing to unpack .../134-libxau6_1%3a1.0.11-1_amd64.deb ...
Unpacking libxau6:amd64 (1:1.0.11-1) ...
Selecting previously unselected package libxdmcp6:amd64.
Preparing to unpack .../135-libxdmcp6_1%3a1.1.5-1_amd64.deb ...
Unpacking libxdmcp6:amd64 (1:1.1.5-1) ...
Selecting previously unselected package libxcb1:amd64.
Preparing to unpack .../136-libxcb1_1.17.0-2+b1_amd64.deb ...
Unpacking libxcb1:amd64 (1.17.0-2+b1) ...
Selecting previously unselected package libxcb-randr0:amd64.
Preparing to unpack .../137-libxcb-randr0_1.17.0-2+b1_amd64.deb ...
Unpacking libxcb-randr0:amd64 (1.17.0-2+b1) ...
Selecting previously unselected package libglapi-mesa:amd64.
Preparing to unpack .../138-libglapi-mesa_24.2.8-1_amd64.deb ...
Unpacking libglapi-mesa:amd64 (24.2.8-1) ...
Selecting previously unselected package libz3-4:amd64.
Preparing to unpack .../139-libz3-4_4.13.3-1_amd64.deb ...
Unpacking libz3-4:amd64 (4.13.3-1) ...
Selecting previously unselected package libllvm19:amd64.
Preparing to unpack .../140-libllvm19_1%3a19.1.6-1_amd64.deb ...
Unpacking libllvm19:amd64 (1:19.1.6-1) ...
Selecting previously unselected package libsensors-config.
Preparing to unpack .../141-libsensors-config_1%3a3.6.0-10_all.deb ...
Unpacking libsensors-config (1:3.6.0-10) ...
Selecting previously unselected package libsensors5:amd64.
Preparing to unpack .../142-libsensors5_1%3a3.6.0-10+b1_amd64.deb ...
Unpacking libsensors5:amd64 (1:3.6.0-10+b1) ...
Selecting previously unselected package libx11-data.
Preparing to unpack .../143-libx11-data_2%3a1.8.10-2_all.deb ...
Unpacking libx11-data (2:1.8.10-2) ...
Selecting previously unselected package libx11-6:amd64.
Preparing to unpack .../144-libx11-6_2%3a1.8.10-2_amd64.deb ...
Unpacking libx11-6:amd64 (2:1.8.10-2) ...
Selecting previously unselected package libx11-xcb1:amd64.
Preparing to unpack .../145-libx11-xcb1_2%3a1.8.10-2_amd64.deb ...
Unpacking libx11-xcb1:amd64 (2:1.8.10-2) ...
Selecting previously unselected package libxcb-dri2-0:amd64.
Preparing to unpack .../146-libxcb-dri2-0_1.17.0-2+b1_amd64.deb ...
Unpacking libxcb-dri2-0:amd64 (1.17.0-2+b1) ...
Selecting previously unselected package libxcb-dri3-0:amd64.
Preparing to unpack .../147-libxcb-dri3-0_1.17.0-2+b1_amd64.deb ...
Unpacking libxcb-dri3-0:amd64 (1.17.0-2+b1) ...
Selecting previously unselected package libxcb-present0:amd64.
Preparing to unpack .../148-libxcb-present0_1.17.0-2+b1_amd64.deb ...
Unpacking libxcb-present0:amd64 (1.17.0-2+b1) ...
Selecting previously unselected package libxcb-sync1:amd64.
Preparing to unpack .../149-libxcb-sync1_1.17.0-2+b1_amd64.deb ...
Unpacking libxcb-sync1:amd64 (1.17.0-2+b1) ...
Selecting previously unselected package libxcb-xfixes0:amd64.
Preparing to unpack .../150-libxcb-xfixes0_1.17.0-2+b1_amd64.deb ...
Unpacking libxcb-xfixes0:amd64 (1.17.0-2+b1) ...
Selecting previously unselected package libxshmfence1:amd64.
Preparing to unpack .../151-libxshmfence1_1.3-1+b3_amd64.deb ...
Unpacking libxshmfence1:amd64 (1.3-1+b3) ...
Selecting previously unselected package mesa-libgallium:amd64.
Preparing to unpack .../152-mesa-libgallium_24.2.8-1_amd64.deb ...
Unpacking mesa-libgallium:amd64 (24.2.8-1) ...
Selecting previously unselected package libgbm1:amd64.
Preparing to unpack .../153-libgbm1_24.2.8-1_amd64.deb ...
Unpacking libgbm1:amd64 (24.2.8-1) ...
Selecting previously unselected package libwayland-client0:amd64.
Preparing to unpack .../154-libwayland-client0_1.23.0-1+b1_amd64.deb ...
Unpacking libwayland-client0:amd64 (1.23.0-1+b1) ...
Selecting previously unselected package libxcb-shm0:amd64.
Preparing to unpack .../155-libxcb-shm0_1.17.0-2+b1_amd64.deb ...
Unpacking libxcb-shm0:amd64 (1.17.0-2+b1) ...
Selecting previously unselected package libegl-mesa0:amd64.
Preparing to unpack .../156-libegl-mesa0_24.2.8-1_amd64.deb ...
Unpacking libegl-mesa0:amd64 (24.2.8-1) ...
Selecting previously unselected package libegl1:amd64.
Preparing to unpack .../157-libegl1_1.7.0-1+b2_amd64.deb ...
Unpacking libegl1:amd64 (1.7.0-1+b2) ...
Selecting previously unselected package libxcb-glx0:amd64.
Preparing to unpack .../158-libxcb-glx0_1.17.0-2+b1_amd64.deb ...
Unpacking libxcb-glx0:amd64 (1.17.0-2+b1) ...
Selecting previously unselected package libxext6:amd64.
Preparing to unpack .../159-libxext6_2%3a1.3.4-1+b3_amd64.deb ...
Unpacking libxext6:amd64 (2:1.3.4-1+b3) ...
Selecting previously unselected package libxfixes3:amd64.
Preparing to unpack .../160-libxfixes3_1%3a6.0.0-2+b3_amd64.deb ...
Unpacking libxfixes3:amd64 (1:6.0.0-2+b3) ...
Selecting previously unselected package libxxf86vm1:amd64.
Preparing to unpack .../161-libxxf86vm1_1%3a1.1.4-1+b4_amd64.deb ...
Unpacking libxxf86vm1:amd64 (1:1.1.4-1+b4) ...
Selecting previously unselected package libvulkan1:amd64.
Preparing to unpack .../162-libvulkan1_1.3.296.0-1_amd64.deb ...
Unpacking libvulkan1:amd64 (1.3.296.0-1) ...
Selecting previously unselected package libgl1-mesa-dri:amd64.
Preparing to unpack .../163-libgl1-mesa-dri_24.2.8-1_amd64.deb ...
Unpacking libgl1-mesa-dri:amd64 (24.2.8-1) ...
Selecting previously unselected package libglx-mesa0:amd64.
Preparing to unpack .../164-libglx-mesa0_24.2.8-1_amd64.deb ...
Unpacking libglx-mesa0:amd64 (24.2.8-1) ...
Selecting previously unselected package libglx0:amd64.
Preparing to unpack .../165-libglx0_1.7.0-1+b2_amd64.deb ...
Unpacking libglx0:amd64 (1.7.0-1+b2) ...
Selecting previously unselected package libgl1:amd64.
Preparing to unpack .../166-libgl1_1.7.0-1+b2_amd64.deb ...
Unpacking libgl1:amd64 (1.7.0-1+b2) ...
Selecting previously unselected package xorg-sgml-doctools.
Preparing to unpack .../167-xorg-sgml-doctools_1%3a1.11-1.1_all.deb ...
Unpacking xorg-sgml-doctools (1:1.11-1.1) ...
Selecting previously unselected package x11proto-dev.
Preparing to unpack .../168-x11proto-dev_2024.1-1_all.deb ...
Unpacking x11proto-dev (2024.1-1) ...
Selecting previously unselected package libxau-dev:amd64.
Preparing to unpack .../169-libxau-dev_1%3a1.0.11-1_amd64.deb ...
Unpacking libxau-dev:amd64 (1:1.0.11-1) ...
Selecting previously unselected package libxdmcp-dev:amd64.
Preparing to unpack .../170-libxdmcp-dev_1%3a1.1.5-1_amd64.deb ...
Unpacking libxdmcp-dev:amd64 (1:1.1.5-1) ...
Selecting previously unselected package xtrans-dev.
Preparing to unpack .../171-xtrans-dev_1.4.0-1_all.deb ...
Unpacking xtrans-dev (1.4.0-1) ...
Selecting previously unselected package libxcb1-dev:amd64.
Preparing to unpack .../172-libxcb1-dev_1.17.0-2+b1_amd64.deb ...
Unpacking libxcb1-dev:amd64 (1.17.0-2+b1) ...
Selecting previously unselected package libx11-dev:amd64.
Preparing to unpack .../173-libx11-dev_2%3a1.8.10-2_amd64.deb ...
Unpacking libx11-dev:amd64 (2:1.8.10-2) ...
Selecting previously unselected package libglx-dev:amd64.
Preparing to unpack .../174-libglx-dev_1.7.0-1+b2_amd64.deb ...
Unpacking libglx-dev:amd64 (1.7.0-1+b2) ...
Selecting previously unselected package libgl-dev:amd64.
Preparing to unpack .../175-libgl-dev_1.7.0-1+b2_amd64.deb ...
Unpacking libgl-dev:amd64 (1.7.0-1+b2) ...
Selecting previously unselected package libegl-dev:amd64.
Preparing to unpack .../176-libegl-dev_1.7.0-1+b2_amd64.deb ...
Unpacking libegl-dev:amd64 (1.7.0-1+b2) ...
Selecting previously unselected package libevdev2:amd64.
Preparing to unpack .../177-libevdev2_1.13.3+dfsg-1_amd64.deb ...
Unpacking libevdev2:amd64 (1.13.3+dfsg-1) ...
Selecting previously unselected package libglib2.0-0t64:amd64.
Preparing to unpack .../178-libglib2.0-0t64_2.82.4-1_amd64.deb ...
Unpacking libglib2.0-0t64:amd64 (2.82.4-1) ...
Selecting previously unselected package libopengl0:amd64.
Preparing to unpack .../179-libopengl0_1.7.0-1+b2_amd64.deb ...
Unpacking libopengl0:amd64 (1.7.0-1+b2) ...
Selecting previously unselected package libglu1-mesa:amd64.
Preparing to unpack .../180-libglu1-mesa_9.0.2-1.1+b3_amd64.deb ...
Unpacking libglu1-mesa:amd64 (9.0.2-1.1+b3) ...
Selecting previously unselected package libopengl-dev:amd64.
Preparing to unpack .../181-libopengl-dev_1.7.0-1+b2_amd64.deb ...
Unpacking libopengl-dev:amd64 (1.7.0-1+b2) ...
Selecting previously unselected package libglu1-mesa-dev:amd64.
Preparing to unpack .../182-libglu1-mesa-dev_9.0.2-1.1+b3_amd64.deb ...
Unpacking libglu1-mesa-dev:amd64 (9.0.2-1.1+b3) ...
Selecting previously unselected package libgtest-dev:amd64.
Preparing to unpack .../183-libgtest-dev_1.15.2-1_amd64.deb ...
Unpacking libgtest-dev:amd64 (1.15.2-1) ...
Selecting previously unselected package libgmock-dev:amd64.
Preparing to unpack .../184-libgmock-dev_1.15.2-1_amd64.deb ...
Unpacking libgmock-dev:amd64 (1.15.2-1) ...
Selecting previously unselected package libgraphite2-3:amd64.
Preparing to unpack .../185-libgraphite2-3_1.3.14-2+b1_amd64.deb ...
Unpacking libgraphite2-3:amd64 (1.3.14-2+b1) ...
Selecting previously unselected package libgudev-1.0-0:amd64.
Preparing to unpack .../186-libgudev-1.0-0_238-5+b1_amd64.deb ...
Unpacking libgudev-1.0-0:amd64 (238-5+b1) ...
Selecting previously unselected package libharfbuzz0b:amd64.
Preparing to unpack .../187-libharfbuzz0b_10.1.0-2_amd64.deb ...
Unpacking libharfbuzz0b:amd64 (10.1.0-2) ...
Selecting previously unselected package x11-common.
Preparing to unpack .../188-x11-common_1%3a7.7+23.1_all.deb ...
Unpacking x11-common (1:7.7+23.1) ...
Selecting previously unselected package libice6:amd64.
Preparing to unpack .../189-libice6_2%3a1.1.1-1_amd64.deb ...
Unpacking libice6:amd64 (2:1.1.1-1) ...
Selecting previously unselected package libwacom-common.
Preparing to unpack .../190-libwacom-common_2.13.0-1_all.deb ...
Unpacking libwacom-common (2.13.0-1) ...
Selecting previously unselected package libwacom9:amd64.
Preparing to unpack .../191-libwacom9_2.13.0-1_amd64.deb ...
Unpacking libwacom9:amd64 (2.13.0-1) ...
Selecting previously unselected package libinput-bin.
Preparing to unpack .../192-libinput-bin_1.26.2-1_amd64.deb ...
Unpacking libinput-bin (1.26.2-1) ...
Selecting previously unselected package libmtdev1t64:amd64.
Preparing to unpack .../193-libmtdev1t64_1.1.6-1.2+b1_amd64.deb ...
Unpacking libmtdev1t64:amd64 (1.1.6-1.2+b1) ...
Selecting previously unselected package libinput10:amd64.
Preparing to unpack .../194-libinput10_1.26.2-1_amd64.deb ...
Unpacking libinput10:amd64 (1.26.2-1) ...
Selecting previously unselected package libjpeg62-turbo:amd64.
Preparing to unpack .../195-libjpeg62-turbo_1%3a2.1.5-3+b1_amd64.deb ...
Unpacking libjpeg62-turbo:amd64 (1:2.1.5-3+b1) ...
Selecting previously unselected package libjs-jquery.
Preparing to unpack .../196-libjs-jquery_3.6.1+dfsg+~3.5.14-1_all.deb ...
Unpacking libjs-jquery (3.6.1+dfsg+~3.5.14-1) ...
Selecting previously unselected package libjs-underscore.
Preparing to unpack .../197-libjs-underscore_1.13.4~dfsg+~1.11.4-3_all.deb ...
Unpacking libjs-underscore (1.13.4~dfsg+~1.11.4-3) ...
Selecting previously unselected package libjs-sphinxdoc.
Preparing to unpack .../198-libjs-sphinxdoc_8.1.3-3_all.deb ...
Unpacking libjs-sphinxdoc (8.1.3-3) ...
Selecting previously unselected package liblog4cxx15:amd64.
Preparing to unpack .../199-liblog4cxx15_1.3.1-1_amd64.deb ...
Unpacking liblog4cxx15:amd64 (1.3.1-1) ...
Selecting previously unselected package liblog4cxx-dev:amd64.
Preparing to unpack .../200-liblog4cxx-dev_1.3.1-1_amd64.deb ...
Unpacking liblog4cxx-dev:amd64 (1.3.1-1) ...
Selecting previously unselected package libmd4c0:amd64.
Preparing to unpack .../201-libmd4c0_0.5.2-2+b1_amd64.deb ...
Unpacking libmd4c0:amd64 (0.5.2-2+b1) ...
Selecting previously unselected package libtirpc-common.
Preparing to unpack .../202-libtirpc-common_1.3.4+ds-1.3_all.deb ...
Unpacking libtirpc-common (1.3.4+ds-1.3) ...
Selecting previously unselected package libtirpc3t64:amd64.
Preparing to unpack .../203-libtirpc3t64_1.3.4+ds-1.3+b1_amd64.deb ...
Adding 'diversion of /lib/x86_64-linux-gnu/libtirpc.so.3 to /lib/x86_64-linux-gnu/libtirpc.so.3.usr-is-merged by libtirpc3t64'
Adding 'diversion of /lib/x86_64-linux-gnu/libtirpc.so.3.0.0 to /lib/x86_64-linux-gnu/libtirpc.so.3.0.0.usr-is-merged by libtirpc3t64'
Unpacking libtirpc3t64:amd64 (1.3.4+ds-1.3+b1) ...
Selecting previously unselected package libnsl2:amd64.
Preparing to unpack .../204-libnsl2_1.3.0-3+b3_amd64.deb ...
Unpacking libnsl2:amd64 (1.3.0-3+b3) ...
Selecting previously unselected package libpcre2-16-0:amd64.
Preparing to unpack .../205-libpcre2-16-0_10.44-5_amd64.deb ...
Unpacking libpcre2-16-0:amd64 (10.44-5) ...
Selecting previously unselected package libpython3.13:amd64.
Preparing to unpack .../206-libpython3.13_3.13.1-3_amd64.deb ...
Unpacking libpython3.13:amd64 (3.13.1-3) ...
Selecting previously unselected package zlib1g-dev:amd64.
Preparing to unpack .../207-zlib1g-dev_1%3a1.3.dfsg+really1.3.1-1+b1_amd64.deb ...
Unpacking zlib1g-dev:amd64 (1:1.3.dfsg+really1.3.1-1+b1) ...
Selecting previously unselected package libpython3.13-dev:amd64.
Preparing to unpack .../208-libpython3.13-dev_3.13.1-3_amd64.deb ...
Unpacking libpython3.13-dev:amd64 (3.13.1-3) ...
Selecting previously unselected package libpython3-dev:amd64.
Preparing to unpack .../209-libpython3-dev_3.13.1-1_amd64.deb ...
Unpacking libpython3-dev:amd64 (3.13.1-1) ...
Selecting previously unselected package libpython3.12-minimal:amd64.
Preparing to unpack .../210-libpython3.12-minimal_3.12.8-3_amd64.deb ...
Unpacking libpython3.12-minimal:amd64 (3.12.8-3) ...
Selecting previously unselected package libpython3.12-stdlib:amd64.
Preparing to unpack .../211-libpython3.12-stdlib_3.12.8-3_amd64.deb ...
Unpacking libpython3.12-stdlib:amd64 (3.12.8-3) ...
Selecting previously unselected package libpython3.12t64:amd64.
Preparing to unpack .../212-libpython3.12t64_3.12.8-3_amd64.deb ...
Unpacking libpython3.12t64:amd64 (3.12.8-3) ...
Selecting previously unselected package shared-mime-info.
Preparing to unpack .../213-shared-mime-info_2.4-5+b1_amd64.deb ...
Unpacking shared-mime-info (2.4-5+b1) ...
Selecting previously unselected package libqt5core5t64:amd64.
Preparing to unpack .../214-libqt5core5t64_5.15.15+dfsg-2_amd64.deb ...
Unpacking libqt5core5t64:amd64 (5.15.15+dfsg-2) ...
Selecting previously unselected package libqt5concurrent5t64:amd64.
Preparing to unpack .../215-libqt5concurrent5t64_5.15.15+dfsg-2_amd64.deb ...
Unpacking libqt5concurrent5t64:amd64 (5.15.15+dfsg-2) ...
Selecting previously unselected package libqt5dbus5t64:amd64.
Preparing to unpack .../216-libqt5dbus5t64_5.15.15+dfsg-2_amd64.deb ...
Unpacking libqt5dbus5t64:amd64 (5.15.15+dfsg-2) ...
Selecting previously unselected package libqt5network5t64:amd64.
Preparing to unpack .../217-libqt5network5t64_5.15.15+dfsg-2_amd64.deb ...
Unpacking libqt5network5t64:amd64 (5.15.15+dfsg-2) ...
Selecting previously unselected package libsm6:amd64.
Preparing to unpack .../218-libsm6_2%3a1.2.4-1_amd64.deb ...
Unpacking libsm6:amd64 (2:1.2.4-1) ...
Selecting previously unselected package libxcb-icccm4:amd64.
Preparing to unpack .../219-libxcb-icccm4_0.4.2-1_amd64.deb ...
Unpacking libxcb-icccm4:amd64 (0.4.2-1) ...
Selecting previously unselected package libxcb-util1:amd64.
Preparing to unpack .../220-libxcb-util1_0.4.0-1+b2_amd64.deb ...
Unpacking libxcb-util1:amd64 (0.4.0-1+b2) ...
Selecting previously unselected package libxcb-image0:amd64.
Preparing to unpack .../221-libxcb-image0_0.4.0-2+b2_amd64.deb ...
Unpacking libxcb-image0:amd64 (0.4.0-2+b2) ...
Selecting previously unselected package libxcb-keysyms1:amd64.
Preparing to unpack .../222-libxcb-keysyms1_0.4.0-1+b3_amd64.deb ...
Unpacking libxcb-keysyms1:amd64 (0.4.0-1+b3) ...
Selecting previously unselected package libxcb-render0:amd64.
Preparing to unpack .../223-libxcb-render0_1.17.0-2+b1_amd64.deb ...
Unpacking libxcb-render0:amd64 (1.17.0-2+b1) ...
Selecting previously unselected package libxcb-render-util0:amd64.
Preparing to unpack .../224-libxcb-render-util0_0.3.9-1+b2_amd64.deb ...
Unpacking libxcb-render-util0:amd64 (0.3.9-1+b2) ...
Selecting previously unselected package libxcb-shape0:amd64.
Preparing to unpack .../225-libxcb-shape0_1.17.0-2+b1_amd64.deb ...
Unpacking libxcb-shape0:amd64 (1.17.0-2+b1) ...
Selecting previously unselected package libxcb-xinerama0:amd64.
Preparing to unpack .../226-libxcb-xinerama0_1.17.0-2+b1_amd64.deb ...
Unpacking libxcb-xinerama0:amd64 (1.17.0-2+b1) ...
Selecting previously unselected package libxcb-xinput0:amd64.
Preparing to unpack .../227-libxcb-xinput0_1.17.0-2+b1_amd64.deb ...
Unpacking libxcb-xinput0:amd64 (1.17.0-2+b1) ...
Selecting previously unselected package libxcb-xkb1:amd64.
Preparing to unpack .../228-libxcb-xkb1_1.17.0-2+b1_amd64.deb ...
Unpacking libxcb-xkb1:amd64 (1.17.0-2+b1) ...
Selecting previously unselected package xkb-data.
Preparing to unpack .../229-xkb-data_2.42-1_all.deb ...
Unpacking xkb-data (2.42-1) ...
Selecting previously unselected package libxkbcommon0:amd64.
Preparing to unpack .../230-libxkbcommon0_1.7.0-2_amd64.deb ...
Unpacking libxkbcommon0:amd64 (1.7.0-2) ...
Selecting previously unselected package libxkbcommon-x11-0:amd64.
Preparing to unpack .../231-libxkbcommon-x11-0_1.7.0-2_amd64.deb ...
Unpacking libxkbcommon-x11-0:amd64 (1.7.0-2) ...
Selecting previously unselected package libxrender1:amd64.
Preparing to unpack .../232-libxrender1_1%3a0.9.10-1.1+b3_amd64.deb ...
Unpacking libxrender1:amd64 (1:0.9.10-1.1+b3) ...
Selecting previously unselected package libqt5gui5t64:amd64.
Preparing to unpack .../233-libqt5gui5t64_5.15.15+dfsg-2_amd64.deb ...
Unpacking libqt5gui5t64:amd64 (5.15.15+dfsg-2) ...
Selecting previously unselected package libqt5widgets5t64:amd64.
Preparing to unpack .../234-libqt5widgets5t64_5.15.15+dfsg-2_amd64.deb ...
Unpacking libqt5widgets5t64:amd64 (5.15.15+dfsg-2) ...
Selecting previously unselected package libqt5printsupport5t64:amd64.
Preparing to unpack .../235-libqt5printsupport5t64_5.15.15+dfsg-2_amd64.deb ...
Unpacking libqt5printsupport5t64:amd64 (5.15.15+dfsg-2) ...
Selecting previously unselected package libqt5sql5t64:amd64.
Preparing to unpack .../236-libqt5sql5t64_5.15.15+dfsg-2_amd64.deb ...
Unpacking libqt5sql5t64:amd64 (5.15.15+dfsg-2) ...
Selecting previously unselected package libqt5test5t64:amd64.
Preparing to unpack .../237-libqt5test5t64_5.15.15+dfsg-2_amd64.deb ...
Unpacking libqt5test5t64:amd64 (5.15.15+dfsg-2) ...
Selecting previously unselected package libqt5xml5t64:amd64.
Preparing to unpack .../238-libqt5xml5t64_5.15.15+dfsg-2_amd64.deb ...
Unpacking libqt5xml5t64:amd64 (5.15.15+dfsg-2) ...
Selecting previously unselected package libtinyxml2-10:amd64.
Preparing to unpack .../239-libtinyxml2-10_10.0.0+dfsg-2+b2_amd64.deb ...
Unpacking libtinyxml2-10:amd64 (10.0.0+dfsg-2+b2) ...
Selecting previously unselected package libtinyxml2-dev:amd64.
Preparing to unpack .../240-libtinyxml2-dev_10.0.0+dfsg-2+b2_amd64.deb ...
Unpacking libtinyxml2-dev:amd64 (10.0.0+dfsg-2+b2) ...
Selecting previously unselected package libvulkan-dev:amd64.
Preparing to unpack .../241-libvulkan-dev_1.3.296.0-1_amd64.deb ...
Unpacking libvulkan-dev:amd64 (1.3.296.0-1) ...
Selecting previously unselected package libxext-dev:amd64.
Preparing to unpack .../242-libxext-dev_2%3a1.3.4-1+b3_amd64.deb ...
Unpacking libxext-dev:amd64 (2:1.3.4-1+b3) ...
Selecting previously unselected package libyaml-0-2:amd64.
Preparing to unpack .../243-libyaml-0-2_0.2.5-2_amd64.deb ...
Unpacking libyaml-0-2:amd64 (0.2.5-2) ...
Selecting previously unselected package lsb-release.
Preparing to unpack .../244-lsb-release_12.1-1_all.deb ...
Unpacking lsb-release (12.1-1) ...
Selecting previously unselected package python3.13-dev.
Preparing to unpack .../245-python3.13-dev_3.13.1-3_amd64.deb ...
Unpacking python3.13-dev (3.13.1-3) ...
Selecting previously unselected package python3-dev.
Preparing to unpack .../246-python3-dev_3.13.1-1_amd64.deb ...
Unpacking python3-dev (3.13.1-1) ...
Selecting previously unselected package python3-distro.
Preparing to unpack .../247-python3-distro_1.9.0-1_all.deb ...
Unpacking python3-distro (1.9.0-1) ...
Selecting previously unselected package python3-yaml.
Preparing to unpack .../248-python3-yaml_6.0.2-1+b1_amd64.deb ...
Unpacking python3-yaml (6.0.2-1+b1) ...
Selecting previously unselected package python3-rospkg.
Preparing to unpack .../249-python3-rospkg_1.5.1-1_all.deb ...
Unpacking python3-rospkg (1.5.1-1) ...
Selecting previously unselected package python3-rosdistro.
Preparing to unpack .../250-python3-rosdistro_1.0.1-2_all.deb ...
Unpacking python3-rosdistro (1.0.1-2) ...
Selecting previously unselected package python3-rosdep2.
Preparing to unpack .../251-python3-rosdep2_0.25.1-2_all.deb ...
Unpacking python3-rosdep2 (0.25.1-2) ...
Selecting previously unselected package qt5-qmake-bin.
Preparing to unpack .../252-qt5-qmake-bin_5.15.15+dfsg-2_amd64.deb ...
Unpacking qt5-qmake-bin (5.15.15+dfsg-2) ...
Selecting previously unselected package qtchooser.
Preparing to unpack .../253-qtchooser_66-2_amd64.deb ...
Unpacking qtchooser (66-2) ...
Selecting previously unselected package qt5-qmake:amd64.
Preparing to unpack .../254-qt5-qmake_5.15.15+dfsg-2_amd64.deb ...
Unpacking qt5-qmake:amd64 (5.15.15+dfsg-2) ...
Selecting previously unselected package qtbase5-dev-tools.
Preparing to unpack .../255-qtbase5-dev-tools_5.15.15+dfsg-2_amd64.deb ...
Unpacking qtbase5-dev-tools (5.15.15+dfsg-2) ...
Selecting previously unselected package qtbase5-dev:amd64.
Preparing to unpack .../256-qtbase5-dev_5.15.15+dfsg-2_amd64.deb ...
Unpacking qtbase5-dev:amd64 (5.15.15+dfsg-2) ...
Selecting previously unselected package ros-one-cpp-common.
Preparing to unpack .../257-ros-one-cpp-common_0.7.3-3-gcae00b4-2025.01.07.13.02_amd64.deb ...
Unpacking ros-one-cpp-common (0.7.3-3-gcae00b4-2025.01.07.13.02) ...
Selecting previously unselected package ros-one-genmsg.
Preparing to unpack .../258-ros-one-genmsg_0.5.16-1-g7d8b6ce-2025.01.07.13.06_amd64.deb ...
Unpacking ros-one-genmsg (0.5.16-1-g7d8b6ce-2025.01.07.13.06) ...
Selecting previously unselected package ros-one-gencpp.
Preparing to unpack .../259-ros-one-gencpp_0-2025.01.07.13.24_amd64.deb ...
Unpacking ros-one-gencpp (0-2025.01.07.13.24) ...
Selecting previously unselected package ros-one-geneus.
Preparing to unpack .../260-ros-one-geneus_3.0.0-2025.01.07.13.24_amd64.deb ...
Unpacking ros-one-geneus (3.0.0-2025.01.07.13.24) ...
Selecting previously unselected package ros-one-genlisp.
Preparing to unpack .../261-ros-one-genlisp_0.4.18-2025.01.07.13.25_amd64.deb ...
Unpacking ros-one-genlisp (0.4.18-2025.01.07.13.25) ...
Selecting previously unselected package ros-one-gennodejs.
Preparing to unpack .../262-ros-one-gennodejs_2.0.1-8-g19d224c-2025.01.07.13.23_amd64.deb ...
Unpacking ros-one-gennodejs (2.0.1-8-g19d224c-2025.01.07.13.23) ...
Selecting previously unselected package ros-one-genpy.
Preparing to unpack .../263-ros-one-genpy_0.6.16-6-gf70658f-2025.01.07.13.24_amd64.deb ...
Unpacking ros-one-genpy (0.6.16-6-gf70658f-2025.01.07.13.24) ...
Selecting previously unselected package ros-one-rostime.
Preparing to unpack .../264-ros-one-rostime_0.7.3-3-gcae00b4-2025.01.07.13.04_amd64.deb ...
Unpacking ros-one-rostime (0.7.3-3-gcae00b4-2025.01.07.13.04) ...
Selecting previously unselected package ros-one-roscpp-traits.
Preparing to unpack .../265-ros-one-roscpp-traits_0.7.3-3-gcae00b4-2025.01.07.13.03_amd64.deb ...
Unpacking ros-one-roscpp-traits (0.7.3-3-gcae00b4-2025.01.07.13.03) ...
Selecting previously unselected package ros-one-roscpp-serialization.
Preparing to unpack .../266-ros-one-roscpp-serialization_0.7.3-3-gcae00b4-2025.01.07.13.04_amd64.deb ...
Unpacking ros-one-roscpp-serialization (0.7.3-3-gcae00b4-2025.01.07.13.04) ...
Selecting previously unselected package ros-one-message-runtime.
Preparing to unpack .../267-ros-one-message-runtime_0.4.13-2025.01.07.13.31_amd64.deb ...
Unpacking ros-one-message-runtime (0.4.13-2025.01.07.13.31) ...
Selecting previously unselected package ros-one-std-msgs.
Preparing to unpack .../268-ros-one-std-msgs_0.5.13-1-gf3554d4-2025.01.07.14.00_amd64.deb ...
Unpacking ros-one-std-msgs (0.5.13-1-gf3554d4-2025.01.07.14.00) ...
Selecting previously unselected package ros-one-geometry-msgs.
Preparing to unpack .../269-ros-one-geometry-msgs_1.13.1-2025.01.07.14.26_amd64.deb ...
Unpacking ros-one-geometry-msgs (1.13.1-2025.01.07.14.26) ...
Selecting previously unselected package ros-one-message-generation.
Preparing to unpack .../270-ros-one-message-generation_0.4.1-2025.01.07.13.31_amd64.deb ...
Unpacking ros-one-message-generation (0.4.1-2025.01.07.13.31) ...
Selecting previously unselected package ros-one-setup-files.
Preparing to unpack .../271-ros-one-setup-files_0-2025.01.07.12.59_amd64.deb ...
Unpacking ros-one-setup-files (0-2025.01.07.12.59) ...
Selecting previously unselected package ros-one-ros-environment.
Preparing to unpack .../272-ros-one-ros-environment_1.3.2-5-g2686e94-2025.01.07.12.59_amd64.deb ...
Unpacking ros-one-ros-environment (1.3.2-5-g2686e94-2025.01.07.12.59) ...
Selecting previously unselected package ros-one-rosbuild.
Preparing to unpack .../273-ros-one-rosbuild_1.15.8-3-g136e18e9-2025.01.07.13.58_amd64.deb ...
Unpacking ros-one-rosbuild (1.15.8-3-g136e18e9-2025.01.07.13.58) ...
Selecting previously unselected package ros-one-rosconsole.
Preparing to unpack .../274-ros-one-rosconsole_1.14.3-5-ge3753eec-2025.01.07.14.08_amd64.deb ...
Unpacking ros-one-rosconsole (1.14.3-5-ge3753eec-2025.01.07.14.08) ...
Selecting previously unselected package ros-one-rosgraph-msgs.
Preparing to unpack .../275-ros-one-rosgraph-msgs_1.11.3-1-gf51a0429-2025.01.07.14.07_amd64.deb ...
Unpacking ros-one-rosgraph-msgs (1.11.3-1-gf51a0429-2025.01.07.14.07) ...
Selecting previously unselected package ros-one-xmlrpcpp.
Preparing to unpack .../276-ros-one-xmlrpcpp_1.17.0-12-g2a12474fb-2025.01.07.14.50_amd64.deb ...
Unpacking ros-one-xmlrpcpp (1.17.0-12-g2a12474fb-2025.01.07.14.50) ...
Selecting previously unselected package ros-one-roscpp.
Preparing to unpack .../277-ros-one-roscpp_1.17.0-12-g2a12474fb-2025.01.07.14.51_amd64.deb ...
Unpacking ros-one-roscpp (1.17.0-12-g2a12474fb-2025.01.07.14.51) ...
Selecting previously unselected package ros-one-rospack.
Preparing to unpack .../278-ros-one-rospack_2.6.2-2-gad85a87-2025.01.07.13.23_amd64.deb ...
Unpacking ros-one-rospack (2.6.2-2-gad85a87-2025.01.07.13.23) ...
Selecting previously unselected package ros-one-roslib.
Preparing to unpack .../279-ros-one-roslib_1.15.8-3-g136e18e9-2025.01.07.14.03_amd64.deb ...
Unpacking ros-one-roslib (1.15.8-3-g136e18e9-2025.01.07.14.03) ...
Selecting previously unselected package ros-one-std-srvs.
Preparing to unpack .../280-ros-one-std-srvs_1.11.3-1-gf51a0429-2025.01.07.14.08_amd64.deb ...
Unpacking ros-one-std-srvs (1.11.3-1-gf51a0429-2025.01.07.14.08) ...
Selecting previously unselected package sbuild-build-depends-main-dummy.
Preparing to unpack .../281-sbuild-build-depends-main-dummy_0.invalid.0_amd64.deb ...
Unpacking sbuild-build-depends-main-dummy (0.invalid.0) ...
Setting up media-types (10.1.0) ...
Setting up dumb-init (1.2.5-3) ...
Setting up libpipeline1:amd64 (1.5.8-1) ...
Setting up libgraphite2-3:amd64 (1.3.14-2+b1) ...
Setting up libboost-program-options1.83.0:amd64 (1.83.0-4) ...
Setting up libwayland-server0:amd64 (1.23.0-1+b1) ...
Setting up libpciaccess0:amd64 (0.17-3+b3) ...
Setting up libxau6:amd64 (1:1.0.11-1) ...
Setting up libxdmcp6:amd64 (1:1.1.5-1) ...
Setting up libdouble-conversion3:amd64 (3.3.0-1+b2) ...
Setting up libboost1.83-dev:amd64 (1.83.0-4) ...
Setting up libxcb1:amd64 (1.17.0-2+b1) ...
Setting up libicu72:amd64 (72.1-5+b1) ...
Setting up libxcb-xfixes0:amd64 (1.17.0-2+b1) ...
Setting up bsdextrautils (2.40.2-13) ...
Setting up libboost-date-time1.83.0:amd64 (1.83.0-4) ...
Setting up libxcb-xinput0:amd64 (1.17.0-2+b1) ...
Setting up libcurl4t64:amd64 (8.11.1-1) ...
Setting up libmagic-mgc (1:5.45-3+b1) ...
Setting up libxcb-render0:amd64 (1.17.0-2+b1) ...
Setting up libarchive-zip-perl (1.68-1) ...
Setting up libyaml-0-2:amd64 (0.2.5-2) ...
Setting up libglvnd0:amd64 (1.7.0-1+b2) ...
Setting up libtirpc-common (1.3.4+ds-1.3) ...
Setting up libboost-regex1.83.0:amd64 (1.83.0-4) ...
Setting up libxcb-glx0:amd64 (1.17.0-2+b1) ...
Setting up libdebhelper-perl (13.23) ...
Setting up libsqlite3-0:amd64 (3.46.1-1) ...
Setting up libboost-system1.83.0:amd64 (1.83.0-4) ...
Setting up libuv1t64:amd64 (1.48.0-7) ...
Setting up libmagic1t64:amd64 (1:5.45-3+b1) ...
Setting up libxcb-keysyms1:amd64 (0.4.0-1+b3) ...
Setting up libboost-program-options1.83-dev:amd64 (1.83.0-4) ...
Setting up libxcb-shape0:amd64 (1.17.0-2+b1) ...
Setting up libpython3.12-minimal:amd64 (3.12.8-3) ...
Setting up x11-common (1:7.7+23.1) ...
invoke-rc.d: could not determine current runlevel
invoke-rc.d: WARNING: No init system and policy-rc.d missing! Defaulting to block.
Setting up libsensors-config (1:3.6.0-10) ...
Setting up libtinyxml2-10:amd64 (10.0.0+dfsg-2+b2) ...
Setting up libboost-thread1.83.0:amd64 (1.83.0-4) ...
Setting up gettext-base (0.22.5-4) ...
Setting up m4 (1.4.19-5) ...
Setting up libxcb-render-util0:amd64 (0.3.9-1+b2) ...
Setting up xkb-data (2.42-1) ...
Setting up libxcb-shm0:amd64 (1.17.0-2+b1) ...
Setting up libxcb-icccm4:amd64 (0.4.2-1) ...
Setting up file (1:5.45-3+b1) ...
Setting up libboost-filesystem1.83.0:amd64 (1.83.0-4) ...
Setting up googletest (1.15.2-1) ...
Setting up libpcre2-16-0:amd64 (10.44-5) ...
Setting up libopengl0:amd64 (1.7.0-1+b2) ...
Setting up libfakeroot:amd64 (1.36.2-1) ...
Setting up libelf1t64:amd64 (0.192-4) ...
Setting up libxcb-util1:amd64 (0.4.0-1+b2) ...
Setting up libxcb-xkb1:amd64 (1.17.0-2+b1) ...
Setting up libxcb-image0:amd64 (0.4.0-2+b2) ...
Setting up tzdata (2024b-4) ...

Current default time zone: 'Etc/UTC'
Local time is now:      Tue Jan  7 15:52:23 UTC 2025.
Universal Time is now:  Tue Jan  7 15:52:23 UTC 2025.
Run 'dpkg-reconfigure tzdata' if you wish to change it.

Setting up libboost-atomic1.83.0:amd64 (1.83.0-4) ...
Setting up fakeroot (1.36.2-1) ...
update-alternatives: using /usr/bin/fakeroot-sysv to provide /usr/bin/fakeroot (fakeroot) in auto mode
Setting up libxcb-present0:amd64 (1.17.0-2+b1) ...
Setting up libboost-serialization1.83.0:amd64 (1.83.0-4) ...
Setting up xtrans-dev (1.4.0-1) ...
Setting up autotools-dev (20220109.1) ...
Setting up libz3-4:amd64 (4.13.3-1) ...
Setting up libglib2.0-0t64:amd64 (2.82.4-1) ...
No schema files found: doing nothing.
Setting up libxcb-xinerama0:amd64 (1.17.0-2+b1) ...
Setting up libpkgconf3:amd64 (1.8.1-4) ...
Setting up libexpat1-dev:amd64 (2.6.4-1) ...
Setting up libjpeg62-turbo:amd64 (1:2.1.5-3+b1) ...
Setting up qt5-qmake-bin (5.15.15+dfsg-2) ...
Setting up libboost-program-options-dev:amd64 (1.83.0.2+b2) ...
Setting up libx11-data (2:1.8.10-2) ...
Setting up libboost-chrono1.83.0t64:amd64 (1.83.0-4) ...
Setting up libxcb-sync1:amd64 (1.17.0-2+b1) ...
Setting up libjsoncpp26:amd64 (1.9.6-3) ...
Setting up libldap-dev:amd64 (2.5.19+dfsg-1) ...
Setting up uuid-dev:amd64 (2.40.2-13) ...
Setting up libavahi-common-data:amd64 (0.8-16) ...
Setting up libdbus-1-3:amd64 (1.16.0-1) ...
Setting up libproc2-0:amd64 (2:4.0.4-6) ...
Setting up fonts-dejavu-mono (2.37-8) ...
Setting up libpng16-16t64:amd64 (1.6.44-3) ...
Setting up autopoint (0.22.5-4) ...
Setting up icu-devtools (72.1-5+b1) ...
Setting up fonts-dejavu-core (2.37-8) ...
Setting up pkgconf-bin (1.8.1-4) ...
Setting up libsensors5:amd64 (1:3.6.0-10+b1) ...
Setting up libncursesw6:amd64 (6.5-2+b1) ...
Setting up libtinyxml2-dev:amd64 (10.0.0+dfsg-2+b2) ...
Setting up libglapi-mesa:amd64 (24.2.8-1) ...
Setting up libvulkan1:amd64 (1.3.296.0-1) ...
Setting up libboost-atomic1.83-dev:amd64 (1.83.0-4) ...
Setting up autoconf (2.72-3) ...
Setting up libxcb-dri2-0:amd64 (1.17.0-2+b1) ...
Setting up zlib1g-dev:amd64 (1:1.3.dfsg+really1.3.1-1+b1) ...
Setting up dwz (0.15-1+b1) ...
Setting up libsctp1:amd64 (1.0.21+dfsg-1) ...
Setting up libmtdev1t64:amd64 (1.1.6-1.2+b1) ...
Setting up sensible-utils (0.0.24) ...
Setting up libxshmfence1:amd64 (1.3-1+b3) ...
Setting up libxcb-randr0:amd64 (1.17.0-2+b1) ...
Setting up libuchardet0:amd64 (0.0.8-1+b2) ...
Setting up procps (2:4.0.4-6) ...
Setting up libapr1t64:amd64 (1.7.5-1) ...
Setting up libmd4c0:amd64 (0.5.2-2+b1) ...
Setting up libx11-6:amd64 (2:1.8.10-2) ...
Setting up xorg-sgml-doctools (1:1.11-1.1) ...
Setting up netbase (6.4) ...
Setting up sgml-base (1.31) ...
Setting up cmake-data (3.31.3-1) ...
Setting up librhash1:amd64 (1.4.5-1) ...
Setting up libglu1-mesa:amd64 (9.0.2-1.1+b3) ...
Setting up libboost-system1.83-dev:amd64 (1.83.0-4) ...
Setting up libopengl-dev:amd64 (1.7.0-1+b2) ...
Setting up libjs-jquery (3.6.1+dfsg+~3.5.14-1) ...
Setting up lsb-release (12.1-1) ...
Setting up libconsole-bridge1.0:amd64 (1.0.1+dfsg2-3+b2) ...
Setting up libbsd0:amd64 (0.12.2-2) ...
Setting up libconsole-bridge-dev:amd64 (1.0.1+dfsg2-3+b2) ...
Setting up libdrm-common (2.4.123-1) ...
Setting up libevdev2:amd64 (1.13.3+dfsg-1) ...
Setting up readline-common (8.2-6) ...
Setting up libicu-dev:amd64 (72.1-5+b1) ...
Setting up libxml2:amd64 (2.12.7+dfsg+really2.9.14-0.2+b1) ...
Setting up libgudev-1.0-0:amd64 (238-5+b1) ...
Setting up qtchooser (66-2) ...
Setting up libjs-underscore (1.13.4~dfsg+~1.11.4-3) ...
Setting up libwacom-common (2.13.0-1) ...
Setting up libxkbcommon0:amd64 (1.7.0-2) ...
Setting up libwayland-client0:amd64 (1.23.0-1+b1) ...
Setting up automake (1:1.16.5-1.3) ...
update-alternatives: using /usr/bin/automake-1.16 to provide /usr/bin/automake (automake) in auto mode
Setting up x11proto-dev (2024.1-1) ...
Setting up libfile-stripnondeterminism-perl (1.14.0-1) ...
Setting up libxcb-dri3-0:amd64 (1.17.0-2+b1) ...
Setting up libaprutil1t64:amd64 (1.6.3-3) ...
Setting up libx11-xcb1:amd64 (2:1.8.10-2) ...
Setting up libice6:amd64 (2:1.1.1-1) ...
Setting up gettext (0.22.5-4) ...
Setting up libxau-dev:amd64 (1:1.0.11-1) ...
Setting up libboost-chrono1.83-dev:amd64 (1.83.0-4) ...
Setting up libgtest-dev:amd64 (1.15.2-1) ...
Setting up qt5-qmake:amd64 (5.15.15+dfsg-2) ...
Setting up libxrender1:amd64 (1:0.9.10-1.1+b3) ...
Setting up libtirpc3t64:amd64 (1.3.4+ds-1.3+b1) ...
Setting up libtool (2.5.4-2) ...
Setting up libboost-chrono-dev:amd64 (1.83.0.2+b2) ...
Setting up libwacom9:amd64 (2.13.0-1) ...
Setting up fontconfig-config (2.15.0-1.1+b1) ...
Setting up libedit2:amd64 (3.1-20240808-1) ...
Setting up libboost-system-dev:amd64 (1.83.0.2+b2) ...
Setting up libavahi-common3:amd64 (0.8-16) ...
Setting up libboost-serialization1.83-dev:amd64 (1.83.0-4) ...
Setting up libxext6:amd64 (2:1.3.4-1+b3) ...
Setting up libboost-filesystem1.83-dev:amd64 (1.83.0-4) ...
Setting up libaprutil1-dbd-sqlite3:amd64 (1.6.3-3) ...
Setting up pkgconf:amd64 (1.8.1-4) ...
Setting up libxxf86vm1:amd64 (1:1.1.4-1+b4) ...
Setting up libinput-bin (1.26.2-1) ...
Setting up intltool-debian (0.35.0+20060710.6) ...
Setting up libldap2-dev (2.5.19+dfsg-1) ...
Setting up dh-autoreconf (20) ...
Setting up libxdmcp-dev:amd64 (1:1.1.5-1) ...
Setting up libfreetype6:amd64 (2.13.3+dfsg-1) ...
Setting up libxfixes3:amd64 (1:6.0.0-2+b3) ...
Setting up libboost-date-time1.83-dev:amd64 (1.83.0-4) ...
Setting up shared-mime-info (2.4-5+b1) ...
Setting up libxkbcommon-x11-0:amd64 (1.7.0-2) ...
Setting up libboost-regex1.83-dev:amd64 (1.83.0-4) ...
Setting up libsctp-dev:amd64 (1.0.21+dfsg-1) ...
Setting up pkg-config:amd64 (1.8.1-4) ...
Setting up libgmock-dev:amd64 (1.15.2-1) ...
Setting up libboost-date-time-dev:amd64 (1.83.0.2+b2) ...
Setting up libjs-sphinxdoc (8.1.3-3) ...
Setting up libreadline8t64:amd64 (8.2-6) ...
Setting up dh-strip-nondeterminism (1.14.0-1) ...
Setting up libdrm2:amd64 (2.4.123-1) ...
Setting up groff-base (1.23.0-7) ...
Setting up xml-core (0.19) ...
Setting up libnsl2:amd64 (1.3.0-3+b3) ...
Setting up liblog4cxx15:amd64 (1.3.1-1) ...
Setting up libharfbuzz0b:amd64 (10.1.0-2) ...
Setting up libfontconfig1:amd64 (2.15.0-1.1+b1) ...
Setting up libboost-regex-dev:amd64 (1.83.0.2+b2) ...
Setting up libsm6:amd64 (2:1.2.4-1) ...
Setting up libarchive13t64:amd64 (3.7.4-1.1) ...
Setting up libpython3.13-stdlib:amd64 (3.13.1-3) ...
Setting up libavahi-client3:amd64 (0.8-16) ...
Setting up libboost-filesystem-dev:amd64 (1.83.0.2+b2) ...
Setting up libpython3-stdlib:amd64 (3.13.1-1) ...
Setting up libdrm-amdgpu1:amd64 (2.4.123-1) ...
Setting up libpython3.13:amd64 (3.13.1-3) ...
Setting up libboost-thread1.83-dev:amd64 (1.83.0-4) ...
Setting up libinput10:amd64 (1.26.2-1) ...
Setting up libllvm19:amd64 (1:19.1.6-1) ...
Setting up fontconfig (2.15.0-1.1+b1) ...
Regenerating fonts cache... done.
Setting up libxcb1-dev:amd64 (1.17.0-2+b1) ...
Setting up libpython3.12-stdlib:amd64 (3.12.8-3) ...
Setting up python3.13 (3.13.1-3) ...
Setting up libdrm-radeon1:amd64 (2.4.123-1) ...
Setting up po-debconf (1.0.21+nmu1) ...
Setting up libdrm-intel1:amd64 (2.4.123-1) ...
Setting up libx11-dev:amd64 (2:1.8.10-2) ...
Setting up python3 (3.13.1-1) ...
/usr/bin/py3clean:101: DeprecationWarning: glob.glob1 is deprecated and will be removed in Python 3.15. Use glob.glob and pass a directory to its root_dir argument instead.
  for fn in glob1(directory, "%s.*" % fname):
Setting up python3-zipp (3.21.0-1) ...
Setting up python3-autocommand (2.2.2-3) ...
Setting up python3-empy (3.3.4-2) ...
Setting up man-db (2.13.0-1) ...
Not building database; man-db/auto-update is not 'true'.
Setting up libpython3.12t64:amd64 (3.12.8-3) ...
Setting up python3-roman (4.2-1) ...
Setting up libqt5core5t64:amd64 (5.15.15+dfsg-2) ...
Setting up python3-pyparsing (3.1.2-1) ...
Setting up libapr1-dev (1.7.5-1) ...
Setting up libpython3.13-dev:amd64 (3.13.1-3) ...
Setting up python3-typing-extensions (4.12.2-2) ...
Setting up libxext-dev:amd64 (2:1.3.4-1+b3) ...
Setting up libqt5sql5t64:amd64 (5.15.15+dfsg-2) ...
Setting up cmake (3.31.3-1) ...
Setting up python3-dateutil (2.9.0-3) ...
Setting up libaprutil1-dev (1.6.3-3) ...
Setting up libcups2t64:amd64 (2.4.10-2+b1) ...
Setting up python3-catkin (0.8.10-17) ...
Setting up libboost-thread-dev:amd64 (1.83.0.2+b2) ...
Setting up python3-more-itertools (10.5.0-1) ...
Setting up ros-one-cpp-common (0.7.3-3-gcae00b4-2025.01.07.13.02) ...
Setting up mesa-libgallium:amd64 (24.2.8-1) ...
Setting up libvulkan-dev:amd64 (1.3.296.0-1) ...
Setting up libqt5dbus5t64:amd64 (5.15.15+dfsg-2) ...
Setting up libpython3-dev:amd64 (3.13.1-1) ...
Setting up python3-jaraco.functools (4.1.0-1) ...
Setting up python3-distro (1.9.0-1) ...
Setting up python3-jaraco.context (6.0.0-1) ...
Setting up libgbm1:amd64 (24.2.8-1) ...
Setting up python3.13-dev (3.13.1-3) ...
Setting up libqt5concurrent5t64:amd64 (5.15.15+dfsg-2) ...
Setting up python3-typeguard (4.4.1-1) ...
Setting up libgl1-mesa-dri:amd64 (24.2.8-1) ...
Setting up libqt5network5t64:amd64 (5.15.15+dfsg-2) ...
Setting up libqt5xml5t64:amd64 (5.15.15+dfsg-2) ...
Setting up python3-yaml (6.0.2-1+b1) ...
Setting up debhelper (13.23) ...
Setting up libqt5test5t64:amd64 (5.15.15+dfsg-2) ...
Setting up qtbase5-dev-tools (5.15.15+dfsg-2) ...
Setting up python3-inflect (7.3.1-2) ...
Setting up libegl-mesa0:amd64 (24.2.8-1) ...
Setting up cmake-extras (1.7-3) ...
Setting up python3-jaraco.text (4.0.0-1) ...
Setting up liblog4cxx-dev:amd64 (1.3.1-1) ...
Setting up python3-dev (3.13.1-1) ...
Setting up libegl1:amd64 (1.7.0-1+b2) ...
Setting up ros-one-rostime (0.7.3-3-gcae00b4-2025.01.07.13.04) ...
Setting up python3-pkg-resources (75.6.0-1) ...
Setting up libglx-mesa0:amd64 (24.2.8-1) ...
Setting up python3-setuptools (75.6.0-1) ...
Setting up libglx0:amd64 (1.7.0-1+b2) ...
Setting up ros-one-xmlrpcpp (1.17.0-12-g2a12474fb-2025.01.07.14.50) ...
Setting up ros-one-setup-files (0-2025.01.07.12.59) ...
Setting up ros-one-ros-environment (1.3.2-5-g2686e94-2025.01.07.12.59) ...
Setting up libgl1:amd64 (1.7.0-1+b2) ...
Setting up ros-one-roscpp-traits (0.7.3-3-gcae00b4-2025.01.07.13.03) ...
Setting up libglx-dev:amd64 (1.7.0-1+b2) ...
Setting up libgl-dev:amd64 (1.7.0-1+b2) ...
Setting up libegl-dev:amd64 (1.7.0-1+b2) ...
Setting up ros-one-roscpp-serialization (0.7.3-3-gcae00b4-2025.01.07.13.04) ...
Setting up libqt5gui5t64:amd64 (5.15.15+dfsg-2) ...
Setting up libglu1-mesa-dev:amd64 (9.0.2-1.1+b3) ...
Setting up libqt5widgets5t64:amd64 (5.15.15+dfsg-2) ...
Setting up libqt5printsupport5t64:amd64 (5.15.15+dfsg-2) ...
Setting up qtbase5-dev:amd64 (5.15.15+dfsg-2) ...
Processing triggers for libc-bin (2.40-5) ...
Processing triggers for sgml-base (1.31) ...
Setting up docutils-common (0.21.2+dfsg-2) ...
Processing triggers for sgml-base (1.31) ...
Setting up python3-docutils (0.21.2+dfsg-2) ...
Setting up python3-catkin-pkg (1.0.0-2) ...
/usr/lib/python3/dist-packages/catkin_pkg/cli/prepare_release.py:234: SyntaxWarning: invalid escape sequence '\.'
  if args.version and not re.match('^(0|[1-9][0-9]*)\.(0|[1-9][0-9]*)\.(0|[1-9][0-9]*)$', args.version):
Setting up catkin (0.8.10-17) ...
Setting up ros-one-genmsg (0.5.16-1-g7d8b6ce-2025.01.07.13.06) ...
Setting up ros-one-gennodejs (2.0.1-8-g19d224c-2025.01.07.13.23) ...
Setting up ros-one-gencpp (0-2025.01.07.13.24) ...
Setting up python3-rospkg (1.5.1-1) ...
Setting up ros-one-genpy (0.6.16-6-gf70658f-2025.01.07.13.24) ...
Setting up ros-one-genlisp (0.4.18-2025.01.07.13.25) ...
Setting up ros-one-geneus (3.0.0-2025.01.07.13.24) ...
Setting up python3-rosdistro (1.0.1-2) ...
Setting up ros-one-message-generation (0.4.1-2025.01.07.13.31) ...
Setting up ros-one-message-runtime (0.4.13-2025.01.07.13.31) ...
Setting up ros-one-std-msgs (0.5.13-1-gf3554d4-2025.01.07.14.00) ...
Setting up ros-one-rosbuild (1.15.8-3-g136e18e9-2025.01.07.13.58) ...
Setting up python3-rosdep2 (0.25.1-2) ...
Setting up ros-one-rospack (2.6.2-2-gad85a87-2025.01.07.13.23) ...
Setting up ros-one-rosconsole (1.14.3-5-ge3753eec-2025.01.07.14.08) ...
Setting up ros-one-rosgraph-msgs (1.11.3-1-gf51a0429-2025.01.07.14.07) ...
Setting up ros-one-roscpp (1.17.0-12-g2a12474fb-2025.01.07.14.51) ...
Setting up ros-one-geometry-msgs (1.13.1-2025.01.07.14.26) ...
Setting up ros-one-std-srvs (1.11.3-1-gf51a0429-2025.01.07.14.08) ...
Setting up ros-one-roslib (1.15.8-3-g136e18e9-2025.01.07.14.03) ...
Setting up sbuild-build-depends-main-dummy (0.invalid.0) ...

+------------------------------------------------------------------------------+
| Check architectures                          Tue, 07 Jan 2025 15:52:31 +0000 |
+------------------------------------------------------------------------------+

Arch check ok (amd64 included in any)

+------------------------------------------------------------------------------+
| Build environment                            Tue, 07 Jan 2025 15:52:35 +0000 |
+------------------------------------------------------------------------------+

Kernel: Linux 6.8.0-1017-azure #20-Ubuntu SMP Tue Oct 22 03:43:13 UTC 2024 amd64 (x86_64)
Toolchain package versions: binutils_2.43.50.20241230-1 dpkg-dev_1.22.13 g++-14_14.2.0-12 gcc-14_14.2.0-12 libc6-dev_2.40-5 libstdc++-14-dev_14.2.0-12 libstdc++6_14.2.0-12 linux-libc-dev_6.12.8-1
Package versions: apt_2.9.21 autoconf_2.72-3 automake_1:1.16.5-1.3 autopoint_0.22.5-4 autotools-dev_20220109.1 base-files_13.6 base-passwd_3.6.6 bash_5.2.37-1 binutils_2.43.50.20241230-1 binutils-common_2.43.50.20241230-1 binutils-x86-64-linux-gnu_2.43.50.20241230-1 bsdextrautils_2.40.2-13 bsdutils_1:2.40.2-13 build-essential_12.12 bzip2_1.0.8-6 ca-certificates_20241223 catkin_0.8.10-17 ccache_4.10.2-1+b1 cmake_3.31.3-1 cmake-data_3.31.3-1 cmake-extras_1.7-3 coreutils_9.5-1+b1 cpp_4:14.2.0-1 cpp-14_14.2.0-12 cpp-14-x86-64-linux-gnu_14.2.0-12 cpp-x86-64-linux-gnu_4:14.2.0-1 dash_0.5.12-10 debconf_1.5.89 debhelper_13.23 debian-archive-keyring_2023.4 debianutils_5.21 dh-autoreconf_20 dh-strip-nondeterminism_1.14.0-1 diffutils_1:3.10-2 docutils-common_0.21.2+dfsg-2 dpkg_1.22.13 dpkg-dev_1.22.13 dumb-init_1.2.5-3 dwz_0.15-1+b1 fakeroot_1.36.2-1 file_1:5.45-3+b1 findutils_4.10.0-3 fontconfig_2.15.0-1.1+b1 fontconfig-config_2.15.0-1.1+b1 fonts-dejavu-core_2.37-8 fonts-dejavu-mono_2.37-8 g++_4:14.2.0-1 g++-14_14.2.0-12 g++-14-x86-64-linux-gnu_14.2.0-12 g++-x86-64-linux-gnu_4:14.2.0-1 gcc_4:14.2.0-1 gcc-14_14.2.0-12 gcc-14-base_14.2.0-12 gcc-14-x86-64-linux-gnu_14.2.0-12 gcc-x86-64-linux-gnu_4:14.2.0-1 gettext_0.22.5-4 gettext-base_0.22.5-4 git_1:2.47.1-1 git-man_1:2.47.1-1 googletest_1.15.2-1 grep_3.11-4 groff-base_1.23.0-7 gzip_1.12-1.2 hostname_3.25 icu-devtools_72.1-5+b1 init-system-helpers_1.68 intltool-debian_0.35.0+20060710.6 libacl1_2.3.2-2+b1 libapr1-dev_1.7.5-1 libapr1t64_1.7.5-1 libaprutil1-dbd-sqlite3_1.6.3-3 libaprutil1-dev_1.6.3-3 libaprutil1t64_1.6.3-3 libapt-pkg6.0t64_2.9.21 libarchive-zip-perl_1.68-1 libarchive13t64_3.7.4-1.1 libasan8_14.2.0-12 libatomic1_14.2.0-12 libattr1_1:2.5.2-2 libaudit-common_1:4.0.2-2 libaudit1_1:4.0.2-2 libavahi-client3_0.8-16 libavahi-common-data_0.8-16 libavahi-common3_0.8-16 libbinutils_2.43.50.20241230-1 libblkid1_2.40.2-13 libboost-atomic1.83-dev_1.83.0-4 libboost-atomic1.83.0_1.83.0-4 libboost-chrono-dev_1.83.0.2+b2 libboost-chrono1.83-dev_1.83.0-4 libboost-chrono1.83.0t64_1.83.0-4 libboost-date-time-dev_1.83.0.2+b2 libboost-date-time1.83-dev_1.83.0-4 libboost-date-time1.83.0_1.83.0-4 libboost-filesystem-dev_1.83.0.2+b2 libboost-filesystem1.83-dev_1.83.0-4 libboost-filesystem1.83.0_1.83.0-4 libboost-program-options-dev_1.83.0.2+b2 libboost-program-options1.83-dev_1.83.0-4 libboost-program-options1.83.0_1.83.0-4 libboost-regex-dev_1.83.0.2+b2 libboost-regex1.83-dev_1.83.0-4 libboost-regex1.83.0_1.83.0-4 libboost-serialization1.83-dev_1.83.0-4 libboost-serialization1.83.0_1.83.0-4 libboost-system-dev_1.83.0.2+b2 libboost-system1.83-dev_1.83.0-4 libboost-system1.83.0_1.83.0-4 libboost-thread-dev_1.83.0.2+b2 libboost-thread1.83-dev_1.83.0-4 libboost-thread1.83.0_1.83.0-4 libboost1.83-dev_1.83.0-4 libbrotli1_1.1.0-2+b6 libbsd0_0.12.2-2 libbz2-1.0_1.0.8-6 libc-bin_2.40-5 libc-dev-bin_2.40-5 libc6_2.40-5 libc6-dev_2.40-5 libcap-ng0_0.8.5-4 libcap2_1:2.66-5+b1 libcc1-0_14.2.0-12 libcom-err2_1.47.2-1 libconsole-bridge-dev_1.0.1+dfsg2-3+b2 libconsole-bridge1.0_1.0.1+dfsg2-3+b2 libcrypt-dev_1:4.4.36-5 libcrypt1_1:4.4.36-5 libctf-nobfd0_2.43.50.20241230-1 libctf0_2.43.50.20241230-1 libcups2t64_2.4.10-2+b1 libcurl3t64-gnutls_8.11.1-1 libcurl4t64_8.11.1-1 libdb5.3t64_5.3.28+dfsg2-9 libdbus-1-3_1.16.0-1 libdebconfclient0_0.277 libdebhelper-perl_13.23 libdouble-conversion3_3.3.0-1+b2 libdpkg-perl_1.22.13 libdrm-amdgpu1_2.4.123-1 libdrm-common_2.4.123-1 libdrm-intel1_2.4.123-1 libdrm-radeon1_2.4.123-1 libdrm2_2.4.123-1 libedit2_3.1-20240808-1 libegl-dev_1.7.0-1+b2 libegl-mesa0_24.2.8-1 libegl1_1.7.0-1+b2 libelf1t64_0.192-4 liberror-perl_0.17029-2 libevdev2_1.13.3+dfsg-1 libexpat1_2.6.4-1 libexpat1-dev_2.6.4-1 libfakeroot_1.36.2-1 libffi8_3.4.6-1 libfile-stripnondeterminism-perl_1.14.0-1 libfmt10_10.1.1+ds1-4 libfontconfig1_2.15.0-1.1+b1 libfreetype6_2.13.3+dfsg-1 libgbm1_24.2.8-1 libgcc-14-dev_14.2.0-12 libgcc-s1_14.2.0-12 libgdbm-compat4t64_1.24-2 libgdbm6t64_1.24-2 libgl-dev_1.7.0-1+b2 libgl1_1.7.0-1+b2 libgl1-mesa-dri_24.2.8-1 libglapi-mesa_24.2.8-1 libglib2.0-0t64_2.82.4-1 libglu1-mesa_9.0.2-1.1+b3 libglu1-mesa-dev_9.0.2-1.1+b3 libglvnd0_1.7.0-1+b2 libglx-dev_1.7.0-1+b2 libglx-mesa0_24.2.8-1 libglx0_1.7.0-1+b2 libgmock-dev_1.15.2-1 libgmp10_2:6.3.0+dfsg-3 libgnutls30t64_3.8.8-2 libgomp1_14.2.0-12 libgprofng0_2.43.50.20241230-1 libgraphite2-3_1.3.14-2+b1 libgssapi-krb5-2_1.21.3-3 libgtest-dev_1.15.2-1 libgudev-1.0-0_238-5+b1 libharfbuzz0b_10.1.0-2 libhiredis1.1.0_1.2.0-6+b3 libhogweed6t64_3.10-1+b1 libhwasan0_14.2.0-12 libice6_2:1.1.1-1 libicu-dev_72.1-5+b1 libicu72_72.1-5+b1 libidn2-0_2.3.7-2+b1 libinput-bin_1.26.2-1 libinput10_1.26.2-1 libisl23_0.27-1 libitm1_14.2.0-12 libjansson4_2.14-2+b3 libjpeg62-turbo_1:2.1.5-3+b1 libjs-jquery_3.6.1+dfsg+~3.5.14-1 libjs-sphinxdoc_8.1.3-3 libjs-underscore_1.13.4~dfsg+~1.11.4-3 libjsoncpp26_1.9.6-3 libk5crypto3_1.21.3-3 libkeyutils1_1.6.3-4 libkrb5-3_1.21.3-3 libkrb5support0_1.21.3-3 libldap-2.5-0_2.5.19+dfsg-1 libldap-dev_2.5.19+dfsg-1 libldap2-dev_2.5.19+dfsg-1 libllvm19_1:19.1.6-1 liblog4cxx-dev_1.3.1-1 liblog4cxx15_1.3.1-1 liblsan0_14.2.0-12 liblz4-1_1.9.4-4 liblzma5_5.6.3-1+b1 libmagic-mgc_1:5.45-3+b1 libmagic1t64_1:5.45-3+b1 libmd0_1.1.0-2+b1 libmd4c0_0.5.2-2+b1 libmount1_2.40.2-13 libmpc3_1.3.1-1+b3 libmpfr6_4.2.1-1+b2 libmtdev1t64_1.1.6-1.2+b1 libncursesw6_6.5-2+b1 libnettle8t64_3.10-1+b1 libnghttp2-14_1.64.0-1 libnghttp3-9_1.6.0-2 libngtcp2-16_1.9.1-1 libngtcp2-crypto-gnutls8_1.9.1-1 libnsl2_1.3.0-3+b3 libopengl-dev_1.7.0-1+b2 libopengl0_1.7.0-1+b2 libp11-kit0_0.25.5-3 libpam-modules_1.5.3-7+b1 libpam-modules-bin_1.5.3-7+b1 libpam-runtime_1.5.3-7 libpam0g_1.5.3-7+b1 libpciaccess0_0.17-3+b3 libpcre2-16-0_10.44-5 libpcre2-8-0_10.44-5 libperl5.40_5.40.0-8 libpipeline1_1.5.8-1 libpkgconf3_1.8.1-4 libpng16-16t64_1.6.44-3 libproc2-0_2:4.0.4-6 libpsl5t64_0.21.2-1.1+b1 libpython3-dev_3.13.1-1 libpython3-stdlib_3.13.1-1 libpython3.12-minimal_3.12.8-3 libpython3.12-stdlib_3.12.8-3 libpython3.12t64_3.12.8-3 libpython3.13_3.13.1-3 libpython3.13-dev_3.13.1-3 libpython3.13-minimal_3.13.1-3 libpython3.13-stdlib_3.13.1-3 libqt5concurrent5t64_5.15.15+dfsg-2 libqt5core5t64_5.15.15+dfsg-2 libqt5dbus5t64_5.15.15+dfsg-2 libqt5gui5t64_5.15.15+dfsg-2 libqt5network5t64_5.15.15+dfsg-2 libqt5printsupport5t64_5.15.15+dfsg-2 libqt5sql5t64_5.15.15+dfsg-2 libqt5test5t64_5.15.15+dfsg-2 libqt5widgets5t64_5.15.15+dfsg-2 libqt5xml5t64_5.15.15+dfsg-2 libquadmath0_14.2.0-12 libreadline8t64_8.2-6 librhash1_1.4.5-1 librtmp1_2.4+20151223.gitfa8646d.1-2+b5 libsasl2-2_2.1.28+dfsg1-8 libsasl2-modules-db_2.1.28+dfsg1-8 libsctp-dev_1.0.21+dfsg-1 libsctp1_1.0.21+dfsg-1 libseccomp2_2.5.5-2 libselinux1_3.7-3+b1 libsensors-config_1:3.6.0-10 libsensors5_1:3.6.0-10+b1 libsframe1_2.43.50.20241230-1 libsm6_2:1.2.4-1 libsmartcols1_2.40.2-13 libsqlite3-0_3.46.1-1 libssh2-1t64_1.11.1-1 libssl3t64_3.4.0-2 libstdc++-14-dev_14.2.0-12 libstdc++6_14.2.0-12 libsystemd0_257.1-7 libtasn1-6_4.19.0-3+b3 libtinfo6_6.5-2+b1 libtinyxml2-10_10.0.0+dfsg-2+b2 libtinyxml2-dev_10.0.0+dfsg-2+b2 libtirpc-common_1.3.4+ds-1.3 libtirpc3t64_1.3.4+ds-1.3+b1 libtool_2.5.4-2 libtsan2_14.2.0-12 libubsan1_14.2.0-12 libuchardet0_0.0.8-1+b2 libudev1_257.1-7 libunistring5_1.3-1 libuuid1_2.40.2-13 libuv1t64_1.48.0-7 libvulkan-dev_1.3.296.0-1 libvulkan1_1.3.296.0-1 libwacom-common_2.13.0-1 libwacom9_2.13.0-1 libwayland-client0_1.23.0-1+b1 libwayland-server0_1.23.0-1+b1 libx11-6_2:1.8.10-2 libx11-data_2:1.8.10-2 libx11-dev_2:1.8.10-2 libx11-xcb1_2:1.8.10-2 libxau-dev_1:1.0.11-1 libxau6_1:1.0.11-1 libxcb-dri2-0_1.17.0-2+b1 libxcb-dri3-0_1.17.0-2+b1 libxcb-glx0_1.17.0-2+b1 libxcb-icccm4_0.4.2-1 libxcb-image0_0.4.0-2+b2 libxcb-keysyms1_0.4.0-1+b3 libxcb-present0_1.17.0-2+b1 libxcb-randr0_1.17.0-2+b1 libxcb-render-util0_0.3.9-1+b2 libxcb-render0_1.17.0-2+b1 libxcb-shape0_1.17.0-2+b1 libxcb-shm0_1.17.0-2+b1 libxcb-sync1_1.17.0-2+b1 libxcb-util1_0.4.0-1+b2 libxcb-xfixes0_1.17.0-2+b1 libxcb-xinerama0_1.17.0-2+b1 libxcb-xinput0_1.17.0-2+b1 libxcb-xkb1_1.17.0-2+b1 libxcb1_1.17.0-2+b1 libxcb1-dev_1.17.0-2+b1 libxdmcp-dev_1:1.1.5-1 libxdmcp6_1:1.1.5-1 libxext-dev_2:1.3.4-1+b3 libxext6_2:1.3.4-1+b3 libxfixes3_1:6.0.0-2+b3 libxkbcommon-x11-0_1.7.0-2 libxkbcommon0_1.7.0-2 libxml2_2.12.7+dfsg+really2.9.14-0.2+b1 libxrender1_1:0.9.10-1.1+b3 libxshmfence1_1.3-1+b3 libxxf86vm1_1:1.1.4-1+b4 libxxhash0_0.8.3-2 libyaml-0-2_0.2.5-2 libz3-4_4.13.3-1 libzstd1_1.5.6+dfsg-2 linux-libc-dev_6.12.8-1 lsb-release_12.1-1 m4_1.4.19-5 make_4.4.1-1 man-db_2.13.0-1 mawk_1.3.4.20240905-1 media-types_10.1.0 mesa-libgallium_24.2.8-1 ncurses-base_6.5-2 ncurses-bin_6.5-2+b1 netbase_6.4 openssl_3.4.0-2 openssl-provider-legacy_3.4.0-2 patch_2.7.6-7 perl_5.40.0-8 perl-base_5.40.0-8 perl-modules-5.40_5.40.0-8 pkg-config_1.8.1-4 pkgconf_1.8.1-4 pkgconf-bin_1.8.1-4 po-debconf_1.0.21+nmu1 procps_2:4.0.4-6 python3_3.13.1-1 python3-autocommand_2.2.2-3 python3-catkin_0.8.10-17 python3-catkin-pkg_1.0.0-2 python3-dateutil_2.9.0-3 python3-dev_3.13.1-1 python3-distro_1.9.0-1 python3-docutils_0.21.2+dfsg-2 python3-empy_3.3.4-2 python3-inflect_7.3.1-2 python3-jaraco.context_6.0.0-1 python3-jaraco.functools_4.1.0-1 python3-jaraco.text_4.0.0-1 python3-minimal_3.13.1-1 python3-more-itertools_10.5.0-1 python3-pkg-resources_75.6.0-1 python3-pyparsing_3.1.2-1 python3-roman_4.2-1 python3-rosdep2_0.25.1-2 python3-rosdistro_1.0.1-2 python3-rospkg_1.5.1-1 python3-setuptools_75.6.0-1 python3-typeguard_4.4.1-1 python3-typing-extensions_4.12.2-2 python3-yaml_6.0.2-1+b1 python3-zipp_3.21.0-1 python3.13_3.13.1-3 python3.13-dev_3.13.1-3 python3.13-minimal_3.13.1-3 qt5-qmake_5.15.15+dfsg-2 qt5-qmake-bin_5.15.15+dfsg-2 qtbase5-dev_5.15.15+dfsg-2 qtbase5-dev-tools_5.15.15+dfsg-2 qtchooser_66-2 readline-common_8.2-6 ros-one-cpp-common_0.7.3-3-gcae00b4-2025.01.07.13.02 ros-one-gencpp_0-2025.01.07.13.24 ros-one-geneus_3.0.0-2025.01.07.13.24 ros-one-genlisp_0.4.18-2025.01.07.13.25 ros-one-genmsg_0.5.16-1-g7d8b6ce-2025.01.07.13.06 ros-one-gennodejs_2.0.1-8-g19d224c-2025.01.07.13.23 ros-one-genpy_0.6.16-6-gf70658f-2025.01.07.13.24 ros-one-geometry-msgs_1.13.1-2025.01.07.14.26 ros-one-message-generation_0.4.1-2025.01.07.13.31 ros-one-message-runtime_0.4.13-2025.01.07.13.31 ros-one-ros-environment_1.3.2-5-g2686e94-2025.01.07.12.59 ros-one-rosbuild_1.15.8-3-g136e18e9-2025.01.07.13.58 ros-one-rosconsole_1.14.3-5-ge3753eec-2025.01.07.14.08 ros-one-roscpp_1.17.0-12-g2a12474fb-2025.01.07.14.51 ros-one-roscpp-serialization_0.7.3-3-gcae00b4-2025.01.07.13.04 ros-one-roscpp-traits_0.7.3-3-gcae00b4-2025.01.07.13.03 ros-one-rosgraph-msgs_1.11.3-1-gf51a0429-2025.01.07.14.07 ros-one-roslib_1.15.8-3-g136e18e9-2025.01.07.14.03 ros-one-rospack_2.6.2-2-gad85a87-2025.01.07.13.23 ros-one-rostime_0.7.3-3-gcae00b4-2025.01.07.13.04 ros-one-setup-files_0-2025.01.07.12.59 ros-one-std-msgs_0.5.13-1-gf3554d4-2025.01.07.14.00 ros-one-std-srvs_1.11.3-1-gf51a0429-2025.01.07.14.08 ros-one-xmlrpcpp_1.17.0-12-g2a12474fb-2025.01.07.14.50 rpcsvc-proto_1.4.3-1 sbuild-build-depends-main-dummy_0.invalid.0 sed_4.9-2 sensible-utils_0.0.24 sgml-base_1.31 shared-mime-info_2.4-5+b1 sqv_1.2.1-5 sysvinit-utils_3.13-1 tar_1.35+dfsg-3.1 tzdata_2024b-4 util-linux_2.40.2-13 uuid-dev_2.40.2-13 x11-common_1:7.7+23.1 x11proto-dev_2024.1-1 xkb-data_2.42-1 xml-core_0.19 xorg-sgml-doctools_1:1.11-1.1 xtrans-dev_1.4.0-1 xz-utils_5.6.3-1+b1 zlib1g_1:1.3.dfsg+really1.3.1-1+b1 zlib1g-dev_1:1.3.dfsg+really1.3.1-1+b1

+------------------------------------------------------------------------------+
| Build                                        Tue, 07 Jan 2025 15:52:36 +0000 |
+------------------------------------------------------------------------------+


Unpack source
-------------

Format: 1.0
Source: ros-one-turtlesim
Binary: ros-one-turtlesim
Architecture: any
Version: 0.10.2-3-gdb63288-2025.01.07.15.51
Maintainer: Mabel Zhang <mabel@openrobotics.org>
Homepage: http://www.ros.org/wiki/turtlesim
Standards-Version: 3.9.2
Build-Depends: debhelper (>= 9.0.0), catkin, libboost-thread-dev, libgmock-dev, libgtest-dev, qt5-qmake, qtbase5-dev, ros-one-geometry-msgs, ros-one-message-generation, ros-one-rosconsole, ros-one-roscpp, ros-one-roscpp-serialization, ros-one-roslib, ros-one-rostime, ros-one-std-msgs, ros-one-std-srvs
Package-List:
 ros-one-turtlesim deb misc optional arch=any
Checksums-Sha1:
 9261498e8f202951475fca423f89917affa54088 140039 ros-one-turtlesim_0.10.2-3-gdb63288-2025.01.07.15.51.tar.gz
Checksums-Sha256:
 a7d73f31d25e9a3f48f09536611bc9f8a7c5ae3f92748a0ef4fc40a123d53463 140039 ros-one-turtlesim_0.10.2-3-gdb63288-2025.01.07.15.51.tar.gz
Files:
 1f73d4837f04432ff5ba3499bac3cd28 140039 ros-one-turtlesim_0.10.2-3-gdb63288-2025.01.07.15.51.tar.gz

dpkg-source: warning: extracting unsigned source package (ros-one-turtlesim_0.10.2-3-gdb63288-2025.01.07.15.51.dsc)
dpkg-source: info: extracting ros-one-turtlesim in /<<BUILDDIR>>package
dpkg-source: info: unpacking ros-one-turtlesim_0.10.2-3-gdb63288-2025.01.07.15.51.tar.gz

Check disk space
----------------

Sufficient free space for build

User Environment
----------------

APT_CONFIG=/var/lib/sbuild/apt.conf
CCACHE_DIR=/build/ccache
DEB_BUILD_OPTIONS=nocheck
HOME=/sbuild-nonexistent
LANG=C.UTF-8
LC_ALL=C.UTF-8
LD_LIBRARY_PATH=/opt/ros/one/lib:/opt/ros/one/lib/x86_64-linux-gnu
LOGNAME=runner
OLDPWD=/
PATH=/usr/lib/ccache:/usr/local/sbin:/usr/local/bin:/usr/sbin:/usr/bin:/sbin:/bin:/usr/games
PWD=/<<BUILDDIR>>package
SHELL=/bin/sh
USER=runner

dpkg-buildpackage
-----------------

Command: dpkg-buildpackage --sanitize-env -Pnocheck -us -uc -b -rfakeroot
dpkg-buildpackage: info: source package ros-one-turtlesim
dpkg-buildpackage: info: source version 0.10.2-3-gdb63288-2025.01.07.15.51
dpkg-buildpackage: info: source distribution sid
dpkg-buildpackage: info: source changed by Mabel Zhang <mabel@openrobotics.org>
 dpkg-source --before-build .
dpkg-buildpackage: info: host architecture amd64
dpkg-source: info: using options from package/debian/source/options: --auto-commit
 debian/rules clean
dh clean -v --buildsystem=cmake --builddirectory=.obj-x86_64-linux-gnu
   dh_auto_clean -O-v -O--buildsystem=cmake -O--builddirectory=.obj-x86_64-linux-gnu
   dh_autoreconf_clean -O-v -O--buildsystem=cmake -O--builddirectory=.obj-x86_64-linux-gnu
   dh_clean -O-v -O--buildsystem=cmake -O--builddirectory=.obj-x86_64-linux-gnu
	rm -f debian/debhelper-build-stamp
	rm -rf debian/.debhelper/
	rm -f -- debian/ros-one-turtlesim.substvars debian/files
	rm -fr -- debian/ros-one-turtlesim/ debian/tmp/
	find .  \( \( \
		\( -path .\*/.git -o -path .\*/.svn -o -path .\*/.bzr -o -path .\*/.hg -o -path .\*/CVS -o -path .\*/.pc -o -path .\*/_darcs \) -prune -o -type f -a \
	        \( -name '#*#' -o -name '.*~' -o -name '*~' -o -name DEADJOE \
		 -o -name '*.orig' -o -name '*.rej' -o -name '*.bak' \
		 -o -name '.*.orig' -o -name .*.rej -o -name '.SUMS' \
		 -o -name TAGS -o \( -path '*/.deps/*' -a -name '*.P' \) \
		\) -exec rm -f {} + \) -o \
		\( -type d -a \( -name autom4te.cache -o -name __pycache__ \) -prune -exec rm -rf {} + \) \)
 debian/rules binary
dh binary -v --buildsystem=cmake --builddirectory=.obj-x86_64-linux-gnu
   dh_update_autotools_config -O-v -O--buildsystem=cmake -O--builddirectory=.obj-x86_64-linux-gnu
   dh_autoreconf -O-v -O--buildsystem=cmake -O--builddirectory=.obj-x86_64-linux-gnu
   debian/rules override_dh_auto_configure
make[1]: Entering directory '/<<BUILDDIR>>package'
# In case we're installing to a non-standard location, look for a setup.sh
# in the install tree that was dropped by catkin, and source it.  It will
# set things like CMAKE_PREFIX_PATH, PKG_CONFIG_PATH, and PYTHONPATH.
if [ -f "/opt/ros/one/setup.sh" ]; then . "/opt/ros/one/setup.sh"; fi && \
dh_auto_configure -- \
	-DCATKIN_BUILD_BINARY_PACKAGE="1" \
	-DCMAKE_INSTALL_PREFIX="/opt/ros/one" \
	-DCMAKE_PREFIX_PATH="/opt/ros/one" \
	-DBUILD_TESTING=OFF -DCATKIN_ENABLE_TESTING=OFF
	cd .obj-x86_64-linux-gnu && DEB_PYTHON_INSTALL_LAYOUT=deb PKG_CONFIG=/usr/bin/pkg-config cmake -DCMAKE_INSTALL_PREFIX=/usr -DCMAKE_BUILD_TYPE=None -DCMAKE_INSTALL_SYSCONFDIR=/etc -DCMAKE_INSTALL_LOCALSTATEDIR=/var -DCMAKE_EXPORT_NO_PACKAGE_REGISTRY=ON -DCMAKE_FIND_USE_PACKAGE_REGISTRY=OFF -DCMAKE_FIND_PACKAGE_NO_PACKAGE_REGISTRY=ON -DFETCHCONTENT_FULLY_DISCONNECTED=ON -DCMAKE_INSTALL_RUNSTATEDIR=/run "-GUnix Makefiles" -DCMAKE_VERBOSE_MAKEFILE=ON -DCMAKE_INSTALL_LIBDIR=lib/x86_64-linux-gnu -DBUILD_TESTING:BOOL=OFF -DCATKIN_BUILD_BINARY_PACKAGE=1 -DCMAKE_INSTALL_PREFIX=/opt/ros/one -DCMAKE_PREFIX_PATH=/opt/ros/one -DBUILD_TESTING=OFF -DCATKIN_ENABLE_TESTING=OFF ..
CMake Deprecation Warning at CMakeLists.txt:1 (cmake_minimum_required):
  Compatibility with CMake < 3.10 will be removed from a future version of
  CMake.

  Update the VERSION argument <min> value.  Or, use the <min>...<max> syntax
  to tell CMake that the project requires at least <min> but has been updated
  to work with policies introduced by <max> or earlier.


-- The C compiler identification is GNU 14.2.0
-- The CXX compiler identification is GNU 14.2.0
-- Detecting C compiler ABI info
-- Detecting C compiler ABI info - done
-- Check for working C compiler: /usr/lib/ccache/cc - skipped
-- Detecting C compile features
-- Detecting C compile features - done
-- Detecting CXX compiler ABI info
-- Detecting CXX compiler ABI info - done
-- Check for working CXX compiler: /usr/lib/ccache/c++ - skipped
-- Detecting CXX compile features
-- Detecting CXX compile features - done
-- Using CATKIN_DEVEL_PREFIX: /<<BUILDDIR>>package/.obj-x86_64-linux-gnu/devel
-- Using CMAKE_PREFIX_PATH: /opt/ros/one
-- This workspace overlays: /opt/ros/one
-- Found Python: /usr/bin/python3 (found suitable version "3.13.1", minimum required is "3") found components: Interpreter
-- Using PYTHON_EXECUTABLE: /usr/bin/python3
-- Using Debian Python package layout
-- Using empy: /usr/bin/empy
-- Using BUILD_TESTING: OFF (implying CATKIN_ENABLE_TESTING=OFF)
-- Performing Test CMAKE_HAVE_LIBC_PTHREAD
-- Performing Test CMAKE_HAVE_LIBC_PTHREAD - Success
-- Found Threads: TRUE
-- catkin 0.8.10
-- BUILD_SHARED_LIBS is on
-- Using these message generators: gencpp;geneus;genlisp;gennodejs;genpy
CMake Warning (dev) at CMakeLists.txt:7 (find_package):
  Policy CMP0167 is not set: The FindBoost module is removed.  Run "cmake
  --help-policy CMP0167" for policy details.  Use the cmake_policy command to
  set the policy and suppress this warning.

This warning is for project developers.  Use -Wno-dev to suppress it.

-- Found Boost: /usr/lib/x86_64-linux-gnu/cmake/Boost-1.83.0/BoostConfig.cmake (found version "1.83.0") found components: thread
-- turtlesim: 2 messages, 5 services
-- Configuring done (1.3s)
-- Generating done (0.0s)
CMake Warning:
  Manually-specified variables were not used by the project:

    CMAKE_EXPORT_NO_PACKAGE_REGISTRY
    CMAKE_FIND_PACKAGE_NO_PACKAGE_REGISTRY
    CMAKE_INSTALL_LIBDIR
    CMAKE_INSTALL_LOCALSTATEDIR
    CMAKE_INSTALL_RUNSTATEDIR
    CMAKE_INSTALL_SYSCONFDIR
    FETCHCONTENT_FULLY_DISCONNECTED


-- Build files have been written to: /<<BUILDDIR>>package/.obj-x86_64-linux-gnu
make[1]: Leaving directory '/<<BUILDDIR>>package'
	rm -f debian/ros-one-turtlesim.debhelper.log
   debian/rules override_dh_auto_build
make[1]: Entering directory '/<<BUILDDIR>>package'
# In case we're installing to a non-standard location, look for a setup.sh
# in the install tree that was dropped by catkin, and source it.  It will
# set things like CMAKE_PREFIX_PATH, PKG_CONFIG_PATH, and PYTHONPATH.
if [ -f "/opt/ros/one/setup.sh" ]; then . "/opt/ros/one/setup.sh"; fi && \
dh_auto_build
	cd .obj-x86_64-linux-gnu && make -j4 "INSTALL=install --strip-program=true" VERBOSE=1
make[2]: Entering directory '/<<BUILDDIR>>package/.obj-x86_64-linux-gnu'
/usr/bin/cmake -S/<<BUILDDIR>>package -B/<<BUILDDIR>>package/.obj-x86_64-linux-gnu --check-build-system CMakeFiles/Makefile.cmake 0
/usr/bin/cmake -E cmake_progress_start /<<BUILDDIR>>package/.obj-x86_64-linux-gnu/CMakeFiles /<<BUILDDIR>>package/.obj-x86_64-linux-gnu//CMakeFiles/progress.marks
make  -f CMakeFiles/Makefile2 all
make[3]: Entering directory '/<<BUILDDIR>>package/.obj-x86_64-linux-gnu'
make  -f CMakeFiles/_turtlesim_generate_messages_check_deps_TeleportRelative.dir/build.make CMakeFiles/_turtlesim_generate_messages_check_deps_TeleportRelative.dir/depend
make  -f CMakeFiles/geometry_msgs_generate_messages_py.dir/build.make CMakeFiles/geometry_msgs_generate_messages_py.dir/depend
make[4]: Entering directory '/<<BUILDDIR>>package/.obj-x86_64-linux-gnu'
cd /<<BUILDDIR>>package/.obj-x86_64-linux-gnu && /usr/bin/cmake -E cmake_depends "Unix Makefiles" /<<BUILDDIR>>package /<<BUILDDIR>>package /<<BUILDDIR>>package/.obj-x86_64-linux-gnu /<<BUILDDIR>>package/.obj-x86_64-linux-gnu /<<BUILDDIR>>package/.obj-x86_64-linux-gnu/CMakeFiles/_turtlesim_generate_messages_check_deps_TeleportRelative.dir/DependInfo.cmake "--color="
make  -f CMakeFiles/std_msgs_generate_messages_py.dir/build.make CMakeFiles/std_msgs_generate_messages_py.dir/depend
make[4]: Entering directory '/<<BUILDDIR>>package/.obj-x86_64-linux-gnu'
cd /<<BUILDDIR>>package/.obj-x86_64-linux-gnu && /usr/bin/cmake -E cmake_depends "Unix Makefiles" /<<BUILDDIR>>package /<<BUILDDIR>>package /<<BUILDDIR>>package/.obj-x86_64-linux-gnu /<<BUILDDIR>>package/.obj-x86_64-linux-gnu /<<BUILDDIR>>package/.obj-x86_64-linux-gnu/CMakeFiles/geometry_msgs_generate_messages_py.dir/DependInfo.cmake "--color="
make[4]: Entering directory '/<<BUILDDIR>>package/.obj-x86_64-linux-gnu'
cd /<<BUILDDIR>>package/.obj-x86_64-linux-gnu && /usr/bin/cmake -E cmake_depends "Unix Makefiles" /<<BUILDDIR>>package /<<BUILDDIR>>package /<<BUILDDIR>>package/.obj-x86_64-linux-gnu /<<BUILDDIR>>package/.obj-x86_64-linux-gnu /<<BUILDDIR>>package/.obj-x86_64-linux-gnu/CMakeFiles/std_msgs_generate_messages_py.dir/DependInfo.cmake "--color="
make  -f CMakeFiles/std_srvs_generate_messages_py.dir/build.make CMakeFiles/std_srvs_generate_messages_py.dir/depend
make[4]: Entering directory '/<<BUILDDIR>>package/.obj-x86_64-linux-gnu'
cd /<<BUILDDIR>>package/.obj-x86_64-linux-gnu && /usr/bin/cmake -E cmake_depends "Unix Makefiles" /<<BUILDDIR>>package /<<BUILDDIR>>package /<<BUILDDIR>>package/.obj-x86_64-linux-gnu /<<BUILDDIR>>package/.obj-x86_64-linux-gnu /<<BUILDDIR>>package/.obj-x86_64-linux-gnu/CMakeFiles/std_srvs_generate_messages_py.dir/DependInfo.cmake "--color="
make[4]: Leaving directory '/<<BUILDDIR>>package/.obj-x86_64-linux-gnu'
make[4]: Leaving directory '/<<BUILDDIR>>package/.obj-x86_64-linux-gnu'
make  -f CMakeFiles/geometry_msgs_generate_messages_py.dir/build.make CMakeFiles/geometry_msgs_generate_messages_py.dir/build
make  -f CMakeFiles/_turtlesim_generate_messages_check_deps_TeleportRelative.dir/build.make CMakeFiles/_turtlesim_generate_messages_check_deps_TeleportRelative.dir/build
make[4]: Entering directory '/<<BUILDDIR>>package/.obj-x86_64-linux-gnu'
make[4]: Nothing to be done for 'CMakeFiles/geometry_msgs_generate_messages_py.dir/build'.
make[4]: Leaving directory '/<<BUILDDIR>>package/.obj-x86_64-linux-gnu'
make[4]: Entering directory '/<<BUILDDIR>>package/.obj-x86_64-linux-gnu'
catkin_generated/env_cached.sh /usr/bin/python3 /opt/ros/one/share/genmsg/cmake/../../../lib/genmsg/genmsg_check_deps.py turtlesim /<<BUILDDIR>>package/srv/TeleportRelative.srv 
make[4]: Leaving directory '/<<BUILDDIR>>package/.obj-x86_64-linux-gnu'
make  -f CMakeFiles/std_msgs_generate_messages_py.dir/build.make CMakeFiles/std_msgs_generate_messages_py.dir/build
make[4]: Leaving directory '/<<BUILDDIR>>package/.obj-x86_64-linux-gnu'
make  -f CMakeFiles/std_srvs_generate_messages_py.dir/build.make CMakeFiles/std_srvs_generate_messages_py.dir/build
make[4]: Entering directory '/<<BUILDDIR>>package/.obj-x86_64-linux-gnu'
make[4]: Nothing to be done for 'CMakeFiles/std_msgs_generate_messages_py.dir/build'.
make[4]: Leaving directory '/<<BUILDDIR>>package/.obj-x86_64-linux-gnu'
make[4]: Entering directory '/<<BUILDDIR>>package/.obj-x86_64-linux-gnu'
make[4]: Nothing to be done for 'CMakeFiles/std_srvs_generate_messages_py.dir/build'.
make[4]: Leaving directory '/<<BUILDDIR>>package/.obj-x86_64-linux-gnu'
[  0%] Built target std_msgs_generate_messages_py
[  0%] Built target geometry_msgs_generate_messages_py
[  0%] Built target std_srvs_generate_messages_py
make  -f CMakeFiles/_turtlesim_generate_messages_check_deps_Color.dir/build.make CMakeFiles/_turtlesim_generate_messages_check_deps_Color.dir/depend
make  -f CMakeFiles/_turtlesim_generate_messages_check_deps_Pose.dir/build.make CMakeFiles/_turtlesim_generate_messages_check_deps_Pose.dir/depend
make  -f CMakeFiles/_turtlesim_generate_messages_check_deps_Kill.dir/build.make CMakeFiles/_turtlesim_generate_messages_check_deps_Kill.dir/depend
make[4]: Entering directory '/<<BUILDDIR>>package/.obj-x86_64-linux-gnu'
cd /<<BUILDDIR>>package/.obj-x86_64-linux-gnu && /usr/bin/cmake -E cmake_depends "Unix Makefiles" /<<BUILDDIR>>package /<<BUILDDIR>>package /<<BUILDDIR>>package/.obj-x86_64-linux-gnu /<<BUILDDIR>>package/.obj-x86_64-linux-gnu /<<BUILDDIR>>package/.obj-x86_64-linux-gnu/CMakeFiles/_turtlesim_generate_messages_check_deps_Color.dir/DependInfo.cmake "--color="
make[4]: Entering directory '/<<BUILDDIR>>package/.obj-x86_64-linux-gnu'
cd /<<BUILDDIR>>package/.obj-x86_64-linux-gnu && /usr/bin/cmake -E cmake_depends "Unix Makefiles" /<<BUILDDIR>>package /<<BUILDDIR>>package /<<BUILDDIR>>package/.obj-x86_64-linux-gnu /<<BUILDDIR>>package/.obj-x86_64-linux-gnu /<<BUILDDIR>>package/.obj-x86_64-linux-gnu/CMakeFiles/_turtlesim_generate_messages_check_deps_Pose.dir/DependInfo.cmake "--color="
make[4]: Entering directory '/<<BUILDDIR>>package/.obj-x86_64-linux-gnu'
cd /<<BUILDDIR>>package/.obj-x86_64-linux-gnu && /usr/bin/cmake -E cmake_depends "Unix Makefiles" /<<BUILDDIR>>package /<<BUILDDIR>>package /<<BUILDDIR>>package/.obj-x86_64-linux-gnu /<<BUILDDIR>>package/.obj-x86_64-linux-gnu /<<BUILDDIR>>package/.obj-x86_64-linux-gnu/CMakeFiles/_turtlesim_generate_messages_check_deps_Kill.dir/DependInfo.cmake "--color="
make[4]: Leaving directory '/<<BUILDDIR>>package/.obj-x86_64-linux-gnu'
make[4]: Leaving directory '/<<BUILDDIR>>package/.obj-x86_64-linux-gnu'
make  -f CMakeFiles/_turtlesim_generate_messages_check_deps_Kill.dir/build.make CMakeFiles/_turtlesim_generate_messages_check_deps_Kill.dir/build
make  -f CMakeFiles/_turtlesim_generate_messages_check_deps_Pose.dir/build.make CMakeFiles/_turtlesim_generate_messages_check_deps_Pose.dir/build
make[4]: Leaving directory '/<<BUILDDIR>>package/.obj-x86_64-linux-gnu'
make[4]: Entering directory '/<<BUILDDIR>>package/.obj-x86_64-linux-gnu'
catkin_generated/env_cached.sh /usr/bin/python3 /opt/ros/one/share/genmsg/cmake/../../../lib/genmsg/genmsg_check_deps.py turtlesim /<<BUILDDIR>>package/srv/Kill.srv 
make  -f CMakeFiles/_turtlesim_generate_messages_check_deps_Color.dir/build.make CMakeFiles/_turtlesim_generate_messages_check_deps_Color.dir/build
make[4]: Entering directory '/<<BUILDDIR>>package/.obj-x86_64-linux-gnu'
catkin_generated/env_cached.sh /usr/bin/python3 /opt/ros/one/share/genmsg/cmake/../../../lib/genmsg/genmsg_check_deps.py turtlesim /<<BUILDDIR>>package/msg/Pose.msg 
make[4]: Entering directory '/<<BUILDDIR>>package/.obj-x86_64-linux-gnu'
catkin_generated/env_cached.sh /usr/bin/python3 /opt/ros/one/share/genmsg/cmake/../../../lib/genmsg/genmsg_check_deps.py turtlesim /<<BUILDDIR>>package/msg/Color.msg 
make[4]: Leaving directory '/<<BUILDDIR>>package/.obj-x86_64-linux-gnu'
[  0%] Built target _turtlesim_generate_messages_check_deps_TeleportRelative
make  -f CMakeFiles/_turtlesim_generate_messages_check_deps_SetPen.dir/build.make CMakeFiles/_turtlesim_generate_messages_check_deps_SetPen.dir/depend
make[4]: Entering directory '/<<BUILDDIR>>package/.obj-x86_64-linux-gnu'
cd /<<BUILDDIR>>package/.obj-x86_64-linux-gnu && /usr/bin/cmake -E cmake_depends "Unix Makefiles" /<<BUILDDIR>>package /<<BUILDDIR>>package /<<BUILDDIR>>package/.obj-x86_64-linux-gnu /<<BUILDDIR>>package/.obj-x86_64-linux-gnu /<<BUILDDIR>>package/.obj-x86_64-linux-gnu/CMakeFiles/_turtlesim_generate_messages_check_deps_SetPen.dir/DependInfo.cmake "--color="
make[4]: Leaving directory '/<<BUILDDIR>>package/.obj-x86_64-linux-gnu'
make[4]: Leaving directory '/<<BUILDDIR>>package/.obj-x86_64-linux-gnu'
make[4]: Leaving directory '/<<BUILDDIR>>package/.obj-x86_64-linux-gnu'
make  -f CMakeFiles/_turtlesim_generate_messages_check_deps_SetPen.dir/build.make CMakeFiles/_turtlesim_generate_messages_check_deps_SetPen.dir/build
make[4]: Leaving directory '/<<BUILDDIR>>package/.obj-x86_64-linux-gnu'
make[4]: Entering directory '/<<BUILDDIR>>package/.obj-x86_64-linux-gnu'
catkin_generated/env_cached.sh /usr/bin/python3 /opt/ros/one/share/genmsg/cmake/../../../lib/genmsg/genmsg_check_deps.py turtlesim /<<BUILDDIR>>package/srv/SetPen.srv 
[  0%] Built target _turtlesim_generate_messages_check_deps_Kill
make  -f CMakeFiles/_turtlesim_generate_messages_check_deps_Spawn.dir/build.make CMakeFiles/_turtlesim_generate_messages_check_deps_Spawn.dir/depend
[  0%] Built target _turtlesim_generate_messages_check_deps_Pose
make[4]: Entering directory '/<<BUILDDIR>>package/.obj-x86_64-linux-gnu'
cd /<<BUILDDIR>>package/.obj-x86_64-linux-gnu && /usr/bin/cmake -E cmake_depends "Unix Makefiles" /<<BUILDDIR>>package /<<BUILDDIR>>package /<<BUILDDIR>>package/.obj-x86_64-linux-gnu /<<BUILDDIR>>package/.obj-x86_64-linux-gnu /<<BUILDDIR>>package/.obj-x86_64-linux-gnu/CMakeFiles/_turtlesim_generate_messages_check_deps_Spawn.dir/DependInfo.cmake "--color="
[  0%] Built target _turtlesim_generate_messages_check_deps_Color
make  -f CMakeFiles/_turtlesim_generate_messages_check_deps_TeleportAbsolute.dir/build.make CMakeFiles/_turtlesim_generate_messages_check_deps_TeleportAbsolute.dir/depend
make  -f CMakeFiles/geometry_msgs_generate_messages_cpp.dir/build.make CMakeFiles/geometry_msgs_generate_messages_cpp.dir/depend
make[4]: Entering directory '/<<BUILDDIR>>package/.obj-x86_64-linux-gnu'
cd /<<BUILDDIR>>package/.obj-x86_64-linux-gnu && /usr/bin/cmake -E cmake_depends "Unix Makefiles" /<<BUILDDIR>>package /<<BUILDDIR>>package /<<BUILDDIR>>package/.obj-x86_64-linux-gnu /<<BUILDDIR>>package/.obj-x86_64-linux-gnu /<<BUILDDIR>>package/.obj-x86_64-linux-gnu/CMakeFiles/_turtlesim_generate_messages_check_deps_TeleportAbsolute.dir/DependInfo.cmake "--color="
make[4]: Entering directory '/<<BUILDDIR>>package/.obj-x86_64-linux-gnu'
cd /<<BUILDDIR>>package/.obj-x86_64-linux-gnu && /usr/bin/cmake -E cmake_depends "Unix Makefiles" /<<BUILDDIR>>package /<<BUILDDIR>>package /<<BUILDDIR>>package/.obj-x86_64-linux-gnu /<<BUILDDIR>>package/.obj-x86_64-linux-gnu /<<BUILDDIR>>package/.obj-x86_64-linux-gnu/CMakeFiles/geometry_msgs_generate_messages_cpp.dir/DependInfo.cmake "--color="
make[4]: Leaving directory '/<<BUILDDIR>>package/.obj-x86_64-linux-gnu'
make  -f CMakeFiles/_turtlesim_generate_messages_check_deps_Spawn.dir/build.make CMakeFiles/_turtlesim_generate_messages_check_deps_Spawn.dir/build
make[4]: Entering directory '/<<BUILDDIR>>package/.obj-x86_64-linux-gnu'
catkin_generated/env_cached.sh /usr/bin/python3 /opt/ros/one/share/genmsg/cmake/../../../lib/genmsg/genmsg_check_deps.py turtlesim /<<BUILDDIR>>package/srv/Spawn.srv 
make[4]: Leaving directory '/<<BUILDDIR>>package/.obj-x86_64-linux-gnu'
make  -f CMakeFiles/_turtlesim_generate_messages_check_deps_TeleportAbsolute.dir/build.make CMakeFiles/_turtlesim_generate_messages_check_deps_TeleportAbsolute.dir/build
make[4]: Entering directory '/<<BUILDDIR>>package/.obj-x86_64-linux-gnu'
catkin_generated/env_cached.sh /usr/bin/python3 /opt/ros/one/share/genmsg/cmake/../../../lib/genmsg/genmsg_check_deps.py turtlesim /<<BUILDDIR>>package/srv/TeleportAbsolute.srv 
make[4]: Leaving directory '/<<BUILDDIR>>package/.obj-x86_64-linux-gnu'
make  -f CMakeFiles/geometry_msgs_generate_messages_cpp.dir/build.make CMakeFiles/geometry_msgs_generate_messages_cpp.dir/build
make[4]: Entering directory '/<<BUILDDIR>>package/.obj-x86_64-linux-gnu'
make[4]: Nothing to be done for 'CMakeFiles/geometry_msgs_generate_messages_cpp.dir/build'.
make[4]: Leaving directory '/<<BUILDDIR>>package/.obj-x86_64-linux-gnu'
[  0%] Built target geometry_msgs_generate_messages_cpp
make  -f CMakeFiles/std_msgs_generate_messages_cpp.dir/build.make CMakeFiles/std_msgs_generate_messages_cpp.dir/depend
make[4]: Entering directory '/<<BUILDDIR>>package/.obj-x86_64-linux-gnu'
cd /<<BUILDDIR>>package/.obj-x86_64-linux-gnu && /usr/bin/cmake -E cmake_depends "Unix Makefiles" /<<BUILDDIR>>package /<<BUILDDIR>>package /<<BUILDDIR>>package/.obj-x86_64-linux-gnu /<<BUILDDIR>>package/.obj-x86_64-linux-gnu /<<BUILDDIR>>package/.obj-x86_64-linux-gnu/CMakeFiles/std_msgs_generate_messages_cpp.dir/DependInfo.cmake "--color="
make[4]: Leaving directory '/<<BUILDDIR>>package/.obj-x86_64-linux-gnu'
make[4]: Leaving directory '/<<BUILDDIR>>package/.obj-x86_64-linux-gnu'
make  -f CMakeFiles/std_msgs_generate_messages_cpp.dir/build.make CMakeFiles/std_msgs_generate_messages_cpp.dir/build
make[4]: Entering directory '/<<BUILDDIR>>package/.obj-x86_64-linux-gnu'
make[4]: Nothing to be done for 'CMakeFiles/std_msgs_generate_messages_cpp.dir/build'.
make[4]: Leaving directory '/<<BUILDDIR>>package/.obj-x86_64-linux-gnu'
[  0%] Built target _turtlesim_generate_messages_check_deps_SetPen
make  -f CMakeFiles/std_srvs_generate_messages_cpp.dir/build.make CMakeFiles/std_srvs_generate_messages_cpp.dir/depend
make[4]: Entering directory '/<<BUILDDIR>>package/.obj-x86_64-linux-gnu'
cd /<<BUILDDIR>>package/.obj-x86_64-linux-gnu && /usr/bin/cmake -E cmake_depends "Unix Makefiles" /<<BUILDDIR>>package /<<BUILDDIR>>package /<<BUILDDIR>>package/.obj-x86_64-linux-gnu /<<BUILDDIR>>package/.obj-x86_64-linux-gnu /<<BUILDDIR>>package/.obj-x86_64-linux-gnu/CMakeFiles/std_srvs_generate_messages_cpp.dir/DependInfo.cmake "--color="
[  0%] Built target std_msgs_generate_messages_cpp
make  -f CMakeFiles/geometry_msgs_generate_messages_eus.dir/build.make CMakeFiles/geometry_msgs_generate_messages_eus.dir/depend
make[4]: Entering directory '/<<BUILDDIR>>package/.obj-x86_64-linux-gnu'
cd /<<BUILDDIR>>package/.obj-x86_64-linux-gnu && /usr/bin/cmake -E cmake_depends "Unix Makefiles" /<<BUILDDIR>>package /<<BUILDDIR>>package /<<BUILDDIR>>package/.obj-x86_64-linux-gnu /<<BUILDDIR>>package/.obj-x86_64-linux-gnu /<<BUILDDIR>>package/.obj-x86_64-linux-gnu/CMakeFiles/geometry_msgs_generate_messages_eus.dir/DependInfo.cmake "--color="
make[4]: Leaving directory '/<<BUILDDIR>>package/.obj-x86_64-linux-gnu'
make[4]: Leaving directory '/<<BUILDDIR>>package/.obj-x86_64-linux-gnu'
make  -f CMakeFiles/std_srvs_generate_messages_cpp.dir/build.make CMakeFiles/std_srvs_generate_messages_cpp.dir/build
make[4]: Entering directory '/<<BUILDDIR>>package/.obj-x86_64-linux-gnu'
make[4]: Nothing to be done for 'CMakeFiles/std_srvs_generate_messages_cpp.dir/build'.
make[4]: Leaving directory '/<<BUILDDIR>>package/.obj-x86_64-linux-gnu'
[  0%] Built target _turtlesim_generate_messages_check_deps_Spawn
make  -f CMakeFiles/std_msgs_generate_messages_eus.dir/build.make CMakeFiles/std_msgs_generate_messages_eus.dir/depend
make[4]: Leaving directory '/<<BUILDDIR>>package/.obj-x86_64-linux-gnu'
make  -f CMakeFiles/geometry_msgs_generate_messages_eus.dir/build.make CMakeFiles/geometry_msgs_generate_messages_eus.dir/build
make[4]: Entering directory '/<<BUILDDIR>>package/.obj-x86_64-linux-gnu'
cd /<<BUILDDIR>>package/.obj-x86_64-linux-gnu && /usr/bin/cmake -E cmake_depends "Unix Makefiles" /<<BUILDDIR>>package /<<BUILDDIR>>package /<<BUILDDIR>>package/.obj-x86_64-linux-gnu /<<BUILDDIR>>package/.obj-x86_64-linux-gnu /<<BUILDDIR>>package/.obj-x86_64-linux-gnu/CMakeFiles/std_msgs_generate_messages_eus.dir/DependInfo.cmake "--color="
make[4]: Entering directory '/<<BUILDDIR>>package/.obj-x86_64-linux-gnu'
make[4]: Nothing to be done for 'CMakeFiles/geometry_msgs_generate_messages_eus.dir/build'.
make[4]: Leaving directory '/<<BUILDDIR>>package/.obj-x86_64-linux-gnu'
make[4]: Leaving directory '/<<BUILDDIR>>package/.obj-x86_64-linux-gnu'
[  0%] Built target std_srvs_generate_messages_cpp
make  -f CMakeFiles/std_srvs_generate_messages_eus.dir/build.make CMakeFiles/std_srvs_generate_messages_eus.dir/depend
make[4]: Entering directory '/<<BUILDDIR>>package/.obj-x86_64-linux-gnu'
cd /<<BUILDDIR>>package/.obj-x86_64-linux-gnu && /usr/bin/cmake -E cmake_depends "Unix Makefiles" /<<BUILDDIR>>package /<<BUILDDIR>>package /<<BUILDDIR>>package/.obj-x86_64-linux-gnu /<<BUILDDIR>>package/.obj-x86_64-linux-gnu /<<BUILDDIR>>package/.obj-x86_64-linux-gnu/CMakeFiles/std_srvs_generate_messages_eus.dir/DependInfo.cmake "--color="
make[4]: Leaving directory '/<<BUILDDIR>>package/.obj-x86_64-linux-gnu'
make  -f CMakeFiles/std_msgs_generate_messages_eus.dir/build.make CMakeFiles/std_msgs_generate_messages_eus.dir/build
[  0%] Built target _turtlesim_generate_messages_check_deps_TeleportAbsolute
make[4]: Entering directory '/<<BUILDDIR>>package/.obj-x86_64-linux-gnu'
make[4]: Nothing to be done for 'CMakeFiles/std_msgs_generate_messages_eus.dir/build'.
make[4]: Leaving directory '/<<BUILDDIR>>package/.obj-x86_64-linux-gnu'
make  -f CMakeFiles/geometry_msgs_generate_messages_lisp.dir/build.make CMakeFiles/geometry_msgs_generate_messages_lisp.dir/depend
[  0%] Built target geometry_msgs_generate_messages_eus
make[4]: Entering directory '/<<BUILDDIR>>package/.obj-x86_64-linux-gnu'
cd /<<BUILDDIR>>package/.obj-x86_64-linux-gnu && /usr/bin/cmake -E cmake_depends "Unix Makefiles" /<<BUILDDIR>>package /<<BUILDDIR>>package /<<BUILDDIR>>package/.obj-x86_64-linux-gnu /<<BUILDDIR>>package/.obj-x86_64-linux-gnu /<<BUILDDIR>>package/.obj-x86_64-linux-gnu/CMakeFiles/geometry_msgs_generate_messages_lisp.dir/DependInfo.cmake "--color="
make  -f CMakeFiles/std_msgs_generate_messages_lisp.dir/build.make CMakeFiles/std_msgs_generate_messages_lisp.dir/depend
make[4]: Entering directory '/<<BUILDDIR>>package/.obj-x86_64-linux-gnu'
cd /<<BUILDDIR>>package/.obj-x86_64-linux-gnu && /usr/bin/cmake -E cmake_depends "Unix Makefiles" /<<BUILDDIR>>package /<<BUILDDIR>>package /<<BUILDDIR>>package/.obj-x86_64-linux-gnu /<<BUILDDIR>>package/.obj-x86_64-linux-gnu /<<BUILDDIR>>package/.obj-x86_64-linux-gnu/CMakeFiles/std_msgs_generate_messages_lisp.dir/DependInfo.cmake "--color="
make[4]: Leaving directory '/<<BUILDDIR>>package/.obj-x86_64-linux-gnu'
make  -f CMakeFiles/std_srvs_generate_messages_eus.dir/build.make CMakeFiles/std_srvs_generate_messages_eus.dir/build
make[4]: Entering directory '/<<BUILDDIR>>package/.obj-x86_64-linux-gnu'
make[4]: Nothing to be done for 'CMakeFiles/std_srvs_generate_messages_eus.dir/build'.
make[4]: Leaving directory '/<<BUILDDIR>>package/.obj-x86_64-linux-gnu'
[  0%] Built target std_msgs_generate_messages_eus
make[4]: Leaving directory '/<<BUILDDIR>>package/.obj-x86_64-linux-gnu'
make  -f CMakeFiles/geometry_msgs_generate_messages_lisp.dir/build.make CMakeFiles/geometry_msgs_generate_messages_lisp.dir/build
make  -f CMakeFiles/std_srvs_generate_messages_lisp.dir/build.make CMakeFiles/std_srvs_generate_messages_lisp.dir/depend
make[4]: Entering directory '/<<BUILDDIR>>package/.obj-x86_64-linux-gnu'
make[4]: Nothing to be done for 'CMakeFiles/geometry_msgs_generate_messages_lisp.dir/build'.
make[4]: Leaving directory '/<<BUILDDIR>>package/.obj-x86_64-linux-gnu'
make[4]: Leaving directory '/<<BUILDDIR>>package/.obj-x86_64-linux-gnu'
make[4]: Entering directory '/<<BUILDDIR>>package/.obj-x86_64-linux-gnu'
make  -f CMakeFiles/std_msgs_generate_messages_lisp.dir/build.make CMakeFiles/std_msgs_generate_messages_lisp.dir/build
cd /<<BUILDDIR>>package/.obj-x86_64-linux-gnu && /usr/bin/cmake -E cmake_depends "Unix Makefiles" /<<BUILDDIR>>package /<<BUILDDIR>>package /<<BUILDDIR>>package/.obj-x86_64-linux-gnu /<<BUILDDIR>>package/.obj-x86_64-linux-gnu /<<BUILDDIR>>package/.obj-x86_64-linux-gnu/CMakeFiles/std_srvs_generate_messages_lisp.dir/DependInfo.cmake "--color="
[  0%] Built target std_srvs_generate_messages_eus
make[4]: Entering directory '/<<BUILDDIR>>package/.obj-x86_64-linux-gnu'
make[4]: Nothing to be done for 'CMakeFiles/std_msgs_generate_messages_lisp.dir/build'.
make[4]: Leaving directory '/<<BUILDDIR>>package/.obj-x86_64-linux-gnu'
make  -f CMakeFiles/geometry_msgs_generate_messages_nodejs.dir/build.make CMakeFiles/geometry_msgs_generate_messages_nodejs.dir/depend
make[4]: Entering directory '/<<BUILDDIR>>package/.obj-x86_64-linux-gnu'
cd /<<BUILDDIR>>package/.obj-x86_64-linux-gnu && /usr/bin/cmake -E cmake_depends "Unix Makefiles" /<<BUILDDIR>>package /<<BUILDDIR>>package /<<BUILDDIR>>package/.obj-x86_64-linux-gnu /<<BUILDDIR>>package/.obj-x86_64-linux-gnu /<<BUILDDIR>>package/.obj-x86_64-linux-gnu/CMakeFiles/geometry_msgs_generate_messages_nodejs.dir/DependInfo.cmake "--color="
[  0%] Built target geometry_msgs_generate_messages_lisp
[  0%] Built target std_msgs_generate_messages_lisp
make[4]: Leaving directory '/<<BUILDDIR>>package/.obj-x86_64-linux-gnu'
make  -f CMakeFiles/std_msgs_generate_messages_nodejs.dir/build.make CMakeFiles/std_msgs_generate_messages_nodejs.dir/depend
make  -f CMakeFiles/std_srvs_generate_messages_lisp.dir/build.make CMakeFiles/std_srvs_generate_messages_lisp.dir/build
make[4]: Entering directory '/<<BUILDDIR>>package/.obj-x86_64-linux-gnu'
cd /<<BUILDDIR>>package/.obj-x86_64-linux-gnu && /usr/bin/cmake -E cmake_depends "Unix Makefiles" /<<BUILDDIR>>package /<<BUILDDIR>>package /<<BUILDDIR>>package/.obj-x86_64-linux-gnu /<<BUILDDIR>>package/.obj-x86_64-linux-gnu /<<BUILDDIR>>package/.obj-x86_64-linux-gnu/CMakeFiles/std_msgs_generate_messages_nodejs.dir/DependInfo.cmake "--color="
make  -f CMakeFiles/std_srvs_generate_messages_nodejs.dir/build.make CMakeFiles/std_srvs_generate_messages_nodejs.dir/depend
make[4]: Entering directory '/<<BUILDDIR>>package/.obj-x86_64-linux-gnu'
make[4]: Nothing to be done for 'CMakeFiles/std_srvs_generate_messages_lisp.dir/build'.
make[4]: Leaving directory '/<<BUILDDIR>>package/.obj-x86_64-linux-gnu'
make[4]: Leaving directory '/<<BUILDDIR>>package/.obj-x86_64-linux-gnu'
make  -f CMakeFiles/geometry_msgs_generate_messages_nodejs.dir/build.make CMakeFiles/geometry_msgs_generate_messages_nodejs.dir/build
make[4]: Entering directory '/<<BUILDDIR>>package/.obj-x86_64-linux-gnu'
cd /<<BUILDDIR>>package/.obj-x86_64-linux-gnu && /usr/bin/cmake -E cmake_depends "Unix Makefiles" /<<BUILDDIR>>package /<<BUILDDIR>>package /<<BUILDDIR>>package/.obj-x86_64-linux-gnu /<<BUILDDIR>>package/.obj-x86_64-linux-gnu /<<BUILDDIR>>package/.obj-x86_64-linux-gnu/CMakeFiles/std_srvs_generate_messages_nodejs.dir/DependInfo.cmake "--color="
make[4]: Entering directory '/<<BUILDDIR>>package/.obj-x86_64-linux-gnu'
make[4]: Nothing to be done for 'CMakeFiles/geometry_msgs_generate_messages_nodejs.dir/build'.
make[4]: Leaving directory '/<<BUILDDIR>>package/.obj-x86_64-linux-gnu'
[  0%] Built target std_srvs_generate_messages_lisp
make  -f CMakeFiles/turtlesim_generate_messages_py.dir/build.make CMakeFiles/turtlesim_generate_messages_py.dir/depend
make[4]: Leaving directory '/<<BUILDDIR>>package/.obj-x86_64-linux-gnu'
make  -f CMakeFiles/std_msgs_generate_messages_nodejs.dir/build.make CMakeFiles/std_msgs_generate_messages_nodejs.dir/build
make[4]: Entering directory '/<<BUILDDIR>>package/.obj-x86_64-linux-gnu'
cd /<<BUILDDIR>>package/.obj-x86_64-linux-gnu && /usr/bin/cmake -E cmake_depends "Unix Makefiles" /<<BUILDDIR>>package /<<BUILDDIR>>package /<<BUILDDIR>>package/.obj-x86_64-linux-gnu /<<BUILDDIR>>package/.obj-x86_64-linux-gnu /<<BUILDDIR>>package/.obj-x86_64-linux-gnu/CMakeFiles/turtlesim_generate_messages_py.dir/DependInfo.cmake "--color="
make[4]: Entering directory '/<<BUILDDIR>>package/.obj-x86_64-linux-gnu'
make[4]: Nothing to be done for 'CMakeFiles/std_msgs_generate_messages_nodejs.dir/build'.
make[4]: Leaving directory '/<<BUILDDIR>>package/.obj-x86_64-linux-gnu'
make[4]: Leaving directory '/<<BUILDDIR>>package/.obj-x86_64-linux-gnu'
make  -f CMakeFiles/std_srvs_generate_messages_nodejs.dir/build.make CMakeFiles/std_srvs_generate_messages_nodejs.dir/build
[  0%] Built target geometry_msgs_generate_messages_nodejs
make  -f CMakeFiles/turtlesim_generate_messages_cpp.dir/build.make CMakeFiles/turtlesim_generate_messages_cpp.dir/depend
make[4]: Entering directory '/<<BUILDDIR>>package/.obj-x86_64-linux-gnu'
make[4]: Nothing to be done for 'CMakeFiles/std_srvs_generate_messages_nodejs.dir/build'.
make[4]: Leaving directory '/<<BUILDDIR>>package/.obj-x86_64-linux-gnu'
make[4]: Entering directory '/<<BUILDDIR>>package/.obj-x86_64-linux-gnu'
cd /<<BUILDDIR>>package/.obj-x86_64-linux-gnu && /usr/bin/cmake -E cmake_depends "Unix Makefiles" /<<BUILDDIR>>package /<<BUILDDIR>>package /<<BUILDDIR>>package/.obj-x86_64-linux-gnu /<<BUILDDIR>>package/.obj-x86_64-linux-gnu /<<BUILDDIR>>package/.obj-x86_64-linux-gnu/CMakeFiles/turtlesim_generate_messages_cpp.dir/DependInfo.cmake "--color="
[  0%] Built target std_msgs_generate_messages_nodejs
make[4]: Leaving directory '/<<BUILDDIR>>package/.obj-x86_64-linux-gnu'
make  -f CMakeFiles/turtlesim_generate_messages_py.dir/build.make CMakeFiles/turtlesim_generate_messages_py.dir/build
make  -f CMakeFiles/turtlesim_generate_messages_eus.dir/build.make CMakeFiles/turtlesim_generate_messages_eus.dir/depend
make[4]: Entering directory '/<<BUILDDIR>>package/.obj-x86_64-linux-gnu'
make[4]: Entering directory '/<<BUILDDIR>>package/.obj-x86_64-linux-gnu'
cd /<<BUILDDIR>>package/.obj-x86_64-linux-gnu && /usr/bin/cmake -E cmake_depends "Unix Makefiles" /<<BUILDDIR>>package /<<BUILDDIR>>package /<<BUILDDIR>>package/.obj-x86_64-linux-gnu /<<BUILDDIR>>package/.obj-x86_64-linux-gnu /<<BUILDDIR>>package/.obj-x86_64-linux-gnu/CMakeFiles/turtlesim_generate_messages_eus.dir/DependInfo.cmake "--color="
[  0%] Built target std_srvs_generate_messages_nodejs
make[4]: Leaving directory '/<<BUILDDIR>>package/.obj-x86_64-linux-gnu'
make  -f CMakeFiles/turtlesim_generate_messages_cpp.dir/build.make CMakeFiles/turtlesim_generate_messages_cpp.dir/build
make[4]: Entering directory '/<<BUILDDIR>>package/.obj-x86_64-linux-gnu'
[  2%] Generating Python from MSG turtlesim/Color
catkin_generated/env_cached.sh /usr/bin/python3 /opt/ros/one/share/genpy/cmake/../../../lib/genpy/genmsg_py.py /<<BUILDDIR>>package/msg/Color.msg -Iturtlesim:/<<BUILDDIR>>package/msg -Igeometry_msgs:/opt/ros/one/share/geometry_msgs/cmake/../msg -Istd_msgs:/opt/ros/one/share/std_msgs/cmake/../msg -p turtlesim -o /<<BUILDDIR>>package/.obj-x86_64-linux-gnu/devel/lib/python3/dist-packages/turtlesim/msg
make[4]: Leaving directory '/<<BUILDDIR>>package/.obj-x86_64-linux-gnu'
make  -f CMakeFiles/turtlesim_generate_messages_eus.dir/build.make CMakeFiles/turtlesim_generate_messages_eus.dir/build
make[4]: Entering directory '/<<BUILDDIR>>package/.obj-x86_64-linux-gnu'
[  4%] Generating Python from MSG turtlesim/Pose
catkin_generated/env_cached.sh /usr/bin/python3 /opt/ros/one/share/genpy/cmake/../../../lib/genpy/genmsg_py.py /<<BUILDDIR>>package/msg/Pose.msg -Iturtlesim:/<<BUILDDIR>>package/msg -Igeometry_msgs:/opt/ros/one/share/geometry_msgs/cmake/../msg -Istd_msgs:/opt/ros/one/share/std_msgs/cmake/../msg -p turtlesim -o /<<BUILDDIR>>package/.obj-x86_64-linux-gnu/devel/lib/python3/dist-packages/turtlesim/msg
[  6%] Generating C++ code from turtlesim/Color.msg
cd /<<BUILDDIR>>package && /<<BUILDDIR>>package/.obj-x86_64-linux-gnu/catkin_generated/env_cached.sh /usr/bin/python3 /opt/ros/one/share/gencpp/cmake/../../../lib/gencpp/gen_cpp.py /<<BUILDDIR>>package/msg/Color.msg -Iturtlesim:/<<BUILDDIR>>package/msg -Igeometry_msgs:/opt/ros/one/share/geometry_msgs/cmake/../msg -Istd_msgs:/opt/ros/one/share/std_msgs/cmake/../msg -p turtlesim -o /<<BUILDDIR>>package/.obj-x86_64-linux-gnu/devel/include/turtlesim -e /opt/ros/one/share/gencpp/cmake/..
[  8%] Generating EusLisp code from turtlesim/Color.msg
catkin_generated/env_cached.sh /usr/bin/python3 /opt/ros/one/share/geneus/cmake/../../../lib/geneus/gen_eus.py /<<BUILDDIR>>package/msg/Color.msg -Iturtlesim:/<<BUILDDIR>>package/msg -Igeometry_msgs:/opt/ros/one/share/geometry_msgs/cmake/../msg -Istd_msgs:/opt/ros/one/share/std_msgs/cmake/../msg -p turtlesim -o /<<BUILDDIR>>package/.obj-x86_64-linux-gnu/devel/share/roseus/ros/turtlesim/msg
[ 10%] Generating C++ code from turtlesim/Pose.msg
cd /<<BUILDDIR>>package && /<<BUILDDIR>>package/.obj-x86_64-linux-gnu/catkin_generated/env_cached.sh /usr/bin/python3 /opt/ros/one/share/gencpp/cmake/../../../lib/gencpp/gen_cpp.py /<<BUILDDIR>>package/msg/Pose.msg -Iturtlesim:/<<BUILDDIR>>package/msg -Igeometry_msgs:/opt/ros/one/share/geometry_msgs/cmake/../msg -Istd_msgs:/opt/ros/one/share/std_msgs/cmake/../msg -p turtlesim -o /<<BUILDDIR>>package/.obj-x86_64-linux-gnu/devel/include/turtlesim -e /opt/ros/one/share/gencpp/cmake/..
[ 12%] Generating Python code from SRV turtlesim/Kill
catkin_generated/env_cached.sh /usr/bin/python3 /opt/ros/one/share/genpy/cmake/../../../lib/genpy/gensrv_py.py /<<BUILDDIR>>package/srv/Kill.srv -Iturtlesim:/<<BUILDDIR>>package/msg -Igeometry_msgs:/opt/ros/one/share/geometry_msgs/cmake/../msg -Istd_msgs:/opt/ros/one/share/std_msgs/cmake/../msg -p turtlesim -o /<<BUILDDIR>>package/.obj-x86_64-linux-gnu/devel/lib/python3/dist-packages/turtlesim/srv
[ 14%] Generating Python code from SRV turtlesim/SetPen
catkin_generated/env_cached.sh /usr/bin/python3 /opt/ros/one/share/genpy/cmake/../../../lib/genpy/gensrv_py.py /<<BUILDDIR>>package/srv/SetPen.srv -Iturtlesim:/<<BUILDDIR>>package/msg -Igeometry_msgs:/opt/ros/one/share/geometry_msgs/cmake/../msg -Istd_msgs:/opt/ros/one/share/std_msgs/cmake/../msg -p turtlesim -o /<<BUILDDIR>>package/.obj-x86_64-linux-gnu/devel/lib/python3/dist-packages/turtlesim/srv
[ 16%] Generating EusLisp code from turtlesim/Pose.msg
catkin_generated/env_cached.sh /usr/bin/python3 /opt/ros/one/share/geneus/cmake/../../../lib/geneus/gen_eus.py /<<BUILDDIR>>package/msg/Pose.msg -Iturtlesim:/<<BUILDDIR>>package/msg -Igeometry_msgs:/opt/ros/one/share/geometry_msgs/cmake/../msg -Istd_msgs:/opt/ros/one/share/std_msgs/cmake/../msg -p turtlesim -o /<<BUILDDIR>>package/.obj-x86_64-linux-gnu/devel/share/roseus/ros/turtlesim/msg
make  -f CMakeFiles/turtlesim_generate_messages_lisp.dir/build.make CMakeFiles/turtlesim_generate_messages_lisp.dir/depend
make[4]: Entering directory '/<<BUILDDIR>>package/.obj-x86_64-linux-gnu'
cd /<<BUILDDIR>>package/.obj-x86_64-linux-gnu && /usr/bin/cmake -E cmake_depends "Unix Makefiles" /<<BUILDDIR>>package /<<BUILDDIR>>package /<<BUILDDIR>>package/.obj-x86_64-linux-gnu /<<BUILDDIR>>package/.obj-x86_64-linux-gnu /<<BUILDDIR>>package/.obj-x86_64-linux-gnu/CMakeFiles/turtlesim_generate_messages_lisp.dir/DependInfo.cmake "--color="
make[4]: Leaving directory '/<<BUILDDIR>>package/.obj-x86_64-linux-gnu'
make  -f CMakeFiles/turtlesim_generate_messages_lisp.dir/build.make CMakeFiles/turtlesim_generate_messages_lisp.dir/build
make[4]: Entering directory '/<<BUILDDIR>>package/.obj-x86_64-linux-gnu'
[ 20%] Generating Lisp code from turtlesim/Color.msg
[ 20%] Generating C++ code from turtlesim/Kill.srv
cd /<<BUILDDIR>>package && /<<BUILDDIR>>package/.obj-x86_64-linux-gnu/catkin_generated/env_cached.sh /usr/bin/python3 /opt/ros/one/share/gencpp/cmake/../../../lib/gencpp/gen_cpp.py /<<BUILDDIR>>package/srv/Kill.srv -Iturtlesim:/<<BUILDDIR>>package/msg -Igeometry_msgs:/opt/ros/one/share/geometry_msgs/cmake/../msg -Istd_msgs:/opt/ros/one/share/std_msgs/cmake/../msg -p turtlesim -o /<<BUILDDIR>>package/.obj-x86_64-linux-gnu/devel/include/turtlesim -e /opt/ros/one/share/gencpp/cmake/..
catkin_generated/env_cached.sh /usr/bin/python3 /opt/ros/one/share/genlisp/cmake/../../../lib/genlisp/gen_lisp.py /<<BUILDDIR>>package/msg/Color.msg -Iturtlesim:/<<BUILDDIR>>package/msg -Igeometry_msgs:/opt/ros/one/share/geometry_msgs/cmake/../msg -Istd_msgs:/opt/ros/one/share/std_msgs/cmake/../msg -p turtlesim -o /<<BUILDDIR>>package/.obj-x86_64-linux-gnu/devel/share/common-lisp/ros/turtlesim/msg
[ 22%] Generating Python code from SRV turtlesim/Spawn
catkin_generated/env_cached.sh /usr/bin/python3 /opt/ros/one/share/genpy/cmake/../../../lib/genpy/gensrv_py.py /<<BUILDDIR>>package/srv/Spawn.srv -Iturtlesim:/<<BUILDDIR>>package/msg -Igeometry_msgs:/opt/ros/one/share/geometry_msgs/cmake/../msg -Istd_msgs:/opt/ros/one/share/std_msgs/cmake/../msg -p turtlesim -o /<<BUILDDIR>>package/.obj-x86_64-linux-gnu/devel/lib/python3/dist-packages/turtlesim/srv
[ 24%] Generating EusLisp code from turtlesim/Kill.srv
catkin_generated/env_cached.sh /usr/bin/python3 /opt/ros/one/share/geneus/cmake/../../../lib/geneus/gen_eus.py /<<BUILDDIR>>package/srv/Kill.srv -Iturtlesim:/<<BUILDDIR>>package/msg -Igeometry_msgs:/opt/ros/one/share/geometry_msgs/cmake/../msg -Istd_msgs:/opt/ros/one/share/std_msgs/cmake/../msg -p turtlesim -o /<<BUILDDIR>>package/.obj-x86_64-linux-gnu/devel/share/roseus/ros/turtlesim/srv
[ 26%] Generating Lisp code from turtlesim/Pose.msg
catkin_generated/env_cached.sh /usr/bin/python3 /opt/ros/one/share/genlisp/cmake/../../../lib/genlisp/gen_lisp.py /<<BUILDDIR>>package/msg/Pose.msg -Iturtlesim:/<<BUILDDIR>>package/msg -Igeometry_msgs:/opt/ros/one/share/geometry_msgs/cmake/../msg -Istd_msgs:/opt/ros/one/share/std_msgs/cmake/../msg -p turtlesim -o /<<BUILDDIR>>package/.obj-x86_64-linux-gnu/devel/share/common-lisp/ros/turtlesim/msg
[ 28%] Generating Python code from SRV turtlesim/TeleportAbsolute
catkin_generated/env_cached.sh /usr/bin/python3 /opt/ros/one/share/genpy/cmake/../../../lib/genpy/gensrv_py.py /<<BUILDDIR>>package/srv/TeleportAbsolute.srv -Iturtlesim:/<<BUILDDIR>>package/msg -Igeometry_msgs:/opt/ros/one/share/geometry_msgs/cmake/../msg -Istd_msgs:/opt/ros/one/share/std_msgs/cmake/../msg -p turtlesim -o /<<BUILDDIR>>package/.obj-x86_64-linux-gnu/devel/lib/python3/dist-packages/turtlesim/srv
[ 30%] Generating Lisp code from turtlesim/Kill.srv
catkin_generated/env_cached.sh /usr/bin/python3 /opt/ros/one/share/genlisp/cmake/../../../lib/genlisp/gen_lisp.py /<<BUILDDIR>>package/srv/Kill.srv -Iturtlesim:/<<BUILDDIR>>package/msg -Igeometry_msgs:/opt/ros/one/share/geometry_msgs/cmake/../msg -Istd_msgs:/opt/ros/one/share/std_msgs/cmake/../msg -p turtlesim -o /<<BUILDDIR>>package/.obj-x86_64-linux-gnu/devel/share/common-lisp/ros/turtlesim/srv
[ 32%] Generating C++ code from turtlesim/SetPen.srv
cd /<<BUILDDIR>>package && /<<BUILDDIR>>package/.obj-x86_64-linux-gnu/catkin_generated/env_cached.sh /usr/bin/python3 /opt/ros/one/share/gencpp/cmake/../../../lib/gencpp/gen_cpp.py /<<BUILDDIR>>package/srv/SetPen.srv -Iturtlesim:/<<BUILDDIR>>package/msg -Igeometry_msgs:/opt/ros/one/share/geometry_msgs/cmake/../msg -Istd_msgs:/opt/ros/one/share/std_msgs/cmake/../msg -p turtlesim -o /<<BUILDDIR>>package/.obj-x86_64-linux-gnu/devel/include/turtlesim -e /opt/ros/one/share/gencpp/cmake/..
[ 34%] Generating EusLisp code from turtlesim/SetPen.srv
catkin_generated/env_cached.sh /usr/bin/python3 /opt/ros/one/share/geneus/cmake/../../../lib/geneus/gen_eus.py /<<BUILDDIR>>package/srv/SetPen.srv -Iturtlesim:/<<BUILDDIR>>package/msg -Igeometry_msgs:/opt/ros/one/share/geometry_msgs/cmake/../msg -Istd_msgs:/opt/ros/one/share/std_msgs/cmake/../msg -p turtlesim -o /<<BUILDDIR>>package/.obj-x86_64-linux-gnu/devel/share/roseus/ros/turtlesim/srv
[ 36%] Generating Python code from SRV turtlesim/TeleportRelative
catkin_generated/env_cached.sh /usr/bin/python3 /opt/ros/one/share/genpy/cmake/../../../lib/genpy/gensrv_py.py /<<BUILDDIR>>package/srv/TeleportRelative.srv -Iturtlesim:/<<BUILDDIR>>package/msg -Igeometry_msgs:/opt/ros/one/share/geometry_msgs/cmake/../msg -Istd_msgs:/opt/ros/one/share/std_msgs/cmake/../msg -p turtlesim -o /<<BUILDDIR>>package/.obj-x86_64-linux-gnu/devel/lib/python3/dist-packages/turtlesim/srv
[ 38%] Generating Lisp code from turtlesim/SetPen.srv
catkin_generated/env_cached.sh /usr/bin/python3 /opt/ros/one/share/genlisp/cmake/../../../lib/genlisp/gen_lisp.py /<<BUILDDIR>>package/srv/SetPen.srv -Iturtlesim:/<<BUILDDIR>>package/msg -Igeometry_msgs:/opt/ros/one/share/geometry_msgs/cmake/../msg -Istd_msgs:/opt/ros/one/share/std_msgs/cmake/../msg -p turtlesim -o /<<BUILDDIR>>package/.obj-x86_64-linux-gnu/devel/share/common-lisp/ros/turtlesim/srv
[ 40%] Generating Python msg __init__.py for turtlesim
catkin_generated/env_cached.sh /usr/bin/python3 /opt/ros/one/share/genpy/cmake/../../../lib/genpy/genmsg_py.py -o /<<BUILDDIR>>package/.obj-x86_64-linux-gnu/devel/lib/python3/dist-packages/turtlesim/msg --initpy
[ 42%] Generating Lisp code from turtlesim/Spawn.srv
catkin_generated/env_cached.sh /usr/bin/python3 /opt/ros/one/share/genlisp/cmake/../../../lib/genlisp/gen_lisp.py /<<BUILDDIR>>package/srv/Spawn.srv -Iturtlesim:/<<BUILDDIR>>package/msg -Igeometry_msgs:/opt/ros/one/share/geometry_msgs/cmake/../msg -Istd_msgs:/opt/ros/one/share/std_msgs/cmake/../msg -p turtlesim -o /<<BUILDDIR>>package/.obj-x86_64-linux-gnu/devel/share/common-lisp/ros/turtlesim/srv
[ 44%] Generating EusLisp code from turtlesim/Spawn.srv
catkin_generated/env_cached.sh /usr/bin/python3 /opt/ros/one/share/geneus/cmake/../../../lib/geneus/gen_eus.py /<<BUILDDIR>>package/srv/Spawn.srv -Iturtlesim:/<<BUILDDIR>>package/msg -Igeometry_msgs:/opt/ros/one/share/geometry_msgs/cmake/../msg -Istd_msgs:/opt/ros/one/share/std_msgs/cmake/../msg -p turtlesim -o /<<BUILDDIR>>package/.obj-x86_64-linux-gnu/devel/share/roseus/ros/turtlesim/srv
[ 46%] Generating C++ code from turtlesim/Spawn.srv
cd /<<BUILDDIR>>package && /<<BUILDDIR>>package/.obj-x86_64-linux-gnu/catkin_generated/env_cached.sh /usr/bin/python3 /opt/ros/one/share/gencpp/cmake/../../../lib/gencpp/gen_cpp.py /<<BUILDDIR>>package/srv/Spawn.srv -Iturtlesim:/<<BUILDDIR>>package/msg -Igeometry_msgs:/opt/ros/one/share/geometry_msgs/cmake/../msg -Istd_msgs:/opt/ros/one/share/std_msgs/cmake/../msg -p turtlesim -o /<<BUILDDIR>>package/.obj-x86_64-linux-gnu/devel/include/turtlesim -e /opt/ros/one/share/gencpp/cmake/..
[ 48%] Generating Lisp code from turtlesim/TeleportAbsolute.srv
catkin_generated/env_cached.sh /usr/bin/python3 /opt/ros/one/share/genlisp/cmake/../../../lib/genlisp/gen_lisp.py /<<BUILDDIR>>package/srv/TeleportAbsolute.srv -Iturtlesim:/<<BUILDDIR>>package/msg -Igeometry_msgs:/opt/ros/one/share/geometry_msgs/cmake/../msg -Istd_msgs:/opt/ros/one/share/std_msgs/cmake/../msg -p turtlesim -o /<<BUILDDIR>>package/.obj-x86_64-linux-gnu/devel/share/common-lisp/ros/turtlesim/srv
[ 50%] Generating Python srv __init__.py for turtlesim
catkin_generated/env_cached.sh /usr/bin/python3 /opt/ros/one/share/genpy/cmake/../../../lib/genpy/genmsg_py.py -o /<<BUILDDIR>>package/.obj-x86_64-linux-gnu/devel/lib/python3/dist-packages/turtlesim/srv --initpy
[ 52%] Generating EusLisp code from turtlesim/TeleportAbsolute.srv
catkin_generated/env_cached.sh /usr/bin/python3 /opt/ros/one/share/geneus/cmake/../../../lib/geneus/gen_eus.py /<<BUILDDIR>>package/srv/TeleportAbsolute.srv -Iturtlesim:/<<BUILDDIR>>package/msg -Igeometry_msgs:/opt/ros/one/share/geometry_msgs/cmake/../msg -Istd_msgs:/opt/ros/one/share/std_msgs/cmake/../msg -p turtlesim -o /<<BUILDDIR>>package/.obj-x86_64-linux-gnu/devel/share/roseus/ros/turtlesim/srv
[ 54%] Generating Lisp code from turtlesim/TeleportRelative.srv
catkin_generated/env_cached.sh /usr/bin/python3 /opt/ros/one/share/genlisp/cmake/../../../lib/genlisp/gen_lisp.py /<<BUILDDIR>>package/srv/TeleportRelative.srv -Iturtlesim:/<<BUILDDIR>>package/msg -Igeometry_msgs:/opt/ros/one/share/geometry_msgs/cmake/../msg -Istd_msgs:/opt/ros/one/share/std_msgs/cmake/../msg -p turtlesim -o /<<BUILDDIR>>package/.obj-x86_64-linux-gnu/devel/share/common-lisp/ros/turtlesim/srv
make[4]: Leaving directory '/<<BUILDDIR>>package/.obj-x86_64-linux-gnu'
[ 54%] Built target turtlesim_generate_messages_py
make  -f CMakeFiles/turtlesim_generate_messages_nodejs.dir/build.make CMakeFiles/turtlesim_generate_messages_nodejs.dir/depend
make[4]: Entering directory '/<<BUILDDIR>>package/.obj-x86_64-linux-gnu'
cd /<<BUILDDIR>>package/.obj-x86_64-linux-gnu && /usr/bin/cmake -E cmake_depends "Unix Makefiles" /<<BUILDDIR>>package /<<BUILDDIR>>package /<<BUILDDIR>>package/.obj-x86_64-linux-gnu /<<BUILDDIR>>package/.obj-x86_64-linux-gnu /<<BUILDDIR>>package/.obj-x86_64-linux-gnu/CMakeFiles/turtlesim_generate_messages_nodejs.dir/DependInfo.cmake "--color="
make[4]: Leaving directory '/<<BUILDDIR>>package/.obj-x86_64-linux-gnu'
make  -f CMakeFiles/turtlesim_generate_messages_nodejs.dir/build.make CMakeFiles/turtlesim_generate_messages_nodejs.dir/build
make[4]: Entering directory '/<<BUILDDIR>>package/.obj-x86_64-linux-gnu'
[ 56%] Generating C++ code from turtlesim/TeleportAbsolute.srv
cd /<<BUILDDIR>>package && /<<BUILDDIR>>package/.obj-x86_64-linux-gnu/catkin_generated/env_cached.sh /usr/bin/python3 /opt/ros/one/share/gencpp/cmake/../../../lib/gencpp/gen_cpp.py /<<BUILDDIR>>package/srv/TeleportAbsolute.srv -Iturtlesim:/<<BUILDDIR>>package/msg -Igeometry_msgs:/opt/ros/one/share/geometry_msgs/cmake/../msg -Istd_msgs:/opt/ros/one/share/std_msgs/cmake/../msg -p turtlesim -o /<<BUILDDIR>>package/.obj-x86_64-linux-gnu/devel/include/turtlesim -e /opt/ros/one/share/gencpp/cmake/..
[ 58%] Generating Javascript code from turtlesim/Color.msg
catkin_generated/env_cached.sh /usr/bin/python3 /opt/ros/one/share/gennodejs/cmake/../../../lib/gennodejs/gen_nodejs.py /<<BUILDDIR>>package/msg/Color.msg -Iturtlesim:/<<BUILDDIR>>package/msg -Igeometry_msgs:/opt/ros/one/share/geometry_msgs/cmake/../msg -Istd_msgs:/opt/ros/one/share/std_msgs/cmake/../msg -p turtlesim -o /<<BUILDDIR>>package/.obj-x86_64-linux-gnu/devel/share/gennodejs/ros/turtlesim/msg
make[4]: Leaving directory '/<<BUILDDIR>>package/.obj-x86_64-linux-gnu'
[ 58%] Built target turtlesim_generate_messages_lisp
[ 60%] Generating Javascript code from turtlesim/Pose.msg
catkin_generated/env_cached.sh /usr/bin/python3 /opt/ros/one/share/gennodejs/cmake/../../../lib/gennodejs/gen_nodejs.py /<<BUILDDIR>>package/msg/Pose.msg -Iturtlesim:/<<BUILDDIR>>package/msg -Igeometry_msgs:/opt/ros/one/share/geometry_msgs/cmake/../msg -Istd_msgs:/opt/ros/one/share/std_msgs/cmake/../msg -p turtlesim -o /<<BUILDDIR>>package/.obj-x86_64-linux-gnu/devel/share/gennodejs/ros/turtlesim/msg
[ 62%] Generating EusLisp code from turtlesim/TeleportRelative.srv
catkin_generated/env_cached.sh /usr/bin/python3 /opt/ros/one/share/geneus/cmake/../../../lib/geneus/gen_eus.py /<<BUILDDIR>>package/srv/TeleportRelative.srv -Iturtlesim:/<<BUILDDIR>>package/msg -Igeometry_msgs:/opt/ros/one/share/geometry_msgs/cmake/../msg -Istd_msgs:/opt/ros/one/share/std_msgs/cmake/../msg -p turtlesim -o /<<BUILDDIR>>package/.obj-x86_64-linux-gnu/devel/share/roseus/ros/turtlesim/srv
[ 64%] Generating C++ code from turtlesim/TeleportRelative.srv
cd /<<BUILDDIR>>package && /<<BUILDDIR>>package/.obj-x86_64-linux-gnu/catkin_generated/env_cached.sh /usr/bin/python3 /opt/ros/one/share/gencpp/cmake/../../../lib/gencpp/gen_cpp.py /<<BUILDDIR>>package/srv/TeleportRelative.srv -Iturtlesim:/<<BUILDDIR>>package/msg -Igeometry_msgs:/opt/ros/one/share/geometry_msgs/cmake/../msg -Istd_msgs:/opt/ros/one/share/std_msgs/cmake/../msg -p turtlesim -o /<<BUILDDIR>>package/.obj-x86_64-linux-gnu/devel/include/turtlesim -e /opt/ros/one/share/gencpp/cmake/..
[ 66%] Generating Javascript code from turtlesim/Kill.srv
catkin_generated/env_cached.sh /usr/bin/python3 /opt/ros/one/share/gennodejs/cmake/../../../lib/gennodejs/gen_nodejs.py /<<BUILDDIR>>package/srv/Kill.srv -Iturtlesim:/<<BUILDDIR>>package/msg -Igeometry_msgs:/opt/ros/one/share/geometry_msgs/cmake/../msg -Istd_msgs:/opt/ros/one/share/std_msgs/cmake/../msg -p turtlesim -o /<<BUILDDIR>>package/.obj-x86_64-linux-gnu/devel/share/gennodejs/ros/turtlesim/srv
[ 68%] Generating Javascript code from turtlesim/SetPen.srv
catkin_generated/env_cached.sh /usr/bin/python3 /opt/ros/one/share/gennodejs/cmake/../../../lib/gennodejs/gen_nodejs.py /<<BUILDDIR>>package/srv/SetPen.srv -Iturtlesim:/<<BUILDDIR>>package/msg -Igeometry_msgs:/opt/ros/one/share/geometry_msgs/cmake/../msg -Istd_msgs:/opt/ros/one/share/std_msgs/cmake/../msg -p turtlesim -o /<<BUILDDIR>>package/.obj-x86_64-linux-gnu/devel/share/gennodejs/ros/turtlesim/srv
[ 70%] Generating EusLisp manifest code for turtlesim
catkin_generated/env_cached.sh /usr/bin/python3 /opt/ros/one/share/geneus/cmake/../../../lib/geneus/gen_eus.py -m -o /<<BUILDDIR>>package/.obj-x86_64-linux-gnu/devel/share/roseus/ros/turtlesim turtlesim geometry_msgs std_msgs std_srvs
[ 72%] Generating Javascript code from turtlesim/Spawn.srv
catkin_generated/env_cached.sh /usr/bin/python3 /opt/ros/one/share/gennodejs/cmake/../../../lib/gennodejs/gen_nodejs.py /<<BUILDDIR>>package/srv/Spawn.srv -Iturtlesim:/<<BUILDDIR>>package/msg -Igeometry_msgs:/opt/ros/one/share/geometry_msgs/cmake/../msg -Istd_msgs:/opt/ros/one/share/std_msgs/cmake/../msg -p turtlesim -o /<<BUILDDIR>>package/.obj-x86_64-linux-gnu/devel/share/gennodejs/ros/turtlesim/srv
make[4]: Leaving directory '/<<BUILDDIR>>package/.obj-x86_64-linux-gnu'
[ 74%] Generating Javascript code from turtlesim/TeleportAbsolute.srv
catkin_generated/env_cached.sh /usr/bin/python3 /opt/ros/one/share/gennodejs/cmake/../../../lib/gennodejs/gen_nodejs.py /<<BUILDDIR>>package/srv/TeleportAbsolute.srv -Iturtlesim:/<<BUILDDIR>>package/msg -Igeometry_msgs:/opt/ros/one/share/geometry_msgs/cmake/../msg -Istd_msgs:/opt/ros/one/share/std_msgs/cmake/../msg -p turtlesim -o /<<BUILDDIR>>package/.obj-x86_64-linux-gnu/devel/share/gennodejs/ros/turtlesim/srv
[ 74%] Built target turtlesim_generate_messages_cpp
[ 76%] Generating Javascript code from turtlesim/TeleportRelative.srv
catkin_generated/env_cached.sh /usr/bin/python3 /opt/ros/one/share/gennodejs/cmake/../../../lib/gennodejs/gen_nodejs.py /<<BUILDDIR>>package/srv/TeleportRelative.srv -Iturtlesim:/<<BUILDDIR>>package/msg -Igeometry_msgs:/opt/ros/one/share/geometry_msgs/cmake/../msg -Istd_msgs:/opt/ros/one/share/std_msgs/cmake/../msg -p turtlesim -o /<<BUILDDIR>>package/.obj-x86_64-linux-gnu/devel/share/gennodejs/ros/turtlesim/srv
make  -f CMakeFiles/turtlesim_gencpp.dir/build.make CMakeFiles/turtlesim_gencpp.dir/depend
make[4]: Entering directory '/<<BUILDDIR>>package/.obj-x86_64-linux-gnu'
cd /<<BUILDDIR>>package/.obj-x86_64-linux-gnu && /usr/bin/cmake -E cmake_depends "Unix Makefiles" /<<BUILDDIR>>package /<<BUILDDIR>>package /<<BUILDDIR>>package/.obj-x86_64-linux-gnu /<<BUILDDIR>>package/.obj-x86_64-linux-gnu /<<BUILDDIR>>package/.obj-x86_64-linux-gnu/CMakeFiles/turtlesim_gencpp.dir/DependInfo.cmake "--color="
make[4]: Leaving directory '/<<BUILDDIR>>package/.obj-x86_64-linux-gnu'
make  -f CMakeFiles/turtlesim_gencpp.dir/build.make CMakeFiles/turtlesim_gencpp.dir/build
make[4]: Entering directory '/<<BUILDDIR>>package/.obj-x86_64-linux-gnu'
make[4]: Nothing to be done for 'CMakeFiles/turtlesim_gencpp.dir/build'.
make[4]: Leaving directory '/<<BUILDDIR>>package/.obj-x86_64-linux-gnu'
[ 76%] Built target turtlesim_gencpp
make  -f CMakeFiles/turtlesim_node.dir/build.make CMakeFiles/turtlesim_node.dir/depend
make[4]: Entering directory '/<<BUILDDIR>>package/.obj-x86_64-linux-gnu'
make  -f CMakeFiles/turtle_teleop_key.dir/build.make CMakeFiles/turtle_teleop_key.dir/depend
make[4]: Entering directory '/<<BUILDDIR>>package/.obj-x86_64-linux-gnu'
cd /<<BUILDDIR>>package/.obj-x86_64-linux-gnu && /usr/bin/cmake -E cmake_depends "Unix Makefiles" /<<BUILDDIR>>package /<<BUILDDIR>>package /<<BUILDDIR>>package/.obj-x86_64-linux-gnu /<<BUILDDIR>>package/.obj-x86_64-linux-gnu /<<BUILDDIR>>package/.obj-x86_64-linux-gnu/CMakeFiles/turtle_teleop_key.dir/DependInfo.cmake "--color="
[ 78%] Generating include/turtlesim/moc_turtle_frame.cpp
make[4]: Leaving directory '/<<BUILDDIR>>package/.obj-x86_64-linux-gnu'
make  -f CMakeFiles/turtle_teleop_key.dir/build.make CMakeFiles/turtle_teleop_key.dir/build
cd /<<BUILDDIR>>package/.obj-x86_64-linux-gnu/include/turtlesim && /usr/lib/qt5/bin/moc @/<<BUILDDIR>>package/.obj-x86_64-linux-gnu/include/turtlesim/moc_turtle_frame.cpp_parameters
make[4]: Entering directory '/<<BUILDDIR>>package/.obj-x86_64-linux-gnu'
cd /<<BUILDDIR>>package/.obj-x86_64-linux-gnu && /usr/bin/cmake -E cmake_depends "Unix Makefiles" /<<BUILDDIR>>package /<<BUILDDIR>>package /<<BUILDDIR>>package/.obj-x86_64-linux-gnu /<<BUILDDIR>>package/.obj-x86_64-linux-gnu /<<BUILDDIR>>package/.obj-x86_64-linux-gnu/CMakeFiles/turtlesim_node.dir/DependInfo.cmake "--color="
make[4]: Leaving directory '/<<BUILDDIR>>package/.obj-x86_64-linux-gnu'
[ 80%] Building CXX object CMakeFiles/turtle_teleop_key.dir/tutorials/teleop_turtle_key.cpp.o
/usr/lib/ccache/c++ -DROSCONSOLE_BACKEND_LOG4CXX -DROS_BUILD_SHARED_LIBS=1 -DROS_PACKAGE_NAME=\"turtlesim\" -I/<<BUILDDIR>>package/.obj-x86_64-linux-gnu/devel/include -I/<<BUILDDIR>>package/include -I/opt/ros/one/include -I/opt/ros/one/share/xmlrpcpp/cmake/../../../include/xmlrpcpp -g -O2 -ffile-prefix-map=/<<BUILDDIR>>package=. -fstack-protector-strong -fstack-clash-protection -Wformat -Werror=format-security -fcf-protection -DNDEBUG -Wdate-time -D_FORTIFY_SOURCE=2 -MD -MT CMakeFiles/turtle_teleop_key.dir/tutorials/teleop_turtle_key.cpp.o -MF CMakeFiles/turtle_teleop_key.dir/tutorials/teleop_turtle_key.cpp.o.d -o CMakeFiles/turtle_teleop_key.dir/tutorials/teleop_turtle_key.cpp.o -c /<<BUILDDIR>>package/tutorials/teleop_turtle_key.cpp
[ 80%] Built target turtlesim_generate_messages_nodejs
make[4]: Leaving directory '/<<BUILDDIR>>package/.obj-x86_64-linux-gnu'
make  -f CMakeFiles/turtlesim_node.dir/build.make CMakeFiles/turtlesim_node.dir/build
make[4]: Entering directory '/<<BUILDDIR>>package/.obj-x86_64-linux-gnu'
make  -f CMakeFiles/draw_square.dir/build.make CMakeFiles/draw_square.dir/depend
make[4]: Entering directory '/<<BUILDDIR>>package/.obj-x86_64-linux-gnu'
cd /<<BUILDDIR>>package/.obj-x86_64-linux-gnu && /usr/bin/cmake -E cmake_depends "Unix Makefiles" /<<BUILDDIR>>package /<<BUILDDIR>>package /<<BUILDDIR>>package/.obj-x86_64-linux-gnu /<<BUILDDIR>>package/.obj-x86_64-linux-gnu /<<BUILDDIR>>package/.obj-x86_64-linux-gnu/CMakeFiles/draw_square.dir/DependInfo.cmake "--color="
[ 82%] Building CXX object CMakeFiles/turtlesim_node.dir/src/turtlesim.cpp.o
/usr/lib/ccache/c++ -DBOOST_ATOMIC_DYN_LINK -DBOOST_ATOMIC_NO_LIB -DBOOST_THREAD_DYN_LINK -DBOOST_THREAD_NO_LIB -DQT_CORE_LIB -DQT_GUI_LIB -DQT_NO_DEBUG -DQT_WIDGETS_LIB -DROSCONSOLE_BACKEND_LOG4CXX -DROS_BUILD_SHARED_LIBS=1 -DROS_PACKAGE_NAME=\"turtlesim\" -I/<<BUILDDIR>>package/.obj-x86_64-linux-gnu/devel/include -I/<<BUILDDIR>>package/include -I/opt/ros/one/include -I/opt/ros/one/share/xmlrpcpp/cmake/../../../include/xmlrpcpp -isystem /usr/include/x86_64-linux-gnu/qt5 -isystem /usr/include/x86_64-linux-gnu/qt5/QtWidgets -isystem /usr/include/x86_64-linux-gnu/qt5/QtGui -isystem /usr/include/x86_64-linux-gnu/qt5/QtCore -isystem /usr/lib/x86_64-linux-gnu/qt5/mkspecs/linux-g++ -g -O2 -ffile-prefix-map=/<<BUILDDIR>>package=. -fstack-protector-strong -fstack-clash-protection -Wformat -Werror=format-security -fcf-protection -DNDEBUG -Wdate-time -D_FORTIFY_SOURCE=2 -fPIC -MD -MT CMakeFiles/turtlesim_node.dir/src/turtlesim.cpp.o -MF CMakeFiles/turtlesim_node.dir/src/turtlesim.cpp.o.d -o CMakeFiles/turtlesim_node.dir/src/turtlesim.cpp.o -c /<<BUILDDIR>>package/src/turtlesim.cpp
make[4]: Leaving directory '/<<BUILDDIR>>package/.obj-x86_64-linux-gnu'
make  -f CMakeFiles/draw_square.dir/build.make CMakeFiles/draw_square.dir/build
make[4]: Leaving directory '/<<BUILDDIR>>package/.obj-x86_64-linux-gnu'
make[4]: Entering directory '/<<BUILDDIR>>package/.obj-x86_64-linux-gnu'
[ 84%] Building CXX object CMakeFiles/draw_square.dir/tutorials/draw_square.cpp.o
[ 84%] Built target turtlesim_generate_messages_eus
/usr/lib/ccache/c++ -DBOOST_ATOMIC_DYN_LINK -DBOOST_ATOMIC_NO_LIB -DBOOST_THREAD_DYN_LINK -DBOOST_THREAD_NO_LIB -DROSCONSOLE_BACKEND_LOG4CXX -DROS_BUILD_SHARED_LIBS=1 -DROS_PACKAGE_NAME=\"turtlesim\" -I/<<BUILDDIR>>package/.obj-x86_64-linux-gnu/devel/include -I/<<BUILDDIR>>package/include -I/opt/ros/one/include -I/opt/ros/one/share/xmlrpcpp/cmake/../../../include/xmlrpcpp -g -O2 -ffile-prefix-map=/<<BUILDDIR>>package=. -fstack-protector-strong -fstack-clash-protection -Wformat -Werror=format-security -fcf-protection -DNDEBUG -Wdate-time -D_FORTIFY_SOURCE=2 -MD -MT CMakeFiles/draw_square.dir/tutorials/draw_square.cpp.o -MF CMakeFiles/draw_square.dir/tutorials/draw_square.cpp.o.d -o CMakeFiles/draw_square.dir/tutorials/draw_square.cpp.o -c /<<BUILDDIR>>package/tutorials/draw_square.cpp
[ 86%] Building CXX object CMakeFiles/turtlesim_node.dir/src/turtle.cpp.o
/usr/lib/ccache/c++ -DBOOST_ATOMIC_DYN_LINK -DBOOST_ATOMIC_NO_LIB -DBOOST_THREAD_DYN_LINK -DBOOST_THREAD_NO_LIB -DQT_CORE_LIB -DQT_GUI_LIB -DQT_NO_DEBUG -DQT_WIDGETS_LIB -DROSCONSOLE_BACKEND_LOG4CXX -DROS_BUILD_SHARED_LIBS=1 -DROS_PACKAGE_NAME=\"turtlesim\" -I/<<BUILDDIR>>package/.obj-x86_64-linux-gnu/devel/include -I/<<BUILDDIR>>package/include -I/opt/ros/one/include -I/opt/ros/one/share/xmlrpcpp/cmake/../../../include/xmlrpcpp -isystem /usr/include/x86_64-linux-gnu/qt5 -isystem /usr/include/x86_64-linux-gnu/qt5/QtWidgets -isystem /usr/include/x86_64-linux-gnu/qt5/QtGui -isystem /usr/include/x86_64-linux-gnu/qt5/QtCore -isystem /usr/lib/x86_64-linux-gnu/qt5/mkspecs/linux-g++ -g -O2 -ffile-prefix-map=/<<BUILDDIR>>package=. -fstack-protector-strong -fstack-clash-protection -Wformat -Werror=format-security -fcf-protection -DNDEBUG -Wdate-time -D_FORTIFY_SOURCE=2 -fPIC -MD -MT CMakeFiles/turtlesim_node.dir/src/turtle.cpp.o -MF CMakeFiles/turtlesim_node.dir/src/turtle.cpp.o.d -o CMakeFiles/turtlesim_node.dir/src/turtle.cpp.o -c /<<BUILDDIR>>package/src/turtle.cpp
[ 88%] Linking CXX executable devel/lib/turtlesim/turtle_teleop_key
/usr/bin/cmake -E cmake_link_script CMakeFiles/turtle_teleop_key.dir/link.txt --verbose=1
/usr/bin/ld: cannot find -lpython3.12: No such file or directory
collect2: error: ld returned 1 exit status
/usr/lib/ccache/c++ -g -O2 -ffile-prefix-map=/<<BUILDDIR>>package=. -fstack-protector-strong -fstack-clash-protection -Wformat -Werror=format-security -fcf-protection -DNDEBUG -Wdate-time -D_FORTIFY_SOURCE=2 -rdynamic -Wl,--dependency-file=CMakeFiles/turtle_teleop_key.dir/link.d CMakeFiles/turtle_teleop_key.dir/tutorials/teleop_turtle_key.cpp.o -o devel/lib/turtlesim/turtle_teleop_key   -L/opt/ros/one/lib  -Wl,-rpath,/opt/ros/one/lib: /opt/ros/one/lib/libroscpp.so -lboost_chrono /opt/ros/one/lib/librosconsole.so /opt/ros/one/lib/librosconsole_log4cxx.so /opt/ros/one/lib/librosconsole_backend_interface.so -llog4cxx -lboost_regex /opt/ros/one/lib/libxmlrpcpp.so /opt/ros/one/lib/libroslib.so /opt/ros/one/lib/librospack.so -lpython3.12 -lboost_filesystem -lboost_program_options -ltinyxml2 /opt/ros/one/lib/libroscpp_serialization.so /opt/ros/one/lib/librostime.so -lboost_date_time /opt/ros/one/lib/libcpp_common.so -lboost_system -lboost_thread -lconsole_bridge
make[4]: *** [CMakeFiles/turtle_teleop_key.dir/build.make:114: devel/lib/turtlesim/turtle_teleop_key] Error 1
make[4]: Leaving directory '/<<BUILDDIR>>package/.obj-x86_64-linux-gnu'
make[3]: *** [CMakeFiles/Makefile2:1716: CMakeFiles/turtle_teleop_key.dir/all] Error 2
make[3]: *** Waiting for unfinished jobs....
[ 90%] Building CXX object CMakeFiles/turtlesim_node.dir/src/turtle_frame.cpp.o
/usr/lib/ccache/c++ -DBOOST_ATOMIC_DYN_LINK -DBOOST_ATOMIC_NO_LIB -DBOOST_THREAD_DYN_LINK -DBOOST_THREAD_NO_LIB -DQT_CORE_LIB -DQT_GUI_LIB -DQT_NO_DEBUG -DQT_WIDGETS_LIB -DROSCONSOLE_BACKEND_LOG4CXX -DROS_BUILD_SHARED_LIBS=1 -DROS_PACKAGE_NAME=\"turtlesim\" -I/<<BUILDDIR>>package/.obj-x86_64-linux-gnu/devel/include -I/<<BUILDDIR>>package/include -I/opt/ros/one/include -I/opt/ros/one/share/xmlrpcpp/cmake/../../../include/xmlrpcpp -isystem /usr/include/x86_64-linux-gnu/qt5 -isystem /usr/include/x86_64-linux-gnu/qt5/QtWidgets -isystem /usr/include/x86_64-linux-gnu/qt5/QtGui -isystem /usr/include/x86_64-linux-gnu/qt5/QtCore -isystem /usr/lib/x86_64-linux-gnu/qt5/mkspecs/linux-g++ -g -O2 -ffile-prefix-map=/<<BUILDDIR>>package=. -fstack-protector-strong -fstack-clash-protection -Wformat -Werror=format-security -fcf-protection -DNDEBUG -Wdate-time -D_FORTIFY_SOURCE=2 -fPIC -MD -MT CMakeFiles/turtlesim_node.dir/src/turtle_frame.cpp.o -MF CMakeFiles/turtlesim_node.dir/src/turtle_frame.cpp.o.d -o CMakeFiles/turtlesim_node.dir/src/turtle_frame.cpp.o -c /<<BUILDDIR>>package/src/turtle_frame.cpp
[ 92%] Linking CXX executable devel/lib/turtlesim/draw_square
/usr/bin/cmake -E cmake_link_script CMakeFiles/draw_square.dir/link.txt --verbose=1
In file included from /<<BUILDDIR>>package/src/turtlesim.cpp:34:
/<<BUILDDIR>>package/include/turtlesim/turtle_frame.h:56:56: warning: constexpr QFlags<T>::QFlags(Zero) [with Enum = Qt::WindowType; Zero = int QFlags<Qt::WindowType>::Private::*] is deprecated: Use default constructor instead [-Wdeprecated-declarations]
   56 |   TurtleFrame(QWidget* parent = 0, Qt::WindowFlags f = 0);
      |                                                        ^
In file included from /usr/include/x86_64-linux-gnu/qt5/QtCore/qglobal.h:1305,
                 from /usr/include/x86_64-linux-gnu/qt5/QtGui/qtguiglobal.h:43,
                 from /usr/include/x86_64-linux-gnu/qt5/QtWidgets/qtwidgetsglobal.h:43,
                 from /usr/include/x86_64-linux-gnu/qt5/QtWidgets/qapplication.h:43,
                 from /usr/include/x86_64-linux-gnu/qt5/QtWidgets/QApplication:1,
                 from /<<BUILDDIR>>package/src/turtlesim.cpp:30:
/usr/include/x86_64-linux-gnu/qt5/QtCore/qflags.h:123:80: note: declared here
  123 |     QT_DEPRECATED_X("Use default constructor instead") Q_DECL_CONSTEXPR inline QFlags(Zero) noexcept : i(0) {}
      |                                                                                ^~~~~~
/<<BUILDDIR>>package/include/turtlesim/turtle_frame.h: In member function int TurtleApp::exec():
/<<BUILDDIR>>package/include/turtlesim/turtle_frame.h:56:56: warning: constexpr QFlags<T>::QFlags(Zero) [with Enum = Qt::WindowType; Zero = int QFlags<Qt::WindowType>::Private::*] is deprecated: Use default constructor instead [-Wdeprecated-declarations]
   56 |   TurtleFrame(QWidget* parent = 0, Qt::WindowFlags f = 0);
      |                                                        ^
/usr/include/x86_64-linux-gnu/qt5/QtCore/qflags.h:123:80: note: declared here
  123 |     QT_DEPRECATED_X("Use default constructor instead") Q_DECL_CONSTEXPR inline QFlags(Zero) noexcept : i(0) {}
      |                                                                                ^~~~~~
/usr/bin/ld: cannot find -lpython3.12: No such file or directory
[ 94%] Building CXX object CMakeFiles/turtlesim_node.dir/include/turtlesim/moc_turtle_frame.cpp.o
/usr/lib/ccache/c++ -DBOOST_ATOMIC_DYN_LINK -DBOOST_ATOMIC_NO_LIB -DBOOST_THREAD_DYN_LINK -DBOOST_THREAD_NO_LIB -DQT_CORE_LIB -DQT_GUI_LIB -DQT_NO_DEBUG -DQT_WIDGETS_LIB -DROSCONSOLE_BACKEND_LOG4CXX -DROS_BUILD_SHARED_LIBS=1 -DROS_PACKAGE_NAME=\"turtlesim\" -I/<<BUILDDIR>>package/.obj-x86_64-linux-gnu/devel/include -I/<<BUILDDIR>>package/include -I/opt/ros/one/include -I/opt/ros/one/share/xmlrpcpp/cmake/../../../include/xmlrpcpp -isystem /usr/include/x86_64-linux-gnu/qt5 -isystem /usr/include/x86_64-linux-gnu/qt5/QtWidgets -isystem /usr/include/x86_64-linux-gnu/qt5/QtGui -isystem /usr/include/x86_64-linux-gnu/qt5/QtCore -isystem /usr/lib/x86_64-linux-gnu/qt5/mkspecs/linux-g++ -g -O2 -ffile-prefix-map=/<<BUILDDIR>>package=. -fstack-protector-strong -fstack-clash-protection -Wformat -Werror=format-security -fcf-protection -DNDEBUG -Wdate-time -D_FORTIFY_SOURCE=2 -fPIC -MD -MT CMakeFiles/turtlesim_node.dir/include/turtlesim/moc_turtle_frame.cpp.o -MF CMakeFiles/turtlesim_node.dir/include/turtlesim/moc_turtle_frame.cpp.o.d -o CMakeFiles/turtlesim_node.dir/include/turtlesim/moc_turtle_frame.cpp.o -c /<<BUILDDIR>>package/.obj-x86_64-linux-gnu/include/turtlesim/moc_turtle_frame.cpp
collect2: error: ld returned 1 exit status
/usr/lib/ccache/c++ -g -O2 -ffile-prefix-map=/<<BUILDDIR>>package=. -fstack-protector-strong -fstack-clash-protection -Wformat -Werror=format-security -fcf-protection -DNDEBUG -Wdate-time -D_FORTIFY_SOURCE=2 -rdynamic -Wl,--dependency-file=CMakeFiles/draw_square.dir/link.d CMakeFiles/draw_square.dir/tutorials/draw_square.cpp.o -o devel/lib/turtlesim/draw_square   -L/opt/ros/one/lib  -Wl,-rpath,/opt/ros/one/lib: /opt/ros/one/lib/libroscpp.so -lboost_chrono /opt/ros/one/lib/librosconsole.so /opt/ros/one/lib/librosconsole_log4cxx.so /opt/ros/one/lib/librosconsole_backend_interface.so -llog4cxx -lboost_regex /opt/ros/one/lib/libxmlrpcpp.so /opt/ros/one/lib/libroslib.so /opt/ros/one/lib/librospack.so -lpython3.12 -lboost_filesystem -lboost_program_options -ltinyxml2 /opt/ros/one/lib/libroscpp_serialization.so /opt/ros/one/lib/librostime.so -lboost_date_time /opt/ros/one/lib/libcpp_common.so -lboost_system -lboost_thread -lconsole_bridge /usr/lib/x86_64-linux-gnu/libboost_thread.so.1.83.0 /usr/lib/x86_64-linux-gnu/libboost_atomic.so.1.83.0
make[4]: *** [CMakeFiles/draw_square.dir/build.make:116: devel/lib/turtlesim/draw_square] Error 1
make[4]: Leaving directory '/<<BUILDDIR>>package/.obj-x86_64-linux-gnu'
make[3]: *** [CMakeFiles/Makefile2:1748: CMakeFiles/draw_square.dir/all] Error 2
In file included from /<<BUILDDIR>>package/.obj-x86_64-linux-gnu/include/turtlesim/moc_turtle_frame.cpp:10:
/<<BUILDDIR>>package/.obj-x86_64-linux-gnu/include/turtlesim/../../../include/turtlesim/turtle_frame.h:56:56: warning: constexpr QFlags<T>::QFlags(Zero) [with Enum = Qt::WindowType; Zero = int QFlags<Qt::WindowType>::Private::*] is deprecated: Use default constructor instead [-Wdeprecated-declarations]
   56 |   TurtleFrame(QWidget* parent = 0, Qt::WindowFlags f = 0);
      |                                                        ^
In file included from /usr/include/x86_64-linux-gnu/qt5/QtCore/qglobal.h:1305,
                 from /usr/include/x86_64-linux-gnu/qt5/QtGui/qtguiglobal.h:43,
                 from /usr/include/x86_64-linux-gnu/qt5/QtWidgets/qtwidgetsglobal.h:43,
                 from /usr/include/x86_64-linux-gnu/qt5/QtWidgets/qframe.h:43,
                 from /usr/include/x86_64-linux-gnu/qt5/QtWidgets/QFrame:1,
                 from /<<BUILDDIR>>package/.obj-x86_64-linux-gnu/include/turtlesim/../../../include/turtlesim/turtle_frame.h:30:
/usr/include/x86_64-linux-gnu/qt5/QtCore/qflags.h:123:80: note: declared here
  123 |     QT_DEPRECATED_X("Use default constructor instead") Q_DECL_CONSTEXPR inline QFlags(Zero) noexcept : i(0) {}
      |                                                                                ^~~~~~
In file included from /<<BUILDDIR>>package/src/turtle_frame.cpp:30:
/<<BUILDDIR>>package/include/turtlesim/turtle_frame.h:56:56: warning: constexpr QFlags<T>::QFlags(Zero) [with Enum = Qt::WindowType; Zero = int QFlags<Qt::WindowType>::Private::*] is deprecated: Use default constructor instead [-Wdeprecated-declarations]
   56 |   TurtleFrame(QWidget* parent = 0, Qt::WindowFlags f = 0);
      |                                                        ^
In file included from /usr/include/x86_64-linux-gnu/qt5/QtCore/qglobal.h:1305,
                 from /usr/include/x86_64-linux-gnu/qt5/QtGui/qtguiglobal.h:43,
                 from /usr/include/x86_64-linux-gnu/qt5/QtWidgets/qtwidgetsglobal.h:43,
                 from /usr/include/x86_64-linux-gnu/qt5/QtWidgets/qframe.h:43,
                 from /usr/include/x86_64-linux-gnu/qt5/QtWidgets/QFrame:1,
                 from /<<BUILDDIR>>package/include/turtlesim/turtle_frame.h:30:
/usr/include/x86_64-linux-gnu/qt5/QtCore/qflags.h:123:80: note: declared here
  123 |     QT_DEPRECATED_X("Use default constructor instead") Q_DECL_CONSTEXPR inline QFlags(Zero) noexcept : i(0) {}
      |                                                                                ^~~~~~
[ 96%] Linking CXX executable devel/lib/turtlesim/turtlesim_node
/usr/bin/cmake -E cmake_link_script CMakeFiles/turtlesim_node.dir/link.txt --verbose=1
/usr/bin/ld: cannot find -lpython3.12: No such file or directory
collect2: error: ld returned 1 exit status
/usr/lib/ccache/c++ -g -O2 -ffile-prefix-map=/<<BUILDDIR>>package=. -fstack-protector-strong -fstack-clash-protection -Wformat -Werror=format-security -fcf-protection -DNDEBUG -Wdate-time -D_FORTIFY_SOURCE=2 -rdynamic -Wl,--dependency-file=CMakeFiles/turtlesim_node.dir/link.d CMakeFiles/turtlesim_node.dir/src/turtlesim.cpp.o CMakeFiles/turtlesim_node.dir/src/turtle.cpp.o CMakeFiles/turtlesim_node.dir/src/turtle_frame.cpp.o CMakeFiles/turtlesim_node.dir/include/turtlesim/moc_turtle_frame.cpp.o -o devel/lib/turtlesim/turtlesim_node   -L/opt/ros/one/lib  -Wl,-rpath,/opt/ros/one/lib: /usr/lib/x86_64-linux-gnu/libQt5Widgets.so.5.15.15 /opt/ros/one/lib/libroscpp.so -lboost_chrono /opt/ros/one/lib/librosconsole.so /opt/ros/one/lib/librosconsole_log4cxx.so /opt/ros/one/lib/librosconsole_backend_interface.so -llog4cxx -lboost_regex /opt/ros/one/lib/libxmlrpcpp.so /opt/ros/one/lib/libroslib.so /opt/ros/one/lib/librospack.so -lpython3.12 -lboost_filesystem -lboost_program_options -ltinyxml2 /opt/ros/one/lib/libroscpp_serialization.so /opt/ros/one/lib/librostime.so -lboost_date_time /opt/ros/one/lib/libcpp_common.so -lboost_system -lboost_thread -lconsole_bridge /usr/lib/x86_64-linux-gnu/libboost_thread.so.1.83.0 /usr/lib/x86_64-linux-gnu/libQt5Gui.so.5.15.15 /usr/lib/x86_64-linux-gnu/libQt5Core.so.5.15.15 /usr/lib/x86_64-linux-gnu/libboost_atomic.so.1.83.0
make[4]: *** [CMakeFiles/turtlesim_node.dir/build.make:171: devel/lib/turtlesim/turtlesim_node] Error 1
make[4]: Leaving directory '/<<BUILDDIR>>package/.obj-x86_64-linux-gnu'
make[3]: *** [CMakeFiles/Makefile2:1684: CMakeFiles/turtlesim_node.dir/all] Error 2
make[3]: Leaving directory '/<<BUILDDIR>>package/.obj-x86_64-linux-gnu'
make[2]: *** [Makefile:139: all] Error 2
make[2]: Leaving directory '/<<BUILDDIR>>package/.obj-x86_64-linux-gnu'
dh_auto_build: error: cd .obj-x86_64-linux-gnu && make -j4 "INSTALL=install --strip-program=true" VERBOSE=1 returned exit code 2
make[1]: *** [debian/rules:44: override_dh_auto_build] Error 25
make[1]: Leaving directory '/<<BUILDDIR>>package'
make: *** [debian/rules:27: binary] Error 2
dpkg-buildpackage: error: debian/rules binary subprocess returned exit status 2
--------------------------------------------------------------------------------
Build finished at 2025-01-07T15:52:52Z

Finished
--------


+------------------------------------------------------------------------------+
| Cleanup                                      Tue, 07 Jan 2025 15:52:52 +0000 |
+------------------------------------------------------------------------------+

Purging /<<BUILDDIR>>
Not cleaning session: cloned chroot in use
E: Build failure (dpkg-buildpackage died)

+------------------------------------------------------------------------------+
| Summary                                      Tue, 07 Jan 2025 15:52:54 +0000 |
+------------------------------------------------------------------------------+

Build Architecture: amd64
Build Profiles: nocheck
Build Type: binary
Build-Space: 18300
Build-Time: 16
Distribution: sid
Fail-Stage: build
Host Architecture: amd64
Install-Time: 31
Job: /home/runner/work/ros-o-builder/ros-o-builder/src/ros_tutorials/ros-one-turtlesim_0.10.2-3-gdb63288-2025.01.07.15.51.dsc
Machine Architecture: amd64
Package: ros-one-turtlesim
Package-Time: 108
Source-Version: 0.10.2-3-gdb63288-2025.01.07.15.51
Space: 18300
Status: attempted
Version: 0.10.2-3-gdb63288-2025.01.07.15.51
--------------------------------------------------------------------------------
Finished at 2025-01-07T15:52:52Z
Build needed 00:01:48, 18300k disk space
