sbuild (Debian sbuild) 0.85.10ubuntu0.1 (15 December 2024) on fv-az1770-194.3g3d5wr14xdujmxm15z3d4htle.dx.internal.cloudapp.net

+====================================================================================+
| ros-one-sesame-ros 2.1.29-2025.01.07.22.25 (amd64) Tue, 07 Jan 2025 22:25:53 +0000 |
+====================================================================================+

Package: ros-one-sesame-ros
Version: 2.1.29-2025.01.07.22.25
Source Version: 2.1.29-2025.01.07.22.25
Distribution: sid
Machine Architecture: amd64
Host Architecture: amd64
Build Architecture: amd64
Build Profiles: nocheck
Build Type: binary

Unpacking /home/runner/.cache/sbuild/sid-amd64.tar to /tmp/tmp.sbuild.l4SFBVsDQH...
I: NOTICE: Log filtering will replace 'sbuild-unshare-dummy-location' with '<<CHROOT>>'
Copying /home/runner/apt_repo_dependencies/ros-one-sparse-bundle-adjustment-dbgsym_0.4.4-2025.01.07.15.50_amd64.deb to /<<CHROOT>>...
Copying /home/runner/apt_repo_dependencies/ros-one-smach-ros_2.5.2-7-g94a196d-2025.01.07.16.17_amd64.deb to /<<CHROOT>>...
Copying /home/runner/apt_repo_dependencies/ros-one-ur-client-library-dbgsym_1.5.0-11-g6bc1553-2025.01.07.13.07_amd64.deb to /<<CHROOT>>...
Copying /home/runner/apt_repo_dependencies/ros-one-qb-device-bringup_0-2025.01.07.18.38_amd64.deb to /<<CHROOT>>...
Copying /home/runner/apt_repo_dependencies/ros-one-rqt-pose-view_0.5.11-5-g42e9174-2025.01.07.16.53_amd64.deb to /<<CHROOT>>...
Copying /home/runner/apt_repo_dependencies/ros-one-class-loader-dbgsym_0.5.0-6-g9f3288d-2025.01.07.13.23_amd64.deb to /<<CHROOT>>...
Copying /home/runner/apt_repo_dependencies/ros-one-kdl-conversions_1.13.2-10-g674e0c4-2025.01.07.16.35_amd64.deb to /<<CHROOT>>...
Copying /home/runner/apt_repo_dependencies/ros-one-audio-common-msgs_0.3.18-2025.01.07.16.04_amd64.deb to /<<CHROOT>>...
Copying /home/runner/apt_repo_dependencies/ros-one-message-generation_0.4.1-2025.01.07.13.31_amd64.deb to /<<CHROOT>>...
Copying /home/runner/apt_repo_dependencies/ros-one-cartesian-interface_0.1.7-1-gceffa65-2025.01.07.19.31_amd64.deb to /<<CHROOT>>...
Copying /home/runner/apt_repo_dependencies/ros-one-catkin-virtualenv_0.13.0-5-g659584a-2025.01.07.15.41_amd64.deb to /<<CHROOT>>...
Copying /home/runner/apt_repo_dependencies/ros-one-rosnode_1.17.0-12-g2a12474fb-2025.01.07.15.02_amd64.deb to /<<CHROOT>>...
Copying /home/runner/apt_repo_dependencies/ros-one-nav-msgs_1.13.1-2025.01.07.14.28_amd64.deb to /<<CHROOT>>...
Copying /home/runner/apt_repo_dependencies/ros-one-baxter-core-msgs_1.2.0-2025.01.07.15.47_amd64.deb to /<<CHROOT>>...
Copying /home/runner/apt_repo_dependencies/ros-one-rospy_1.17.0-12-g2a12474fb-2025.01.07.14.39_amd64.deb to /<<CHROOT>>...
Copying /home/runner/apt_repo_dependencies/ros-one-freenect-stack_0.4.3-2025.01.07.18.10_amd64.deb to /<<CHROOT>>...
Copying /home/runner/apt_repo_dependencies/ros-one-test-roscpp_1.17.0-12-g2a12474fb-2025.01.07.15.08_amd64.deb to /<<CHROOT>>...
Copying /home/runner/apt_repo_dependencies/ros-one-cmake-modules_0.5.0-3-g05347c1-2025.01.07.13.06_amd64.deb to /<<CHROOT>>...
Copying /home/runner/apt_repo_dependencies/ros-one-interval-intersection-dbgsym_0-2025.01.07.16.14_amd64.deb to /<<CHROOT>>...
Copying /home/runner/apt_repo_dependencies/ros-one-jskeus_1.2.5-1-2025.01.07.14.16_amd64.deb to /<<CHROOT>>...
Copying /home/runner/apt_repo_dependencies/ros-one-moveit-resources-pr2-description_0.8.3-2-gb771644-2025.01.07.18.15_amd64.deb to /<<CHROOT>>...
Copying /home/runner/apt_repo_dependencies/ros-one-resource-retriever-dbgsym_1.12.7-5-g40d08d6-2025.01.07.14.16_amd64.deb to /<<CHROOT>>...
Copying /home/runner/apt_repo_dependencies/ros-one-convex-decomposition-dbgsym_0.1.12-3-gb722eb5-2025.01.07.13.04_amd64.deb to /<<CHROOT>>...
Copying /home/runner/apt_repo_dependencies/ros-one-hpp-fcl_2.4.5-2025.01.07.13.23_amd64.deb to /<<CHROOT>>...
Copying /home/runner/apt_repo_dependencies/ros-one-qt-dotgraph_0.4.2-9-gdc7190f-2025.01.07.14.21_amd64.deb to /<<CHROOT>>...
Copying /home/runner/apt_repo_dependencies/ros-one-dynamixel-tutorials_0.4.1-3-g3d84232-2025.01.07.16.21_amd64.deb to /<<CHROOT>>...
Copying /home/runner/apt_repo_dependencies/ros-one-posedetection-msgs_4.3.2-13-g093b57c-2025.01.07.16.17_amd64.deb to /<<CHROOT>>...
Copying /home/runner/apt_repo_dependencies/ros-one-genlisp_0.4.18-2025.01.07.13.25_amd64.deb to /<<CHROOT>>...
Copying /home/runner/apt_repo_dependencies/ros-one-rostopic_1.17.0-12-g2a12474fb-2025.01.07.15.04_amd64.deb to /<<CHROOT>>...
Copying /home/runner/apt_repo_dependencies/ros-one-opw-kinematics_0.5.0-2-g37d5ea5-2025.01.07.13.23_amd64.deb to /<<CHROOT>>...
Copying /home/runner/apt_repo_dependencies/ros-one-teleop-twist-keyboard_1.0.0-11-g8e1e14f-2025.01.07.15.55_amd64.deb to /<<CHROOT>>...
Copying /home/runner/apt_repo_dependencies/ros-one-single-joint-position-action_1.10.18-3-g8e8dfa0-2025.01.07.19.18_amd64.deb to /<<CHROOT>>...
Copying /home/runner/apt_repo_dependencies/ros-one-ocean-battery-driver-dbgsym_1.1.10-5-gc7f225d-2025.01.07.17.20_amd64.deb to /<<CHROOT>>...
Copying /home/runner/apt_repo_dependencies/ros-one-kdl-parser-py_1.14.1-2-g093117a-2025.01.07.16.04_amd64.deb to /<<CHROOT>>...
Copying /home/runner/apt_repo_dependencies/ros-one-ros-controllers-cartesian_0.1.7-1-gceffa65-2025.01.07.19.47_amd64.deb to /<<CHROOT>>...
Copying /home/runner/apt_repo_dependencies/ros-one-geographic-msgs_0.5.6-1-gbc73c05-2025.01.07.16.57_amd64.deb to /<<CHROOT>>...
Copying /home/runner/apt_repo_dependencies/ros-one-executive-smach_2.5.2-7-g94a196d-2025.01.07.16.09_amd64.deb to /<<CHROOT>>...
Copying /home/runner/apt_repo_dependencies/ros-one-audio-capture_0.3.18-2025.01.07.16.06_amd64.deb to /<<CHROOT>>...
Copying /home/runner/apt_repo_dependencies/ros-one-eml_0-2025.01.07.13.02_amd64.deb to /<<CHROOT>>...
Copying /home/runner/apt_repo_dependencies/ros-one-visualization-marker-tutorials_0-2025.01.07.19.21_amd64.deb to /<<CHROOT>>...
Copying /home/runner/apt_repo_dependencies/ros-one-roscpp-core_0.7.3-3-gcae00b4-2025.01.07.13.03_amd64.deb to /<<CHROOT>>...
Copying /home/runner/apt_repo_dependencies/ros-one-pr2-power-board_1.1.10-5-gc7f225d-2025.01.07.17.38_amd64.deb to /<<CHROOT>>...
Copying /home/runner/apt_repo_dependencies/ros-one-rqt-controller-manager_0.20.0-1-g633c374-2025.01.07.17.02_amd64.deb to /<<CHROOT>>...
Copying /home/runner/apt_repo_dependencies/ros-one-roscreate_1.15.8-3-g136e18e9-2025.01.07.14.00_amd64.deb to /<<CHROOT>>...
Copying /home/runner/apt_repo_dependencies/ros-one-calibration-msgs_0-2025.01.07.16.08_amd64.deb to /<<CHROOT>>...
Copying /home/runner/apt_repo_dependencies/ros-one-ur-description_1.3.3-3-gcce1f0e-2025.01.07.20.31_amd64.deb to /<<CHROOT>>...
Copying /home/runner/apt_repo_dependencies/ros-one-cv-bridge_1.16.2-2-gcfabf72-2025.01.07.15.42_amd64.deb to /<<CHROOT>>...
Copying /home/runner/apt_repo_dependencies/ros-one-common-msgs_1.13.1-2025.01.07.14.23_amd64.deb to /<<CHROOT>>...
Copying /home/runner/apt_repo_dependencies/ros-one-message-filters_1.17.0-12-g2a12474fb-2025.01.07.14.57_amd64.deb to /<<CHROOT>>...
Copying /home/runner/apt_repo_dependencies/ros-one-backward-ros_0.1.8-2025.01.07.15.41_amd64.deb to /<<CHROOT>>...
Copying /home/runner/apt_repo_dependencies/ros-one-nodelet-core_1.11.1-2025.01.07.16.08_amd64.deb to /<<CHROOT>>...
Copying /home/runner/apt_repo_dependencies/ros-one-executive-smach-visualization_4.1.0-7-ge82d7ef-2025.01.07.16.30_amd64.deb to /<<CHROOT>>...
Copying /home/runner/apt_repo_dependencies/ros-one-fingertip-pressure_1.9.0-5-g80a45bf-2025.01.07.18.03_amd64.deb to /<<CHROOT>>...
Copying /home/runner/apt_repo_dependencies/ros-one-industrial-msgs_0.7.3-7-ge4d2633-2025.01.07.19.37_amd64.deb to /<<CHROOT>>...
Copying /home/runner/apt_repo_dependencies/ros-one-std-msgs_0.5.13-1-gf3554d4-2025.01.07.14.00_amd64.deb to /<<CHROOT>>...
Copying /home/runner/apt_repo_dependencies/ros-one-rosparam-shortcuts-dbgsym_0.4.0-4-g7cf1dea-2025.01.07.16.51_amd64.deb to /<<CHROOT>>...
Copying /home/runner/apt_repo_dependencies/ros-one-octomap-msgs_0.3.5-1-gdcaaf62-2025.01.07.15.45_amd64.deb to /<<CHROOT>>...
Copying /home/runner/apt_repo_dependencies/ros-one-openslam-gmapping-dbgsym_0.2.1-17-g5105476-2025.01.07.13.06_amd64.deb to /<<CHROOT>>...
Copying /home/runner/apt_repo_dependencies/ros-one-baxter-common_1.2.0-2025.01.07.15.46_amd64.deb to /<<CHROOT>>...
Copying /home/runner/apt_repo_dependencies/ros-one-mouse-teleop_0.5.0-2025.01.07.16.15_amd64.deb to /<<CHROOT>>...
Copying /home/runner/apt_repo_dependencies/ros-one-rosgraph_1.17.0-12-g2a12474fb-2025.01.07.14.31_amd64.deb to /<<CHROOT>>...
Copying /home/runner/apt_repo_dependencies/ros-one-visualization-marker-tutorials-dbgsym_0-2025.01.07.19.21_amd64.deb to /<<CHROOT>>...
Copying /home/runner/apt_repo_dependencies/ros-one-calibration-launch_0-2025.01.07.16.06_amd64.deb to /<<CHROOT>>...
Copying /home/runner/apt_repo_dependencies/ros-one-tf2-msgs_0.7.5-23-gfbcdc99-2025.01.07.16.04_amd64.deb to /<<CHROOT>>...
Copying /home/runner/apt_repo_dependencies/ros-one-bondcpp-dbgsym_1.8.6-1-g398e8ed-2025.01.07.15.47_amd64.deb to /<<CHROOT>>...
Copying /home/runner/apt_repo_dependencies/ros-one-test-rosmaster_1.17.0-12-g2a12474fb-2025.01.07.15.14_amd64.deb to /<<CHROOT>>...
Copying /home/runner/apt_repo_dependencies/ros-one-apriltag-dbgsym_3.4.2-33-gfc2a7b2-2025.01.07.13.06_amd64.deb to /<<CHROOT>>...
Copying /home/runner/apt_repo_dependencies/ros-one-webkit-dependency_1.1.2-2025.01.07.13.06_amd64.deb to /<<CHROOT>>...
Copying /home/runner/apt_repo_dependencies/ros-one-ros-type-introspection-dbgsym_0-2025.01.07.15.54_amd64.deb to /<<CHROOT>>...
Copying /home/runner/apt_repo_dependencies/ros-one-mongodb-store-msgs_0-2025.01.07.16.46_amd64.deb to /<<CHROOT>>...
Copying /home/runner/apt_repo_dependencies/ros-one-axis-description_0.5.4-1-g340c307-2025.01.07.16.46_amd64.deb to /<<CHROOT>>...
Copying /home/runner/apt_repo_dependencies/ros-one-fetch-maps_0.9.1-5-g11f8df9-2025.01.07.19.42_amd64.deb to /<<CHROOT>>...
Copying /home/runner/apt_repo_dependencies/ros-one-kalman-filter_0.3.0-2025.01.07.18.20_amd64.deb to /<<CHROOT>>...
Copying /home/runner/apt_repo_dependencies/ros-one-boost-sml_0.1.2-6-gaaddc80-2025.01.07.15.43_amd64.deb to /<<CHROOT>>...
Copying /home/runner/apt_repo_dependencies/ros-one-pal-statistics-msgs_1.5.2-2-ga5b028b-2025.01.07.15.44_amd64.deb to /<<CHROOT>>...
Copying /home/runner/apt_repo_dependencies/ros-one-qb-hand-control_0-2025.01.07.19.34_amd64.deb to /<<CHROOT>>...
Copying /home/runner/apt_repo_dependencies/ros-one-wu-ros-tools_0.3.0-2025.01.07.19.26_amd64.deb to /<<CHROOT>>...
Copying /home/runner/apt_repo_dependencies/ros-one-voxel-grid_1.17.3-3-g9ad64419-2025.01.07.17.20_amd64.deb to /<<CHROOT>>...
Copying /home/runner/apt_repo_dependencies/ros-one-rosboost-cfg_1.15.8-3-g136e18e9-2025.01.07.13.57_amd64.deb to /<<CHROOT>>...
Copying /home/runner/apt_repo_dependencies/ros-one-ros-emacs-utils_0.4.17-2025.01.07.14.28_amd64.deb to /<<CHROOT>>...
Copying /home/runner/apt_repo_dependencies/ros-one-slime-wrapper_0.4.17-2025.01.07.14.32_amd64.deb to /<<CHROOT>>...
Copying /home/runner/apt_repo_dependencies/ros-one-roslz4-dbgsym_1.17.0-12-g2a12474fb-2025.01.07.14.34_amd64.deb to /<<CHROOT>>...
Copying /home/runner/apt_repo_dependencies/ros-one-realsense2-description_2.3.2-24-g7402c40f-2025.01.07.17.26_amd64.deb to /<<CHROOT>>...
Copying /home/runner/apt_repo_dependencies/ros-one-roswtf_1.17.0-12-g2a12474fb-2025.01.07.15.23_amd64.deb to /<<CHROOT>>...
Copying /home/runner/apt_repo_dependencies/ros-one-rosparam_1.17.0-12-g2a12474fb-2025.01.07.14.37_amd64.deb to /<<CHROOT>>...
Copying /home/runner/apt_repo_dependencies/ros-one-pr2-computer-monitor_1.6.32-21-gcb63b5d-2025.01.07.19.40_amd64.deb to /<<CHROOT>>...
Copying /home/runner/apt_repo_dependencies/ros-one-stage-dbgsym_4.3.0-17-g2d2e0724-2025.01.07.13.06_amd64.deb to /<<CHROOT>>...
Copying /home/runner/apt_repo_dependencies/ros-one-test-bond_1.8.6-1-g398e8ed-2025.01.07.15.50_amd64.deb to /<<CHROOT>>...
Copying /home/runner/apt_repo_dependencies/ros-one-pybind11-catkin_2.10.3-4-gd21b4ff-2025.01.07.13.06_amd64.deb to /<<CHROOT>>...
Copying /home/runner/apt_repo_dependencies/ros-one-mavros-msgs_1.20.0-1-g08142be7-2025.01.07.17.13_amd64.deb to /<<CHROOT>>...
Copying /home/runner/apt_repo_dependencies/ros-one-actionlib_1.14.0-6-gbbf979f-2025.01.07.15.41_amd64.deb to /<<CHROOT>>...
Copying /home/runner/apt_repo_dependencies/ros-one-actionlib-dbgsym_1.14.0-6-gbbf979f-2025.01.07.15.41_amd64.deb to /<<CHROOT>>...
Copying /home/runner/apt_repo_dependencies/ros-one-baxter-maintenance-msgs_1.2.0-2025.01.07.15.50_amd64.deb to /<<CHROOT>>...
Copying /home/runner/apt_repo_dependencies/ros-one-plotjuggler-msgs_0.2.1-2025.01.07.14.07_amd64.deb to /<<CHROOT>>...
Copying /home/runner/apt_repo_dependencies/ros-one-rqt-msg_0.4.10-5-gcd226dd-2025.01.07.18.38_amd64.deb to /<<CHROOT>>...
Copying /home/runner/apt_repo_dependencies/ros-one-moveit-resources-prbt-moveit-config_0.8.3-2-gb771644-2025.01.07.18.27_amd64.deb to /<<CHROOT>>...
Copying /home/runner/apt_repo_dependencies/ros-one-moveit-python_0.4.5-1-gbc6d4a4-2025.01.07.16.47_amd64.deb to /<<CHROOT>>...
Copying /home/runner/apt_repo_dependencies/ros-one-pr2-bringup_1.6.32-21-gcb63b5d-2025.01.07.19.34_amd64.deb to /<<CHROOT>>...
Copying /home/runner/apt_repo_dependencies/ros-one-ur16e-moveit-config_1.3.3-3-gcce1f0e-2025.01.07.20.10_amd64.deb to /<<CHROOT>>...
Copying /home/runner/apt_repo_dependencies/ros-one-forward-command-controller_0.22.0-2025.01.07.17.17_amd64.deb to /<<CHROOT>>...
Copying /home/runner/apt_repo_dependencies/ros-one-rqt-top_0.4.10-1-gb2caab1-2025.01.07.17.00_amd64.deb to /<<CHROOT>>...
Copying /home/runner/apt_repo_dependencies/ros-one-rqt-runtime-monitor_0.5.10-1-g8cc5884-2025.01.07.16.59_amd64.deb to /<<CHROOT>>...
Copying /home/runner/apt_repo_dependencies/ros-one-ivcon_0.1.7-2-g5c97b19-2025.01.07.13.06_amd64.deb to /<<CHROOT>>...
Copying /home/runner/apt_repo_dependencies/ros-one-moveit-planners_1.1.16-17-g3aed1dc85-2025.01.07.17.52_amd64.deb to /<<CHROOT>>...
Copying /home/runner/apt_repo_dependencies/ros-one-rqt-tf-tree_0.6.4-2025.01.07.17.38_amd64.deb to /<<CHROOT>>...
Copying /home/runner/apt_repo_dependencies/ros-one-python-qt-binding_0.4.4-13-gacea937-2025.01.07.14.08_amd64.deb to /<<CHROOT>>...
Copying /home/runner/apt_repo_dependencies/ros-one-calibration-setup-helper_0-2025.01.07.16.11_amd64.deb to /<<CHROOT>>...
Copying /home/runner/apt_repo_dependencies/ros-one-multisense_4.0.5-46-g945e646-2025.01.07.17.25_amd64.deb to /<<CHROOT>>...
Copying /home/runner/apt_repo_dependencies/ros-one-pr2-run-stop-auto-restart-dbgsym_1.6.32-21-gcb63b5d-2025.01.07.19.51_amd64.deb to /<<CHROOT>>...
Copying /home/runner/apt_repo_dependencies/ros-one-calibration_0-2025.01.07.16.04_amd64.deb to /<<CHROOT>>...
Copying /home/runner/apt_repo_dependencies/ros-one-image-geometry-dbgsym_1.16.2-2-gcfabf72-2025.01.07.15.46_amd64.deb to /<<CHROOT>>...
Copying /home/runner/apt_repo_dependencies/ros-one-openni2-launch_0-2025.01.07.18.23_amd64.deb to /<<CHROOT>>...
Copying /home/runner/apt_repo_dependencies/ros-one-joy-teleop_0.5.0-2025.01.07.16.04_amd64.deb to /<<CHROOT>>...
Copying /home/runner/apt_repo_dependencies/ros-one-rosmake_1.15.8-3-g136e18e9-2025.01.07.14.02_amd64.deb to /<<CHROOT>>...
Copying /home/runner/apt_repo_dependencies/ros-one-rosbag-snapshot-msgs_1.0.5-1-g2f349da-2025.01.07.15.47_amd64.deb to /<<CHROOT>>...
Copying /home/runner/apt_repo_dependencies/ros-one-actionlib-msgs_1.13.1-2025.01.07.14.22_amd64.deb to /<<CHROOT>>...
Copying /home/runner/apt_repo_dependencies/ros-one-open-karto-dbgsym_1.2.3-2-g922db50-2025.01.07.16.14_amd64.deb to /<<CHROOT>>...
Copying /home/runner/apt_repo_dependencies/ros-one-gennodejs_2.0.1-8-g19d224c-2025.01.07.13.23_amd64.deb to /<<CHROOT>>...
Copying /home/runner/apt_repo_dependencies/ros-one-visualization-msgs_1.13.1-2025.01.07.14.48_amd64.deb to /<<CHROOT>>...
Copying /home/runner/apt_repo_dependencies/ros-one-ros-pytest_0.2.1-7-gcd936a5-2025.01.07.15.55_amd64.deb to /<<CHROOT>>...
Copying /home/runner/apt_repo_dependencies/ros-one-posedetection-msgs-dbgsym_4.3.2-13-g093b57c-2025.01.07.16.17_amd64.deb to /<<CHROOT>>...
Copying /home/runner/apt_repo_dependencies/ros-one-urdf-tutorial_0.5.0-2025.01.07.19.00_amd64.deb to /<<CHROOT>>...
Copying /home/runner/apt_repo_dependencies/ros-one-key-teleop_0.5.0-2025.01.07.16.13_amd64.deb to /<<CHROOT>>...
Copying /home/runner/apt_repo_dependencies/ros-one-map-msgs_1.14.1-2025.01.07.15.43_amd64.deb to /<<CHROOT>>...
Copying /home/runner/apt_repo_dependencies/ros-one-rospy-tutorials_0.10.2-3-gdb63288-2025.01.07.15.49_amd64.deb to /<<CHROOT>>...
Copying /home/runner/apt_repo_dependencies/ros-one-ruckig-dbgsym_0.14.0-3-gbeb713a-2025.01.07.13.08_amd64.deb to /<<CHROOT>>...
Copying /home/runner/apt_repo_dependencies/ros-one-roscpp-traits_0.7.3-3-gcae00b4-2025.01.07.13.03_amd64.deb to /<<CHROOT>>...
Copying /home/runner/apt_repo_dependencies/ros-one-wifi-ddwrt_0.2.2-2025.01.07.17.04_amd64.deb to /<<CHROOT>>...
Copying /home/runner/apt_repo_dependencies/ros-one-tf2_0.7.5-23-gfbcdc99-2025.01.07.16.06_amd64.deb to /<<CHROOT>>...
Copying /home/runner/apt_repo_dependencies/ros-one-pinocchio_3.3.1-2025.01.07.13.31_amd64.deb to /<<CHROOT>>...
Copying /home/runner/apt_repo_dependencies/ros-one-eigen-conversions_1.13.2-10-g674e0c4-2025.01.07.16.30_amd64.deb to /<<CHROOT>>...
Copying /home/runner/apt_repo_dependencies/ros-one-uuid-msgs_1.0.6-9-g39b8b62-2025.01.07.15.48_amd64.deb to /<<CHROOT>>...
Copying /home/runner/apt_repo_dependencies/ros-one-code-coverage_0.4.4-5-g7c273b3-2025.01.07.13.05_amd64.deb to /<<CHROOT>>...
Copying /home/runner/apt_repo_dependencies/ros-one-laser-pipeline_1.6.4-2025.01.07.18.16_amd64.deb to /<<CHROOT>>...
Copying /home/runner/apt_repo_dependencies/ros-one-diagnostic-updater-dbgsym_1.11.0-7-gda86650-2025.01.07.16.48_amd64.deb to /<<CHROOT>>...
Copying /home/runner/apt_repo_dependencies/ros-one-rqt-reconfigure_0.5.5-3-g988179e-2025.01.07.18.40_amd64.deb to /<<CHROOT>>...
Copying /home/runner/apt_repo_dependencies/ros-one-pr2-mechanism-msgs_1.8.2-2-g992b461-2025.01.07.15.46_amd64.deb to /<<CHROOT>>...
Copying /home/runner/apt_repo_dependencies/ros-one-bondpy_1.8.6-1-g398e8ed-2025.01.07.15.49_amd64.deb to /<<CHROOT>>...
Copying /home/runner/apt_repo_dependencies/ros-one-geometry_1.13.2-10-g674e0c4-2025.01.07.16.33_amd64.deb to /<<CHROOT>>...
Copying /home/runner/apt_repo_dependencies/ros-one-pr2-hardware-interface_1.8.21-7-g3b10e3e-2025.01.07.17.24_amd64.deb to /<<CHROOT>>...
Copying /home/runner/apt_repo_dependencies/ros-one-smach_2.5.2-7-g94a196d-2025.01.07.16.14_amd64.deb to /<<CHROOT>>...
Copying /home/runner/apt_repo_dependencies/ros-one-qt-gui_0.4.2-9-gdc7190f-2025.01.07.14.22_amd64.deb to /<<CHROOT>>...
Copying /home/runner/apt_repo_dependencies/ros-one-ocean-battery-driver_1.1.10-5-gc7f225d-2025.01.07.17.20_amd64.deb to /<<CHROOT>>...
Copying /home/runner/apt_repo_dependencies/ros-one-random-numbers-dbgsym_0.3.3-1-g51f6043-2025.01.07.13.07_amd64.deb to /<<CHROOT>>...
Copying /home/runner/apt_repo_dependencies/ros-one-genpy_0.6.16-6-gf70658f-2025.01.07.13.24_amd64.deb to /<<CHROOT>>...
Copying /home/runner/apt_repo_dependencies/ros-one-ur10-moveit-config_1.3.3-3-gcce1f0e-2025.01.07.20.04_amd64.deb to /<<CHROOT>>...
Copying /home/runner/apt_repo_dependencies/ros-one-ps3joy-dbgsym_0-2025.01.07.17.39_amd64.deb to /<<CHROOT>>...
Copying /home/runner/apt_repo_dependencies/ros-one-jskeus-dbgsym_1.2.5-1-2025.01.07.14.16_amd64.deb to /<<CHROOT>>...
Copying /home/runner/apt_repo_dependencies/ros-one-rqt-py-console_0.4.10-1-gf9bf603-2025.01.07.16.54_amd64.deb to /<<CHROOT>>...
Copying /home/runner/apt_repo_dependencies/ros-one-rosconsole-bridge-dbgsym_0.5.4-1-g38b0830-2025.01.07.14.16_amd64.deb to /<<CHROOT>>...
Copying /home/runner/apt_repo_dependencies/ros-one-roslint_0.12.0-4-gac02636-2025.01.07.13.07_amd64.deb to /<<CHROOT>>...
Copying /home/runner/apt_repo_dependencies/ros-one-rosmsg_1.17.0-12-g2a12474fb-2025.01.07.15.01_amd64.deb to /<<CHROOT>>...
Copying /home/runner/apt_repo_dependencies/ros-one-rqt-common-plugins_0.4.9-2-gb89e918e-2025.01.07.20.15_amd64.deb to /<<CHROOT>>...
Copying /home/runner/apt_repo_dependencies/ros-one-audio-capture-dbgsym_0.3.18-2025.01.07.16.06_amd64.deb to /<<CHROOT>>...
Copying /home/runner/apt_repo_dependencies/ros-one-visualization-tutorials_0-2025.01.07.19.23_amd64.deb to /<<CHROOT>>...
Copying /home/runner/apt_repo_dependencies/ros-one-topic-tools-dbgsym_1.17.0-12-g2a12474fb-2025.01.07.15.18_amd64.deb to /<<CHROOT>>...
Copying /home/runner/apt_repo_dependencies/ros-one-handeye_0.1.2-2025.01.07.16.32_amd64.deb to /<<CHROOT>>...
Copying /home/runner/apt_repo_dependencies/ros-one-moveit-plugins_1.1.16-17-g3aed1dc85-2025.01.07.17.55_amd64.deb to /<<CHROOT>>...
Copying /home/runner/apt_repo_dependencies/ros-one-industrial-deprecated_0.7.3-7-ge4d2633-2025.01.07.19.34_amd64.deb to /<<CHROOT>>...
Copying /home/runner/apt_repo_dependencies/ros-one-image-common_1.12.0-9-g21aac6a-2025.01.07.15.43_amd64.deb to /<<CHROOT>>...
Copying /home/runner/apt_repo_dependencies/ros-one-rospack-dbgsym_2.6.2-2-gad85a87-2025.01.07.13.23_amd64.deb to /<<CHROOT>>...
Copying /home/runner/apt_repo_dependencies/ros-one-ur5-moveit-config_1.3.3-3-gcce1f0e-2025.01.07.20.25_amd64.deb to /<<CHROOT>>...
Copying /home/runner/apt_repo_dependencies/ros-one-opencv-tests_1.16.2-2-gcfabf72-2025.01.07.15.51_amd64.deb to /<<CHROOT>>...
Copying /home/runner/apt_repo_dependencies/ros-one-dynamic-reconfigure-dbgsym_1.7.3-3-g2654f22-2025.01.07.15.52_amd64.deb to /<<CHROOT>>...
Copying /home/runner/apt_repo_dependencies/ros-one-rosatomic_1.0.25-10-g6ad6177-2025.01.07.15.48_amd64.deb to /<<CHROOT>>...
Copying /home/runner/apt_repo_dependencies/ros-one-rosconsole-bridge_0.5.4-1-g38b0830-2025.01.07.14.16_amd64.deb to /<<CHROOT>>...
Copying /home/runner/apt_repo_dependencies/ros-one-rosclean_1.15.8-3-g136e18e9-2025.01.07.13.59_amd64.deb to /<<CHROOT>>...
Copying /home/runner/apt_repo_dependencies/ros-one-libuvc-ros_0-2025.01.07.16.36_amd64.deb to /<<CHROOT>>...
Copying /home/runner/apt_repo_dependencies/ros-one-speech-recognition-msgs_4.3.2-13-g093b57c-2025.01.07.16.22_amd64.deb to /<<CHROOT>>...
Copying /home/runner/apt_repo_dependencies/ros-one-dynamixel-driver_0.4.1-3-g3d84232-2025.01.07.16.15_amd64.deb to /<<CHROOT>>...
Copying /home/runner/apt_repo_dependencies/ros-one-qt-gui-py-common_0.4.2-9-gdc7190f-2025.01.07.14.27_amd64.deb to /<<CHROOT>>...
Copying /home/runner/apt_repo_dependencies/ros-one-moveit-resources-fanuc-description_0.8.3-2-gb771644-2025.01.07.18.02_amd64.deb to /<<CHROOT>>...
Copying /home/runner/apt_repo_dependencies/ros-one-moveit-resources-dual-panda-moveit-config_0.8.3-2-gb771644-2025.01.07.18.00_amd64.deb to /<<CHROOT>>...
Copying /home/runner/apt_repo_dependencies/ros-one-slam-gmapping_1.4.2-2-geec8606-2025.01.07.17.00_amd64.deb to /<<CHROOT>>...
Copying /home/runner/apt_repo_dependencies/ros-one-geometry-tutorials_0.2.3-1-g1d1d36a-2025.01.07.16.43_amd64.deb to /<<CHROOT>>...
Copying /home/runner/apt_repo_dependencies/ros-one-rosdiagnostic_1.11.0-7-gda86650-2025.01.07.17.01_amd64.deb to /<<CHROOT>>...
Copying /home/runner/apt_repo_dependencies/ros-one-rosunit_1.15.8-3-g136e18e9-2025.01.07.14.04_amd64.deb to /<<CHROOT>>...
Copying /home/runner/apt_repo_dependencies/ros-one-test-rosgraph_1.17.0-12-g2a12474fb-2025.01.07.15.10_amd64.deb to /<<CHROOT>>...
Copying /home/runner/apt_repo_dependencies/ros-one-joint-states-settler_0-2025.01.07.16.19_amd64.deb to /<<CHROOT>>...
Copying /home/runner/apt_repo_dependencies/ros-one-four-wheel-steering-msgs_1.1.1-2025.01.07.14.12_amd64.deb to /<<CHROOT>>...
Copying /home/runner/apt_repo_dependencies/ros-one-camera-calibration-parsers_1.12.0-9-g21aac6a-2025.01.07.15.41_amd64.deb to /<<CHROOT>>...
Copying /home/runner/apt_repo_dependencies/ros-one-pal-carbon-collector_1.5.2-2-ga5b028b-2025.01.07.15.43_amd64.deb to /<<CHROOT>>...
Copying /home/runner/apt_repo_dependencies/ros-one-roslz4_1.17.0-12-g2a12474fb-2025.01.07.14.34_amd64.deb to /<<CHROOT>>...
Copying /home/runner/apt_repo_dependencies/ros-one-rqt-publisher_0.4.10-7-g3f32ffe-2025.01.07.16.55_amd64.deb to /<<CHROOT>>...
Copying /home/runner/apt_repo_dependencies/ros-one-shape-msgs_1.13.1-2025.01.07.14.43_amd64.deb to /<<CHROOT>>...
Copying /home/runner/apt_repo_dependencies/ros-one-spacenav-node_0-2025.01.07.17.42_amd64.deb to /<<CHROOT>>...
Copying /home/runner/apt_repo_dependencies/ros-one-rqt-plot_0.4.13-2025.01.07.16.52_amd64.deb to /<<CHROOT>>...
Copying /home/runner/apt_repo_dependencies/ros-one-ur3-moveit-config_1.3.3-3-gcce1f0e-2025.01.07.20.19_amd64.deb to /<<CHROOT>>...
Copying /home/runner/apt_repo_dependencies/ros-one-unique-identifier_1.0.6-9-g39b8b62-2025.01.07.15.47_amd64.deb to /<<CHROOT>>...
Copying /home/runner/apt_repo_dependencies/ros-one-joint-state-publisher_1.15.1-2-g7cb7069-2025.01.07.15.48_amd64.deb to /<<CHROOT>>...
Copying /home/runner/apt_repo_dependencies/ros-one-rqt-robot-plugins_0.5.8-1-g6e17809-2025.01.07.20.18_amd64.deb to /<<CHROOT>>...
Copying /home/runner/apt_repo_dependencies/ros-one-rqt-logger-level_0.4.12-2025.01.07.16.51_amd64.deb to /<<CHROOT>>...
Copying /home/runner/apt_repo_dependencies/ros-one-ethercat-grant-dbgsym_0.3.2-2025.01.07.15.45_amd64.deb to /<<CHROOT>>...
Copying /home/runner/apt_repo_dependencies/ros-one-apriltag_3.4.2-33-gfc2a7b2-2025.01.07.13.06_amd64.deb to /<<CHROOT>>...
Copying /home/runner/apt_repo_dependencies/ros-one-industrial-core_0.7.3-7-ge4d2633-2025.01.07.19.31_amd64.deb to /<<CHROOT>>...
Copying /home/runner/apt_repo_dependencies/ros-one-openni-description_0-2025.01.07.18.28_amd64.deb to /<<CHROOT>>...
Copying /home/runner/apt_repo_dependencies/ros-one-geometric-shapes_0.7.7-1-gc24eb49-2025.01.07.15.41_amd64.deb to /<<CHROOT>>...
Copying /home/runner/apt_repo_dependencies/ros-one-behaviortree-cpp-dbgsym_4.6.2-16-gd4d8ae1-2025.01.07.14.07_amd64.deb to /<<CHROOT>>...
Copying /home/runner/apt_repo_dependencies/ros-one-rosbridge-server_0.11.17-2025.01.07.16.37_amd64.deb to /<<CHROOT>>...
Copying /home/runner/apt_repo_dependencies/ros-one-gazebo-msgs_2.9.2-6-g959e7d0-2025.01.07.17.11_amd64.deb to /<<CHROOT>>...
Copying /home/runner/apt_repo_dependencies/ros-one-ruckig_0.14.0-3-gbeb713a-2025.01.07.13.08_amd64.deb to /<<CHROOT>>...
Copying /home/runner/apt_repo_dependencies/ros-one-rosbridge-suite_0.11.17-2025.01.07.16.39_amd64.deb to /<<CHROOT>>...
Copying /home/runner/apt_repo_dependencies/ros-one-teleop-tools_0.5.0-2025.01.07.16.23_amd64.deb to /<<CHROOT>>...
Copying /home/runner/apt_repo_dependencies/ros-one-moveit-resources-prbt-pg70-support_0.8.3-2-gb771644-2025.01.07.18.30_amd64.deb to /<<CHROOT>>...
Copying /home/runner/apt_repo_dependencies/ros-one-pr2-power-drivers_1.1.10-5-gc7f225d-2025.01.07.17.40_amd64.deb to /<<CHROOT>>...
Copying /home/runner/apt_repo_dependencies/ros-one-rqt-graph_0.4.14-5-g759e210-2025.01.07.16.50_amd64.deb to /<<CHROOT>>...
Copying /home/runner/apt_repo_dependencies/ros-one-ompl-dbgsym_1.6.0-87-g1c4cd078-2025.01.07.13.07_amd64.deb to /<<CHROOT>>...
Copying /home/runner/apt_repo_dependencies/ros-one-rqt-joint-trajectory-controller_0.22.0-2025.01.07.17.42_amd64.deb to /<<CHROOT>>...
Copying /home/runner/apt_repo_dependencies/ros-one-allocators_1.0.25-10-g6ad6177-2025.01.07.15.41_amd64.deb to /<<CHROOT>>...
Copying /home/runner/apt_repo_dependencies/ros-one-roslisp-repl_0.4.17-2025.01.07.14.30_amd64.deb to /<<CHROOT>>...
Copying /home/runner/apt_repo_dependencies/ros-one-pr2-robot_1.6.32-21-gcb63b5d-2025.01.07.19.48_amd64.deb to /<<CHROOT>>...
Copying /home/runner/apt_repo_dependencies/ros-one-smclib_1.8.6-1-g398e8ed-2025.01.07.15.46_amd64.deb to /<<CHROOT>>...
Copying /home/runner/apt_repo_dependencies/ros-one-scaled-controllers_0.1.1-4-gb2fff50-2025.01.07.18.50_amd64.deb to /<<CHROOT>>...
Copying /home/runner/apt_repo_dependencies/ros-one-fetch-teleop_0.9.1-5-g11f8df9-2025.01.07.19.53_amd64.deb to /<<CHROOT>>...
Copying /home/runner/apt_repo_dependencies/ros-one-pr2-ethercat-drivers_1.9.0-5-g80a45bf-2025.01.07.18.33_amd64.deb to /<<CHROOT>>...
Copying /home/runner/apt_repo_dependencies/ros-one-message-runtime_0.4.13-2025.01.07.13.31_amd64.deb to /<<CHROOT>>...
Copying /home/runner/apt_repo_dependencies/ros-one-wge100-driver_1.8.5-4-g9768e2e-2025.01.07.19.08_amd64.deb to /<<CHROOT>>...
Copying /home/runner/apt_repo_dependencies/ros-one-joy-listener_0.3.0-2025.01.07.18.18_amd64.deb to /<<CHROOT>>...
Copying /home/runner/apt_repo_dependencies/ros-one-pr2-description_1.13.1-2025.01.07.16.14_amd64.deb to /<<CHROOT>>...
Copying /home/runner/apt_repo_dependencies/ros-one-robot-calibration-msgs_0.7.2-3-g80c2be2-2025.01.07.16.58_amd64.deb to /<<CHROOT>>...
Copying /home/runner/apt_repo_dependencies/ros-one-qb-device-msgs_0-2025.01.07.18.46_amd64.deb to /<<CHROOT>>...
Copying /home/runner/apt_repo_dependencies/ros-one-ompl_1.6.0-87-g1c4cd078-2025.01.07.13.07_amd64.deb to /<<CHROOT>>...
Copying /home/runner/apt_repo_dependencies/ros-one-eml-dbgsym_0-2025.01.07.13.02_amd64.deb to /<<CHROOT>>...
Copying /home/runner/apt_repo_dependencies/ros-one-rviz-marker-tools-dbgsym_1-0.1.3-117-ga924b56-2025.01.07.19.43_amd64.deb to /<<CHROOT>>...
Copying /home/runner/apt_repo_dependencies/ros-one-image-transport-plugins_1.15.0-9-gcae592c-2025.01.07.16.10_amd64.deb to /<<CHROOT>>...
Copying /home/runner/apt_repo_dependencies/ros-one-rqt-robot-monitor_0.5.12-2025.01.07.18.43_amd64.deb to /<<CHROOT>>...
Copying /home/runner/apt_repo_dependencies/ros-one-roscpp-tutorials_0.10.2-3-gdb63288-2025.01.07.15.47_amd64.deb to /<<CHROOT>>...
Copying /home/runner/apt_repo_dependencies/ros-one-pr2-dashboard-aggregator_1.13.1-2025.01.07.16.12_amd64.deb to /<<CHROOT>>...
Copying /home/runner/apt_repo_dependencies/ros-one-vision-opencv_1.16.2-2-gcfabf72-2025.01.07.15.52_amd64.deb to /<<CHROOT>>...
Copying /home/runner/apt_repo_dependencies/ros-one-rosauth_1.0.1-1-gc2a5908-2025.01.07.15.44_amd64.deb to /<<CHROOT>>...
Copying /home/runner/apt_repo_dependencies/ros-one-fetch-navigation_0.9.1-5-g11f8df9-2025.01.07.19.48_amd64.deb to /<<CHROOT>>...
Copying /home/runner/apt_repo_dependencies/ros-one-rqt-topic_0.4.13-4-g8465371-2025.01.07.17.03_amd64.deb to /<<CHROOT>>...
Copying /home/runner/apt_repo_dependencies/ros-one-media-export_0.3.0-2025.01.07.13.05_amd64.deb to /<<CHROOT>>...
Copying /home/runner/apt_repo_dependencies/ros-one-roscpp-serialization-dbgsym_0.7.3-3-gcae00b4-2025.01.07.13.04_amd64.deb to /<<CHROOT>>...
Copying /home/runner/apt_repo_dependencies/ros-one-moveit-resources-fanuc-moveit-config_0.8.3-2-gb771644-2025.01.07.18.05_amd64.deb to /<<CHROOT>>...
Copying /home/runner/apt_repo_dependencies/ros-one-franka-ros_0.8.1-368-gba8dd20-2025.01.07.18.11_amd64.deb to /<<CHROOT>>...
Copying /home/runner/apt_repo_dependencies/ros-one-ros-type-introspection_0-2025.01.07.15.54_amd64.deb to /<<CHROOT>>...
Copying /home/runner/apt_repo_dependencies/ros-one-universal-robots_1.3.3-3-gcce1f0e-2025.01.07.20.01_amd64.deb to /<<CHROOT>>...
Copying /home/runner/apt_repo_dependencies/ros-one-octomap-mapping_0.6.8-2025.01.07.17.33_amd64.deb to /<<CHROOT>>...
Copying /home/runner/apt_repo_dependencies/ros-one-message-filters-dbgsym_1.17.0-12-g2a12474fb-2025.01.07.14.57_amd64.deb to /<<CHROOT>>...
Copying /home/runner/apt_repo_dependencies/ros-one-moveit-task-constructor-msgs_1-0.1.3-117-ga924b56-2025.01.07.19.34_amd64.deb to /<<CHROOT>>...
Copying /home/runner/apt_repo_dependencies/ros-one-simple-message-dbgsym_0.7.3-7-ge4d2633-2025.01.07.19.50_amd64.deb to /<<CHROOT>>...
Copying /home/runner/apt_repo_dependencies/ros-one-dynamixel-msgs_0.4.1-3-g3d84232-2025.01.07.16.19_amd64.deb to /<<CHROOT>>...
Copying /home/runner/apt_repo_dependencies/ros-one-bond-core_1.8.6-1-g398e8ed-2025.01.07.15.43_amd64.deb to /<<CHROOT>>...
Copying /home/runner/apt_repo_dependencies/ros-one-multisense-lib_4.0.5-46-g945e646-2025.01.07.17.30_amd64.deb to /<<CHROOT>>...
Copying /home/runner/apt_repo_dependencies/ros-one-eigenpy_3.10.1-2025.01.07.13.06_amd64.deb to /<<CHROOT>>...
Copying /home/runner/apt_repo_dependencies/ros-one-cpp-common-dbgsym_0.7.3-3-gcae00b4-2025.01.07.13.02_amd64.deb to /<<CHROOT>>...
Copying /home/runner/apt_repo_dependencies/ros-one-rosbash_1.15.8-3-g136e18e9-2025.01.07.13.56_amd64.deb to /<<CHROOT>>...
Copying /home/runner/apt_repo_dependencies/ros-one-qt-gui-core_0.4.2-9-gdc7190f-2025.01.07.14.24_amd64.deb to /<<CHROOT>>...
Copying /home/runner/apt_repo_dependencies/ros-one-move-base-msgs_1.14.1-2025.01.07.15.44_amd64.deb to /<<CHROOT>>...
Copying /home/runner/apt_repo_dependencies/ros-one-cpp-common_0.7.3-3-gcae00b4-2025.01.07.13.02_amd64.deb to /<<CHROOT>>...
Copying /home/runner/apt_repo_dependencies/ros-one-audio-play_0.3.18-2025.01.07.16.08_amd64.deb to /<<CHROOT>>...
Copying /home/runner/apt_repo_dependencies/ros-one-ps3joy_0-2025.01.07.17.39_amd64.deb to /<<CHROOT>>...
Copying /home/runner/apt_repo_dependencies/ros-one-joint-state-publisher-gui_1.15.1-2-g7cb7069-2025.01.07.15.49_amd64.deb to /<<CHROOT>>...
Copying /home/runner/apt_repo_dependencies/ros-one-rosconsole_1.14.3-5-ge3753eec-2025.01.07.14.08_amd64.deb to /<<CHROOT>>...
Copying /home/runner/apt_repo_dependencies/ros-one-ros-control_0.20.0-1-g633c374-2025.01.07.17.00_amd64.deb to /<<CHROOT>>...
Copying /home/runner/apt_repo_dependencies/ros-one-settlerlib_0-2025.01.07.16.17_amd64.deb to /<<CHROOT>>...
Copying /home/runner/apt_repo_dependencies/ros-one-camera-calibration-parsers-dbgsym_1.12.0-9-g21aac6a-2025.01.07.15.41_amd64.deb to /<<CHROOT>>...
Copying /home/runner/apt_repo_dependencies/ros-one-moveit-resources_0.8.3-2-gb771644-2025.01.07.17.57_amd64.deb to /<<CHROOT>>...
Copying /home/runner/apt_repo_dependencies/ros-one-object-recognition-msgs_0.4.2-2025.01.07.15.42_amd64.deb to /<<CHROOT>>...
Copying /home/runner/apt_repo_dependencies/ros-one-timestamp-tools_1.6.9-2025.01.07.17.40_amd64.deb to /<<CHROOT>>...
Copying /home/runner/apt_repo_dependencies/ros-one-freenect-launch_0.4.3-2025.01.07.18.08_amd64.deb to /<<CHROOT>>...
Copying /home/runner/apt_repo_dependencies/ros-one-pcl-msgs_0.3.0-1-g89b0725-2025.01.07.15.48_amd64.deb to /<<CHROOT>>...
Copying /home/runner/apt_repo_dependencies/ros-one-ur5e-moveit-config_1.3.3-3-gcce1f0e-2025.01.07.20.28_amd64.deb to /<<CHROOT>>...
Copying /home/runner/apt_repo_dependencies/ros-one-roscpp-dbgsym_1.17.0-12-g2a12474fb-2025.01.07.14.51_amd64.deb to /<<CHROOT>>...
Copying /home/runner/apt_repo_dependencies/ros-one-ros-comm_1.17.0-12-g2a12474fb-2025.01.07.14.30_amd64.deb to /<<CHROOT>>...
Copying /home/runner/apt_repo_dependencies/ros-one-behaviortree-cpp_4.6.2-16-gd4d8ae1-2025.01.07.14.07_amd64.deb to /<<CHROOT>>...
Copying /home/runner/apt_repo_dependencies/ros-one-trajectory-msgs_1.13.1-2025.01.07.14.46_amd64.deb to /<<CHROOT>>...
Copying /home/runner/apt_repo_dependencies/ros-one-roslib_1.15.8-3-g136e18e9-2025.01.07.14.03_amd64.deb to /<<CHROOT>>...
Copying /home/runner/apt_repo_dependencies/ros-one-test-rospy_1.17.0-12-g2a12474fb-2025.01.07.15.30_amd64.deb to /<<CHROOT>>...
Copying /home/runner/apt_repo_dependencies/ros-one-moveit-resources-panda-moveit-config_0.8.3-2-gb771644-2025.01.07.18.13_amd64.deb to /<<CHROOT>>...
Copying /home/runner/apt_repo_dependencies/ros-one-map-server-dbgsym_1.17.3-3-g9ad64419-2025.01.07.17.13_amd64.deb to /<<CHROOT>>...
Copying /home/runner/apt_repo_dependencies/ros-one-rqt-moveit_0.5.9-2025.01.07.17.35_amd64.deb to /<<CHROOT>>...
Copying /home/runner/apt_repo_dependencies/ros-one-rqt-bag-plugins_0.5.1-9-gda86846-2025.01.07.17.30_amd64.deb to /<<CHROOT>>...
Copying /home/runner/apt_repo_dependencies/ros-one-image-geometry_1.16.2-2-gcfabf72-2025.01.07.15.46_amd64.deb to /<<CHROOT>>...
Copying /home/runner/apt_repo_dependencies/ros-one-joint-trajectory-action-dbgsym_1.10.18-3-g8e8dfa0-2025.01.07.18.31_amd64.deb to /<<CHROOT>>...
Copying /home/runner/apt_repo_dependencies/ros-one-eigen-stl-containers_0.1.8-2-gd2a41f0-2025.01.07.13.25_amd64.deb to /<<CHROOT>>...
Copying /home/runner/apt_repo_dependencies/ros-one-rqt-bag_0.5.1-9-gda86846-2025.01.07.17.28_amd64.deb to /<<CHROOT>>...
Copying /home/runner/apt_repo_dependencies/ros-one-slime-ros_0.4.17-2025.01.07.14.31_amd64.deb to /<<CHROOT>>...
Copying /home/runner/apt_repo_dependencies/ros-one-audio-video-recorder_2.2.12-185-g1ddd7669-2025.01.07.20.01_amd64.deb to /<<CHROOT>>...
Copying /home/runner/apt_repo_dependencies/ros-one-backward-ros-dbgsym_0.1.8-2025.01.07.15.41_amd64.deb to /<<CHROOT>>...
Copying /home/runner/apt_repo_dependencies/ros-one-control-msgs_1.5.2-6-g36e2e30-2025.01.07.15.44_amd64.deb to /<<CHROOT>>...
Copying /home/runner/apt_repo_dependencies/ros-one-ur-client-library_1.5.0-11-g6bc1553-2025.01.07.13.07_amd64.deb to /<<CHROOT>>...
Copying /home/runner/apt_repo_dependencies/ros-one-audio-play-dbgsym_0.3.18-2025.01.07.16.08_amd64.deb to /<<CHROOT>>...
Copying /home/runner/apt_repo_dependencies/ros-one-calibration-estimation_0-2025.01.07.16.09_amd64.deb to /<<CHROOT>>...
Copying /home/runner/apt_repo_dependencies/ros-one-map-server_1.17.3-3-g9ad64419-2025.01.07.17.13_amd64.deb to /<<CHROOT>>...
Copying /home/runner/apt_repo_dependencies/ros-one-ros-environment_1.3.2-5-g2686e94-2025.01.07.12.59_amd64.deb to /<<CHROOT>>...
Copying /home/runner/apt_repo_dependencies/ros-one-rosbag-storage-dbgsym_1.17.0-12-g2a12474fb-2025.01.07.14.58_amd64.deb to /<<CHROOT>>...
Copying /home/runner/apt_repo_dependencies/ros-one-rospack_2.6.2-2-gad85a87-2025.01.07.13.23_amd64.deb to /<<CHROOT>>...
Copying /home/runner/apt_repo_dependencies/ros-one-qb-hand_0-2025.01.07.19.31_amd64.deb to /<<CHROOT>>...
Copying /home/runner/apt_repo_dependencies/ros-one-ivcon-dbgsym_0.1.7-2-g5c97b19-2025.01.07.13.06_amd64.deb to /<<CHROOT>>...
Copying /home/runner/apt_repo_dependencies/ros-one-diagnostic-common-diagnostics_1.11.0-7-gda86650-2025.01.07.16.50_amd64.deb to /<<CHROOT>>...
Copying /home/runner/apt_repo_dependencies/ros-one-sensor-msgs_1.13.1-2025.01.07.15.25_amd64.deb to /<<CHROOT>>...
Copying /home/runner/apt_repo_dependencies/ros-one-trac-ik_0-2025.01.07.19.34_amd64.deb to /<<CHROOT>>...
Copying /home/runner/apt_repo_dependencies/ros-one-gazebo-ros-pkgs_2.9.2-6-g959e7d0-2025.01.07.17.18_amd64.deb to /<<CHROOT>>...
Copying /home/runner/apt_repo_dependencies/ros-one-ros-tutorials_0.10.2-3-gdb63288-2025.01.07.15.45_amd64.deb to /<<CHROOT>>...
Copying /home/runner/apt_repo_dependencies/ros-one-geometry-msgs_1.13.1-2025.01.07.14.26_amd64.deb to /<<CHROOT>>...
Copying /home/runner/apt_repo_dependencies/ros-one-roslang_1.15.8-3-g136e18e9-2025.01.07.14.01_amd64.deb to /<<CHROOT>>...
Copying /home/runner/apt_repo_dependencies/ros-one-hardware-interface_0.20.0-1-g633c374-2025.01.07.16.46_amd64.deb to /<<CHROOT>>...
Copying /home/runner/apt_repo_dependencies/ros-one-fetch-teleop-dbgsym_0.9.1-5-g11f8df9-2025.01.07.19.53_amd64.deb to /<<CHROOT>>...
Copying /home/runner/apt_repo_dependencies/ros-one-ros-numpy_0-2025.01.07.16.47_amd64.deb to /<<CHROOT>>...
Copying /home/runner/apt_repo_dependencies/ros-one-urg-c_1.0.405-1-gbbe007f-2025.01.07.13.06_amd64.deb to /<<CHROOT>>...
Copying /home/runner/apt_repo_dependencies/ros-one-test-roslaunch_1.17.0-12-g2a12474fb-2025.01.07.15.12_amd64.deb to /<<CHROOT>>...
Copying /home/runner/apt_repo_dependencies/ros-one-rosgraph-msgs_1.11.3-1-gf51a0429-2025.01.07.14.07_amd64.deb to /<<CHROOT>>...
Copying /home/runner/apt_repo_dependencies/ros-one-urg-c-dbgsym_1.0.405-1-gbbe007f-2025.01.07.13.06_amd64.deb to /<<CHROOT>>...
Copying /home/runner/apt_repo_dependencies/ros-one-rosbridge-msgs_0.11.17-2025.01.07.16.35_amd64.deb to /<<CHROOT>>...
Copying /home/runner/apt_repo_dependencies/ros-one-self-test_1.11.0-7-gda86650-2025.01.07.17.03_amd64.deb to /<<CHROOT>>...
Copying /home/runner/apt_repo_dependencies/ros-one-image-pipeline_1.17.0-11-g69488e6-2025.01.07.16.54_amd64.deb to /<<CHROOT>>...
Copying /home/runner/apt_repo_dependencies/ros-one-monocam-settler_0-2025.01.07.16.23_amd64.deb to /<<CHROOT>>...
Copying /home/runner/apt_repo_dependencies/ros-one-people-msgs_1.4.2-6-gcfd7892-2025.01.07.19.36_amd64.deb to /<<CHROOT>>...
Copying /home/runner/apt_repo_dependencies/ros-one-ur20-moveit-config_1.3.3-3-gcce1f0e-2025.01.07.20.13_amd64.deb to /<<CHROOT>>...
Copying /home/runner/apt_repo_dependencies/ros-one-kdl-conversions-dbgsym_1.13.2-10-g674e0c4-2025.01.07.16.35_amd64.deb to /<<CHROOT>>...
Copying /home/runner/apt_repo_dependencies/ros-one-rostest_1.17.0-12-g2a12474fb-2025.01.07.14.42_amd64.deb to /<<CHROOT>>...
Copying /home/runner/apt_repo_dependencies/ros-one-vision-msgs_0.0.2-2025.01.07.15.52_amd64.deb to /<<CHROOT>>...
Copying /home/runner/apt_repo_dependencies/ros-one-pr2-run-stop-auto-restart_1.6.32-21-gcb63b5d-2025.01.07.19.51_amd64.deb to /<<CHROOT>>...
Copying /home/runner/apt_repo_dependencies/ros-one-industrial-robot-status-interface_0.1.2-5-gab74b6e-2025.01.07.20.01_amd64.deb to /<<CHROOT>>...
Copying /home/runner/apt_repo_dependencies/ros-one-rqt-service-caller_0.4.10-1-g08ff4cc-2025.01.07.16.58_amd64.deb to /<<CHROOT>>...
Copying /home/runner/apt_repo_dependencies/ros-one-rqt-srv_0.4.9-1-g876365e-2025.01.07.19.40_amd64.deb to /<<CHROOT>>...
Copying /home/runner/apt_repo_dependencies/ros-one-pr2-kinematics_1.0.11-4-gffb1be8-2025.01.07.19.51_amd64.deb to /<<CHROOT>>...
Copying /home/runner/apt_repo_dependencies/ros-one-controller-manager-msgs_0.20.0-1-g633c374-2025.01.07.16.43_amd64.deb to /<<CHROOT>>...
Copying /home/runner/apt_repo_dependencies/ros-one-rosparam-shortcuts_0.4.0-4-g7cf1dea-2025.01.07.16.51_amd64.deb to /<<CHROOT>>...
Copying /home/runner/apt_repo_dependencies/ros-one-qb-device-description_0-2025.01.07.18.41_amd64.deb to /<<CHROOT>>...
Copying /home/runner/apt_repo_dependencies/ros-one-geometry2_0.7.5-23-gfbcdc99-2025.01.07.16.03_amd64.deb to /<<CHROOT>>...
Copying /home/runner/apt_repo_dependencies/ros-one-rqt_0.5.2-8-gb606144-2025.01.07.16.30_amd64.deb to /<<CHROOT>>...
Copying /home/runner/apt_repo_dependencies/ros-one-pr2-common_1.13.1-2025.01.07.16.11_amd64.deb to /<<CHROOT>>...
Copying /home/runner/apt_repo_dependencies/ros-one-monocam-settler-dbgsym_0-2025.01.07.16.23_amd64.deb to /<<CHROOT>>...
Copying /home/runner/apt_repo_dependencies/ros-one-baxter-description_1.2.0-2025.01.07.15.48_amd64.deb to /<<CHROOT>>...
Copying /home/runner/apt_repo_dependencies/ros-one-rqt-py-common_0.5.2-8-gb606144-2025.01.07.16.38_amd64.deb to /<<CHROOT>>...
Copying /home/runner/apt_repo_dependencies/ros-one-realtime-tools_1.15.1-3-ga5a5a5e-2025.01.07.16.12_amd64.deb to /<<CHROOT>>...
Copying /home/runner/apt_repo_dependencies/ros-one-fetch-description_0.9.1-5-g11f8df9-2025.01.07.19.37_amd64.deb to /<<CHROOT>>...
Copying /home/runner/apt_repo_dependencies/ros-one-bondcpp_1.8.6-1-g398e8ed-2025.01.07.15.47_amd64.deb to /<<CHROOT>>...
Copying /home/runner/apt_repo_dependencies/ros-one-roscpp_1.17.0-12-g2a12474fb-2025.01.07.14.51_amd64.deb to /<<CHROOT>>...
Copying /home/runner/apt_repo_dependencies/ros-one-mongodb-store-dbgsym_0-2025.01.07.16.48_amd64.deb to /<<CHROOT>>...
Copying /home/runner/apt_repo_dependencies/ros-one-class-loader_0.5.0-6-g9f3288d-2025.01.07.13.23_amd64.deb to /<<CHROOT>>...
Copying /home/runner/apt_repo_dependencies/ros-one-dynamixel-controllers_0.4.1-3-g3d84232-2025.01.07.16.13_amd64.deb to /<<CHROOT>>...
Copying /home/runner/apt_repo_dependencies/ros-one-pr2-controllers_1.10.18-3-g8e8dfa0-2025.01.07.18.25_amd64.deb to /<<CHROOT>>...
Copying /home/runner/apt_repo_dependencies/ros-one-dynamixel-motor_0.4.1-3-g3d84232-2025.01.07.16.17_amd64.deb to /<<CHROOT>>...
Copying /home/runner/apt_repo_dependencies/ros-one-test-rosbag-storage_1.17.0-12-g2a12474fb-2025.01.07.15.06_amd64.deb to /<<CHROOT>>...
Copying /home/runner/apt_repo_dependencies/ros-one-angles_1.9.13-2-g2392b18-2025.01.07.14.07_amd64.deb to /<<CHROOT>>...
Copying /home/runner/apt_repo_dependencies/ros-one-moveit-msgs_0.11.4-5-g851fe62-2025.01.07.16.12_amd64.deb to /<<CHROOT>>...
Copying /home/runner/apt_repo_dependencies/ros-one-common-tutorials_0-2025.01.07.16.33_amd64.deb to /<<CHROOT>>...
Copying /home/runner/apt_repo_dependencies/ros-one-ros_1.15.8-3-g136e18e9-2025.01.07.13.55_amd64.deb to /<<CHROOT>>...
Copying /home/runner/apt_repo_dependencies/ros-one-pinocchio-dbgsym_3.3.1-2025.01.07.13.31_amd64.deb to /<<CHROOT>>...
Copying /home/runner/apt_repo_dependencies/ros-one-simple-message_0.7.3-7-ge4d2633-2025.01.07.19.50_amd64.deb to /<<CHROOT>>...
Copying /home/runner/apt_repo_dependencies/ros-one-ur-msgs_1.4.0-2025.01.07.15.50_amd64.deb to /<<CHROOT>>...
Copying /home/runner/apt_repo_dependencies/ros-one-roscpp-serialization_0.7.3-3-gcae00b4-2025.01.07.13.04_amd64.deb to /<<CHROOT>>...
Copying /home/runner/apt_repo_dependencies/ros-one-settlerlib-dbgsym_0-2025.01.07.16.17_amd64.deb to /<<CHROOT>>...
Copying /home/runner/apt_repo_dependencies/ros-one-bond_1.8.6-1-g398e8ed-2025.01.07.15.41_amd64.deb to /<<CHROOT>>...
Copying /home/runner/apt_repo_dependencies/ros-one-test-rosservice_1.17.0-12-g2a12474fb-2025.01.07.15.32_amd64.deb to /<<CHROOT>>...
Copying /home/runner/apt_repo_dependencies/ros-one-test-rostopic_1.17.0-12-g2a12474fb-2025.01.07.15.36_amd64.deb to /<<CHROOT>>...
Copying /home/runner/apt_repo_dependencies/ros-one-moveit_1.1.16-17-g3aed1dc85-2025.01.07.17.50_amd64.deb to /<<CHROOT>>...
Copying /home/runner/apt_repo_dependencies/ros-one-gl-dependency_1.1.2-1-g337fcfc-2025.01.07.13.03_amd64.deb to /<<CHROOT>>...
Copying /home/runner/apt_repo_dependencies/ros-one-rqt-dep_0.4.12-4-gebf0f6e-2025.01.07.17.19_amd64.deb to /<<CHROOT>>...
Copying /home/runner/apt_repo_dependencies/ros-one-baldor_0.1.3-3-g10fabc5-2025.01.07.13.04_amd64.deb to /<<CHROOT>>...
Copying /home/runner/apt_repo_dependencies/ros-one-qb-device-driver_0-2025.01.07.18.58_amd64.deb to /<<CHROOT>>...
Copying /home/runner/apt_repo_dependencies/ros-one-tf2-dbgsym_0.7.5-23-gfbcdc99-2025.01.07.16.06_amd64.deb to /<<CHROOT>>...
Copying /home/runner/apt_repo_dependencies/ros-one-ur30-moveit-config_1.3.3-3-gcce1f0e-2025.01.07.20.16_amd64.deb to /<<CHROOT>>...
Copying /home/runner/apt_repo_dependencies/ros-one-boost-sml-dbgsym_0.1.2-6-gaaddc80-2025.01.07.15.43_amd64.deb to /<<CHROOT>>...
Copying /home/runner/apt_repo_dependencies/ros-one-soem_1.4.1003-1-g988013c-2025.01.07.13.05_amd64.deb to /<<CHROOT>>...
Copying /home/runner/apt_repo_dependencies/ros-one-people_1.4.2-6-gcfd7892-2025.01.07.19.33_amd64.deb to /<<CHROOT>>...
Copying /home/runner/apt_repo_dependencies/ros-one-test-rostest_1.17.0-12-g2a12474fb-2025.01.07.15.34_amd64.deb to /<<CHROOT>>...
Copying /home/runner/apt_repo_dependencies/ros-one-pr2-controller-configuration_1.6.32-21-gcb63b5d-2025.01.07.19.43_amd64.deb to /<<CHROOT>>...
Copying /home/runner/apt_repo_dependencies/ros-one-eigenpy-dbgsym_3.10.1-2025.01.07.13.06_amd64.deb to /<<CHROOT>>...
Copying /home/runner/apt_repo_dependencies/ros-one-jsk-tools_2.2.12-185-g1ddd7669-2025.01.07.20.21_amd64.deb to /<<CHROOT>>...
Copying /home/runner/apt_repo_dependencies/ros-one-joy-dbgsym_0-2025.01.07.17.20_amd64.deb to /<<CHROOT>>...
Copying /home/runner/apt_repo_dependencies/ros-one-rqt-console_0.4.12-2-gce13191-2025.01.07.17.33_amd64.deb to /<<CHROOT>>...
Copying /home/runner/apt_repo_dependencies/ros-one-audio-video-recorder-dbgsym_2.2.12-185-g1ddd7669-2025.01.07.20.01_amd64.deb to /<<CHROOT>>...
Copying /home/runner/apt_repo_dependencies/ros-one-rqt-web_0.4.10-5-g49eaabf-2025.01.07.17.02_amd64.deb to /<<CHROOT>>...
Copying /home/runner/apt_repo_dependencies/ros-one-urdf-parser-plugin_1.13.2-2-g3df8012-2025.01.07.15.48_amd64.deb to /<<CHROOT>>...
Copying /home/runner/apt_repo_dependencies/ros-one-smach-msgs_2.5.2-7-g94a196d-2025.01.07.16.16_amd64.deb to /<<CHROOT>>...
Copying /home/runner/apt_repo_dependencies/ros-one-voxel-grid-dbgsym_1.17.3-3-g9ad64419-2025.01.07.17.20_amd64.deb to /<<CHROOT>>...
Copying /home/runner/apt_repo_dependencies/ros-one-panda-moveit-config_0.8.1-6-gda3252e-2025.01.07.19.44_amd64.deb to /<<CHROOT>>...
Copying /home/runner/apt_repo_dependencies/ros-one-jsk-common_2.2.12-185-g1ddd7669-2025.01.07.20.10_amd64.deb to /<<CHROOT>>...
Copying /home/runner/apt_repo_dependencies/ros-one-rqt-robot-dashboard_0.5.8-1-g3d890a9-2025.01.07.19.37_amd64.deb to /<<CHROOT>>...
Copying /home/runner/apt_repo_dependencies/ros-one-rqt-shell_0.4.12-2025.01.07.17.01_amd64.deb to /<<CHROOT>>...
Copying /home/runner/apt_repo_dependencies/ros-one-interval-intersection_0-2025.01.07.16.14_amd64.deb to /<<CHROOT>>...
Copying /home/runner/apt_repo_dependencies/ros-one-mongodb-store_0-2025.01.07.16.48_amd64.deb to /<<CHROOT>>...
Copying /home/runner/apt_repo_dependencies/ros-one-open-karto_1.2.3-2-g922db50-2025.01.07.16.14_amd64.deb to /<<CHROOT>>...
Copying /home/runner/apt_repo_dependencies/ros-one-perception-pcl_1.7.4-12-g5f72467-2025.01.07.16.56_amd64.deb to /<<CHROOT>>...
Copying /home/runner/apt_repo_dependencies/ros-one-joystick-drivers_0-2025.01.07.17.23_amd64.deb to /<<CHROOT>>...
Copying /home/runner/apt_repo_dependencies/ros-one-diagnostic-msgs_1.13.1-2025.01.07.14.25_amd64.deb to /<<CHROOT>>...
Copying /home/runner/apt_repo_dependencies/ros-one-smach-viewer_4.1.0-7-ge82d7ef-2025.01.07.16.38_amd64.deb to /<<CHROOT>>...
Copying /home/runner/apt_repo_dependencies/ros-one-ros-controllers_0.22.0-2025.01.07.17.40_amd64.deb to /<<CHROOT>>...
Copying /home/runner/apt_repo_dependencies/ros-one-spacenav-node-dbgsym_0-2025.01.07.17.42_amd64.deb to /<<CHROOT>>...
Copying /home/runner/apt_repo_dependencies/ros-one-criutils_0.1.4-2025.01.07.16.08_amd64.deb to /<<CHROOT>>...
Copying /home/runner/apt_repo_dependencies/ros-one-jsk-gui-msgs_4.3.2-13-g093b57c-2025.01.07.16.10_amd64.deb to /<<CHROOT>>...
Copying /home/runner/apt_repo_dependencies/ros-one-geometric-shapes-dbgsym_0.7.7-1-gc24eb49-2025.01.07.15.41_amd64.deb to /<<CHROOT>>...
Copying /home/runner/apt_repo_dependencies/ros-one-sparse-bundle-adjustment_0.4.4-2025.01.07.15.50_amd64.deb to /<<CHROOT>>...
Copying /home/runner/apt_repo_dependencies/ros-one-rosbridge-library_0.11.17-2025.01.07.16.32_amd64.deb to /<<CHROOT>>...
Copying /home/runner/apt_repo_dependencies/ros-one-pr2-computer-monitor-dbgsym_1.6.32-21-gcb63b5d-2025.01.07.19.40_amd64.deb to /<<CHROOT>>...
Copying /home/runner/apt_repo_dependencies/ros-one-pluginlib_1.13.0-2-g51a2cb0-2025.01.07.14.16_amd64.deb to /<<CHROOT>>...
Copying /home/runner/apt_repo_dependencies/ros-one-rviz-marker-tools_1-0.1.3-117-ga924b56-2025.01.07.19.43_amd64.deb to /<<CHROOT>>...
Copying /home/runner/apt_repo_dependencies/ros-one-euslisp_9.29.0-2-2025.01.07.14.07_amd64.deb to /<<CHROOT>>...
Copying /home/runner/apt_repo_dependencies/ros-one-openni-launch_0-2025.01.07.18.30_amd64.deb to /<<CHROOT>>...
Copying /home/runner/apt_repo_dependencies/ros-one-genmsg_0.5.16-1-g7d8b6ce-2025.01.07.13.06_amd64.deb to /<<CHROOT>>...
Copying /home/runner/apt_repo_dependencies/ros-one-prosilica-gige-sdk_1.26.3-2025.01.07.13.06_amd64.deb to /<<CHROOT>>...
Copying /home/runner/apt_repo_dependencies/ros-one-tf2-eigen_0.7.5-23-gfbcdc99-2025.01.07.16.10_amd64.deb to /<<CHROOT>>...
Copying /home/runner/apt_repo_dependencies/ros-one-moveit-ros_1.1.16-17-g3aed1dc85-2025.01.07.18.35_amd64.deb to /<<CHROOT>>...
Copying /home/runner/apt_repo_dependencies/ros-one-rostime_0.7.3-3-gcae00b4-2025.01.07.13.04_amd64.deb to /<<CHROOT>>...
Copying /home/runner/apt_repo_dependencies/ros-one-camera-calibration_1.17.0-11-g69488e6-2025.01.07.16.50_amd64.deb to /<<CHROOT>>...
Copying /home/runner/apt_repo_dependencies/ros-one-urdfdom-py_0.4.6-2025.01.07.15.57_amd64.deb to /<<CHROOT>>...
Copying /home/runner/apt_repo_dependencies/ros-one-unique-id_1.0.6-9-g39b8b62-2025.01.07.15.50_amd64.deb to /<<CHROOT>>...
Copying /home/runner/apt_repo_dependencies/ros-one-ethercat-grant_0.3.2-2025.01.07.15.45_amd64.deb to /<<CHROOT>>...
Copying /home/runner/apt_repo_dependencies/ros-one-speed-scaling-interface_0.1.1-4-gb2fff50-2025.01.07.18.55_amd64.deb to /<<CHROOT>>...
Copying /home/runner/apt_repo_dependencies/ros-one-franka-description_0.8.1-368-gba8dd20-2025.01.07.17.54_amd64.deb to /<<CHROOT>>...
Copying /home/runner/apt_repo_dependencies/ros-one-rqt-action_0.4.9-14-gfd461f4-2025.01.07.19.53_amd64.deb to /<<CHROOT>>...
Copying /home/runner/apt_repo_dependencies/ros-one-tf2-bullet_0.7.5-23-gfbcdc99-2025.01.07.16.08_amd64.deb to /<<CHROOT>>...
Copying /home/runner/apt_repo_dependencies/ros-one-moveit-commander_1.1.16-17-g3aed1dc85-2025.01.07.18.08_amd64.deb to /<<CHROOT>>...
Copying /home/runner/apt_repo_dependencies/ros-one-stereo-msgs_1.13.1-2025.01.07.15.27_amd64.deb to /<<CHROOT>>...
Copying /home/runner/apt_repo_dependencies/ros-one-qb-device_0-2025.01.07.18.36_amd64.deb to /<<CHROOT>>...
Copying /home/runner/apt_repo_dependencies/ros-one-pr2-msgs_1.13.1-2025.01.07.16.18_amd64.deb to /<<CHROOT>>...
Copying /home/runner/apt_repo_dependencies/ros-one-test-roslib-comm_1.17.0-12-g2a12474fb-2025.01.07.14.45_amd64.deb to /<<CHROOT>>...
Copying /home/runner/apt_repo_dependencies/ros-one-franka-msgs_0.8.1-368-gba8dd20-2025.01.07.17.59_amd64.deb to /<<CHROOT>>...
Copying /home/runner/apt_repo_dependencies/ros-one-jsk-hark-msgs_4.3.2-13-g093b57c-2025.01.07.16.12_amd64.deb to /<<CHROOT>>...
Copying /home/runner/apt_repo_dependencies/ros-one-moveit-runtime_1.1.16-17-g3aed1dc85-2025.01.07.19.10_amd64.deb to /<<CHROOT>>...
Copying /home/runner/apt_repo_dependencies/ros-one-xmlrpcpp_1.17.0-12-g2a12474fb-2025.01.07.14.50_amd64.deb to /<<CHROOT>>...
Copying /home/runner/apt_repo_dependencies/ros-one-xmlrpcpp-dbgsym_1.17.0-12-g2a12474fb-2025.01.07.14.50_amd64.deb to /<<CHROOT>>...
Copying /home/runner/apt_repo_dependencies/ros-one-ur10e-moveit-config_1.3.3-3-gcce1f0e-2025.01.07.20.07_amd64.deb to /<<CHROOT>>...
Copying /home/runner/apt_repo_dependencies/ros-one-stage_4.3.0-17-g2d2e0724-2025.01.07.13.06_amd64.deb to /<<CHROOT>>...
Copying /home/runner/apt_repo_dependencies/ros-one-rosout_1.17.0-12-g2a12474fb-2025.01.07.14.55_amd64.deb to /<<CHROOT>>...
Copying /home/runner/apt_repo_dependencies/ros-one-cv-bridge-dbgsym_1.16.2-2-gcfabf72-2025.01.07.15.42_amd64.deb to /<<CHROOT>>...
Copying /home/runner/apt_repo_dependencies/ros-one-actionlib-tools_1.14.0-6-gbbf979f-2025.01.07.15.43_amd64.deb to /<<CHROOT>>...
Copying /home/runner/apt_repo_dependencies/ros-one-resource-retriever_1.12.7-5-g40d08d6-2025.01.07.14.16_amd64.deb to /<<CHROOT>>...
Copying /home/runner/apt_repo_dependencies/ros-one-controller-interface_0.20.0-1-g633c374-2025.01.07.16.50_amd64.deb to /<<CHROOT>>...
Copying /home/runner/apt_repo_dependencies/ros-one-moveit-resources-prbt-support_0.8.3-2-gb771644-2025.01.07.18.33_amd64.deb to /<<CHROOT>>...
Copying /home/runner/apt_repo_dependencies/ros-one-hpp-fcl-dbgsym_2.4.5-2025.01.07.13.23_amd64.deb to /<<CHROOT>>...
Copying /home/runner/apt_repo_dependencies/ros-one-diagnostic-updater_1.11.0-7-gda86650-2025.01.07.16.48_amd64.deb to /<<CHROOT>>...
Copying /home/runner/apt_repo_dependencies/ros-one-qb-device-srvs_0-2025.01.07.18.48_amd64.deb to /<<CHROOT>>...
Copying /home/runner/apt_repo_dependencies/ros-one-audio-common_0.3.18-2025.01.07.16.03_amd64.deb to /<<CHROOT>>...
Copying /home/runner/apt_repo_dependencies/ros-one-joint-trajectory-action_1.10.18-3-g8e8dfa0-2025.01.07.18.31_amd64.deb to /<<CHROOT>>...
Copying /home/runner/apt_repo_dependencies/ros-one-gencpp_0-2025.01.07.13.24_amd64.deb to /<<CHROOT>>...
Copying /home/runner/apt_repo_dependencies/ros-one-jsk-footstep-msgs_4.3.2-13-g093b57c-2025.01.07.16.08_amd64.deb to /<<CHROOT>>...
Copying /home/runner/apt_repo_dependencies/ros-one-roslib-dbgsym_1.15.8-3-g136e18e9-2025.01.07.14.03_amd64.deb to /<<CHROOT>>...
Copying /home/runner/apt_repo_dependencies/ros-one-rosout-dbgsym_1.17.0-12-g2a12474fb-2025.01.07.14.55_amd64.deb to /<<CHROOT>>...
Copying /home/runner/apt_repo_dependencies/ros-one-qb-device-utils_0-2025.01.07.18.53_amd64.deb to /<<CHROOT>>...
Copying /home/runner/apt_repo_dependencies/ros-one-wge100-camera-firmware_1.8.5-4-g9768e2e-2025.01.07.19.05_amd64.deb to /<<CHROOT>>...
Copying /home/runner/apt_repo_dependencies/ros-one-convex-decomposition_0.1.12-3-gb722eb5-2025.01.07.13.04_amd64.deb to /<<CHROOT>>...
Copying /home/runner/apt_repo_dependencies/ros-one-rosconsole-dbgsym_1.14.3-5-ge3753eec-2025.01.07.14.08_amd64.deb to /<<CHROOT>>...
Copying /home/runner/apt_repo_dependencies/ros-one-ros-realtime_1.0.25-10-g6ad6177-2025.01.07.15.47_amd64.deb to /<<CHROOT>>...
Copying /home/runner/apt_repo_dependencies/ros-one-rostime-dbgsym_0.7.3-3-gcae00b4-2025.01.07.13.04_amd64.deb to /<<CHROOT>>...
Copying /home/runner/apt_repo_dependencies/ros-one-mk_1.15.8-3-g136e18e9-2025.01.07.13.54_amd64.deb to /<<CHROOT>>...
Copying /home/runner/apt_repo_dependencies/ros-one-pr2-mechanism_1.8.21-7-g3b10e3e-2025.01.07.17.27_amd64.deb to /<<CHROOT>>...
Copying /home/runner/apt_repo_dependencies/ros-one-teleop-tools-msgs_0.5.0-2025.01.07.16.25_amd64.deb to /<<CHROOT>>...
Copying /home/runner/apt_repo_dependencies/ros-one-qt-gui-app_0.4.2-9-gdc7190f-2025.01.07.14.23_amd64.deb to /<<CHROOT>>...
Copying /home/runner/apt_repo_dependencies/ros-one-std-srvs_1.11.3-1-gf51a0429-2025.01.07.14.08_amd64.deb to /<<CHROOT>>...
Copying /home/runner/apt_repo_dependencies/ros-one-driver-common_1.6.9-2025.01.07.17.13_amd64.deb to /<<CHROOT>>...
Copying /home/runner/apt_repo_dependencies/ros-one-fetch-ros_0.9.1-5-g11f8df9-2025.01.07.19.51_amd64.deb to /<<CHROOT>>...
Copying /home/runner/apt_repo_dependencies/ros-one-app-manager_1.3.0-62-gc23f10a-2025.01.07.16.06_amd64.deb to /<<CHROOT>>...
Copying /home/runner/apt_repo_dependencies/ros-one-topic-tools_1.17.0-12-g2a12474fb-2025.01.07.15.18_amd64.deb to /<<CHROOT>>...
Copying /home/runner/apt_repo_dependencies/ros-one-rqt-nav-view_0.5.7-5-g3df965e-2025.01.07.16.58_amd64.deb to /<<CHROOT>>...
Copying /home/runner/apt_repo_dependencies/ros-one-graph-msgs_0.1.0-3-g530fe7c-2025.01.07.15.44_amd64.deb to /<<CHROOT>>...
Copying /home/runner/apt_repo_dependencies/ros-one-dynamic-reconfigure_1.7.3-3-g2654f22-2025.01.07.15.52_amd64.deb to /<<CHROOT>>...
Copying /home/runner/apt_repo_dependencies/ros-one-navigation_1.17.3-3-g9ad64419-2025.01.07.17.17_amd64.deb to /<<CHROOT>>...
Copying /home/runner/apt_repo_dependencies/ros-one-rqt-robot-steering_0.5.12-5-g3076940-2025.01.07.16.56_amd64.deb to /<<CHROOT>>...
Copying /home/runner/apt_repo_dependencies/ros-one-rosauth-dbgsym_1.0.1-1-gc2a5908-2025.01.07.15.44_amd64.deb to /<<CHROOT>>...
Copying /home/runner/apt_repo_dependencies/ros-one-fake-joint_0.0.4-6-g1e5d5a2-2025.01.07.17.56_amd64.deb to /<<CHROOT>>...
Copying /home/runner/apt_repo_dependencies/ros-one-geneus_3.0.0-2025.01.07.13.24_amd64.deb to /<<CHROOT>>...
Copying /home/runner/apt_repo_dependencies/ros-one-single-joint-position-action-dbgsym_1.10.18-3-g8e8dfa0-2025.01.07.19.18_amd64.deb to /<<CHROOT>>...
Copying /home/runner/apt_repo_dependencies/ros-one-rethink-ee-description_1.2.0-2025.01.07.15.53_amd64.deb to /<<CHROOT>>...
Copying /home/runner/apt_repo_dependencies/ros-one-rosdoc-lite_0.2.11-2-gddd0835-2025.01.07.13.25_amd64.deb to /<<CHROOT>>...
Copying /home/runner/apt_repo_dependencies/ros-one-realtime-tools-dbgsym_1.15.1-3-ga5a5a5e-2025.01.07.16.12_amd64.deb to /<<CHROOT>>...
Copying /home/runner/apt_repo_dependencies/ros-one-roslaunch_1.17.0-12-g2a12474fb-2025.01.07.14.32_amd64.deb to /<<CHROOT>>...
Copying /home/runner/apt_repo_dependencies/ros-one-multisense-description_4.0.5-46-g945e646-2025.01.07.17.27_amd64.deb to /<<CHROOT>>...
Copying /home/runner/apt_repo_dependencies/ros-one-fetch-calibration_0.9.1-5-g11f8df9-2025.01.07.19.32_amd64.deb to /<<CHROOT>>...
Copying /home/runner/apt_repo_dependencies/ros-one-rosbag-storage_1.17.0-12-g2a12474fb-2025.01.07.14.58_amd64.deb to /<<CHROOT>>...
Copying /home/runner/apt_repo_dependencies/ros-one-geographic-info_0.5.6-1-gbc73c05-2025.01.07.16.55_amd64.deb to /<<CHROOT>>...
Copying /home/runner/apt_repo_dependencies/ros-one-view-controller-msgs_0.2.0-2025.01.07.15.58_amd64.deb to /<<CHROOT>>...
Copying /home/runner/apt_repo_dependencies/ros-one-soem-dbgsym_1.4.1003-1-g988013c-2025.01.07.13.05_amd64.deb to /<<CHROOT>>...
Copying /home/runner/apt_repo_dependencies/ros-one-ros-industrial-cmake-boilerplate_0.6.3-2025.01.07.13.07_amd64.deb to /<<CHROOT>>...
Copying /home/runner/apt_repo_dependencies/ros-one-roslisp_1.9.25-2025.01.07.14.16_amd64.deb to /<<CHROOT>>...
Copying /home/runner/apt_repo_dependencies/ros-one-eigen-conversions-dbgsym_1.13.2-10-g674e0c4-2025.01.07.16.30_amd64.deb to /<<CHROOT>>...
Copying /home/runner/apt_repo_dependencies/ros-one-cartesian-control-msgs_0.1.0-2-gfb68cf9-2025.01.07.15.44_amd64.deb to /<<CHROOT>>...
Copying /home/runner/apt_repo_dependencies/ros-one-self-test-dbgsym_1.11.0-7-gda86650-2025.01.07.17.03_amd64.deb to /<<CHROOT>>...
Copying /home/runner/apt_repo_dependencies/ros-one-openslam-gmapping_0.2.1-17-g5105476-2025.01.07.13.06_amd64.deb to /<<CHROOT>>...
Copying /home/runner/apt_repo_dependencies/ros-one-diagnostics_1.11.0-7-gda86650-2025.01.07.16.53_amd64.deb to /<<CHROOT>>...
Copying /home/runner/apt_repo_dependencies/ros-one-ur3e-moveit-config_1.3.3-3-gcce1f0e-2025.01.07.20.22_amd64.deb to /<<CHROOT>>...
Copying /home/runner/apt_repo_dependencies/ros-one-urdf-sim-tutorial_0.5.1-1-g3c5a4f7-2025.01.07.19.52_amd64.deb to /<<CHROOT>>...
Copying /home/runner/apt_repo_dependencies/ros-one-actionlib-tutorials-dbgsym_0-2025.01.07.16.30_amd64.deb to /<<CHROOT>>...
Copying /home/runner/apt_repo_dependencies/ros-one-rqt-ez-publisher_0.6.1-3-g30c16e8-2025.01.07.16.54_amd64.deb to /<<CHROOT>>...
Copying /home/runner/apt_repo_dependencies/ros-one-roscpp-tutorials-dbgsym_0.10.2-3-gdb63288-2025.01.07.15.47_amd64.deb to /<<CHROOT>>...
Copying /home/runner/apt_repo_dependencies/ros-one-qwt-dependency_1.1.1-2-g91d8aee-2025.01.07.13.07_amd64.deb to /<<CHROOT>>...
Copying /home/runner/apt_repo_dependencies/ros-one-test-rosparam_1.17.0-12-g2a12474fb-2025.01.07.15.16_amd64.deb to /<<CHROOT>>...
Copying /home/runner/apt_repo_dependencies/ros-one-joy_0-2025.01.07.17.20_amd64.deb to /<<CHROOT>>...
Copying /home/runner/apt_repo_dependencies/ros-one-rosmaster_1.17.0-12-g2a12474fb-2025.01.07.14.36_amd64.deb to /<<CHROOT>>...
Copying /home/runner/apt_repo_dependencies/ros-one-sound-play_0.3.18-2025.01.07.16.23_amd64.deb to /<<CHROOT>>...
Copying /home/runner/apt_repo_dependencies/ros-one-rosbag-migration-rule_1.0.1-1-g2269b62-2025.01.07.13.08_amd64.deb to /<<CHROOT>>...
Copying /home/runner/apt_repo_dependencies/ros-one-pr2-controllers-msgs_1.10.18-3-g8e8dfa0-2025.01.07.18.28_amd64.deb to /<<CHROOT>>...
Copying /home/runner/apt_repo_dependencies/ros-one-rosapi_0.11.17-2025.01.07.16.30_amd64.deb to /<<CHROOT>>...
Copying /home/runner/apt_repo_dependencies/ros-one-xacro_1.14.19-2025.01.07.15.52_amd64.deb to /<<CHROOT>>...
Copying /home/runner/apt_repo_dependencies/ros-one-rosservice_1.17.0-12-g2a12474fb-2025.01.07.14.40_amd64.deb to /<<CHROOT>>...
Copying /home/runner/apt_repo_dependencies/ros-one-multisense-lib-dbgsym_4.0.5-46-g945e646-2025.01.07.17.30_amd64.deb to /<<CHROOT>>...
Copying /home/runner/apt_repo_dependencies/ros-one-setup-files_0-2025.01.07.12.59_amd64.deb to /<<CHROOT>>...
Copying /home/runner/apt_repo_dependencies/ros-one-industrial-robot-simulator_0.7.3-7-ge4d2633-2025.01.07.19.40_amd64.deb to /<<CHROOT>>...
Copying /home/runner/apt_repo_dependencies/ros-one-laser-filtering_0.0.5-2025.01.07.18.13_amd64.deb to /<<CHROOT>>...
Copying /home/runner/apt_repo_dependencies/ros-one-axis-msgs_0.5.4-1-g340c307-2025.01.07.16.48_amd64.deb to /<<CHROOT>>...
Copying /home/runner/apt_repo_dependencies/ros-one-qb-device-driver-dbgsym_0-2025.01.07.18.58_amd64.deb to /<<CHROOT>>...
Copying /home/runner/apt_repo_dependencies/ros-one-random-numbers_0.3.3-1-g51f6043-2025.01.07.13.07_amd64.deb to /<<CHROOT>>...
Copying /home/runner/apt_repo_dependencies/ros-one-rosemacs_0.4.17-2025.01.07.14.29_amd64.deb to /<<CHROOT>>...
Copying /home/runner/apt_repo_dependencies/ros-one-ur-gazebo_1.3.3-3-gcce1f0e-2025.01.07.20.35_amd64.deb to /<<CHROOT>>...
Copying /home/runner/apt_repo_dependencies/ros-one-joint-states-settler-dbgsym_0-2025.01.07.16.19_amd64.deb to /<<CHROOT>>...
Copying /home/runner/apt_repo_dependencies/ros-one-pr2-machine_1.13.1-2025.01.07.16.16_amd64.deb to /<<CHROOT>>...
Copying /home/runner/apt_repo_dependencies/ros-one-qb-hand-description_0-2025.01.07.19.37_amd64.deb to /<<CHROOT>>...
Copying /home/runner/apt_repo_dependencies/ros-one-jsk-common-msgs_4.3.2-13-g093b57c-2025.01.07.16.06_amd64.deb to /<<CHROOT>>...
Copying /home/runner/apt_repo_dependencies/ros-one-actionlib-tutorials_0-2025.01.07.16.30_amd64.deb to /<<CHROOT>>...
Copying /home/runner/apt_repo_dependencies/ros-one-euslisp-dbgsym_9.29.0-2-2025.01.07.14.07_amd64.deb to /<<CHROOT>>...
Copying /home/runner/apt_repo_dependencies/ros-one-pr2-power-board-dbgsym_1.1.10-5-gc7f225d-2025.01.07.17.38_amd64.deb to /<<CHROOT>>...
Copying /home/runner/apt_repo_dependencies/ros-one-rosbuild_1.15.8-3-g136e18e9-2025.01.07.13.58_amd64.deb to /<<CHROOT>>...
Copying /home/runner/apt_repo/ros-one-ff-dbgsym_2.1.29-2025.01.07.21.08_amd64.deb to /<<CHROOT>>...
Copying /home/runner/apt_repo/ros-one-libsiftfast_2.1.29-2025.01.07.21.41_amd64.deb to /<<CHROOT>>...
Copying /home/runner/apt_repo/ros-one-jsk-3rdparty_2.1.29-2025.01.07.21.27_amd64.deb to /<<CHROOT>>...
Copying /home/runner/apt_repo/ros-one-google-cloud-texttospeech_2.1.29-2025.01.07.21.21_amd64.deb to /<<CHROOT>>...
Copying /home/runner/apt_repo/ros-one-libcmt-dbgsym_2.1.29-2025.01.07.21.37_amd64.deb to /<<CHROOT>>...
Copying /home/runner/apt_repo/ros-one-osqp_2.1.29-2025.01.07.22.00_amd64.deb to /<<CHROOT>>...
Copying /home/runner/apt_repo/ros-one-pgm-learner_2.1.29-2025.01.07.22.03_amd64.deb to /<<CHROOT>>...
Copying /home/runner/apt_repo/ros-one-ffha-dbgsym_2.1.29-2025.01.07.21.11_amd64.deb to /<<CHROOT>>...
Copying /home/runner/apt_repo/ros-one-rospatlite_2.1.29-2025.01.07.22.16_amd64.deb to /<<CHROOT>>...
Copying /home/runner/apt_repo/ros-one-chaplus-ros_2.1.29-2025.01.07.20.55_amd64.deb to /<<CHROOT>>...
Copying /home/runner/apt_repo/ros-one-nlopt_2.1.29-2025.01.07.21.54_amd64.deb to /<<CHROOT>>...
Copying /home/runner/apt_repo/ros-one-nlopt-dbgsym_2.1.29-2025.01.07.21.54_amd64.deb to /<<CHROOT>>...
Copying /home/runner/apt_repo/ros-one-influxdb-store_2.1.29-2025.01.07.21.24_amd64.deb to /<<CHROOT>>...
Copying /home/runner/apt_repo/ros-one-rosping-dbgsym_2.1.29-2025.01.07.22.19_amd64.deb to /<<CHROOT>>...
Copying /home/runner/apt_repo/ros-one-ff_2.1.29-2025.01.07.21.08_amd64.deb to /<<CHROOT>>...
Copying /home/runner/apt_repo/ros-one-aques-talk_2.1.29-2025.01.07.20.44_amd64.deb to /<<CHROOT>>...
Copying /home/runner/apt_repo/ros-one-libsiftfast-dbgsym_2.1.29-2025.01.07.21.41_amd64.deb to /<<CHROOT>>...
Copying /home/runner/apt_repo/ros-one-rosping_2.1.29-2025.01.07.22.19_amd64.deb to /<<CHROOT>>...
Copying /home/runner/apt_repo/ros-one-libcmt_2.1.29-2025.01.07.21.37_amd64.deb to /<<CHROOT>>...
Copying /home/runner/apt_repo/ros-one-ffha_2.1.29-2025.01.07.21.11_amd64.deb to /<<CHROOT>>...
I: NOTICE: Log filtering will replace 'build/package//resolver-x91n9b' with '<<RESOLVERDIR>>'

+------------------------------------------------------------------------------+
| Update chroot                                Tue, 07 Jan 2025 22:28:24 +0000 |
+------------------------------------------------------------------------------+

Ign:1 file:/build/package//resolver-bPDRrt/apt_archive ./ InRelease
Get:2 file:/build/package//resolver-bPDRrt/apt_archive ./ Release [612 B]
Get:2 file:/build/package//resolver-bPDRrt/apt_archive ./ Release [612 B]
Ign:3 file:/build/package//resolver-bPDRrt/apt_archive ./ Release.gpg
Get:4 file:/build/package//resolver-bPDRrt/apt_archive ./ Packages [403 kB]
Get:5 http://deb.debian.org/debian sid InRelease [205 kB]
Get:6 http://deb.debian.org/debian sid/main amd64 Packages [10.0 MB]
Fetched 10.2 MB in 1s (13.0 MB/s)
Reading package lists...
W: Skipping acquire of configured file 'universe/binary-amd64/Packages' as repository 'http://deb.debian.org/debian sid InRelease' doesn't have the component 'universe' (component misspelt in sources.list?)
Reading package lists...
Building dependency tree...
Reading state information...
Calculating upgrade...
The following packages will be upgraded:
  bsdutils libblkid1 libmount1 libsmartcols1 libuuid1 util-linux
6 upgraded, 0 newly installed, 0 to remove and 0 not upgraded.
Need to get 1858 kB of archives.
After this operation, 0 B of additional disk space will be used.
Get:1 http://deb.debian.org/debian sid/main amd64 bsdutils amd64 1:2.40.2-14 [106 kB]
Get:2 http://deb.debian.org/debian sid/main amd64 libsmartcols1 amd64 2.40.2-14 [140 kB]
Get:3 http://deb.debian.org/debian sid/main amd64 libuuid1 amd64 2.40.2-14 [36.1 kB]
Get:4 http://deb.debian.org/debian sid/main amd64 libblkid1 amd64 2.40.2-14 [168 kB]
Get:5 http://deb.debian.org/debian sid/main amd64 libmount1 amd64 2.40.2-14 [199 kB]
Get:6 http://deb.debian.org/debian sid/main amd64 util-linux amd64 2.40.2-14 [1209 kB]
Fetched 1858 kB in 0s (77.9 MB/s)
(Reading database ... (Reading database ... 5%(Reading database ... 10%(Reading database ... 15%(Reading database ... 20%(Reading database ... 25%(Reading database ... 30%(Reading database ... 35%(Reading database ... 40%(Reading database ... 45%(Reading database ... 50%(Reading database ... 55%(Reading database ... 60%(Reading database ... 65%(Reading database ... 70%(Reading database ... 75%(Reading database ... 80%(Reading database ... 85%(Reading database ... 90%(Reading database ... 95%(Reading database ... 100%(Reading database ... 13712 files and directories currently installed.)
Preparing to unpack .../bsdutils_1%3a2.40.2-14_amd64.deb ...
Unpacking bsdutils (1:2.40.2-14) over (1:2.40.2-13) ...
Setting up bsdutils (1:2.40.2-14) ...
(Reading database ... (Reading database ... 5%(Reading database ... 10%(Reading database ... 15%(Reading database ... 20%(Reading database ... 25%(Reading database ... 30%(Reading database ... 35%(Reading database ... 40%(Reading database ... 45%(Reading database ... 50%(Reading database ... 55%(Reading database ... 60%(Reading database ... 65%(Reading database ... 70%(Reading database ... 75%(Reading database ... 80%(Reading database ... 85%(Reading database ... 90%(Reading database ... 95%(Reading database ... 100%(Reading database ... 13712 files and directories currently installed.)
Preparing to unpack .../libsmartcols1_2.40.2-14_amd64.deb ...
Unpacking libsmartcols1:amd64 (2.40.2-14) over (2.40.2-13) ...
Setting up libsmartcols1:amd64 (2.40.2-14) ...
(Reading database ... (Reading database ... 5%(Reading database ... 10%(Reading database ... 15%(Reading database ... 20%(Reading database ... 25%(Reading database ... 30%(Reading database ... 35%(Reading database ... 40%(Reading database ... 45%(Reading database ... 50%(Reading database ... 55%(Reading database ... 60%(Reading database ... 65%(Reading database ... 70%(Reading database ... 75%(Reading database ... 80%(Reading database ... 85%(Reading database ... 90%(Reading database ... 95%(Reading database ... 100%(Reading database ... 13712 files and directories currently installed.)
Preparing to unpack .../libuuid1_2.40.2-14_amd64.deb ...
Unpacking libuuid1:amd64 (2.40.2-14) over (2.40.2-13) ...
Setting up libuuid1:amd64 (2.40.2-14) ...
(Reading database ... (Reading database ... 5%(Reading database ... 10%(Reading database ... 15%(Reading database ... 20%(Reading database ... 25%(Reading database ... 30%(Reading database ... 35%(Reading database ... 40%(Reading database ... 45%(Reading database ... 50%(Reading database ... 55%(Reading database ... 60%(Reading database ... 65%(Reading database ... 70%(Reading database ... 75%(Reading database ... 80%(Reading database ... 85%(Reading database ... 90%(Reading database ... 95%(Reading database ... 100%(Reading database ... 13712 files and directories currently installed.)
Preparing to unpack .../libblkid1_2.40.2-14_amd64.deb ...
Unpacking libblkid1:amd64 (2.40.2-14) over (2.40.2-13) ...
Setting up libblkid1:amd64 (2.40.2-14) ...
(Reading database ... (Reading database ... 5%(Reading database ... 10%(Reading database ... 15%(Reading database ... 20%(Reading database ... 25%(Reading database ... 30%(Reading database ... 35%(Reading database ... 40%(Reading database ... 45%(Reading database ... 50%(Reading database ... 55%(Reading database ... 60%(Reading database ... 65%(Reading database ... 70%(Reading database ... 75%(Reading database ... 80%(Reading database ... 85%(Reading database ... 90%(Reading database ... 95%(Reading database ... 100%(Reading database ... 13712 files and directories currently installed.)
Preparing to unpack .../libmount1_2.40.2-14_amd64.deb ...
Unpacking libmount1:amd64 (2.40.2-14) over (2.40.2-13) ...
Setting up libmount1:amd64 (2.40.2-14) ...
(Reading database ... (Reading database ... 5%(Reading database ... 10%(Reading database ... 15%(Reading database ... 20%(Reading database ... 25%(Reading database ... 30%(Reading database ... 35%(Reading database ... 40%(Reading database ... 45%(Reading database ... 50%(Reading database ... 55%(Reading database ... 60%(Reading database ... 65%(Reading database ... 70%(Reading database ... 75%(Reading database ... 80%(Reading database ... 85%(Reading database ... 90%(Reading database ... 95%(Reading database ... 100%(Reading database ... 13712 files and directories currently installed.)
Preparing to unpack .../util-linux_2.40.2-14_amd64.deb ...
Unpacking util-linux (2.40.2-14) over (2.40.2-13) ...
Setting up util-linux (2.40.2-14) ...
Processing triggers for libc-bin (2.40-5) ...

+------------------------------------------------------------------------------+
| Fetch source files                           Tue, 07 Jan 2025 22:28:26 +0000 |
+------------------------------------------------------------------------------+


Local sources
-------------

/home/runner/work/ros-o-builder/ros-o-builder/src/jsk_3rdparty/ros-one-sesame-ros_2.1.29-2025.01.07.22.25.dsc exists in /home/runner/work/ros-o-builder/ros-o-builder/src/jsk_3rdparty; copying to chroot
I: NOTICE: Log filtering will replace 'build/package//package' with '<<PKGBUILDDIR>>'
I: NOTICE: Log filtering will replace 'build/package/' with '<<BUILDDIR>>'

+------------------------------------------------------------------------------+
| Install package build dependencies           Tue, 07 Jan 2025 22:28:27 +0000 |
+------------------------------------------------------------------------------+


Setup apt archive
-----------------

Merged Build-Depends: debhelper (>= 9.0.0), catkin, libffi-dev, libgmock-dev, libgtest-dev, libssl-dev, ros-one-catkin-virtualenv, ros-one-message-generation, ros-one-setup-files, ros-one-ros-environment, build-essential, fakeroot, dumb-init
Filtered Build-Depends: debhelper (>= 9.0.0), catkin, libffi-dev, libgmock-dev, libgtest-dev, libssl-dev, ros-one-catkin-virtualenv, ros-one-message-generation, ros-one-setup-files, ros-one-ros-environment, build-essential, fakeroot, dumb-init
dpkg-deb: warning: root directory /<<RESOLVERDIR>>/sbuild-build-depends-main-dummy has unusual owner or group 998:999
dpkg-deb: Hint: you might need to pass --root-owner-group, see <https://wiki.debian.org/Teams/Dpkg/RootlessBuilds> for further details
dpkg-deb: warning: ignoring 1 warning about the control file(s)
dpkg-deb: building package 'sbuild-build-depends-main-dummy' in '/<<RESOLVERDIR>>/apt_archive/sbuild-build-depends-main-dummy.deb'.
Ign:1 copy:/<<RESOLVERDIR>>/apt_archive ./ InRelease
Get:2 copy:/<<RESOLVERDIR>>/apt_archive ./ Release [609 B]
Ign:3 copy:/<<RESOLVERDIR>>/apt_archive ./ Release.gpg
Get:4 copy:/<<RESOLVERDIR>>/apt_archive ./ Sources [814 B]
Get:5 copy:/<<RESOLVERDIR>>/apt_archive ./ Packages [818 B]
Fetched 2241 B in 0s (0 B/s)
Reading package lists...
Ign:1 file:/<<BUILDDIR>>/resolver-bPDRrt/apt_archive ./ InRelease
Get:2 file:/<<BUILDDIR>>/resolver-bPDRrt/apt_archive ./ Release [612 B]
Get:2 file:/<<BUILDDIR>>/resolver-bPDRrt/apt_archive ./ Release [612 B]
Ign:3 file:/<<BUILDDIR>>/resolver-bPDRrt/apt_archive ./ Release.gpg
Reading package lists...
Reading package lists...

Install main build dependencies (apt-based resolver)
----------------------------------------------------

Installing build dependencies
Reading package lists...
Building dependency tree...
Reading state information...
The following additional packages will be installed:
  autoconf automake autopoint autotools-dev bsdextrautils catkin cmake
  cmake-data cmake-extras debhelper dh-autoreconf dh-strip-nondeterminism
  docutils-common dumb-init dwz fakeroot file gettext gettext-base googletest
  groff-base intltool-debian libarchive-zip-perl libarchive13t64
  libboost-atomic1.83-dev libboost-atomic1.83.0 libboost-filesystem-dev
  libboost-filesystem1.83-dev libboost-filesystem1.83.0
  libboost-program-options-dev libboost-program-options1.83-dev
  libboost-program-options1.83.0 libboost-system-dev libboost-system1.83-dev
  libboost-system1.83.0 libboost1.83-dev libcurl4t64 libdebhelper-perl
  libelf1t64 libexpat1-dev libfakeroot libffi-dev
  libfile-stripnondeterminism-perl libgmock-dev libgtest-dev libicu72
  libjs-jquery libjs-sphinxdoc libjs-underscore libjsoncpp26 libmagic-mgc
  libmagic1t64 libncursesw6 libnsl2 libpipeline1 libpkgconf3 libproc2-0
  libpython3-dev libpython3-stdlib libpython3.12-minimal libpython3.12-stdlib
  libpython3.12t64 libpython3.13 libpython3.13-dev libpython3.13-minimal
  libpython3.13-stdlib libreadline8t64 librhash1 libsqlite3-0 libssl-dev
  libtinyxml2-10 libtinyxml2-dev libtirpc-common libtirpc3t64 libtool
  libuchardet0 libuv1t64 libxml2 libyaml-0-2 lsb-release m4 man-db media-types
  netbase pkg-config pkgconf pkgconf-bin po-debconf procps python3
  python3-autocommand python3-catkin python3-catkin-pkg python3-dateutil
  python3-dev python3-distlib python3-distro python3-docutils python3-empy
  python3-filelock python3-inflect python3-jaraco.context
  python3-jaraco.functools python3-jaraco.text python3-minimal
  python3-more-itertools python3-netifaces python3-nose python3-pip-whl
  python3-pkg-resources python3-platformdirs python3-pyparsing python3-roman
  python3-rosdep2 python3-rosdistro python3-rospkg python3-setuptools
  python3-setuptools-whl python3-typeguard python3-typing-extensions
  python3-venv python3-virtualenv python3-wheel-whl python3-yaml python3-zipp
  python3-zombie-imp python3.13 python3.13-dev python3.13-minimal
  python3.13-venv readline-common ros-one-catkin-virtualenv ros-one-gencpp
  ros-one-geneus ros-one-genlisp ros-one-genmsg ros-one-gennodejs
  ros-one-genpy ros-one-message-generation ros-one-ros-environment
  ros-one-rosbash ros-one-rosgraph ros-one-rospack ros-one-setup-files
  sensible-utils sgml-base tzdata virtualenv xml-core zlib1g-dev
Suggested packages:
  autoconf-archive gnu-standards autoconf-doc cmake-doc cmake-format
  elpa-cmake-mode ninja-build dh-make gettext-doc libasprintf-dev
  libgettextpo-dev groff lrzip libboost1.83-doc libboost-chrono1.83-dev
  libboost-container1.83-dev libboost-context1.83-dev
  libboost-contract1.83-dev libboost-coroutine1.83-dev
  libboost-date-time1.83-dev libboost-exception1.83-dev libboost-fiber1.83-dev
  libboost-graph-parallel1.83-dev libboost-graph1.83-dev
  libboost-iostreams1.83-dev libboost-json1.83-dev libboost-locale1.83-dev
  libboost-log1.83-dev libboost-math1.83-dev libboost-mpi-python1.83-dev
  libboost-mpi1.83-dev libboost-nowide1.83-dev libboost-numpy1.83-dev
  libboost-python1.83-dev libboost-random1.83-dev libboost-regex1.83-dev
  libboost-serialization1.83-dev libboost-stacktrace1.83-dev
  libboost-test1.83-dev libboost-thread1.83-dev libboost-timer1.83-dev
  libboost-type-erasure1.83-dev libboost-url1.83-dev libboost-wave1.83-dev
  libboost1.83-tools-dev libmpfrc++-dev libntl-dev libssl-doc libtool-doc
  gfortran | fortran95-compiler gcj-jdk m4-doc apparmor less www-browser
  libmail-box-perl python3-doc python3-tk docutils-doc fonts-linuxlibertine
  | ttf-linux-libertine texlive-lang-french texlive-latex-base
  texlive-latex-recommended python-nose-doc python-pyparsing-doc
  python-setuptools-doc python3.13-doc binfmt-support readline-doc
  sgml-base-doc
Recommended packages:
  bash-completion ros-environment curl | wget | lynx libarchive-cpio-perl
  javascript-common libgpm2 libltdl-dev libmail-sendmail-perl psmisc
  linux-sysctl-defaults libpaper-utils python3-pil python3-pygments
The following NEW packages will be installed:
  autoconf automake autopoint autotools-dev bsdextrautils catkin cmake
  cmake-data cmake-extras debhelper dh-autoreconf dh-strip-nondeterminism
  docutils-common dumb-init dwz fakeroot file gettext gettext-base googletest
  groff-base intltool-debian libarchive-zip-perl libarchive13t64
  libboost-atomic1.83-dev libboost-atomic1.83.0 libboost-filesystem-dev
  libboost-filesystem1.83-dev libboost-filesystem1.83.0
  libboost-program-options-dev libboost-program-options1.83-dev
  libboost-program-options1.83.0 libboost-system-dev libboost-system1.83-dev
  libboost-system1.83.0 libboost1.83-dev libcurl4t64 libdebhelper-perl
  libelf1t64 libexpat1-dev libfakeroot libffi-dev
  libfile-stripnondeterminism-perl libgmock-dev libgtest-dev libicu72
  libjs-jquery libjs-sphinxdoc libjs-underscore libjsoncpp26 libmagic-mgc
  libmagic1t64 libncursesw6 libnsl2 libpipeline1 libpkgconf3 libproc2-0
  libpython3-dev libpython3-stdlib libpython3.12-minimal libpython3.12-stdlib
  libpython3.12t64 libpython3.13 libpython3.13-dev libpython3.13-minimal
  libpython3.13-stdlib libreadline8t64 librhash1 libsqlite3-0 libssl-dev
  libtinyxml2-10 libtinyxml2-dev libtirpc-common libtirpc3t64 libtool
  libuchardet0 libuv1t64 libxml2 libyaml-0-2 lsb-release m4 man-db media-types
  netbase pkg-config pkgconf pkgconf-bin po-debconf procps python3
  python3-autocommand python3-catkin python3-catkin-pkg python3-dateutil
  python3-dev python3-distlib python3-distro python3-docutils python3-empy
  python3-filelock python3-inflect python3-jaraco.context
  python3-jaraco.functools python3-jaraco.text python3-minimal
  python3-more-itertools python3-netifaces python3-nose python3-pip-whl
  python3-pkg-resources python3-platformdirs python3-pyparsing python3-roman
  python3-rosdep2 python3-rosdistro python3-rospkg python3-setuptools
  python3-setuptools-whl python3-typeguard python3-typing-extensions
  python3-venv python3-virtualenv python3-wheel-whl python3-yaml python3-zipp
  python3-zombie-imp python3.13 python3.13-dev python3.13-minimal
  python3.13-venv readline-common ros-one-catkin-virtualenv ros-one-gencpp
  ros-one-geneus ros-one-genlisp ros-one-genmsg ros-one-gennodejs
  ros-one-genpy ros-one-message-generation ros-one-ros-environment
  ros-one-rosbash ros-one-rosgraph ros-one-rospack ros-one-setup-files
  sbuild-build-depends-main-dummy sensible-utils sgml-base tzdata virtualenv
  xml-core zlib1g-dev
0 upgraded, 151 newly installed, 0 to remove and 0 not upgraded.
Need to get 80.7 MB/81.2 MB of archives.
After this operation, 448 MB of additional disk space will be used.
Get:1 file:/<<BUILDDIR>>/resolver-bPDRrt/apt_archive ./ ros-one-setup-files 0-2025.01.07.12.59 [10.9 kB]
Get:2 copy:/<<RESOLVERDIR>>/apt_archive ./ sbuild-build-depends-main-dummy 0.invalid.0 [960 B]
Get:3 file:/<<BUILDDIR>>/resolver-bPDRrt/apt_archive ./ ros-one-ros-environment 1.3.2-5-g2686e94-2025.01.07.12.59 [6060 B]
Get:4 file:/<<BUILDDIR>>/resolver-bPDRrt/apt_archive ./ ros-one-rospack 2.6.2-2-gad85a87-2025.01.07.13.23 [113 kB]
Get:5 file:/<<BUILDDIR>>/resolver-bPDRrt/apt_archive ./ ros-one-rosbash 1.15.8-3-g136e18e9-2025.01.07.13.56 [22.7 kB]
Get:6 file:/<<BUILDDIR>>/resolver-bPDRrt/apt_archive ./ ros-one-rosgraph 1.17.0-12-g2a12474fb-2025.01.07.14.31 [62.2 kB]
Get:7 file:/<<BUILDDIR>>/resolver-bPDRrt/apt_archive ./ ros-one-catkin-virtualenv 0.13.0-5-g659584a-2025.01.07.15.41 [29.5 kB]
Get:8 file:/<<BUILDDIR>>/resolver-bPDRrt/apt_archive ./ ros-one-genmsg 0.5.16-1-g7d8b6ce-2025.01.07.13.06 [43.5 kB]
Get:9 file:/<<BUILDDIR>>/resolver-bPDRrt/apt_archive ./ ros-one-gencpp 0-2025.01.07.13.24 [17.3 kB]
Get:10 file:/<<BUILDDIR>>/resolver-bPDRrt/apt_archive ./ ros-one-geneus 3.0.0-2025.01.07.13.24 [37.0 kB]
Get:11 file:/<<BUILDDIR>>/resolver-bPDRrt/apt_archive ./ ros-one-genlisp 0.4.18-2025.01.07.13.25 [29.0 kB]
Get:12 file:/<<BUILDDIR>>/resolver-bPDRrt/apt_archive ./ ros-one-gennodejs 2.0.1-8-g19d224c-2025.01.07.13.23 [30.4 kB]
Get:13 file:/<<BUILDDIR>>/resolver-bPDRrt/apt_archive ./ ros-one-genpy 0.6.16-6-gf70658f-2025.01.07.13.24 [67.4 kB]
Get:14 file:/<<BUILDDIR>>/resolver-bPDRrt/apt_archive ./ ros-one-message-generation 0.4.1-2025.01.07.13.31 [5052 B]
Get:15 http://deb.debian.org/debian sid/main amd64 libpython3.13-minimal amd64 3.13.1-3 [858 kB]
Get:16 http://deb.debian.org/debian sid/main amd64 python3.13-minimal amd64 3.13.1-3 [2202 kB]
Get:17 http://deb.debian.org/debian sid/main amd64 python3-minimal amd64 3.13.1-1 [27.0 kB]
Get:18 http://deb.debian.org/debian sid/main amd64 media-types all 10.1.0 [26.9 kB]
Get:19 http://deb.debian.org/debian sid/main amd64 netbase all 6.4 [12.8 kB]
Get:20 http://deb.debian.org/debian sid/main amd64 tzdata all 2024b-4 [256 kB]
Get:21 http://deb.debian.org/debian sid/main amd64 libncursesw6 amd64 6.5-2+b1 [136 kB]
Get:22 http://deb.debian.org/debian sid/main amd64 readline-common all 8.2-6 [69.4 kB]
Get:23 http://deb.debian.org/debian sid/main amd64 libreadline8t64 amd64 8.2-6 [169 kB]
Get:24 http://deb.debian.org/debian sid/main amd64 libsqlite3-0 amd64 3.46.1-1 [913 kB]
Get:25 http://deb.debian.org/debian sid/main amd64 libpython3.13-stdlib amd64 3.13.1-3 [1973 kB]
Get:26 http://deb.debian.org/debian sid/main amd64 python3.13 amd64 3.13.1-3 [740 kB]
Get:27 http://deb.debian.org/debian sid/main amd64 libpython3-stdlib amd64 3.13.1-1 [9912 B]
Get:28 http://deb.debian.org/debian sid/main amd64 python3 amd64 3.13.1-1 [28.0 kB]
Get:29 http://deb.debian.org/debian sid/main amd64 sgml-base all 1.31 [15.4 kB]
Get:30 http://deb.debian.org/debian sid/main amd64 libproc2-0 amd64 2:4.0.4-6 [64.8 kB]
Get:31 http://deb.debian.org/debian sid/main amd64 procps amd64 2:4.0.4-6 [879 kB]
Get:32 http://deb.debian.org/debian sid/main amd64 sensible-utils all 0.0.24 [24.8 kB]
Get:33 http://deb.debian.org/debian sid/main amd64 libmagic-mgc amd64 1:5.45-3+b1 [314 kB]
Get:34 http://deb.debian.org/debian sid/main amd64 libmagic1t64 amd64 1:5.45-3+b1 [108 kB]
Get:35 http://deb.debian.org/debian sid/main amd64 file amd64 1:5.45-3+b1 [43.3 kB]
Get:36 http://deb.debian.org/debian sid/main amd64 gettext-base amd64 0.22.5-4 [200 kB]
Get:37 http://deb.debian.org/debian sid/main amd64 libuchardet0 amd64 0.0.8-1+b2 [68.9 kB]
Get:38 http://deb.debian.org/debian sid/main amd64 groff-base amd64 1.23.0-7 [1185 kB]
Get:39 http://deb.debian.org/debian sid/main amd64 bsdextrautils amd64 2.40.2-14 [92.1 kB]
Get:40 http://deb.debian.org/debian sid/main amd64 libpipeline1 amd64 1.5.8-1 [42.0 kB]
Get:41 http://deb.debian.org/debian sid/main amd64 man-db amd64 2.13.0-1 [1420 kB]
Get:42 http://deb.debian.org/debian sid/main amd64 m4 amd64 1.4.19-5 [294 kB]
Get:43 http://deb.debian.org/debian sid/main amd64 autoconf all 2.72-3 [493 kB]
Get:44 http://deb.debian.org/debian sid/main amd64 autotools-dev all 20220109.1 [51.6 kB]
Get:45 http://deb.debian.org/debian sid/main amd64 automake all 1:1.16.5-1.3 [823 kB]
Get:46 http://deb.debian.org/debian sid/main amd64 autopoint all 0.22.5-4 [723 kB]
Get:47 http://deb.debian.org/debian sid/main amd64 cmake-data all 3.31.3-1 [2268 kB]
Get:48 http://deb.debian.org/debian sid/main amd64 libicu72 amd64 72.1-5+b1 [9423 kB]
Get:49 http://deb.debian.org/debian sid/main amd64 libxml2 amd64 2.12.7+dfsg+really2.9.14-0.2+b1 [699 kB]
Get:50 http://deb.debian.org/debian sid/main amd64 libarchive13t64 amd64 3.7.4-1.1 [349 kB]
Get:51 http://deb.debian.org/debian sid/main amd64 libcurl4t64 amd64 8.11.1-1 [351 kB]
Get:52 http://deb.debian.org/debian sid/main amd64 libjsoncpp26 amd64 1.9.6-3 [81.7 kB]
Get:53 http://deb.debian.org/debian sid/main amd64 librhash1 amd64 1.4.5-1 [132 kB]
Get:54 http://deb.debian.org/debian sid/main amd64 libuv1t64 amd64 1.48.0-7 [148 kB]
Get:55 http://deb.debian.org/debian sid/main amd64 cmake amd64 3.31.3-1 [11.9 MB]
Get:56 http://deb.debian.org/debian sid/main amd64 libpkgconf3 amd64 1.8.1-4 [36.4 kB]
Get:57 http://deb.debian.org/debian sid/main amd64 pkgconf-bin amd64 1.8.1-4 [30.2 kB]
Get:58 http://deb.debian.org/debian sid/main amd64 pkgconf amd64 1.8.1-4 [26.2 kB]
Get:59 http://deb.debian.org/debian sid/main amd64 pkg-config amd64 1.8.1-4 [14.0 kB]
Get:60 http://deb.debian.org/debian sid/main amd64 cmake-extras all 1.7-3 [64.8 kB]
Get:61 http://deb.debian.org/debian sid/main amd64 python3-catkin all 0.8.10-17 [35.6 kB]
Get:62 http://deb.debian.org/debian sid/main amd64 python3-dateutil all 2.9.0-3 [79.3 kB]
Get:63 http://deb.debian.org/debian sid/main amd64 xml-core all 0.19 [20.1 kB]
Get:64 http://deb.debian.org/debian sid/main amd64 docutils-common all 0.21.2+dfsg-2 [128 kB]
Get:65 http://deb.debian.org/debian sid/main amd64 python3-roman all 4.2-1 [10.4 kB]
Get:66 http://deb.debian.org/debian sid/main amd64 python3-docutils all 0.21.2+dfsg-2 [403 kB]
Get:67 http://deb.debian.org/debian sid/main amd64 python3-autocommand all 2.2.2-3 [13.6 kB]
Get:68 http://deb.debian.org/debian sid/main amd64 python3-more-itertools all 10.5.0-1 [63.8 kB]
Get:69 http://deb.debian.org/debian sid/main amd64 python3-typing-extensions all 4.12.2-2 [73.0 kB]
Get:70 http://deb.debian.org/debian sid/main amd64 python3-typeguard all 4.4.1-1 [37.0 kB]
Get:71 http://deb.debian.org/debian sid/main amd64 python3-inflect all 7.3.1-2 [32.4 kB]
Get:72 http://deb.debian.org/debian sid/main amd64 python3-jaraco.context all 6.0.0-1 [7984 B]
Get:73 http://deb.debian.org/debian sid/main amd64 python3-jaraco.functools all 4.1.0-1 [12.0 kB]
Get:74 http://deb.debian.org/debian sid/main amd64 python3-pkg-resources all 75.6.0-1 [222 kB]
Get:75 http://deb.debian.org/debian sid/main amd64 python3-pyparsing all 3.1.2-1 [146 kB]
Get:76 http://deb.debian.org/debian sid/main amd64 python3-catkin-pkg all 1.0.0-2 [48.6 kB]
Get:77 http://deb.debian.org/debian sid/main amd64 python3-empy all 3.3.4-2 [66.1 kB]
Get:78 http://deb.debian.org/debian sid/main amd64 python3-jaraco.text all 4.0.0-1 [11.4 kB]
Get:79 http://deb.debian.org/debian sid/main amd64 python3-zipp all 3.21.0-1 [10.6 kB]
Get:80 http://deb.debian.org/debian sid/main amd64 python3-setuptools all 75.6.0-1 [720 kB]
Get:81 http://deb.debian.org/debian sid/main amd64 catkin all 0.8.10-17 [94.0 kB]
Get:82 http://deb.debian.org/debian sid/main amd64 libdebhelper-perl all 13.23 [90.6 kB]
Get:83 http://deb.debian.org/debian sid/main amd64 libtool all 2.5.4-2 [539 kB]
Get:84 http://deb.debian.org/debian sid/main amd64 dh-autoreconf all 20 [17.1 kB]
Get:85 http://deb.debian.org/debian sid/main amd64 libarchive-zip-perl all 1.68-1 [104 kB]
Get:86 http://deb.debian.org/debian sid/main amd64 libfile-stripnondeterminism-perl all 1.14.0-1 [19.5 kB]
Get:87 http://deb.debian.org/debian sid/main amd64 dh-strip-nondeterminism all 1.14.0-1 [8448 B]
Get:88 http://deb.debian.org/debian sid/main amd64 libelf1t64 amd64 0.192-4 [189 kB]
Get:89 http://deb.debian.org/debian sid/main amd64 dwz amd64 0.15-1+b1 [110 kB]
Get:90 http://deb.debian.org/debian sid/main amd64 gettext amd64 0.22.5-4 [1600 kB]
Get:91 http://deb.debian.org/debian sid/main amd64 intltool-debian all 0.35.0+20060710.6 [22.9 kB]
Get:92 http://deb.debian.org/debian sid/main amd64 po-debconf all 1.0.21+nmu1 [248 kB]
Get:93 http://deb.debian.org/debian sid/main amd64 debhelper all 13.23 [919 kB]
Get:94 http://deb.debian.org/debian sid/main amd64 dumb-init amd64 1.2.5-3 [13.4 kB]
Get:95 http://deb.debian.org/debian sid/main amd64 libfakeroot amd64 1.36.2-1 [29.6 kB]
Get:96 http://deb.debian.org/debian sid/main amd64 fakeroot amd64 1.36.2-1 [75.4 kB]
Get:97 http://deb.debian.org/debian sid/main amd64 googletest all 1.15.2-1 [514 kB]
Get:98 http://deb.debian.org/debian sid/main amd64 libboost1.83-dev amd64 1.83.0-4 [10.6 MB]
Get:99 http://deb.debian.org/debian sid/main amd64 libboost-atomic1.83.0 amd64 1.83.0-4 [234 kB]
Get:100 http://deb.debian.org/debian sid/main amd64 libboost-atomic1.83-dev amd64 1.83.0-4 [235 kB]
Get:101 http://deb.debian.org/debian sid/main amd64 libboost-filesystem1.83.0 amd64 1.83.0-4 [282 kB]
Get:102 http://deb.debian.org/debian sid/main amd64 libboost-system1.83.0 amd64 1.83.0-4 [230 kB]
Get:103 http://deb.debian.org/debian sid/main amd64 libboost-system1.83-dev amd64 1.83.0-4 [231 kB]
Get:104 http://deb.debian.org/debian sid/main amd64 libboost-filesystem1.83-dev amd64 1.83.0-4 [298 kB]
Get:105 http://deb.debian.org/debian sid/main amd64 libboost-filesystem-dev amd64 1.83.0.2+b2 [3628 B]
Get:106 http://deb.debian.org/debian sid/main amd64 libboost-program-options1.83.0 amd64 1.83.0-4 [347 kB]
Get:107 http://deb.debian.org/debian sid/main amd64 libboost-program-options1.83-dev amd64 1.83.0-4 [375 kB]
Get:108 http://deb.debian.org/debian sid/main amd64 libboost-program-options-dev amd64 1.83.0.2+b2 [3612 B]
Get:109 http://deb.debian.org/debian sid/main amd64 libboost-system-dev amd64 1.83.0.2+b2 [3736 B]
Get:110 http://deb.debian.org/debian sid/main amd64 libexpat1-dev amd64 2.6.4-1 [158 kB]
Get:111 http://deb.debian.org/debian sid/main amd64 libffi-dev amd64 3.4.6-1 [60.6 kB]
Get:112 http://deb.debian.org/debian sid/main amd64 libgtest-dev amd64 1.15.2-1 [259 kB]
Get:113 http://deb.debian.org/debian sid/main amd64 libgmock-dev amd64 1.15.2-1 [132 kB]
Get:114 http://deb.debian.org/debian sid/main amd64 libjs-jquery all 3.6.1+dfsg+~3.5.14-1 [326 kB]
Get:115 http://deb.debian.org/debian sid/main amd64 libjs-underscore all 1.13.4~dfsg+~1.11.4-3 [116 kB]
Get:116 http://deb.debian.org/debian sid/main amd64 libjs-sphinxdoc all 8.1.3-3 [30.4 kB]
Get:117 http://deb.debian.org/debian sid/main amd64 libtirpc-common all 1.3.4+ds-1.3 [10.9 kB]
Get:118 http://deb.debian.org/debian sid/main amd64 libtirpc3t64 amd64 1.3.4+ds-1.3+b1 [83.1 kB]
Get:119 http://deb.debian.org/debian sid/main amd64 libnsl2 amd64 1.3.0-3+b3 [40.6 kB]
Get:120 http://deb.debian.org/debian sid/main amd64 libpython3.13 amd64 3.13.1-3 [2151 kB]
Get:121 http://deb.debian.org/debian sid/main amd64 zlib1g-dev amd64 1:1.3.dfsg+really1.3.1-1+b1 [920 kB]
Get:122 http://deb.debian.org/debian sid/main amd64 libpython3.13-dev amd64 3.13.1-3 [5013 kB]
Get:123 http://deb.debian.org/debian sid/main amd64 libpython3-dev amd64 3.13.1-1 [10.2 kB]
Get:124 http://deb.debian.org/debian sid/main amd64 libpython3.12-minimal amd64 3.12.8-3 [817 kB]
Get:125 http://deb.debian.org/debian sid/main amd64 libpython3.12-stdlib amd64 3.12.8-3 [1969 kB]
Get:126 http://deb.debian.org/debian sid/main amd64 libpython3.12t64 amd64 3.12.8-3 [2154 kB]
Get:127 http://deb.debian.org/debian sid/main amd64 libssl-dev amd64 3.4.0-2 [2790 kB]
Get:128 http://deb.debian.org/debian sid/main amd64 libtinyxml2-10 amd64 10.0.0+dfsg-2+b2 [30.5 kB]
Get:129 http://deb.debian.org/debian sid/main amd64 libtinyxml2-dev amd64 10.0.0+dfsg-2+b2 [23.2 kB]
Get:130 http://deb.debian.org/debian sid/main amd64 libyaml-0-2 amd64 0.2.5-2 [52.5 kB]
Get:131 http://deb.debian.org/debian sid/main amd64 lsb-release all 12.1-1 [5912 B]
Get:132 http://deb.debian.org/debian sid/main amd64 python3.13-dev amd64 3.13.1-3 [507 kB]
Get:133 http://deb.debian.org/debian sid/main amd64 python3-dev amd64 3.13.1-1 [26.1 kB]
Get:134 http://deb.debian.org/debian sid/main amd64 python3-distlib all 0.3.9-1 [257 kB]
Get:135 http://deb.debian.org/debian sid/main amd64 python3-distro all 1.9.0-1 [20.3 kB]
Get:136 http://deb.debian.org/debian sid/main amd64 python3-filelock all 3.16.1-1 [12.6 kB]
Get:137 http://deb.debian.org/debian sid/main amd64 python3-netifaces amd64 0.11.0-2+b5 [17.4 kB]
Get:138 http://deb.debian.org/debian sid/main amd64 python3-zombie-imp all 0.0.2-2 [11.7 kB]
Get:139 http://deb.debian.org/debian sid/main amd64 python3-nose all 1.3.7-15 [130 kB]
Get:140 http://deb.debian.org/debian sid/main amd64 python3-pip-whl all 24.3.1+dfsg-1 [1501 kB]
Get:141 http://deb.debian.org/debian sid/main amd64 python3-platformdirs all 4.3.6-1 [16.6 kB]
Get:142 http://deb.debian.org/debian sid/main amd64 python3-yaml amd64 6.0.2-1+b1 [178 kB]
Get:143 http://deb.debian.org/debian sid/main amd64 python3-rospkg all 1.5.1-1 [27.3 kB]
Get:144 http://deb.debian.org/debian sid/main amd64 python3-rosdistro all 1.0.1-2 [39.1 kB]
Get:145 http://deb.debian.org/debian sid/main amd64 python3-rosdep2 all 0.25.1-2 [65.6 kB]
Get:146 http://deb.debian.org/debian sid/main amd64 python3-setuptools-whl all 75.6.0-1 [1239 kB]
Get:147 http://deb.debian.org/debian sid/main amd64 python3.13-venv amd64 3.13.1-3 [5464 B]
Get:148 http://deb.debian.org/debian sid/main amd64 python3-venv amd64 3.13.1-1 [1176 B]
Get:149 http://deb.debian.org/debian sid/main amd64 python3-wheel-whl all 0.45.1-1 [75.3 kB]
Get:150 http://deb.debian.org/debian sid/main amd64 python3-virtualenv all 20.28.0+ds-1 [71.3 kB]
Get:151 http://deb.debian.org/debian sid/main amd64 virtualenv all 20.28.0+ds-1 [7132 B]
Preconfiguring packages ...
Fetched 80.7 MB in 0s (195 MB/s)
Selecting previously unselected package libpython3.13-minimal:amd64.
(Reading database ... 13712 files and directories currently installed.)
Preparing to unpack .../libpython3.13-minimal_3.13.1-3_amd64.deb ...
Unpacking libpython3.13-minimal:amd64 (3.13.1-3) ...
Selecting previously unselected package python3.13-minimal.
Preparing to unpack .../python3.13-minimal_3.13.1-3_amd64.deb ...
Unpacking python3.13-minimal (3.13.1-3) ...
Setting up libpython3.13-minimal:amd64 (3.13.1-3) ...
Setting up python3.13-minimal (3.13.1-3) ...
Selecting previously unselected package python3-minimal.
(Reading database ... 14037 files and directories currently installed.)
Preparing to unpack .../00-python3-minimal_3.13.1-1_amd64.deb ...
Unpacking python3-minimal (3.13.1-1) ...
Selecting previously unselected package media-types.
Preparing to unpack .../01-media-types_10.1.0_all.deb ...
Unpacking media-types (10.1.0) ...
Selecting previously unselected package netbase.
Preparing to unpack .../02-netbase_6.4_all.deb ...
Unpacking netbase (6.4) ...
Selecting previously unselected package tzdata.
Preparing to unpack .../03-tzdata_2024b-4_all.deb ...
Unpacking tzdata (2024b-4) ...
Selecting previously unselected package libncursesw6:amd64.
Preparing to unpack .../04-libncursesw6_6.5-2+b1_amd64.deb ...
Unpacking libncursesw6:amd64 (6.5-2+b1) ...
Selecting previously unselected package readline-common.
Preparing to unpack .../05-readline-common_8.2-6_all.deb ...
Unpacking readline-common (8.2-6) ...
Selecting previously unselected package libreadline8t64:amd64.
Preparing to unpack .../06-libreadline8t64_8.2-6_amd64.deb ...
Adding 'diversion of /lib/x86_64-linux-gnu/libhistory.so.8 to /lib/x86_64-linux-gnu/libhistory.so.8.usr-is-merged by libreadline8t64'
Adding 'diversion of /lib/x86_64-linux-gnu/libhistory.so.8.2 to /lib/x86_64-linux-gnu/libhistory.so.8.2.usr-is-merged by libreadline8t64'
Adding 'diversion of /lib/x86_64-linux-gnu/libreadline.so.8 to /lib/x86_64-linux-gnu/libreadline.so.8.usr-is-merged by libreadline8t64'
Adding 'diversion of /lib/x86_64-linux-gnu/libreadline.so.8.2 to /lib/x86_64-linux-gnu/libreadline.so.8.2.usr-is-merged by libreadline8t64'
Unpacking libreadline8t64:amd64 (8.2-6) ...
Selecting previously unselected package libsqlite3-0:amd64.
Preparing to unpack .../07-libsqlite3-0_3.46.1-1_amd64.deb ...
Unpacking libsqlite3-0:amd64 (3.46.1-1) ...
Selecting previously unselected package libpython3.13-stdlib:amd64.
Preparing to unpack .../08-libpython3.13-stdlib_3.13.1-3_amd64.deb ...
Unpacking libpython3.13-stdlib:amd64 (3.13.1-3) ...
Selecting previously unselected package python3.13.
Preparing to unpack .../09-python3.13_3.13.1-3_amd64.deb ...
Unpacking python3.13 (3.13.1-3) ...
Selecting previously unselected package libpython3-stdlib:amd64.
Preparing to unpack .../10-libpython3-stdlib_3.13.1-1_amd64.deb ...
Unpacking libpython3-stdlib:amd64 (3.13.1-1) ...
Setting up python3-minimal (3.13.1-1) ...
Selecting previously unselected package python3.
(Reading database ... 15059 files and directories currently installed.)
Preparing to unpack .../000-python3_3.13.1-1_amd64.deb ...
Unpacking python3 (3.13.1-1) ...
Selecting previously unselected package sgml-base.
Preparing to unpack .../001-sgml-base_1.31_all.deb ...
Unpacking sgml-base (1.31) ...
Selecting previously unselected package libproc2-0:amd64.
Preparing to unpack .../002-libproc2-0_2%3a4.0.4-6_amd64.deb ...
Unpacking libproc2-0:amd64 (2:4.0.4-6) ...
Selecting previously unselected package procps.
Preparing to unpack .../003-procps_2%3a4.0.4-6_amd64.deb ...
Unpacking procps (2:4.0.4-6) ...
Selecting previously unselected package sensible-utils.
Preparing to unpack .../004-sensible-utils_0.0.24_all.deb ...
Unpacking sensible-utils (0.0.24) ...
Selecting previously unselected package libmagic-mgc.
Preparing to unpack .../005-libmagic-mgc_1%3a5.45-3+b1_amd64.deb ...
Unpacking libmagic-mgc (1:5.45-3+b1) ...
Selecting previously unselected package libmagic1t64:amd64.
Preparing to unpack .../006-libmagic1t64_1%3a5.45-3+b1_amd64.deb ...
Unpacking libmagic1t64:amd64 (1:5.45-3+b1) ...
Selecting previously unselected package file.
Preparing to unpack .../007-file_1%3a5.45-3+b1_amd64.deb ...
Unpacking file (1:5.45-3+b1) ...
Selecting previously unselected package gettext-base.
Preparing to unpack .../008-gettext-base_0.22.5-4_amd64.deb ...
Unpacking gettext-base (0.22.5-4) ...
Selecting previously unselected package libuchardet0:amd64.
Preparing to unpack .../009-libuchardet0_0.0.8-1+b2_amd64.deb ...
Unpacking libuchardet0:amd64 (0.0.8-1+b2) ...
Selecting previously unselected package groff-base.
Preparing to unpack .../010-groff-base_1.23.0-7_amd64.deb ...
Unpacking groff-base (1.23.0-7) ...
Selecting previously unselected package bsdextrautils.
Preparing to unpack .../011-bsdextrautils_2.40.2-14_amd64.deb ...
Unpacking bsdextrautils (2.40.2-14) ...
Selecting previously unselected package libpipeline1:amd64.
Preparing to unpack .../012-libpipeline1_1.5.8-1_amd64.deb ...
Unpacking libpipeline1:amd64 (1.5.8-1) ...
Selecting previously unselected package man-db.
Preparing to unpack .../013-man-db_2.13.0-1_amd64.deb ...
Unpacking man-db (2.13.0-1) ...
Selecting previously unselected package m4.
Preparing to unpack .../014-m4_1.4.19-5_amd64.deb ...
Unpacking m4 (1.4.19-5) ...
Selecting previously unselected package autoconf.
Preparing to unpack .../015-autoconf_2.72-3_all.deb ...
Unpacking autoconf (2.72-3) ...
Selecting previously unselected package autotools-dev.
Preparing to unpack .../016-autotools-dev_20220109.1_all.deb ...
Unpacking autotools-dev (20220109.1) ...
Selecting previously unselected package automake.
Preparing to unpack .../017-automake_1%3a1.16.5-1.3_all.deb ...
Unpacking automake (1:1.16.5-1.3) ...
Selecting previously unselected package autopoint.
Preparing to unpack .../018-autopoint_0.22.5-4_all.deb ...
Unpacking autopoint (0.22.5-4) ...
Selecting previously unselected package cmake-data.
Preparing to unpack .../019-cmake-data_3.31.3-1_all.deb ...
Unpacking cmake-data (3.31.3-1) ...
Selecting previously unselected package libicu72:amd64.
Preparing to unpack .../020-libicu72_72.1-5+b1_amd64.deb ...
Unpacking libicu72:amd64 (72.1-5+b1) ...
Selecting previously unselected package libxml2:amd64.
Preparing to unpack .../021-libxml2_2.12.7+dfsg+really2.9.14-0.2+b1_amd64.deb ...
Unpacking libxml2:amd64 (2.12.7+dfsg+really2.9.14-0.2+b1) ...
Selecting previously unselected package libarchive13t64:amd64.
Preparing to unpack .../022-libarchive13t64_3.7.4-1.1_amd64.deb ...
Unpacking libarchive13t64:amd64 (3.7.4-1.1) ...
Selecting previously unselected package libcurl4t64:amd64.
Preparing to unpack .../023-libcurl4t64_8.11.1-1_amd64.deb ...
Unpacking libcurl4t64:amd64 (8.11.1-1) ...
Selecting previously unselected package libjsoncpp26:amd64.
Preparing to unpack .../024-libjsoncpp26_1.9.6-3_amd64.deb ...
Unpacking libjsoncpp26:amd64 (1.9.6-3) ...
Selecting previously unselected package librhash1:amd64.
Preparing to unpack .../025-librhash1_1.4.5-1_amd64.deb ...
Unpacking librhash1:amd64 (1.4.5-1) ...
Selecting previously unselected package libuv1t64:amd64.
Preparing to unpack .../026-libuv1t64_1.48.0-7_amd64.deb ...
Unpacking libuv1t64:amd64 (1.48.0-7) ...
Selecting previously unselected package cmake.
Preparing to unpack .../027-cmake_3.31.3-1_amd64.deb ...
Unpacking cmake (3.31.3-1) ...
Selecting previously unselected package libpkgconf3:amd64.
Preparing to unpack .../028-libpkgconf3_1.8.1-4_amd64.deb ...
Unpacking libpkgconf3:amd64 (1.8.1-4) ...
Selecting previously unselected package pkgconf-bin.
Preparing to unpack .../029-pkgconf-bin_1.8.1-4_amd64.deb ...
Unpacking pkgconf-bin (1.8.1-4) ...
Selecting previously unselected package pkgconf:amd64.
Preparing to unpack .../030-pkgconf_1.8.1-4_amd64.deb ...
Unpacking pkgconf:amd64 (1.8.1-4) ...
Selecting previously unselected package pkg-config:amd64.
Preparing to unpack .../031-pkg-config_1.8.1-4_amd64.deb ...
Unpacking pkg-config:amd64 (1.8.1-4) ...
Selecting previously unselected package cmake-extras.
Preparing to unpack .../032-cmake-extras_1.7-3_all.deb ...
Unpacking cmake-extras (1.7-3) ...
Selecting previously unselected package python3-catkin.
Preparing to unpack .../033-python3-catkin_0.8.10-17_all.deb ...
Unpacking python3-catkin (0.8.10-17) ...
Selecting previously unselected package python3-dateutil.
Preparing to unpack .../034-python3-dateutil_2.9.0-3_all.deb ...
Unpacking python3-dateutil (2.9.0-3) ...
Selecting previously unselected package xml-core.
Preparing to unpack .../035-xml-core_0.19_all.deb ...
Unpacking xml-core (0.19) ...
Selecting previously unselected package docutils-common.
Preparing to unpack .../036-docutils-common_0.21.2+dfsg-2_all.deb ...
Unpacking docutils-common (0.21.2+dfsg-2) ...
Selecting previously unselected package python3-roman.
Preparing to unpack .../037-python3-roman_4.2-1_all.deb ...
Unpacking python3-roman (4.2-1) ...
Selecting previously unselected package python3-docutils.
Preparing to unpack .../038-python3-docutils_0.21.2+dfsg-2_all.deb ...
Unpacking python3-docutils (0.21.2+dfsg-2) ...
Selecting previously unselected package python3-autocommand.
Preparing to unpack .../039-python3-autocommand_2.2.2-3_all.deb ...
Unpacking python3-autocommand (2.2.2-3) ...
Selecting previously unselected package python3-more-itertools.
Preparing to unpack .../040-python3-more-itertools_10.5.0-1_all.deb ...
Unpacking python3-more-itertools (10.5.0-1) ...
Selecting previously unselected package python3-typing-extensions.
Preparing to unpack .../041-python3-typing-extensions_4.12.2-2_all.deb ...
Unpacking python3-typing-extensions (4.12.2-2) ...
Selecting previously unselected package python3-typeguard.
Preparing to unpack .../042-python3-typeguard_4.4.1-1_all.deb ...
Unpacking python3-typeguard (4.4.1-1) ...
Selecting previously unselected package python3-inflect.
Preparing to unpack .../043-python3-inflect_7.3.1-2_all.deb ...
Unpacking python3-inflect (7.3.1-2) ...
Selecting previously unselected package python3-jaraco.context.
Preparing to unpack .../044-python3-jaraco.context_6.0.0-1_all.deb ...
Unpacking python3-jaraco.context (6.0.0-1) ...
Selecting previously unselected package python3-jaraco.functools.
Preparing to unpack .../045-python3-jaraco.functools_4.1.0-1_all.deb ...
Unpacking python3-jaraco.functools (4.1.0-1) ...
Selecting previously unselected package python3-pkg-resources.
Preparing to unpack .../046-python3-pkg-resources_75.6.0-1_all.deb ...
Unpacking python3-pkg-resources (75.6.0-1) ...
Selecting previously unselected package python3-pyparsing.
Preparing to unpack .../047-python3-pyparsing_3.1.2-1_all.deb ...
Unpacking python3-pyparsing (3.1.2-1) ...
Selecting previously unselected package python3-catkin-pkg.
Preparing to unpack .../048-python3-catkin-pkg_1.0.0-2_all.deb ...
Unpacking python3-catkin-pkg (1.0.0-2) ...
Selecting previously unselected package python3-empy.
Preparing to unpack .../049-python3-empy_3.3.4-2_all.deb ...
Unpacking python3-empy (3.3.4-2) ...
Selecting previously unselected package python3-jaraco.text.
Preparing to unpack .../050-python3-jaraco.text_4.0.0-1_all.deb ...
Unpacking python3-jaraco.text (4.0.0-1) ...
Selecting previously unselected package python3-zipp.
Preparing to unpack .../051-python3-zipp_3.21.0-1_all.deb ...
Unpacking python3-zipp (3.21.0-1) ...
Selecting previously unselected package python3-setuptools.
Preparing to unpack .../052-python3-setuptools_75.6.0-1_all.deb ...
Unpacking python3-setuptools (75.6.0-1) ...
Selecting previously unselected package catkin.
Preparing to unpack .../053-catkin_0.8.10-17_all.deb ...
Unpacking catkin (0.8.10-17) ...
Selecting previously unselected package libdebhelper-perl.
Preparing to unpack .../054-libdebhelper-perl_13.23_all.deb ...
Unpacking libdebhelper-perl (13.23) ...
Selecting previously unselected package libtool.
Preparing to unpack .../055-libtool_2.5.4-2_all.deb ...
Unpacking libtool (2.5.4-2) ...
Selecting previously unselected package dh-autoreconf.
Preparing to unpack .../056-dh-autoreconf_20_all.deb ...
Unpacking dh-autoreconf (20) ...
Selecting previously unselected package libarchive-zip-perl.
Preparing to unpack .../057-libarchive-zip-perl_1.68-1_all.deb ...
Unpacking libarchive-zip-perl (1.68-1) ...
Selecting previously unselected package libfile-stripnondeterminism-perl.
Preparing to unpack .../058-libfile-stripnondeterminism-perl_1.14.0-1_all.deb ...
Unpacking libfile-stripnondeterminism-perl (1.14.0-1) ...
Selecting previously unselected package dh-strip-nondeterminism.
Preparing to unpack .../059-dh-strip-nondeterminism_1.14.0-1_all.deb ...
Unpacking dh-strip-nondeterminism (1.14.0-1) ...
Selecting previously unselected package libelf1t64:amd64.
Preparing to unpack .../060-libelf1t64_0.192-4_amd64.deb ...
Unpacking libelf1t64:amd64 (0.192-4) ...
Selecting previously unselected package dwz.
Preparing to unpack .../061-dwz_0.15-1+b1_amd64.deb ...
Unpacking dwz (0.15-1+b1) ...
Selecting previously unselected package gettext.
Preparing to unpack .../062-gettext_0.22.5-4_amd64.deb ...
Unpacking gettext (0.22.5-4) ...
Selecting previously unselected package intltool-debian.
Preparing to unpack .../063-intltool-debian_0.35.0+20060710.6_all.deb ...
Unpacking intltool-debian (0.35.0+20060710.6) ...
Selecting previously unselected package po-debconf.
Preparing to unpack .../064-po-debconf_1.0.21+nmu1_all.deb ...
Unpacking po-debconf (1.0.21+nmu1) ...
Selecting previously unselected package debhelper.
Preparing to unpack .../065-debhelper_13.23_all.deb ...
Unpacking debhelper (13.23) ...
Selecting previously unselected package dumb-init.
Preparing to unpack .../066-dumb-init_1.2.5-3_amd64.deb ...
Unpacking dumb-init (1.2.5-3) ...
Selecting previously unselected package libfakeroot:amd64.
Preparing to unpack .../067-libfakeroot_1.36.2-1_amd64.deb ...
Unpacking libfakeroot:amd64 (1.36.2-1) ...
Selecting previously unselected package fakeroot.
Preparing to unpack .../068-fakeroot_1.36.2-1_amd64.deb ...
Unpacking fakeroot (1.36.2-1) ...
Selecting previously unselected package googletest.
Preparing to unpack .../069-googletest_1.15.2-1_all.deb ...
Unpacking googletest (1.15.2-1) ...
Selecting previously unselected package libboost1.83-dev:amd64.
Preparing to unpack .../070-libboost1.83-dev_1.83.0-4_amd64.deb ...
Unpacking libboost1.83-dev:amd64 (1.83.0-4) ...
Selecting previously unselected package libboost-atomic1.83.0:amd64.
Preparing to unpack .../071-libboost-atomic1.83.0_1.83.0-4_amd64.deb ...
Unpacking libboost-atomic1.83.0:amd64 (1.83.0-4) ...
Selecting previously unselected package libboost-atomic1.83-dev:amd64.
Preparing to unpack .../072-libboost-atomic1.83-dev_1.83.0-4_amd64.deb ...
Unpacking libboost-atomic1.83-dev:amd64 (1.83.0-4) ...
Selecting previously unselected package libboost-filesystem1.83.0:amd64.
Preparing to unpack .../073-libboost-filesystem1.83.0_1.83.0-4_amd64.deb ...
Unpacking libboost-filesystem1.83.0:amd64 (1.83.0-4) ...
Selecting previously unselected package libboost-system1.83.0:amd64.
Preparing to unpack .../074-libboost-system1.83.0_1.83.0-4_amd64.deb ...
Unpacking libboost-system1.83.0:amd64 (1.83.0-4) ...
Selecting previously unselected package libboost-system1.83-dev:amd64.
Preparing to unpack .../075-libboost-system1.83-dev_1.83.0-4_amd64.deb ...
Unpacking libboost-system1.83-dev:amd64 (1.83.0-4) ...
Selecting previously unselected package libboost-filesystem1.83-dev:amd64.
Preparing to unpack .../076-libboost-filesystem1.83-dev_1.83.0-4_amd64.deb ...
Unpacking libboost-filesystem1.83-dev:amd64 (1.83.0-4) ...
Selecting previously unselected package libboost-filesystem-dev:amd64.
Preparing to unpack .../077-libboost-filesystem-dev_1.83.0.2+b2_amd64.deb ...
Unpacking libboost-filesystem-dev:amd64 (1.83.0.2+b2) ...
Selecting previously unselected package libboost-program-options1.83.0:amd64.
Preparing to unpack .../078-libboost-program-options1.83.0_1.83.0-4_amd64.deb ...
Unpacking libboost-program-options1.83.0:amd64 (1.83.0-4) ...
Selecting previously unselected package libboost-program-options1.83-dev:amd64.
Preparing to unpack .../079-libboost-program-options1.83-dev_1.83.0-4_amd64.deb ...
Unpacking libboost-program-options1.83-dev:amd64 (1.83.0-4) ...
Selecting previously unselected package libboost-program-options-dev:amd64.
Preparing to unpack .../080-libboost-program-options-dev_1.83.0.2+b2_amd64.deb ...
Unpacking libboost-program-options-dev:amd64 (1.83.0.2+b2) ...
Selecting previously unselected package libboost-system-dev:amd64.
Preparing to unpack .../081-libboost-system-dev_1.83.0.2+b2_amd64.deb ...
Unpacking libboost-system-dev:amd64 (1.83.0.2+b2) ...
Selecting previously unselected package libexpat1-dev:amd64.
Preparing to unpack .../082-libexpat1-dev_2.6.4-1_amd64.deb ...
Unpacking libexpat1-dev:amd64 (2.6.4-1) ...
Selecting previously unselected package libffi-dev:amd64.
Preparing to unpack .../083-libffi-dev_3.4.6-1_amd64.deb ...
Unpacking libffi-dev:amd64 (3.4.6-1) ...
Selecting previously unselected package libgtest-dev:amd64.
Preparing to unpack .../084-libgtest-dev_1.15.2-1_amd64.deb ...
Unpacking libgtest-dev:amd64 (1.15.2-1) ...
Selecting previously unselected package libgmock-dev:amd64.
Preparing to unpack .../085-libgmock-dev_1.15.2-1_amd64.deb ...
Unpacking libgmock-dev:amd64 (1.15.2-1) ...
Selecting previously unselected package libjs-jquery.
Preparing to unpack .../086-libjs-jquery_3.6.1+dfsg+~3.5.14-1_all.deb ...
Unpacking libjs-jquery (3.6.1+dfsg+~3.5.14-1) ...
Selecting previously unselected package libjs-underscore.
Preparing to unpack .../087-libjs-underscore_1.13.4~dfsg+~1.11.4-3_all.deb ...
Unpacking libjs-underscore (1.13.4~dfsg+~1.11.4-3) ...
Selecting previously unselected package libjs-sphinxdoc.
Preparing to unpack .../088-libjs-sphinxdoc_8.1.3-3_all.deb ...
Unpacking libjs-sphinxdoc (8.1.3-3) ...
Selecting previously unselected package libtirpc-common.
Preparing to unpack .../089-libtirpc-common_1.3.4+ds-1.3_all.deb ...
Unpacking libtirpc-common (1.3.4+ds-1.3) ...
Selecting previously unselected package libtirpc3t64:amd64.
Preparing to unpack .../090-libtirpc3t64_1.3.4+ds-1.3+b1_amd64.deb ...
Adding 'diversion of /lib/x86_64-linux-gnu/libtirpc.so.3 to /lib/x86_64-linux-gnu/libtirpc.so.3.usr-is-merged by libtirpc3t64'
Adding 'diversion of /lib/x86_64-linux-gnu/libtirpc.so.3.0.0 to /lib/x86_64-linux-gnu/libtirpc.so.3.0.0.usr-is-merged by libtirpc3t64'
Unpacking libtirpc3t64:amd64 (1.3.4+ds-1.3+b1) ...
Selecting previously unselected package libnsl2:amd64.
Preparing to unpack .../091-libnsl2_1.3.0-3+b3_amd64.deb ...
Unpacking libnsl2:amd64 (1.3.0-3+b3) ...
Selecting previously unselected package libpython3.13:amd64.
Preparing to unpack .../092-libpython3.13_3.13.1-3_amd64.deb ...
Unpacking libpython3.13:amd64 (3.13.1-3) ...
Selecting previously unselected package zlib1g-dev:amd64.
Preparing to unpack .../093-zlib1g-dev_1%3a1.3.dfsg+really1.3.1-1+b1_amd64.deb ...
Unpacking zlib1g-dev:amd64 (1:1.3.dfsg+really1.3.1-1+b1) ...
Selecting previously unselected package libpython3.13-dev:amd64.
Preparing to unpack .../094-libpython3.13-dev_3.13.1-3_amd64.deb ...
Unpacking libpython3.13-dev:amd64 (3.13.1-3) ...
Selecting previously unselected package libpython3-dev:amd64.
Preparing to unpack .../095-libpython3-dev_3.13.1-1_amd64.deb ...
Unpacking libpython3-dev:amd64 (3.13.1-1) ...
Selecting previously unselected package libpython3.12-minimal:amd64.
Preparing to unpack .../096-libpython3.12-minimal_3.12.8-3_amd64.deb ...
Unpacking libpython3.12-minimal:amd64 (3.12.8-3) ...
Selecting previously unselected package libpython3.12-stdlib:amd64.
Preparing to unpack .../097-libpython3.12-stdlib_3.12.8-3_amd64.deb ...
Unpacking libpython3.12-stdlib:amd64 (3.12.8-3) ...
Selecting previously unselected package libpython3.12t64:amd64.
Preparing to unpack .../098-libpython3.12t64_3.12.8-3_amd64.deb ...
Unpacking libpython3.12t64:amd64 (3.12.8-3) ...
Selecting previously unselected package libssl-dev:amd64.
Preparing to unpack .../099-libssl-dev_3.4.0-2_amd64.deb ...
Unpacking libssl-dev:amd64 (3.4.0-2) ...
Selecting previously unselected package libtinyxml2-10:amd64.
Preparing to unpack .../100-libtinyxml2-10_10.0.0+dfsg-2+b2_amd64.deb ...
Unpacking libtinyxml2-10:amd64 (10.0.0+dfsg-2+b2) ...
Selecting previously unselected package libtinyxml2-dev:amd64.
Preparing to unpack .../101-libtinyxml2-dev_10.0.0+dfsg-2+b2_amd64.deb ...
Unpacking libtinyxml2-dev:amd64 (10.0.0+dfsg-2+b2) ...
Selecting previously unselected package libyaml-0-2:amd64.
Preparing to unpack .../102-libyaml-0-2_0.2.5-2_amd64.deb ...
Unpacking libyaml-0-2:amd64 (0.2.5-2) ...
Selecting previously unselected package lsb-release.
Preparing to unpack .../103-lsb-release_12.1-1_all.deb ...
Unpacking lsb-release (12.1-1) ...
Selecting previously unselected package python3.13-dev.
Preparing to unpack .../104-python3.13-dev_3.13.1-3_amd64.deb ...
Unpacking python3.13-dev (3.13.1-3) ...
Selecting previously unselected package python3-dev.
Preparing to unpack .../105-python3-dev_3.13.1-1_amd64.deb ...
Unpacking python3-dev (3.13.1-1) ...
Selecting previously unselected package python3-distlib.
Preparing to unpack .../106-python3-distlib_0.3.9-1_all.deb ...
Unpacking python3-distlib (0.3.9-1) ...
Selecting previously unselected package python3-distro.
Preparing to unpack .../107-python3-distro_1.9.0-1_all.deb ...
Unpacking python3-distro (1.9.0-1) ...
Selecting previously unselected package python3-filelock.
Preparing to unpack .../108-python3-filelock_3.16.1-1_all.deb ...
Unpacking python3-filelock (3.16.1-1) ...
Selecting previously unselected package python3-netifaces:amd64.
Preparing to unpack .../109-python3-netifaces_0.11.0-2+b5_amd64.deb ...
Unpacking python3-netifaces:amd64 (0.11.0-2+b5) ...
Selecting previously unselected package python3-zombie-imp.
Preparing to unpack .../110-python3-zombie-imp_0.0.2-2_all.deb ...
Unpacking python3-zombie-imp (0.0.2-2) ...
Selecting previously unselected package python3-nose.
Preparing to unpack .../111-python3-nose_1.3.7-15_all.deb ...
Unpacking python3-nose (1.3.7-15) ...
Selecting previously unselected package python3-pip-whl.
Preparing to unpack .../112-python3-pip-whl_24.3.1+dfsg-1_all.deb ...
Unpacking python3-pip-whl (24.3.1+dfsg-1) ...
Selecting previously unselected package python3-platformdirs.
Preparing to unpack .../113-python3-platformdirs_4.3.6-1_all.deb ...
Unpacking python3-platformdirs (4.3.6-1) ...
Selecting previously unselected package python3-yaml.
Preparing to unpack .../114-python3-yaml_6.0.2-1+b1_amd64.deb ...
Unpacking python3-yaml (6.0.2-1+b1) ...
Selecting previously unselected package python3-rospkg.
Preparing to unpack .../115-python3-rospkg_1.5.1-1_all.deb ...
Unpacking python3-rospkg (1.5.1-1) ...
Selecting previously unselected package python3-rosdistro.
Preparing to unpack .../116-python3-rosdistro_1.0.1-2_all.deb ...
Unpacking python3-rosdistro (1.0.1-2) ...
Selecting previously unselected package python3-rosdep2.
Preparing to unpack .../117-python3-rosdep2_0.25.1-2_all.deb ...
Unpacking python3-rosdep2 (0.25.1-2) ...
Selecting previously unselected package python3-setuptools-whl.
Preparing to unpack .../118-python3-setuptools-whl_75.6.0-1_all.deb ...
Unpacking python3-setuptools-whl (75.6.0-1) ...
Selecting previously unselected package python3.13-venv.
Preparing to unpack .../119-python3.13-venv_3.13.1-3_amd64.deb ...
Unpacking python3.13-venv (3.13.1-3) ...
Selecting previously unselected package python3-venv.
Preparing to unpack .../120-python3-venv_3.13.1-1_amd64.deb ...
Unpacking python3-venv (3.13.1-1) ...
Selecting previously unselected package python3-wheel-whl.
Preparing to unpack .../121-python3-wheel-whl_0.45.1-1_all.deb ...
Unpacking python3-wheel-whl (0.45.1-1) ...
Selecting previously unselected package python3-virtualenv.
Preparing to unpack .../122-python3-virtualenv_20.28.0+ds-1_all.deb ...
Unpacking python3-virtualenv (20.28.0+ds-1) ...
Selecting previously unselected package ros-one-setup-files.
Preparing to unpack .../123-ros-one-setup-files_0-2025.01.07.12.59_amd64.deb ...
Unpacking ros-one-setup-files (0-2025.01.07.12.59) ...
Selecting previously unselected package ros-one-ros-environment.
Preparing to unpack .../124-ros-one-ros-environment_1.3.2-5-g2686e94-2025.01.07.12.59_amd64.deb ...
Unpacking ros-one-ros-environment (1.3.2-5-g2686e94-2025.01.07.12.59) ...
Selecting previously unselected package ros-one-rospack.
Preparing to unpack .../125-ros-one-rospack_2.6.2-2-gad85a87-2025.01.07.13.23_amd64.deb ...
Unpacking ros-one-rospack (2.6.2-2-gad85a87-2025.01.07.13.23) ...
Selecting previously unselected package ros-one-rosbash.
Preparing to unpack .../126-ros-one-rosbash_1.15.8-3-g136e18e9-2025.01.07.13.56_amd64.deb ...
Unpacking ros-one-rosbash (1.15.8-3-g136e18e9-2025.01.07.13.56) ...
Selecting previously unselected package ros-one-rosgraph.
Preparing to unpack .../127-ros-one-rosgraph_1.17.0-12-g2a12474fb-2025.01.07.14.31_amd64.deb ...
Unpacking ros-one-rosgraph (1.17.0-12-g2a12474fb-2025.01.07.14.31) ...
Selecting previously unselected package virtualenv.
Preparing to unpack .../128-virtualenv_20.28.0+ds-1_all.deb ...
Unpacking virtualenv (20.28.0+ds-1) ...
Selecting previously unselected package ros-one-catkin-virtualenv.
Preparing to unpack .../129-ros-one-catkin-virtualenv_0.13.0-5-g659584a-2025.01.07.15.41_amd64.deb ...
Unpacking ros-one-catkin-virtualenv (0.13.0-5-g659584a-2025.01.07.15.41) ...
Selecting previously unselected package ros-one-genmsg.
Preparing to unpack .../130-ros-one-genmsg_0.5.16-1-g7d8b6ce-2025.01.07.13.06_amd64.deb ...
Unpacking ros-one-genmsg (0.5.16-1-g7d8b6ce-2025.01.07.13.06) ...
Selecting previously unselected package ros-one-gencpp.
Preparing to unpack .../131-ros-one-gencpp_0-2025.01.07.13.24_amd64.deb ...
Unpacking ros-one-gencpp (0-2025.01.07.13.24) ...
Selecting previously unselected package ros-one-geneus.
Preparing to unpack .../132-ros-one-geneus_3.0.0-2025.01.07.13.24_amd64.deb ...
Unpacking ros-one-geneus (3.0.0-2025.01.07.13.24) ...
Selecting previously unselected package ros-one-genlisp.
Preparing to unpack .../133-ros-one-genlisp_0.4.18-2025.01.07.13.25_amd64.deb ...
Unpacking ros-one-genlisp (0.4.18-2025.01.07.13.25) ...
Selecting previously unselected package ros-one-gennodejs.
Preparing to unpack .../134-ros-one-gennodejs_2.0.1-8-g19d224c-2025.01.07.13.23_amd64.deb ...
Unpacking ros-one-gennodejs (2.0.1-8-g19d224c-2025.01.07.13.23) ...
Selecting previously unselected package ros-one-genpy.
Preparing to unpack .../135-ros-one-genpy_0.6.16-6-gf70658f-2025.01.07.13.24_amd64.deb ...
Unpacking ros-one-genpy (0.6.16-6-gf70658f-2025.01.07.13.24) ...
Selecting previously unselected package ros-one-message-generation.
Preparing to unpack .../136-ros-one-message-generation_0.4.1-2025.01.07.13.31_amd64.deb ...
Unpacking ros-one-message-generation (0.4.1-2025.01.07.13.31) ...
Selecting previously unselected package sbuild-build-depends-main-dummy.
Preparing to unpack .../137-sbuild-build-depends-main-dummy_0.invalid.0_amd64.deb ...
Unpacking sbuild-build-depends-main-dummy (0.invalid.0) ...
Setting up media-types (10.1.0) ...
Setting up dumb-init (1.2.5-3) ...
Setting up libpipeline1:amd64 (1.5.8-1) ...
Setting up libboost-program-options1.83.0:amd64 (1.83.0-4) ...
Setting up python3-setuptools-whl (75.6.0-1) ...
Setting up libboost1.83-dev:amd64 (1.83.0-4) ...
Setting up libicu72:amd64 (72.1-5+b1) ...
Setting up bsdextrautils (2.40.2-14) ...
Setting up libcurl4t64:amd64 (8.11.1-1) ...
Setting up libmagic-mgc (1:5.45-3+b1) ...
Setting up python3-pip-whl (24.3.1+dfsg-1) ...
Setting up libarchive-zip-perl (1.68-1) ...
Setting up libyaml-0-2:amd64 (0.2.5-2) ...
Setting up libtirpc-common (1.3.4+ds-1.3) ...
Setting up libdebhelper-perl (13.23) ...
Setting up libsqlite3-0:amd64 (3.46.1-1) ...
Setting up libboost-system1.83.0:amd64 (1.83.0-4) ...
Setting up libuv1t64:amd64 (1.48.0-7) ...
Setting up libmagic1t64:amd64 (1:5.45-3+b1) ...
Setting up libboost-program-options1.83-dev:amd64 (1.83.0-4) ...
Setting up libpython3.12-minimal:amd64 (3.12.8-3) ...
Setting up libtinyxml2-10:amd64 (10.0.0+dfsg-2+b2) ...
Setting up gettext-base (0.22.5-4) ...
Setting up m4 (1.4.19-5) ...
Setting up file (1:5.45-3+b1) ...
Setting up libboost-filesystem1.83.0:amd64 (1.83.0-4) ...
Setting up libffi-dev:amd64 (3.4.6-1) ...
Setting up googletest (1.15.2-1) ...
Setting up libfakeroot:amd64 (1.36.2-1) ...
Setting up libelf1t64:amd64 (0.192-4) ...
Setting up tzdata (2024b-4) ...

Current default time zone: 'Etc/UTC'
Local time is now:      Tue Jan  7 22:28:42 UTC 2025.
Universal Time is now:  Tue Jan  7 22:28:42 UTC 2025.
Run 'dpkg-reconfigure tzdata' if you wish to change it.

Setting up libboost-atomic1.83.0:amd64 (1.83.0-4) ...
Setting up fakeroot (1.36.2-1) ...
update-alternatives: using /usr/bin/fakeroot-sysv to provide /usr/bin/fakeroot (fakeroot) in auto mode
Setting up autotools-dev (20220109.1) ...
Setting up libpkgconf3:amd64 (1.8.1-4) ...
Setting up libexpat1-dev:amd64 (2.6.4-1) ...
Setting up libboost-program-options-dev:amd64 (1.83.0.2+b2) ...
Setting up libjsoncpp26:amd64 (1.9.6-3) ...
Setting up libproc2-0:amd64 (2:4.0.4-6) ...
Setting up libssl-dev:amd64 (3.4.0-2) ...
Setting up autopoint (0.22.5-4) ...
Setting up pkgconf-bin (1.8.1-4) ...
Setting up libncursesw6:amd64 (6.5-2+b1) ...
Setting up libtinyxml2-dev:amd64 (10.0.0+dfsg-2+b2) ...
Setting up libboost-atomic1.83-dev:amd64 (1.83.0-4) ...
Setting up autoconf (2.72-3) ...
Setting up zlib1g-dev:amd64 (1:1.3.dfsg+really1.3.1-1+b1) ...
Setting up dwz (0.15-1+b1) ...
Setting up sensible-utils (0.0.24) ...
Setting up libuchardet0:amd64 (0.0.8-1+b2) ...
Setting up procps (2:4.0.4-6) ...
Setting up netbase (6.4) ...
Setting up sgml-base (1.31) ...
Setting up cmake-data (3.31.3-1) ...
Setting up librhash1:amd64 (1.4.5-1) ...
Setting up libboost-system1.83-dev:amd64 (1.83.0-4) ...
Setting up libjs-jquery (3.6.1+dfsg+~3.5.14-1) ...
Setting up lsb-release (12.1-1) ...
Setting up python3-wheel-whl (0.45.1-1) ...
Setting up readline-common (8.2-6) ...
Setting up libxml2:amd64 (2.12.7+dfsg+really2.9.14-0.2+b1) ...
Setting up libjs-underscore (1.13.4~dfsg+~1.11.4-3) ...
Setting up automake (1:1.16.5-1.3) ...
update-alternatives: using /usr/bin/automake-1.16 to provide /usr/bin/automake (automake) in auto mode
Setting up libfile-stripnondeterminism-perl (1.14.0-1) ...
Setting up gettext (0.22.5-4) ...
Setting up libgtest-dev:amd64 (1.15.2-1) ...
Setting up libtirpc3t64:amd64 (1.3.4+ds-1.3+b1) ...
Setting up libtool (2.5.4-2) ...
Setting up libboost-system-dev:amd64 (1.83.0.2+b2) ...
Setting up libboost-filesystem1.83-dev:amd64 (1.83.0-4) ...
Setting up pkgconf:amd64 (1.8.1-4) ...
Setting up intltool-debian (0.35.0+20060710.6) ...
Setting up dh-autoreconf (20) ...
Setting up pkg-config:amd64 (1.8.1-4) ...
Setting up libgmock-dev:amd64 (1.15.2-1) ...
Setting up libjs-sphinxdoc (8.1.3-3) ...
Setting up libreadline8t64:amd64 (8.2-6) ...
Setting up dh-strip-nondeterminism (1.14.0-1) ...
Setting up groff-base (1.23.0-7) ...
Setting up xml-core (0.19) ...
Setting up libnsl2:amd64 (1.3.0-3+b3) ...
Setting up libarchive13t64:amd64 (3.7.4-1.1) ...
Setting up libpython3.13-stdlib:amd64 (3.13.1-3) ...
Setting up libboost-filesystem-dev:amd64 (1.83.0.2+b2) ...
Setting up libpython3-stdlib:amd64 (3.13.1-1) ...
Setting up libpython3.13:amd64 (3.13.1-3) ...
Setting up libpython3.12-stdlib:amd64 (3.12.8-3) ...
Setting up python3.13 (3.13.1-3) ...
Setting up po-debconf (1.0.21+nmu1) ...
Setting up python3 (3.13.1-1) ...
/usr/bin/py3clean:101: DeprecationWarning: glob.glob1 is deprecated and will be removed in Python 3.15. Use glob.glob and pass a directory to its root_dir argument instead.
  for fn in glob1(directory, "%s.*" % fname):
Setting up python3-distlib (0.3.9-1) ...
Setting up python3-zipp (3.21.0-1) ...
Setting up python3.13-venv (3.13.1-3) ...
Setting up python3-autocommand (2.2.2-3) ...
Setting up python3-empy (3.3.4-2) ...
Setting up man-db (2.13.0-1) ...
Not building database; man-db/auto-update is not 'true'.
Setting up python3-platformdirs (4.3.6-1) ...
Setting up libpython3.12t64:amd64 (3.12.8-3) ...
Setting up python3-roman (4.2-1) ...
Setting up python3-venv (3.13.1-1) ...
Setting up python3-pyparsing (3.1.2-1) ...
Setting up libpython3.13-dev:amd64 (3.13.1-3) ...
Setting up python3-typing-extensions (4.12.2-2) ...
Setting up python3-netifaces:amd64 (0.11.0-2+b5) ...
Setting up cmake (3.31.3-1) ...
Setting up python3-dateutil (2.9.0-3) ...
Setting up python3-catkin (0.8.10-17) ...
Setting up python3-more-itertools (10.5.0-1) ...
Setting up python3-filelock (3.16.1-1) ...
Setting up python3-zombie-imp (0.0.2-2) ...
Setting up libpython3-dev:amd64 (3.13.1-1) ...
Setting up python3-jaraco.functools (4.1.0-1) ...
Setting up python3-distro (1.9.0-1) ...
Setting up python3-jaraco.context (6.0.0-1) ...
Setting up python3.13-dev (3.13.1-3) ...
Setting up python3-typeguard (4.4.1-1) ...
Setting up python3-virtualenv (20.28.0+ds-1) ...
Setting up python3-yaml (6.0.2-1+b1) ...
Setting up debhelper (13.23) ...
Setting up python3-inflect (7.3.1-2) ...
Setting up cmake-extras (1.7-3) ...
Setting up python3-jaraco.text (4.0.0-1) ...
Setting up virtualenv (20.28.0+ds-1) ...
Setting up python3-dev (3.13.1-1) ...
Setting up python3-pkg-resources (75.6.0-1) ...
Setting up python3-setuptools (75.6.0-1) ...
Setting up python3-nose (1.3.7-15) ...
Setting up ros-one-setup-files (0-2025.01.07.12.59) ...
Setting up ros-one-ros-environment (1.3.2-5-g2686e94-2025.01.07.12.59) ...
Processing triggers for libc-bin (2.40-5) ...
Processing triggers for sgml-base (1.31) ...
Setting up docutils-common (0.21.2+dfsg-2) ...
Processing triggers for sgml-base (1.31) ...
Setting up python3-docutils (0.21.2+dfsg-2) ...
Setting up python3-catkin-pkg (1.0.0-2) ...
/usr/lib/python3/dist-packages/catkin_pkg/cli/prepare_release.py:234: SyntaxWarning: invalid escape sequence '\.'
  if args.version and not re.match('^(0|[1-9][0-9]*)\.(0|[1-9][0-9]*)\.(0|[1-9][0-9]*)$', args.version):
Setting up catkin (0.8.10-17) ...
Setting up ros-one-genmsg (0.5.16-1-g7d8b6ce-2025.01.07.13.06) ...
Setting up ros-one-gennodejs (2.0.1-8-g19d224c-2025.01.07.13.23) ...
Setting up ros-one-gencpp (0-2025.01.07.13.24) ...
Setting up python3-rospkg (1.5.1-1) ...
Setting up ros-one-genpy (0.6.16-6-gf70658f-2025.01.07.13.24) ...
Setting up ros-one-genlisp (0.4.18-2025.01.07.13.25) ...
Setting up ros-one-geneus (3.0.0-2025.01.07.13.24) ...
Setting up python3-rosdistro (1.0.1-2) ...
Setting up ros-one-rosgraph (1.17.0-12-g2a12474fb-2025.01.07.14.31) ...
Setting up ros-one-message-generation (0.4.1-2025.01.07.13.31) ...
Setting up python3-rosdep2 (0.25.1-2) ...
Setting up ros-one-rospack (2.6.2-2-gad85a87-2025.01.07.13.23) ...
Setting up ros-one-rosbash (1.15.8-3-g136e18e9-2025.01.07.13.56) ...
Setting up ros-one-catkin-virtualenv (0.13.0-5-g659584a-2025.01.07.15.41) ...
Setting up sbuild-build-depends-main-dummy (0.invalid.0) ...

+------------------------------------------------------------------------------+
| Check architectures                          Tue, 07 Jan 2025 22:28:47 +0000 |
+------------------------------------------------------------------------------+

Arch check ok (amd64 included in any)

+------------------------------------------------------------------------------+
| Build environment                            Tue, 07 Jan 2025 22:28:59 +0000 |
+------------------------------------------------------------------------------+

Kernel: Linux 6.8.0-1017-azure #20-Ubuntu SMP Tue Oct 22 03:43:13 UTC 2024 amd64 (x86_64)
Toolchain package versions: binutils_2.43.50.20241230-1 dpkg-dev_1.22.13 g++-14_14.2.0-12 gcc-14_14.2.0-12 libc6-dev_2.40-5 libstdc++-14-dev_14.2.0-12 libstdc++6_14.2.0-12 linux-libc-dev_6.12.8-1
Package versions: apt_2.9.21 autoconf_2.72-3 automake_1:1.16.5-1.3 autopoint_0.22.5-4 autotools-dev_20220109.1 base-files_13.6 base-passwd_3.6.6 bash_5.2.37-1 binutils_2.43.50.20241230-1 binutils-common_2.43.50.20241230-1 binutils-x86-64-linux-gnu_2.43.50.20241230-1 bsdextrautils_2.40.2-14 bsdutils_1:2.40.2-14 build-essential_12.12 bzip2_1.0.8-6 ca-certificates_20241223 catkin_0.8.10-17 ccache_4.10.2-1+b1 cmake_3.31.3-1 cmake-data_3.31.3-1 cmake-extras_1.7-3 coreutils_9.5-1+b1 cpp_4:14.2.0-1 cpp-14_14.2.0-12 cpp-14-x86-64-linux-gnu_14.2.0-12 cpp-x86-64-linux-gnu_4:14.2.0-1 dash_0.5.12-10 debconf_1.5.89 debhelper_13.23 debian-archive-keyring_2023.4 debianutils_5.21 dh-autoreconf_20 dh-strip-nondeterminism_1.14.0-1 diffutils_1:3.10-2 docutils-common_0.21.2+dfsg-2 dpkg_1.22.13 dpkg-dev_1.22.13 dumb-init_1.2.5-3 dwz_0.15-1+b1 fakeroot_1.36.2-1 file_1:5.45-3+b1 findutils_4.10.0-3 g++_4:14.2.0-1 g++-14_14.2.0-12 g++-14-x86-64-linux-gnu_14.2.0-12 g++-x86-64-linux-gnu_4:14.2.0-1 gcc_4:14.2.0-1 gcc-14_14.2.0-12 gcc-14-base_14.2.0-12 gcc-14-x86-64-linux-gnu_14.2.0-12 gcc-x86-64-linux-gnu_4:14.2.0-1 gettext_0.22.5-4 gettext-base_0.22.5-4 git_1:2.47.1-1 git-man_1:2.47.1-1 googletest_1.15.2-1 grep_3.11-4 groff-base_1.23.0-7 gzip_1.12-1.2 hostname_3.25 init-system-helpers_1.68 intltool-debian_0.35.0+20060710.6 libacl1_2.3.2-2+b1 libapt-pkg6.0t64_2.9.21 libarchive-zip-perl_1.68-1 libarchive13t64_3.7.4-1.1 libasan8_14.2.0-12 libatomic1_14.2.0-12 libattr1_1:2.5.2-2 libaudit-common_1:4.0.2-2 libaudit1_1:4.0.2-2 libbinutils_2.43.50.20241230-1 libblkid1_2.40.2-14 libboost-atomic1.83-dev_1.83.0-4 libboost-atomic1.83.0_1.83.0-4 libboost-filesystem-dev_1.83.0.2+b2 libboost-filesystem1.83-dev_1.83.0-4 libboost-filesystem1.83.0_1.83.0-4 libboost-program-options-dev_1.83.0.2+b2 libboost-program-options1.83-dev_1.83.0-4 libboost-program-options1.83.0_1.83.0-4 libboost-system-dev_1.83.0.2+b2 libboost-system1.83-dev_1.83.0-4 libboost-system1.83.0_1.83.0-4 libboost1.83-dev_1.83.0-4 libbrotli1_1.1.0-2+b6 libbz2-1.0_1.0.8-6 libc-bin_2.40-5 libc-dev-bin_2.40-5 libc6_2.40-5 libc6-dev_2.40-5 libcap-ng0_0.8.5-4 libcap2_1:2.66-5+b1 libcc1-0_14.2.0-12 libcom-err2_1.47.2-1 libcrypt-dev_1:4.4.36-5 libcrypt1_1:4.4.36-5 libctf-nobfd0_2.43.50.20241230-1 libctf0_2.43.50.20241230-1 libcurl3t64-gnutls_8.11.1-1 libcurl4t64_8.11.1-1 libdb5.3t64_5.3.28+dfsg2-9 libdebconfclient0_0.277 libdebhelper-perl_13.23 libdpkg-perl_1.22.13 libelf1t64_0.192-4 liberror-perl_0.17029-2 libexpat1_2.6.4-1 libexpat1-dev_2.6.4-1 libfakeroot_1.36.2-1 libffi-dev_3.4.6-1 libffi8_3.4.6-1 libfile-stripnondeterminism-perl_1.14.0-1 libfmt10_10.1.1+ds1-4 libgcc-14-dev_14.2.0-12 libgcc-s1_14.2.0-12 libgdbm-compat4t64_1.24-2 libgdbm6t64_1.24-2 libgmock-dev_1.15.2-1 libgmp10_2:6.3.0+dfsg-3 libgnutls30t64_3.8.8-2 libgomp1_14.2.0-12 libgprofng0_2.43.50.20241230-1 libgssapi-krb5-2_1.21.3-3 libgtest-dev_1.15.2-1 libhiredis1.1.0_1.2.0-6+b3 libhogweed6t64_3.10-1+b1 libhwasan0_14.2.0-12 libicu72_72.1-5+b1 libidn2-0_2.3.7-2+b1 libisl23_0.27-1 libitm1_14.2.0-12 libjansson4_2.14-2+b3 libjs-jquery_3.6.1+dfsg+~3.5.14-1 libjs-sphinxdoc_8.1.3-3 libjs-underscore_1.13.4~dfsg+~1.11.4-3 libjsoncpp26_1.9.6-3 libk5crypto3_1.21.3-3 libkeyutils1_1.6.3-4 libkrb5-3_1.21.3-3 libkrb5support0_1.21.3-3 libldap-2.5-0_2.5.19+dfsg-1 liblsan0_14.2.0-12 liblz4-1_1.9.4-4 liblzma5_5.6.3-1+b1 libmagic-mgc_1:5.45-3+b1 libmagic1t64_1:5.45-3+b1 libmd0_1.1.0-2+b1 libmount1_2.40.2-14 libmpc3_1.3.1-1+b3 libmpfr6_4.2.1-1+b2 libncursesw6_6.5-2+b1 libnettle8t64_3.10-1+b1 libnghttp2-14_1.64.0-1 libnghttp3-9_1.6.0-2 libngtcp2-16_1.9.1-1 libngtcp2-crypto-gnutls8_1.9.1-1 libnsl2_1.3.0-3+b3 libp11-kit0_0.25.5-3 libpam-modules_1.5.3-7+b1 libpam-modules-bin_1.5.3-7+b1 libpam-runtime_1.5.3-7 libpam0g_1.5.3-7+b1 libpcre2-8-0_10.44-5 libperl5.40_5.40.0-8 libpipeline1_1.5.8-1 libpkgconf3_1.8.1-4 libproc2-0_2:4.0.4-6 libpsl5t64_0.21.2-1.1+b1 libpython3-dev_3.13.1-1 libpython3-stdlib_3.13.1-1 libpython3.12-minimal_3.12.8-3 libpython3.12-stdlib_3.12.8-3 libpython3.12t64_3.12.8-3 libpython3.13_3.13.1-3 libpython3.13-dev_3.13.1-3 libpython3.13-minimal_3.13.1-3 libpython3.13-stdlib_3.13.1-3 libquadmath0_14.2.0-12 libreadline8t64_8.2-6 librhash1_1.4.5-1 librtmp1_2.4+20151223.gitfa8646d.1-2+b5 libsasl2-2_2.1.28+dfsg1-8 libsasl2-modules-db_2.1.28+dfsg1-8 libseccomp2_2.5.5-2 libselinux1_3.7-3+b1 libsframe1_2.43.50.20241230-1 libsmartcols1_2.40.2-14 libsqlite3-0_3.46.1-1 libssh2-1t64_1.11.1-1 libssl-dev_3.4.0-2 libssl3t64_3.4.0-2 libstdc++-14-dev_14.2.0-12 libstdc++6_14.2.0-12 libsystemd0_257.1-7 libtasn1-6_4.19.0-3+b3 libtinfo6_6.5-2+b1 libtinyxml2-10_10.0.0+dfsg-2+b2 libtinyxml2-dev_10.0.0+dfsg-2+b2 libtirpc-common_1.3.4+ds-1.3 libtirpc3t64_1.3.4+ds-1.3+b1 libtool_2.5.4-2 libtsan2_14.2.0-12 libubsan1_14.2.0-12 libuchardet0_0.0.8-1+b2 libudev1_257.1-7 libunistring5_1.3-1 libuuid1_2.40.2-14 libuv1t64_1.48.0-7 libxml2_2.12.7+dfsg+really2.9.14-0.2+b1 libxxhash0_0.8.3-2 libyaml-0-2_0.2.5-2 libzstd1_1.5.6+dfsg-2 linux-libc-dev_6.12.8-1 lsb-release_12.1-1 m4_1.4.19-5 make_4.4.1-1 man-db_2.13.0-1 mawk_1.3.4.20240905-1 media-types_10.1.0 ncurses-base_6.5-2 ncurses-bin_6.5-2+b1 netbase_6.4 openssl_3.4.0-2 openssl-provider-legacy_3.4.0-2 patch_2.7.6-7 perl_5.40.0-8 perl-base_5.40.0-8 perl-modules-5.40_5.40.0-8 pkg-config_1.8.1-4 pkgconf_1.8.1-4 pkgconf-bin_1.8.1-4 po-debconf_1.0.21+nmu1 procps_2:4.0.4-6 python3_3.13.1-1 python3-autocommand_2.2.2-3 python3-catkin_0.8.10-17 python3-catkin-pkg_1.0.0-2 python3-dateutil_2.9.0-3 python3-dev_3.13.1-1 python3-distlib_0.3.9-1 python3-distro_1.9.0-1 python3-docutils_0.21.2+dfsg-2 python3-empy_3.3.4-2 python3-filelock_3.16.1-1 python3-inflect_7.3.1-2 python3-jaraco.context_6.0.0-1 python3-jaraco.functools_4.1.0-1 python3-jaraco.text_4.0.0-1 python3-minimal_3.13.1-1 python3-more-itertools_10.5.0-1 python3-netifaces_0.11.0-2+b5 python3-nose_1.3.7-15 python3-pip-whl_24.3.1+dfsg-1 python3-pkg-resources_75.6.0-1 python3-platformdirs_4.3.6-1 python3-pyparsing_3.1.2-1 python3-roman_4.2-1 python3-rosdep2_0.25.1-2 python3-rosdistro_1.0.1-2 python3-rospkg_1.5.1-1 python3-setuptools_75.6.0-1 python3-setuptools-whl_75.6.0-1 python3-typeguard_4.4.1-1 python3-typing-extensions_4.12.2-2 python3-venv_3.13.1-1 python3-virtualenv_20.28.0+ds-1 python3-wheel-whl_0.45.1-1 python3-yaml_6.0.2-1+b1 python3-zipp_3.21.0-1 python3-zombie-imp_0.0.2-2 python3.13_3.13.1-3 python3.13-dev_3.13.1-3 python3.13-minimal_3.13.1-3 python3.13-venv_3.13.1-3 readline-common_8.2-6 ros-one-catkin-virtualenv_0.13.0-5-g659584a-2025.01.07.15.41 ros-one-gencpp_0-2025.01.07.13.24 ros-one-geneus_3.0.0-2025.01.07.13.24 ros-one-genlisp_0.4.18-2025.01.07.13.25 ros-one-genmsg_0.5.16-1-g7d8b6ce-2025.01.07.13.06 ros-one-gennodejs_2.0.1-8-g19d224c-2025.01.07.13.23 ros-one-genpy_0.6.16-6-gf70658f-2025.01.07.13.24 ros-one-message-generation_0.4.1-2025.01.07.13.31 ros-one-ros-environment_1.3.2-5-g2686e94-2025.01.07.12.59 ros-one-rosbash_1.15.8-3-g136e18e9-2025.01.07.13.56 ros-one-rosgraph_1.17.0-12-g2a12474fb-2025.01.07.14.31 ros-one-rospack_2.6.2-2-gad85a87-2025.01.07.13.23 ros-one-setup-files_0-2025.01.07.12.59 rpcsvc-proto_1.4.3-1 sbuild-build-depends-main-dummy_0.invalid.0 sed_4.9-2 sensible-utils_0.0.24 sgml-base_1.31 sqv_1.2.1-5 sysvinit-utils_3.13-1 tar_1.35+dfsg-3.1 tzdata_2024b-4 util-linux_2.40.2-14 virtualenv_20.28.0+ds-1 xml-core_0.19 xz-utils_5.6.3-1+b1 zlib1g_1:1.3.dfsg+really1.3.1-1+b1 zlib1g-dev_1:1.3.dfsg+really1.3.1-1+b1

+------------------------------------------------------------------------------+
| Build                                        Tue, 07 Jan 2025 22:28:59 +0000 |
+------------------------------------------------------------------------------+


Unpack source
-------------

Format: 1.0
Source: ros-one-sesame-ros
Binary: ros-one-sesame-ros
Architecture: any
Version: 2.1.29-2025.01.07.22.25
Maintainer: Kei Okada <k-okada@jsk.t.u-tokyo.ac.jp>
Homepage: http://ros.org/wiki/sesame_ros
Standards-Version: 3.9.2
Build-Depends: debhelper (>= 9.0.0), catkin, libffi-dev, libgmock-dev, libgtest-dev, libssl-dev, ros-one-catkin-virtualenv, ros-one-message-generation, ros-one-rostest <!nocheck>
Package-List:
 ros-one-sesame-ros deb misc optional arch=any
Checksums-Sha1:
 9f2270be3b97c6645e410afaef8f9e97c11d5218 36624 ros-one-sesame-ros_2.1.29-2025.01.07.22.25.tar.gz
Checksums-Sha256:
 d78008a1c00161befd07d0ce86535a0db8020e618e839ec6455fb936729c47c3 36624 ros-one-sesame-ros_2.1.29-2025.01.07.22.25.tar.gz
Files:
 649a2dc47cb179c1908fb73873256bcf 36624 ros-one-sesame-ros_2.1.29-2025.01.07.22.25.tar.gz

dpkg-source: warning: extracting unsigned source package (ros-one-sesame-ros_2.1.29-2025.01.07.22.25.dsc)
dpkg-source: info: extracting ros-one-sesame-ros in /<<BUILDDIR>>package
dpkg-source: info: unpacking ros-one-sesame-ros_2.1.29-2025.01.07.22.25.tar.gz

Check disk space
----------------

Sufficient free space for build

User Environment
----------------

APT_CONFIG=/var/lib/sbuild/apt.conf
CCACHE_DIR=/build/ccache
DEB_BUILD_OPTIONS=nocheck
HOME=/sbuild-nonexistent
LANG=C.UTF-8
LC_ALL=C.UTF-8
LD_LIBRARY_PATH=/opt/ros/one/lib:/opt/ros/one/lib/x86_64-linux-gnu
LOGNAME=runner
OLDPWD=/
PATH=/usr/lib/ccache:/usr/local/sbin:/usr/local/bin:/usr/sbin:/usr/bin:/sbin:/bin:/usr/games
PWD=/<<BUILDDIR>>package
SHELL=/bin/sh
USER=runner

dpkg-buildpackage
-----------------

Command: dpkg-buildpackage --sanitize-env -Pnocheck -us -uc -b -rfakeroot
dpkg-buildpackage: info: source package ros-one-sesame-ros
dpkg-buildpackage: info: source version 2.1.29-2025.01.07.22.25
dpkg-buildpackage: info: source distribution sid
dpkg-buildpackage: info: source changed by Kei Okada <k-okada@jsk.t.u-tokyo.ac.jp>
 dpkg-source --before-build .
dpkg-buildpackage: info: host architecture amd64
dpkg-source: info: using options from package/debian/source/options: --auto-commit
 debian/rules clean
dh clean -v --buildsystem=cmake --builddirectory=.obj-x86_64-linux-gnu
   dh_auto_clean -O-v -O--buildsystem=cmake -O--builddirectory=.obj-x86_64-linux-gnu
   dh_autoreconf_clean -O-v -O--buildsystem=cmake -O--builddirectory=.obj-x86_64-linux-gnu
   dh_clean -O-v -O--buildsystem=cmake -O--builddirectory=.obj-x86_64-linux-gnu
	rm -f debian/debhelper-build-stamp
	rm -rf debian/.debhelper/
	rm -f -- debian/ros-one-sesame-ros.substvars debian/files
	rm -fr -- debian/ros-one-sesame-ros/ debian/tmp/
	find .  \( \( \
		\( -path .\*/.git -o -path .\*/.svn -o -path .\*/.bzr -o -path .\*/.hg -o -path .\*/CVS -o -path .\*/.pc -o -path .\*/_darcs \) -prune -o -type f -a \
	        \( -name '#*#' -o -name '.*~' -o -name '*~' -o -name DEADJOE \
		 -o -name '*.orig' -o -name '*.rej' -o -name '*.bak' \
		 -o -name '.*.orig' -o -name .*.rej -o -name '.SUMS' \
		 -o -name TAGS -o \( -path '*/.deps/*' -a -name '*.P' \) \
		\) -exec rm -f {} + \) -o \
		\( -type d -a \( -name autom4te.cache -o -name __pycache__ \) -prune -exec rm -rf {} + \) \)
 debian/rules binary
dh binary -v --buildsystem=cmake --builddirectory=.obj-x86_64-linux-gnu
   dh_update_autotools_config -O-v -O--buildsystem=cmake -O--builddirectory=.obj-x86_64-linux-gnu
   dh_autoreconf -O-v -O--buildsystem=cmake -O--builddirectory=.obj-x86_64-linux-gnu
   debian/rules override_dh_auto_configure
make[1]: Entering directory '/<<BUILDDIR>>package'
# In case we're installing to a non-standard location, look for a setup.sh
# in the install tree that was dropped by catkin, and source it.  It will
# set things like CMAKE_PREFIX_PATH, PKG_CONFIG_PATH, and PYTHONPATH.
if [ -f "/opt/ros/one/setup.sh" ]; then . "/opt/ros/one/setup.sh"; fi && \
dh_auto_configure -- \
	-DCATKIN_BUILD_BINARY_PACKAGE="1" \
	-DCMAKE_INSTALL_PREFIX="/opt/ros/one" \
	-DCMAKE_PREFIX_PATH="/opt/ros/one" \
	-DBUILD_TESTING=OFF -DCATKIN_ENABLE_TESTING=OFF
	cd .obj-x86_64-linux-gnu && DEB_PYTHON_INSTALL_LAYOUT=deb PKG_CONFIG=/usr/bin/pkg-config cmake -DCMAKE_INSTALL_PREFIX=/usr -DCMAKE_BUILD_TYPE=None -DCMAKE_INSTALL_SYSCONFDIR=/etc -DCMAKE_INSTALL_LOCALSTATEDIR=/var -DCMAKE_EXPORT_NO_PACKAGE_REGISTRY=ON -DCMAKE_FIND_USE_PACKAGE_REGISTRY=OFF -DCMAKE_FIND_PACKAGE_NO_PACKAGE_REGISTRY=ON -DFETCHCONTENT_FULLY_DISCONNECTED=ON -DCMAKE_INSTALL_RUNSTATEDIR=/run "-GUnix Makefiles" -DCMAKE_VERBOSE_MAKEFILE=ON -DCMAKE_INSTALL_LIBDIR=lib/x86_64-linux-gnu -DBUILD_TESTING:BOOL=OFF -DCATKIN_BUILD_BINARY_PACKAGE=1 -DCMAKE_INSTALL_PREFIX=/opt/ros/one -DCMAKE_PREFIX_PATH=/opt/ros/one -DBUILD_TESTING=OFF -DCATKIN_ENABLE_TESTING=OFF ..
CMake Deprecation Warning at CMakeLists.txt:1 (cmake_minimum_required):
  Compatibility with CMake < 3.10 will be removed from a future version of
  CMake.

  Update the VERSION argument <min> value.  Or, use the <min>...<max> syntax
  to tell CMake that the project requires at least <min> but has been updated
  to work with policies introduced by <max> or earlier.


-- The C compiler identification is GNU 14.2.0
-- The CXX compiler identification is GNU 14.2.0
-- Detecting C compiler ABI info
-- Detecting C compiler ABI info - done
-- Check for working C compiler: /usr/lib/ccache/cc - skipped
-- Detecting C compile features
-- Detecting C compile features - done
-- Detecting CXX compiler ABI info
-- Detecting CXX compiler ABI info - done
-- Check for working CXX compiler: /usr/lib/ccache/c++ - skipped
-- Detecting CXX compile features
-- Detecting CXX compile features - done
-- Using CATKIN_DEVEL_PREFIX: /<<BUILDDIR>>package/.obj-x86_64-linux-gnu/devel
-- Using CMAKE_PREFIX_PATH: /opt/ros/one
-- This workspace overlays: /opt/ros/one
-- Found Python: /usr/bin/python3 (found suitable version "3.13.1", minimum required is "3") found components: Interpreter
-- Using PYTHON_EXECUTABLE: /usr/bin/python3
-- Using Debian Python package layout
-- Using empy: /usr/bin/empy
-- Using BUILD_TESTING: OFF (implying CATKIN_ENABLE_TESTING=OFF)
-- Performing Test CMAKE_HAVE_LIBC_PTHREAD
-- Performing Test CMAKE_HAVE_LIBC_PTHREAD - Success
-- Found Threads: TRUE
-- catkin 0.8.10
-- BUILD_SHARED_LIBS is on
-- Using these message generators: gencpp;geneus;genlisp;gennodejs;genpy
-- sesame_ros: 0 messages, 2 services
-- Using system site packages
WARNING: cannot create log directory [/sbuild-nonexistent/.ros/log]. Please set ROS_LOG_DIR to a writable location.
WARNING: cannot create log directory [/sbuild-nonexistent/.ros/log]. Please set ROS_LOG_DIR to a writable location.
-- Using virtualenv to run Python nosetests: 
-- Configuring done (1.8s)
-- Generating done (0.0s)
CMake Warning:
  Manually-specified variables were not used by the project:

    CMAKE_EXPORT_NO_PACKAGE_REGISTRY
    CMAKE_FIND_PACKAGE_NO_PACKAGE_REGISTRY
    CMAKE_INSTALL_LIBDIR
    CMAKE_INSTALL_LOCALSTATEDIR
    CMAKE_INSTALL_RUNSTATEDIR
    CMAKE_INSTALL_SYSCONFDIR
    FETCHCONTENT_FULLY_DISCONNECTED


-- Build files have been written to: /<<BUILDDIR>>package/.obj-x86_64-linux-gnu
make[1]: Leaving directory '/<<BUILDDIR>>package'
	rm -f debian/ros-one-sesame-ros.debhelper.log
   debian/rules override_dh_auto_build
make[1]: Entering directory '/<<BUILDDIR>>package'
# In case we're installing to a non-standard location, look for a setup.sh
# in the install tree that was dropped by catkin, and source it.  It will
# set things like CMAKE_PREFIX_PATH, PKG_CONFIG_PATH, and PYTHONPATH.
if [ -f "/opt/ros/one/setup.sh" ]; then . "/opt/ros/one/setup.sh"; fi && \
dh_auto_build
	cd .obj-x86_64-linux-gnu && make -j4 "INSTALL=install --strip-program=true" VERBOSE=1
make[2]: Entering directory '/<<BUILDDIR>>package/.obj-x86_64-linux-gnu'
/usr/bin/cmake -S/<<BUILDDIR>>package -B/<<BUILDDIR>>package/.obj-x86_64-linux-gnu --check-build-system CMakeFiles/Makefile.cmake 0
/usr/bin/cmake -E cmake_progress_start /<<BUILDDIR>>package/.obj-x86_64-linux-gnu/CMakeFiles /<<BUILDDIR>>package/.obj-x86_64-linux-gnu//CMakeFiles/progress.marks
make  -f CMakeFiles/Makefile2 all
make[3]: Entering directory '/<<BUILDDIR>>package/.obj-x86_64-linux-gnu'
make  -f CMakeFiles/_sesame_ros_generate_messages_check_deps_Status.dir/build.make CMakeFiles/_sesame_ros_generate_messages_check_deps_Status.dir/depend
make  -f CMakeFiles/_sesame_ros_generate_messages_check_deps_Command.dir/build.make CMakeFiles/_sesame_ros_generate_messages_check_deps_Command.dir/depend
make  -f CMakeFiles/sesame_ros_generate_virtualenv.dir/build.make CMakeFiles/sesame_ros_generate_virtualenv.dir/depend
make[4]: Entering directory '/<<BUILDDIR>>package/.obj-x86_64-linux-gnu'
cd /<<BUILDDIR>>package/.obj-x86_64-linux-gnu && /usr/bin/cmake -E cmake_depends "Unix Makefiles" /<<BUILDDIR>>package /<<BUILDDIR>>package /<<BUILDDIR>>package/.obj-x86_64-linux-gnu /<<BUILDDIR>>package/.obj-x86_64-linux-gnu /<<BUILDDIR>>package/.obj-x86_64-linux-gnu/CMakeFiles/_sesame_ros_generate_messages_check_deps_Status.dir/DependInfo.cmake "--color="
make[4]: Entering directory '/<<BUILDDIR>>package/.obj-x86_64-linux-gnu'
cd /<<BUILDDIR>>package/.obj-x86_64-linux-gnu && /usr/bin/cmake -E cmake_depends "Unix Makefiles" /<<BUILDDIR>>package /<<BUILDDIR>>package /<<BUILDDIR>>package/.obj-x86_64-linux-gnu /<<BUILDDIR>>package/.obj-x86_64-linux-gnu /<<BUILDDIR>>package/.obj-x86_64-linux-gnu/CMakeFiles/_sesame_ros_generate_messages_check_deps_Command.dir/DependInfo.cmake "--color="
make[4]: Entering directory '/<<BUILDDIR>>package/.obj-x86_64-linux-gnu'
cd /<<BUILDDIR>>package/.obj-x86_64-linux-gnu && /usr/bin/cmake -E cmake_depends "Unix Makefiles" /<<BUILDDIR>>package /<<BUILDDIR>>package /<<BUILDDIR>>package/.obj-x86_64-linux-gnu /<<BUILDDIR>>package/.obj-x86_64-linux-gnu /<<BUILDDIR>>package/.obj-x86_64-linux-gnu/CMakeFiles/sesame_ros_generate_virtualenv.dir/DependInfo.cmake "--color="
make[4]: Leaving directory '/<<BUILDDIR>>package/.obj-x86_64-linux-gnu'
make  -f CMakeFiles/_sesame_ros_generate_messages_check_deps_Command.dir/build.make CMakeFiles/_sesame_ros_generate_messages_check_deps_Command.dir/build
make[4]: Entering directory '/<<BUILDDIR>>package/.obj-x86_64-linux-gnu'
catkin_generated/env_cached.sh /usr/bin/python3 /opt/ros/one/share/genmsg/cmake/../../../lib/genmsg/genmsg_check_deps.py sesame_ros /<<BUILDDIR>>package/srv/Command.srv 
make[4]: Leaving directory '/<<BUILDDIR>>package/.obj-x86_64-linux-gnu'
make  -f CMakeFiles/_sesame_ros_generate_messages_check_deps_Status.dir/build.make CMakeFiles/_sesame_ros_generate_messages_check_deps_Status.dir/build
make[4]: Leaving directory '/<<BUILDDIR>>package/.obj-x86_64-linux-gnu'
make  -f CMakeFiles/sesame_ros_generate_virtualenv.dir/build.make CMakeFiles/sesame_ros_generate_virtualenv.dir/build
make[4]: Entering directory '/<<BUILDDIR>>package/.obj-x86_64-linux-gnu'
catkin_generated/env_cached.sh /usr/bin/python3 /opt/ros/one/share/genmsg/cmake/../../../lib/genmsg/genmsg_check_deps.py sesame_ros /<<BUILDDIR>>package/srv/Status.srv 
make[4]: Entering directory '/<<BUILDDIR>>package/.obj-x86_64-linux-gnu'
[  6%] Generate virtualenv in /<<BUILDDIR>>package/.obj-x86_64-linux-gnu/venv
catkin_generated/env_cached.sh rosrun catkin_virtualenv venv_init venv --python python3 --use-system-packages --extra-pip-args \"-qq\ --retries\ 10\ --timeout\ 30\"
make[4]: Leaving directory '/<<BUILDDIR>>package/.obj-x86_64-linux-gnu'
make[4]: Leaving directory '/<<BUILDDIR>>package/.obj-x86_64-linux-gnu'
[  6%] Built target _sesame_ros_generate_messages_check_deps_Status
[  6%] Built target _sesame_ros_generate_messages_check_deps_Command
make  -f CMakeFiles/sesame_ros_generate_messages_py.dir/build.make CMakeFiles/sesame_ros_generate_messages_py.dir/depend
make  -f CMakeFiles/sesame_ros_generate_messages_cpp.dir/build.make CMakeFiles/sesame_ros_generate_messages_cpp.dir/depend
make  -f CMakeFiles/sesame_ros_generate_messages_eus.dir/build.make CMakeFiles/sesame_ros_generate_messages_eus.dir/depend
make[4]: Entering directory '/<<BUILDDIR>>package/.obj-x86_64-linux-gnu'
cd /<<BUILDDIR>>package/.obj-x86_64-linux-gnu && /usr/bin/cmake -E cmake_depends "Unix Makefiles" /<<BUILDDIR>>package /<<BUILDDIR>>package /<<BUILDDIR>>package/.obj-x86_64-linux-gnu /<<BUILDDIR>>package/.obj-x86_64-linux-gnu /<<BUILDDIR>>package/.obj-x86_64-linux-gnu/CMakeFiles/sesame_ros_generate_messages_py.dir/DependInfo.cmake "--color="
make[4]: Entering directory '/<<BUILDDIR>>package/.obj-x86_64-linux-gnu'
cd /<<BUILDDIR>>package/.obj-x86_64-linux-gnu && /usr/bin/cmake -E cmake_depends "Unix Makefiles" /<<BUILDDIR>>package /<<BUILDDIR>>package /<<BUILDDIR>>package/.obj-x86_64-linux-gnu /<<BUILDDIR>>package/.obj-x86_64-linux-gnu /<<BUILDDIR>>package/.obj-x86_64-linux-gnu/CMakeFiles/sesame_ros_generate_messages_cpp.dir/DependInfo.cmake "--color="
make[4]: Entering directory '/<<BUILDDIR>>package/.obj-x86_64-linux-gnu'
cd /<<BUILDDIR>>package/.obj-x86_64-linux-gnu && /usr/bin/cmake -E cmake_depends "Unix Makefiles" /<<BUILDDIR>>package /<<BUILDDIR>>package /<<BUILDDIR>>package/.obj-x86_64-linux-gnu /<<BUILDDIR>>package/.obj-x86_64-linux-gnu /<<BUILDDIR>>package/.obj-x86_64-linux-gnu/CMakeFiles/sesame_ros_generate_messages_eus.dir/DependInfo.cmake "--color="
make[4]: Leaving directory '/<<BUILDDIR>>package/.obj-x86_64-linux-gnu'
make[4]: Leaving directory '/<<BUILDDIR>>package/.obj-x86_64-linux-gnu'
make  -f CMakeFiles/sesame_ros_generate_messages_py.dir/build.make CMakeFiles/sesame_ros_generate_messages_py.dir/build
make  -f CMakeFiles/sesame_ros_generate_messages_cpp.dir/build.make CMakeFiles/sesame_ros_generate_messages_cpp.dir/build
make[4]: Entering directory '/<<BUILDDIR>>package/.obj-x86_64-linux-gnu'
make[4]: Entering directory '/<<BUILDDIR>>package/.obj-x86_64-linux-gnu'
make[4]: Leaving directory '/<<BUILDDIR>>package/.obj-x86_64-linux-gnu'
make  -f CMakeFiles/sesame_ros_generate_messages_eus.dir/build.make CMakeFiles/sesame_ros_generate_messages_eus.dir/build
make[4]: Entering directory '/<<BUILDDIR>>package/.obj-x86_64-linux-gnu'
[ 18%] Generating C++ code from sesame_ros/Command.srv
[ 18%] Generating Python code from SRV sesame_ros/Command
[ 25%] Generating EusLisp code from sesame_ros/Command.srv
catkin_generated/env_cached.sh /usr/bin/python3 /opt/ros/one/share/genpy/cmake/../../../lib/genpy/gensrv_py.py /<<BUILDDIR>>package/srv/Command.srv -p sesame_ros -o /<<BUILDDIR>>package/.obj-x86_64-linux-gnu/devel/lib/python3/dist-packages/sesame_ros/srv
cd /<<BUILDDIR>>package && /<<BUILDDIR>>package/.obj-x86_64-linux-gnu/catkin_generated/env_cached.sh /usr/bin/python3 /opt/ros/one/share/gencpp/cmake/../../../lib/gencpp/gen_cpp.py /<<BUILDDIR>>package/srv/Command.srv -p sesame_ros -o /<<BUILDDIR>>package/.obj-x86_64-linux-gnu/devel/include/sesame_ros -e /opt/ros/one/share/gencpp/cmake/..
catkin_generated/env_cached.sh /usr/bin/python3 /opt/ros/one/share/geneus/cmake/../../../lib/geneus/gen_eus.py /<<BUILDDIR>>package/srv/Command.srv -p sesame_ros -o /<<BUILDDIR>>package/.obj-x86_64-linux-gnu/devel/share/roseus/ros/sesame_ros/srv
[ 31%] Generating Python code from SRV sesame_ros/Status
catkin_generated/env_cached.sh /usr/bin/python3 /opt/ros/one/share/genpy/cmake/../../../lib/genpy/gensrv_py.py /<<BUILDDIR>>package/srv/Status.srv -p sesame_ros -o /<<BUILDDIR>>package/.obj-x86_64-linux-gnu/devel/lib/python3/dist-packages/sesame_ros/srv
[ 37%] Generating EusLisp code from sesame_ros/Status.srv
catkin_generated/env_cached.sh /usr/bin/python3 /opt/ros/one/share/geneus/cmake/../../../lib/geneus/gen_eus.py /<<BUILDDIR>>package/srv/Status.srv -p sesame_ros -o /<<BUILDDIR>>package/.obj-x86_64-linux-gnu/devel/share/roseus/ros/sesame_ros/srv
[ 43%] Generating C++ code from sesame_ros/Status.srv
cd /<<BUILDDIR>>package && /<<BUILDDIR>>package/.obj-x86_64-linux-gnu/catkin_generated/env_cached.sh /usr/bin/python3 /opt/ros/one/share/gencpp/cmake/../../../lib/gencpp/gen_cpp.py /<<BUILDDIR>>package/srv/Status.srv -p sesame_ros -o /<<BUILDDIR>>package/.obj-x86_64-linux-gnu/devel/include/sesame_ros -e /opt/ros/one/share/gencpp/cmake/..
[ 50%] Generating Python srv __init__.py for sesame_ros
catkin_generated/env_cached.sh /usr/bin/python3 /opt/ros/one/share/genpy/cmake/../../../lib/genpy/genmsg_py.py -o /<<BUILDDIR>>package/.obj-x86_64-linux-gnu/devel/lib/python3/dist-packages/sesame_ros/srv --initpy
[ 56%] Generating EusLisp manifest code for sesame_ros
catkin_generated/env_cached.sh /usr/bin/python3 /opt/ros/one/share/geneus/cmake/../../../lib/geneus/gen_eus.py -m -o /<<BUILDDIR>>package/.obj-x86_64-linux-gnu/devel/share/roseus/ros/sesame_ros sesame_ros
make[4]: Leaving directory '/<<BUILDDIR>>package/.obj-x86_64-linux-gnu'
[ 56%] Built target sesame_ros_generate_messages_py
make  -f CMakeFiles/sesame_ros_generate_messages_lisp.dir/build.make CMakeFiles/sesame_ros_generate_messages_lisp.dir/depend
make[4]: Entering directory '/<<BUILDDIR>>package/.obj-x86_64-linux-gnu'
cd /<<BUILDDIR>>package/.obj-x86_64-linux-gnu && /usr/bin/cmake -E cmake_depends "Unix Makefiles" /<<BUILDDIR>>package /<<BUILDDIR>>package /<<BUILDDIR>>package/.obj-x86_64-linux-gnu /<<BUILDDIR>>package/.obj-x86_64-linux-gnu /<<BUILDDIR>>package/.obj-x86_64-linux-gnu/CMakeFiles/sesame_ros_generate_messages_lisp.dir/DependInfo.cmake "--color="
make[4]: Leaving directory '/<<BUILDDIR>>package/.obj-x86_64-linux-gnu'
make  -f CMakeFiles/sesame_ros_generate_messages_lisp.dir/build.make CMakeFiles/sesame_ros_generate_messages_lisp.dir/build
make[4]: Entering directory '/<<BUILDDIR>>package/.obj-x86_64-linux-gnu'
WARNING: cannot create log directory [/sbuild-nonexistent/.ros/log]. Please set ROS_LOG_DIR to a writable location.
[ 62%] Generating Lisp code from sesame_ros/Command.srv
catkin_generated/env_cached.sh /usr/bin/python3 /opt/ros/one/share/genlisp/cmake/../../../lib/genlisp/gen_lisp.py /<<BUILDDIR>>package/srv/Command.srv -p sesame_ros -o /<<BUILDDIR>>package/.obj-x86_64-linux-gnu/devel/share/common-lisp/ros/sesame_ros/srv
make[4]: Leaving directory '/<<BUILDDIR>>package/.obj-x86_64-linux-gnu'
[ 62%] Built target sesame_ros_generate_messages_cpp
[ 68%] Generating Lisp code from sesame_ros/Status.srv
catkin_generated/env_cached.sh /usr/bin/python3 /opt/ros/one/share/genlisp/cmake/../../../lib/genlisp/gen_lisp.py /<<BUILDDIR>>package/srv/Status.srv -p sesame_ros -o /<<BUILDDIR>>package/.obj-x86_64-linux-gnu/devel/share/common-lisp/ros/sesame_ros/srv
make  -f CMakeFiles/sesame_ros_generate_messages_nodejs.dir/build.make CMakeFiles/sesame_ros_generate_messages_nodejs.dir/depend
make[4]: Entering directory '/<<BUILDDIR>>package/.obj-x86_64-linux-gnu'
cd /<<BUILDDIR>>package/.obj-x86_64-linux-gnu && /usr/bin/cmake -E cmake_depends "Unix Makefiles" /<<BUILDDIR>>package /<<BUILDDIR>>package /<<BUILDDIR>>package/.obj-x86_64-linux-gnu /<<BUILDDIR>>package/.obj-x86_64-linux-gnu /<<BUILDDIR>>package/.obj-x86_64-linux-gnu/CMakeFiles/sesame_ros_generate_messages_nodejs.dir/DependInfo.cmake "--color="
make[4]: Leaving directory '/<<BUILDDIR>>package/.obj-x86_64-linux-gnu'
make[4]: Leaving directory '/<<BUILDDIR>>package/.obj-x86_64-linux-gnu'
make  -f CMakeFiles/sesame_ros_generate_messages_nodejs.dir/build.make CMakeFiles/sesame_ros_generate_messages_nodejs.dir/build
make[4]: Entering directory '/<<BUILDDIR>>package/.obj-x86_64-linux-gnu'
[ 68%] Built target sesame_ros_generate_messages_eus
[ 75%] Generating Javascript code from sesame_ros/Command.srv
catkin_generated/env_cached.sh /usr/bin/python3 /opt/ros/one/share/gennodejs/cmake/../../../lib/gennodejs/gen_nodejs.py /<<BUILDDIR>>package/srv/Command.srv -p sesame_ros -o /<<BUILDDIR>>package/.obj-x86_64-linux-gnu/devel/share/gennodejs/ros/sesame_ros/srv
[ 81%] Generating Javascript code from sesame_ros/Status.srv
make[4]: Leaving directory '/<<BUILDDIR>>package/.obj-x86_64-linux-gnu'
catkin_generated/env_cached.sh /usr/bin/python3 /opt/ros/one/share/gennodejs/cmake/../../../lib/gennodejs/gen_nodejs.py /<<BUILDDIR>>package/srv/Status.srv -p sesame_ros -o /<<BUILDDIR>>package/.obj-x86_64-linux-gnu/devel/share/gennodejs/ros/sesame_ros/srv
[ 81%] Built target sesame_ros_generate_messages_lisp
make[4]: Leaving directory '/<<BUILDDIR>>package/.obj-x86_64-linux-gnu'
[ 81%] Built target sesame_ros_generate_messages_nodejs
make  -f CMakeFiles/sesame_ros_generate_messages.dir/build.make CMakeFiles/sesame_ros_generate_messages.dir/depend
make[4]: Entering directory '/<<BUILDDIR>>package/.obj-x86_64-linux-gnu'
cd /<<BUILDDIR>>package/.obj-x86_64-linux-gnu && /usr/bin/cmake -E cmake_depends "Unix Makefiles" /<<BUILDDIR>>package /<<BUILDDIR>>package /<<BUILDDIR>>package/.obj-x86_64-linux-gnu /<<BUILDDIR>>package/.obj-x86_64-linux-gnu /<<BUILDDIR>>package/.obj-x86_64-linux-gnu/CMakeFiles/sesame_ros_generate_messages.dir/DependInfo.cmake "--color="
make[4]: Leaving directory '/<<BUILDDIR>>package/.obj-x86_64-linux-gnu'
make  -f CMakeFiles/sesame_ros_generate_messages.dir/build.make CMakeFiles/sesame_ros_generate_messages.dir/build
make[4]: Entering directory '/<<BUILDDIR>>package/.obj-x86_64-linux-gnu'
make[4]: Nothing to be done for 'CMakeFiles/sesame_ros_generate_messages.dir/build'.
make[4]: Leaving directory '/<<BUILDDIR>>package/.obj-x86_64-linux-gnu'
[ 81%] Built target sesame_ros_generate_messages
Using pip 24.3.1 from /<<BUILDDIR>>package/.obj-x86_64-linux-gnu/venv/lib/python3.13/site-packages/pip (python 3.13)
Collecting pip==22.2.2
  Obtaining dependency information for pip==22.2.2 from https://files.pythonhosted.org/packages/1f/2c/d9626f045e7b49a6225c6b09257861f24da78f4e5f23af2ddbdf852c99b8/pip-22.2.2-py3-none-any.whl.metadata
  Downloading pip-22.2.2-py3-none-any.whl.metadata (4.2 kB)
Collecting pip-tools==6.10.0
  Obtaining dependency information for pip-tools==6.10.0 from https://files.pythonhosted.org/packages/74/40/6ef42f81b10766fad927d5c28f128e36271c6a496f08fff8178e8f2d09e2/pip_tools-6.10.0-py3-none-any.whl.metadata
  Downloading pip_tools-6.10.0-py3-none-any.whl.metadata (23 kB)
Collecting build (from pip-tools==6.10.0)
  Obtaining dependency information for build from https://files.pythonhosted.org/packages/84/c2/80633736cd183ee4a62107413def345f7e6e3c01563dbca1417363cf957e/build-1.2.2.post1-py3-none-any.whl.metadata
  Downloading build-1.2.2.post1-py3-none-any.whl.metadata (6.5 kB)
Collecting click>=7 (from pip-tools==6.10.0)
  Obtaining dependency information for click>=7 from https://files.pythonhosted.org/packages/7e/d4/7ebdbd03970677812aac39c869717059dbb71a4cfc033ca6e5221787892c/click-8.1.8-py3-none-any.whl.metadata
  Downloading click-8.1.8-py3-none-any.whl.metadata (2.3 kB)
Requirement already satisfied: setuptools in /usr/lib/python3/dist-packages (from pip-tools==6.10.0) (75.6.0)
Collecting wheel (from pip-tools==6.10.0)
  Obtaining dependency information for wheel from https://files.pythonhosted.org/packages/0b/2c/87f3254fd8ffd29e4c02732eee68a83a1d3c346ae39bc6822dcbcb697f2b/wheel-0.45.1-py3-none-any.whl.metadata
  Downloading wheel-0.45.1-py3-none-any.whl.metadata (2.3 kB)
Collecting packaging>=19.1 (from build->pip-tools==6.10.0)
  Obtaining dependency information for packaging>=19.1 from https://files.pythonhosted.org/packages/88/ef/eb23f262cca3c0c4eb7ab1933c3b1f03d021f2c48f54763065b6f0e321be/packaging-24.2-py3-none-any.whl.metadata
  Downloading packaging-24.2-py3-none-any.whl.metadata (3.2 kB)
Collecting pyproject_hooks (from build->pip-tools==6.10.0)
  Obtaining dependency information for pyproject_hooks from https://files.pythonhosted.org/packages/bd/24/12818598c362d7f300f18e74db45963dbcb85150324092410c8b49405e42/pyproject_hooks-1.2.0-py3-none-any.whl.metadata
  Downloading pyproject_hooks-1.2.0-py3-none-any.whl.metadata (1.3 kB)
Downloading pip-22.2.2-py3-none-any.whl (2.0 MB)
    2.0/2.0 MB 74.2 MB/s eta 0:00:00
Downloading pip_tools-6.10.0-py3-none-any.whl (53 kB)
Downloading click-8.1.8-py3-none-any.whl (98 kB)
Downloading build-1.2.2.post1-py3-none-any.whl (22 kB)
Downloading wheel-0.45.1-py3-none-any.whl (72 kB)
Downloading packaging-24.2-py3-none-any.whl (65 kB)
Downloading pyproject_hooks-1.2.0-py3-none-any.whl (10 kB)
Installing collected packages: wheel, pyproject_hooks, pip, packaging, click, build, pip-tools
  changing mode of /<<BUILDDIR>>package/.obj-x86_64-linux-gnu/venv/bin/wheel to 755
  Attempting uninstall: pip
    Found existing installation: pip 24.3.1
    Uninstalling pip-24.3.1:
      Removing file or directory /<<BUILDDIR>>package/.obj-x86_64-linux-gnu/venv/bin/pip
      Removing file or directory /<<BUILDDIR>>package/.obj-x86_64-linux-gnu/venv/bin/pip3
      Removing file or directory /<<BUILDDIR>>package/.obj-x86_64-linux-gnu/venv/bin/pip3.13
      Removing file or directory /<<BUILDDIR>>package/.obj-x86_64-linux-gnu/venv/lib/python3.13/site-packages/pip-24.3.1.dist-info/
      Removing file or directory /<<BUILDDIR>>package/.obj-x86_64-linux-gnu/venv/lib/python3.13/site-packages/pip/
      Successfully uninstalled pip-24.3.1
  changing mode of /<<BUILDDIR>>package/.obj-x86_64-linux-gnu/venv/bin/pip to 755
  changing mode of /<<BUILDDIR>>package/.obj-x86_64-linux-gnu/venv/bin/pip3 to 755
  changing mode of /<<BUILDDIR>>package/.obj-x86_64-linux-gnu/venv/bin/pip3.13 to 755
  changing mode of /<<BUILDDIR>>package/.obj-x86_64-linux-gnu/venv/bin/pyproject-build to 755
  changing mode of /<<BUILDDIR>>package/.obj-x86_64-linux-gnu/venv/bin/pip-compile to 755
  changing mode of /<<BUILDDIR>>package/.obj-x86_64-linux-gnu/venv/bin/pip-sync to 755
Successfully installed build-1.2.2.post1 click-8.1.8 packaging-24.2 pip-22.2.2 pip-tools-6.10.0 pyproject_hooks-1.2.0 wheel-0.45.1
True
[ 87%] Install requirements to /<<BUILDDIR>>package/.obj-x86_64-linux-gnu/venv
catkin_generated/env_cached.sh rosrun catkin_virtualenv venv_install venv --requirements /opt/ros/one/share/catkin_virtualenv/requirements.txt /<<BUILDDIR>>package/requirements.txt --extra-pip-args \"-qq\ --retries\ 10\ --timeout\ 30\"
WARNING: cannot create log directory [/sbuild-nonexistent/.ros/log]. Please set ROS_LOG_DIR to a writable location.
Using pip 22.2.2 from /<<BUILDDIR>>package/.obj-x86_64-linux-gnu/venv/lib/python3.13/site-packages/pip (python 3.13)
ERROR: Exception:
Traceback (most recent call last):
  File "/<<BUILDDIR>>package/.obj-x86_64-linux-gnu/venv/lib/python3.13/site-packages/pip/_internal/cli/base_command.py", line 167, in exc_logging_wrapper
    status = run_func(*args)
  File "/<<BUILDDIR>>package/.obj-x86_64-linux-gnu/venv/lib/python3.13/site-packages/pip/_internal/cli/req_command.py", line 247, in wrapper
    return func(self, options, args)
  File "/<<BUILDDIR>>package/.obj-x86_64-linux-gnu/venv/lib/python3.13/site-packages/pip/_internal/commands/install.py", line 315, in run
    session = self.get_default_session(options)
  File "/<<BUILDDIR>>package/.obj-x86_64-linux-gnu/venv/lib/python3.13/site-packages/pip/_internal/cli/req_command.py", line 98, in get_default_session
    self._session = self.enter_context(self._build_session(options))
                                       ~~~~~~~~~~~~~~~~~~~^^^^^^^^^
  File "/<<BUILDDIR>>package/.obj-x86_64-linux-gnu/venv/lib/python3.13/site-packages/pip/_internal/cli/req_command.py", line 125, in _build_session
    session = PipSession(
        cache=os.path.join(cache_dir, "http") if cache_dir else None,
    ...<3 lines>...
        ssl_context=ssl_context,
    )
  File "/<<BUILDDIR>>package/.obj-x86_64-linux-gnu/venv/lib/python3.13/site-packages/pip/_internal/network/session.py", line 343, in __init__
    self.headers["User-Agent"] = user_agent()
                                 ~~~~~~~~~~^^
  File "/<<BUILDDIR>>package/.obj-x86_64-linux-gnu/venv/lib/python3.13/site-packages/pip/_internal/network/session.py", line 175, in user_agent
    setuptools_dist = get_default_environment().get_distribution("setuptools")
  File "/<<BUILDDIR>>package/.obj-x86_64-linux-gnu/venv/lib/python3.13/site-packages/pip/_internal/metadata/importlib/_envs.py", line 180, in get_distribution
    return next(matches, None)
  File "/<<BUILDDIR>>package/.obj-x86_64-linux-gnu/venv/lib/python3.13/site-packages/pip/_internal/metadata/importlib/_envs.py", line 177, in <genexpr>
    for distribution in self.iter_all_distributions()
                        ~~~~~~~~~~~~~~~~~~~~~~~~~~~^^
  File "/<<BUILDDIR>>package/.obj-x86_64-linux-gnu/venv/lib/python3.13/site-packages/pip/_internal/metadata/base.py", line 594, in iter_all_distributions
    for dist in self._iter_distributions():
                ~~~~~~~~~~~~~~~~~~~~~~~~^^
  File "/<<BUILDDIR>>package/.obj-x86_64-linux-gnu/venv/lib/python3.13/site-packages/pip/_internal/metadata/importlib/_envs.py", line 168, in _iter_distributions
    for dist in finder.find_eggs(location):
                ~~~~~~~~~~~~~~~~^^^^^^^^^^
  File "/<<BUILDDIR>>package/.obj-x86_64-linux-gnu/venv/lib/python3.13/site-packages/pip/_internal/metadata/importlib/_envs.py", line 136, in find_eggs
    yield from self._find_eggs_in_dir(location)
  File "/<<BUILDDIR>>package/.obj-x86_64-linux-gnu/venv/lib/python3.13/site-packages/pip/_internal/metadata/importlib/_envs.py", line 103, in _find_eggs_in_dir
    from pip._vendor.pkg_resources import find_distributions
  File "/<<BUILDDIR>>package/.obj-x86_64-linux-gnu/venv/lib/python3.13/site-packages/pip/_vendor/pkg_resources/__init__.py", line 2164, in <module>
    register_finder(pkgutil.ImpImporter, find_on_path)
                    ^^^^^^^^^^^^^^^^^^^
AttributeError: module 'pkgutil' has no attribute 'ImpImporter'. Did you mean: 'zipimporter'?
Traceback (most recent call last):
  File "<frozen runpy>", line 198, in _run_module_as_main
  File "<frozen runpy>", line 88, in _run_code
  File "/<<BUILDDIR>>package/.obj-x86_64-linux-gnu/venv/lib/python3.13/site-packages/pip/__main__.py", line 31, in <module>
    sys.exit(_main())
             ~~~~~^^
  File "/<<BUILDDIR>>package/.obj-x86_64-linux-gnu/venv/lib/python3.13/site-packages/pip/_internal/cli/main.py", line 70, in main
    return command.main(cmd_args)
           ~~~~~~~~~~~~^^^^^^^^^^
  File "/<<BUILDDIR>>package/.obj-x86_64-linux-gnu/venv/lib/python3.13/site-packages/pip/_internal/cli/base_command.py", line 101, in main
    return self._main(args)
           ~~~~~~~~~~^^^^^^
  File "/<<BUILDDIR>>package/.obj-x86_64-linux-gnu/venv/lib/python3.13/site-packages/pip/_internal/cli/base_command.py", line 223, in _main
    self.handle_pip_version_check(options)
    ~~~~~~~~~~~~~~~~~~~~~~~~~~~~~^^^^^^^^^
  File "/<<BUILDDIR>>package/.obj-x86_64-linux-gnu/venv/lib/python3.13/site-packages/pip/_internal/cli/req_command.py", line 179, in handle_pip_version_check
    session = self._build_session(
        options,
    ...<6 lines>...
        fallback_to_certifi=True,
    )
  File "/<<BUILDDIR>>package/.obj-x86_64-linux-gnu/venv/lib/python3.13/site-packages/pip/_internal/cli/req_command.py", line 125, in _build_session
    session = PipSession(
        cache=os.path.join(cache_dir, "http") if cache_dir else None,
    ...<3 lines>...
        ssl_context=ssl_context,
    )
  File "/<<BUILDDIR>>package/.obj-x86_64-linux-gnu/venv/lib/python3.13/site-packages/pip/_internal/network/session.py", line 343, in __init__
    self.headers["User-Agent"] = user_agent()
                                 ~~~~~~~~~~^^
  File "/<<BUILDDIR>>package/.obj-x86_64-linux-gnu/venv/lib/python3.13/site-packages/pip/_internal/network/session.py", line 175, in user_agent
    setuptools_dist = get_default_environment().get_distribution("setuptools")
  File "/<<BUILDDIR>>package/.obj-x86_64-linux-gnu/venv/lib/python3.13/site-packages/pip/_internal/metadata/importlib/_envs.py", line 180, in get_distribution
    return next(matches, None)
  File "/<<BUILDDIR>>package/.obj-x86_64-linux-gnu/venv/lib/python3.13/site-packages/pip/_internal/metadata/importlib/_envs.py", line 177, in <genexpr>
    for distribution in self.iter_all_distributions()
                        ~~~~~~~~~~~~~~~~~~~~~~~~~~~^^
  File "/<<BUILDDIR>>package/.obj-x86_64-linux-gnu/venv/lib/python3.13/site-packages/pip/_internal/metadata/base.py", line 594, in iter_all_distributions
    for dist in self._iter_distributions():
                ~~~~~~~~~~~~~~~~~~~~~~~~^^
  File "/<<BUILDDIR>>package/.obj-x86_64-linux-gnu/venv/lib/python3.13/site-packages/pip/_internal/metadata/importlib/_envs.py", line 168, in _iter_distributions
    for dist in finder.find_eggs(location):
                ~~~~~~~~~~~~~~~~^^^^^^^^^^
  File "/<<BUILDDIR>>package/.obj-x86_64-linux-gnu/venv/lib/python3.13/site-packages/pip/_internal/metadata/importlib/_envs.py", line 136, in find_eggs
    yield from self._find_eggs_in_dir(location)
  File "/<<BUILDDIR>>package/.obj-x86_64-linux-gnu/venv/lib/python3.13/site-packages/pip/_internal/metadata/importlib/_envs.py", line 103, in _find_eggs_in_dir
    from pip._vendor.pkg_resources import find_distributions
  File "/<<BUILDDIR>>package/.obj-x86_64-linux-gnu/venv/lib/python3.13/site-packages/pip/_vendor/pkg_resources/__init__.py", line 2164, in <module>
    register_finder(pkgutil.ImpImporter, find_on_path)
                    ^^^^^^^^^^^^^^^^^^^
AttributeError: module 'pkgutil' has no attribute 'ImpImporter'. Did you mean: 'zipimporter'?
Traceback (most recent call last):
  File "/opt/ros/one/lib/catkin_virtualenv/venv_install", line 43, in <module>
    venv.install(
    ~~~~~~~~~~~~^
        requirements=args.requirements,
        ^^^^^^^^^^^^^^^^^^^^^^^^^^^^^^^
        extra_pip_args=[arg for arg in extra_pip_args.split(" ") if arg != ""],
        ^^^^^^^^^^^^^^^^^^^^^^^^^^^^^^^^^^^^^^^^^^^^^^^^^^^^^^^^^^^^^^^^^^^^^^^
    )
    ^
  File "/opt/ros/one/lib/python3/dist-packages/catkin_virtualenv/venv.py", line 117, in install
    run_command(command + ["-r", req], check=True)
    ~~~~~~~~~~~^^^^^^^^^^^^^^^^^^^^^^^^^^^^^^^^^^^
  File "/opt/ros/one/lib/python3/dist-packages/catkin_virtualenv/__init__.py", line 37, in run_command
    return subprocess.run(cmd, *args, **kwargs)
           ~~~~~~~~~~~~~~^^^^^^^^^^^^^^^^^^^^^^
  File "/usr/lib/python3.13/subprocess.py", line 577, in run
    raise CalledProcessError(retcode, process.args,
                             output=stdout, stderr=stderr)
subprocess.CalledProcessError: Command '['/<<BUILDDIR>>package/.obj-x86_64-linux-gnu/venv/bin/python', '-m', 'pip', 'install', '-vvv', '--no-cache-dir', '-qq', '--retries', '10', '--timeout', '30', '-r', '/opt/ros/one/share/catkin_virtualenv/requirements.txt']' returned non-zero exit status 1.
make[4]: *** [CMakeFiles/sesame_ros_generate_virtualenv.dir/build.make:91: venv/bin/activate] Error 1
make[4]: *** Deleting file 'venv/bin/activate'
make[4]: Leaving directory '/<<BUILDDIR>>package/.obj-x86_64-linux-gnu'
make[3]: *** [CMakeFiles/Makefile2:639: CMakeFiles/sesame_ros_generate_virtualenv.dir/all] Error 2
make[3]: Leaving directory '/<<BUILDDIR>>package/.obj-x86_64-linux-gnu'
make[2]: *** [Makefile:139: all] Error 2
make[2]: Leaving directory '/<<BUILDDIR>>package/.obj-x86_64-linux-gnu'
dh_auto_build: error: cd .obj-x86_64-linux-gnu && make -j4 "INSTALL=install --strip-program=true" VERBOSE=1 returned exit code 2
make[1]: *** [debian/rules:44: override_dh_auto_build] Error 25
make[1]: Leaving directory '/<<BUILDDIR>>package'
make: *** [debian/rules:27: binary] Error 2
dpkg-buildpackage: error: debian/rules binary subprocess returned exit status 2
--------------------------------------------------------------------------------
Build finished at 2025-01-07T22:29:08Z

Finished
--------


+------------------------------------------------------------------------------+
| Cleanup                                      Tue, 07 Jan 2025 22:29:09 +0000 |
+------------------------------------------------------------------------------+

Purging /<<BUILDDIR>>
Not cleaning session: cloned chroot in use
E: Build failure (dpkg-buildpackage died)

+------------------------------------------------------------------------------+
| Summary                                      Tue, 07 Jan 2025 22:29:11 +0000 |
+------------------------------------------------------------------------------+

Build Architecture: amd64
Build Profiles: nocheck
Build Type: binary
Build-Space: 20440
Build-Time: 8
Distribution: sid
Fail-Stage: build
Host Architecture: amd64
Install-Time: 20
Job: /home/runner/work/ros-o-builder/ros-o-builder/src/jsk_3rdparty/ros-one-sesame-ros_2.1.29-2025.01.07.22.25.dsc
Machine Architecture: amd64
Package: ros-one-sesame-ros
Package-Time: 195
Source-Version: 2.1.29-2025.01.07.22.25
Space: 20440
Status: attempted
Version: 2.1.29-2025.01.07.22.25
--------------------------------------------------------------------------------
Finished at 2025-01-07T22:29:08Z
Build needed 00:03:15, 20440k disk space
